[0.429s] DEBUG:colcon:Command line arguments: ['/usr/bin/colcon', 'build']
[0.429s] DEBUG:colcon:Parsed command line arguments: Namespace(allow_overriding=[], ament_cmake_args=None, base_paths=['.'], build_base='build', catkin_cmake_args=None, catkin_skip_building_tests=False, cmake_args=None, cmake_clean_cache=False, cmake_clean_first=False, cmake_force_configure=False, cmake_target=None, cmake_target_skip_unavailable=False, continue_on_error=False, event_handlers=None, executor='parallel', ignore_user_meta=False, install_base='install', log_base=None, log_level=None, main=<bound method BuildVerb.main of <colcon_core.verb.build.BuildVerb object at 0x7f8ba5461ca0>>, merge_install=False, metas=['./colcon.meta'], packages_above=None, packages_above_and_dependencies=None, packages_above_depth=None, packages_end=None, packages_ignore=None, packages_ignore_regex=None, packages_select=None, packages_select_build_failed=False, packages_select_by_dep=None, packages_select_regex=None, packages_select_test_failures=False, packages_skip=None, packages_skip_build_finished=False, packages_skip_by_dep=None, packages_skip_regex=None, packages_skip_test_passed=False, packages_skip_up_to=None, packages_start=None, packages_up_to=None, packages_up_to_regex=None, parallel_workers=12, paths=None, symlink_install=False, test_result_base=None, verb_extension=<colcon_core.verb.build.BuildVerb object at 0x7f8ba5461ca0>, verb_name='build', verb_parser=<colcon_defaults.argument_parser.defaults.DefaultArgumentsDecorator object at 0x7f8ba5467250>)
[0.481s] Level 1:colcon.colcon_core.package_discovery:discover_packages(colcon_meta) check parameters
[0.482s] Level 1:colcon.colcon_core.package_discovery:discover_packages(recursive) check parameters
[0.482s] Level 1:colcon.colcon_core.package_discovery:discover_packages(ignore) check parameters
[0.482s] Level 1:colcon.colcon_core.package_discovery:discover_packages(path) check parameters
[0.482s] Level 1:colcon.colcon_core.package_discovery:discover_packages(colcon_meta) discover
[0.482s] Level 1:colcon.colcon_core.package_discovery:discover_packages(recursive) discover
[0.482s] INFO:colcon.colcon_core.package_discovery:Crawling recursively for packages in '/home/scott/roscourse_final_ws'
[0.482s] Level 1:colcon.colcon_core.package_identification:_identify(.) by extensions ['ignore', 'ignore_ament_install']
[0.482s] Level 1:colcon.colcon_core.package_identification:_identify(.) by extension 'ignore'
[0.482s] Level 1:colcon.colcon_core.package_identification:_identify(.) by extension 'ignore_ament_install'
[0.482s] Level 1:colcon.colcon_core.package_identification:_identify(.) by extensions ['colcon_pkg']
[0.482s] Level 1:colcon.colcon_core.package_identification:_identify(.) by extension 'colcon_pkg'
[0.482s] Level 1:colcon.colcon_core.package_identification:_identify(.) by extensions ['colcon_meta']
[0.482s] Level 1:colcon.colcon_core.package_identification:_identify(.) by extension 'colcon_meta'
[0.483s] Level 1:colcon.colcon_core.package_identification:_identify(.) by extensions ['ros']
[0.483s] Level 1:colcon.colcon_core.package_identification:_identify(.) by extension 'ros'
[0.497s] Level 1:colcon.colcon_core.package_identification:_identify(.) by extensions ['cmake', 'python']
[0.497s] Level 1:colcon.colcon_core.package_identification:_identify(.) by extension 'cmake'
[0.497s] Level 1:colcon.colcon_core.package_identification:_identify(.) by extension 'python'
[0.497s] Level 1:colcon.colcon_core.package_identification:_identify(.) by extensions ['python_setup_py']
[0.497s] Level 1:colcon.colcon_core.package_identification:_identify(.) by extension 'python_setup_py'
[0.497s] Level 1:colcon.colcon_core.package_identification:_identify(build) by extensions ['ignore', 'ignore_ament_install']
[0.498s] Level 1:colcon.colcon_core.package_identification:_identify(build) by extension 'ignore'
[0.498s] Level 1:colcon.colcon_core.package_identification:_identify(build) ignored
[0.498s] Level 1:colcon.colcon_core.package_identification:_identify(install) by extensions ['ignore', 'ignore_ament_install']
[0.498s] Level 1:colcon.colcon_core.package_identification:_identify(install) by extension 'ignore'
[0.498s] Level 1:colcon.colcon_core.package_identification:_identify(install) ignored
[0.498s] Level 1:colcon.colcon_core.package_identification:_identify(log) by extensions ['ignore', 'ignore_ament_install']
[0.498s] Level 1:colcon.colcon_core.package_identification:_identify(log) by extension 'ignore'
[0.498s] Level 1:colcon.colcon_core.package_identification:_identify(log) ignored
[0.498s] Level 1:colcon.colcon_core.package_identification:_identify(src) by extensions ['ignore', 'ignore_ament_install']
[0.499s] Level 1:colcon.colcon_core.package_identification:_identify(src) by extension 'ignore'
[0.499s] Level 1:colcon.colcon_core.package_identification:_identify(src) by extension 'ignore_ament_install'
[0.499s] Level 1:colcon.colcon_core.package_identification:_identify(src) by extensions ['colcon_pkg']
[0.499s] Level 1:colcon.colcon_core.package_identification:_identify(src) by extension 'colcon_pkg'
[0.499s] Level 1:colcon.colcon_core.package_identification:_identify(src) by extensions ['colcon_meta']
[0.499s] Level 1:colcon.colcon_core.package_identification:_identify(src) by extension 'colcon_meta'
[0.499s] Level 1:colcon.colcon_core.package_identification:_identify(src) by extensions ['ros']
[0.499s] Level 1:colcon.colcon_core.package_identification:_identify(src) by extension 'ros'
[0.499s] Level 1:colcon.colcon_core.package_identification:_identify(src) by extensions ['cmake', 'python']
[0.499s] Level 1:colcon.colcon_core.package_identification:_identify(src) by extension 'cmake'
[0.499s] Level 1:colcon.colcon_core.package_identification:_identify(src) by extension 'python'
[0.499s] Level 1:colcon.colcon_core.package_identification:_identify(src) by extensions ['python_setup_py']
[0.499s] Level 1:colcon.colcon_core.package_identification:_identify(src) by extension 'python_setup_py'
[0.499s] Level 1:colcon.colcon_core.package_identification:_identify(src/aruco_interfaces) by extensions ['ignore', 'ignore_ament_install']
[0.499s] Level 1:colcon.colcon_core.package_identification:_identify(src/aruco_interfaces) by extension 'ignore'
[0.499s] Level 1:colcon.colcon_core.package_identification:_identify(src/aruco_interfaces) by extension 'ignore_ament_install'
[0.500s] Level 1:colcon.colcon_core.package_identification:_identify(src/aruco_interfaces) by extensions ['colcon_pkg']
[0.500s] Level 1:colcon.colcon_core.package_identification:_identify(src/aruco_interfaces) by extension 'colcon_pkg'
[0.500s] Level 1:colcon.colcon_core.package_identification:_identify(src/aruco_interfaces) by extensions ['colcon_meta']
[0.500s] Level 1:colcon.colcon_core.package_identification:_identify(src/aruco_interfaces) by extension 'colcon_meta'
[0.500s] Level 1:colcon.colcon_core.package_identification:_identify(src/aruco_interfaces) by extensions ['ros']
[0.500s] Level 1:colcon.colcon_core.package_identification:_identify(src/aruco_interfaces) by extension 'ros'
[0.503s] DEBUG:colcon.colcon_core.package_identification:Package 'src/aruco_interfaces' with type 'ros.ament_cmake' and name 'aruco_interfaces'
[0.504s] Level 1:colcon.colcon_core.package_identification:_identify(src/aruco_tracker) by extensions ['ignore', 'ignore_ament_install']
[0.504s] Level 1:colcon.colcon_core.package_identification:_identify(src/aruco_tracker) by extension 'ignore'
[0.504s] Level 1:colcon.colcon_core.package_identification:_identify(src/aruco_tracker) by extension 'ignore_ament_install'
[0.504s] Level 1:colcon.colcon_core.package_identification:_identify(src/aruco_tracker) by extensions ['colcon_pkg']
[0.504s] Level 1:colcon.colcon_core.package_identification:_identify(src/aruco_tracker) by extension 'colcon_pkg'
[0.504s] Level 1:colcon.colcon_core.package_identification:_identify(src/aruco_tracker) by extensions ['colcon_meta']
[0.504s] Level 1:colcon.colcon_core.package_identification:_identify(src/aruco_tracker) by extension 'colcon_meta'
[0.504s] Level 1:colcon.colcon_core.package_identification:_identify(src/aruco_tracker) by extensions ['ros']
[0.504s] Level 1:colcon.colcon_core.package_identification:_identify(src/aruco_tracker) by extension 'ros'
[0.505s] DEBUG:colcon.colcon_core.package_identification:Package 'src/aruco_tracker' with type 'ros.ament_python' and name 'aruco_tracker'
[0.505s] Level 1:colcon.colcon_core.package_identification:_identify(src/control) by extensions ['ignore', 'ignore_ament_install']
[0.505s] Level 1:colcon.colcon_core.package_identification:_identify(src/control) by extension 'ignore'
[0.506s] Level 1:colcon.colcon_core.package_identification:_identify(src/control) by extension 'ignore_ament_install'
[0.506s] Level 1:colcon.colcon_core.package_identification:_identify(src/control) by extensions ['colcon_pkg']
[0.506s] Level 1:colcon.colcon_core.package_identification:_identify(src/control) by extension 'colcon_pkg'
[0.506s] Level 1:colcon.colcon_core.package_identification:_identify(src/control) by extensions ['colcon_meta']
[0.506s] Level 1:colcon.colcon_core.package_identification:_identify(src/control) by extension 'colcon_meta'
[0.506s] Level 1:colcon.colcon_core.package_identification:_identify(src/control) by extensions ['ros']
[0.506s] Level 1:colcon.colcon_core.package_identification:_identify(src/control) by extension 'ros'
[0.506s] DEBUG:colcon.colcon_core.package_identification:Failed to parse potential ROS package manifest in'src/control': Error(s) in package 'src/control/package.xml':
The manifest contains invalid XML:
mismatched tag: line 23, column 2
[0.507s] Level 1:colcon.colcon_core.package_identification:_identify(src/control) by extensions ['cmake', 'python']
[0.507s] Level 1:colcon.colcon_core.package_identification:_identify(src/control) by extension 'cmake'
[0.507s] Level 1:colcon.colcon_core.package_identification:_identify(src/control) by extension 'python'
[0.507s] DEBUG:colcon.colcon_core.package_identification:Python package in 'src/control' passes arguments to the setup() function which requires a different identification extension than 'python'
[0.507s] Level 1:colcon.colcon_core.package_identification:_identify(src/control) by extensions ['python_setup_py']
[0.507s] Level 1:colcon.colcon_core.package_identification:_identify(src/control) by extension 'python_setup_py'
[0.833s] DEBUG:colcon.colcon_core.package_identification:Package 'src/control' with type 'python' and name 'control'
[0.834s] Level 1:colcon.colcon_core.package_discovery:discover_packages(recursive) using defaults
[0.834s] Level 1:colcon.colcon_core.package_discovery:discover_packages(ignore) discover
[0.834s] Level 1:colcon.colcon_core.package_discovery:discover_packages(ignore) using defaults
[0.834s] Level 1:colcon.colcon_core.package_discovery:discover_packages(path) discover
[0.834s] Level 1:colcon.colcon_core.package_discovery:discover_packages(path) using defaults
[0.868s] Level 1:colcon.colcon_core.package_discovery:discover_packages(prefix_path) check parameters
[0.868s] Level 1:colcon.colcon_core.package_discovery:discover_packages(prefix_path) discover
[0.872s] DEBUG:colcon.colcon_installed_package_information.package_discovery:Found 280 installed packages in /opt/ros/foxy
[0.875s] Level 1:colcon.colcon_core.package_discovery:discover_packages(prefix_path) using defaults
[0.975s] Level 5:colcon.colcon_core.verb:set package 'aruco_interfaces' build argument 'cmake_args' from command line to 'None'
[0.975s] Level 5:colcon.colcon_core.verb:set package 'aruco_interfaces' build argument 'cmake_target' from command line to 'None'
[0.975s] Level 5:colcon.colcon_core.verb:set package 'aruco_interfaces' build argument 'cmake_target_skip_unavailable' from command line to 'False'
[0.975s] Level 5:colcon.colcon_core.verb:set package 'aruco_interfaces' build argument 'cmake_clean_cache' from command line to 'False'
[0.975s] Level 5:colcon.colcon_core.verb:set package 'aruco_interfaces' build argument 'cmake_clean_first' from command line to 'False'
[0.975s] Level 5:colcon.colcon_core.verb:set package 'aruco_interfaces' build argument 'cmake_force_configure' from command line to 'False'
[0.975s] Level 5:colcon.colcon_core.verb:set package 'aruco_interfaces' build argument 'ament_cmake_args' from command line to 'None'
[0.975s] Level 5:colcon.colcon_core.verb:set package 'aruco_interfaces' build argument 'catkin_cmake_args' from command line to 'None'
[0.975s] Level 5:colcon.colcon_core.verb:set package 'aruco_interfaces' build argument 'catkin_skip_building_tests' from command line to 'False'
[0.975s] DEBUG:colcon.colcon_core.verb:Building package 'aruco_interfaces' with the following arguments: {'ament_cmake_args': None, 'build_base': '/home/scott/roscourse_final_ws/build/aruco_interfaces', 'catkin_cmake_args': None, 'catkin_skip_building_tests': False, 'cmake_args': None, 'cmake_clean_cache': False, 'cmake_clean_first': False, 'cmake_force_configure': False, 'cmake_target': None, 'cmake_target_skip_unavailable': False, 'install_base': '/home/scott/roscourse_final_ws/install/aruco_interfaces', 'merge_install': False, 'path': '/home/scott/roscourse_final_ws/src/aruco_interfaces', 'symlink_install': False, 'test_result_base': None}
[0.977s] Level 5:colcon.colcon_core.verb:set package 'control' build argument 'cmake_args' from command line to 'None'
[0.977s] Level 5:colcon.colcon_core.verb:set package 'control' build argument 'cmake_target' from command line to 'None'
[0.977s] Level 5:colcon.colcon_core.verb:set package 'control' build argument 'cmake_target_skip_unavailable' from command line to 'False'
[0.977s] Level 5:colcon.colcon_core.verb:set package 'control' build argument 'cmake_clean_cache' from command line to 'False'
[0.977s] Level 5:colcon.colcon_core.verb:set package 'control' build argument 'cmake_clean_first' from command line to 'False'
[0.977s] Level 5:colcon.colcon_core.verb:set package 'control' build argument 'cmake_force_configure' from command line to 'False'
[0.977s] Level 5:colcon.colcon_core.verb:set package 'control' build argument 'ament_cmake_args' from command line to 'None'
[0.977s] Level 5:colcon.colcon_core.verb:set package 'control' build argument 'catkin_cmake_args' from command line to 'None'
[0.977s] Level 5:colcon.colcon_core.verb:set package 'control' build argument 'catkin_skip_building_tests' from command line to 'False'
[0.977s] DEBUG:colcon.colcon_core.verb:Building package 'control' with the following arguments: {'ament_cmake_args': None, 'build_base': '/home/scott/roscourse_final_ws/build/control', 'catkin_cmake_args': None, 'catkin_skip_building_tests': False, 'cmake_args': None, 'cmake_clean_cache': False, 'cmake_clean_first': False, 'cmake_force_configure': False, 'cmake_target': None, 'cmake_target_skip_unavailable': False, 'install_base': '/home/scott/roscourse_final_ws/install/control', 'merge_install': False, 'path': '/home/scott/roscourse_final_ws/src/control', 'symlink_install': False, 'test_result_base': None}
[0.978s] Level 5:colcon.colcon_core.verb:set package 'aruco_tracker' build argument 'cmake_args' from command line to 'None'
[0.978s] Level 5:colcon.colcon_core.verb:set package 'aruco_tracker' build argument 'cmake_target' from command line to 'None'
[0.978s] Level 5:colcon.colcon_core.verb:set package 'aruco_tracker' build argument 'cmake_target_skip_unavailable' from command line to 'False'
[0.978s] Level 5:colcon.colcon_core.verb:set package 'aruco_tracker' build argument 'cmake_clean_cache' from command line to 'False'
[0.978s] Level 5:colcon.colcon_core.verb:set package 'aruco_tracker' build argument 'cmake_clean_first' from command line to 'False'
[0.978s] Level 5:colcon.colcon_core.verb:set package 'aruco_tracker' build argument 'cmake_force_configure' from command line to 'False'
[0.979s] Level 5:colcon.colcon_core.verb:set package 'aruco_tracker' build argument 'ament_cmake_args' from command line to 'None'
[0.979s] Level 5:colcon.colcon_core.verb:set package 'aruco_tracker' build argument 'catkin_cmake_args' from command line to 'None'
[0.979s] Level 5:colcon.colcon_core.verb:set package 'aruco_tracker' build argument 'catkin_skip_building_tests' from command line to 'False'
[0.979s] DEBUG:colcon.colcon_core.verb:Building package 'aruco_tracker' with the following arguments: {'ament_cmake_args': None, 'build_base': '/home/scott/roscourse_final_ws/build/aruco_tracker', 'catkin_cmake_args': None, 'catkin_skip_building_tests': False, 'cmake_args': None, 'cmake_clean_cache': False, 'cmake_clean_first': False, 'cmake_force_configure': False, 'cmake_target': None, 'cmake_target_skip_unavailable': False, 'install_base': '/home/scott/roscourse_final_ws/install/aruco_tracker', 'merge_install': False, 'path': '/home/scott/roscourse_final_ws/src/aruco_tracker', 'symlink_install': False, 'test_result_base': None}
[0.980s] INFO:colcon.colcon_core.executor:Executing jobs using 'parallel' executor
[0.987s] DEBUG:colcon.colcon_parallel_executor.executor.parallel:run_until_complete
[0.987s] INFO:colcon.colcon_ros.task.ament_cmake.build:Building ROS package in '/home/scott/roscourse_final_ws/src/aruco_interfaces' with build type 'ament_cmake'
[0.987s] INFO:colcon.colcon_cmake.task.cmake.build:Building CMake package in '/home/scott/roscourse_final_ws/src/aruco_interfaces'
[0.996s] INFO:colcon.colcon_core.plugin_system:Skipping extension 'colcon_core.shell.bat': Not used on non-Windows systems
[0.996s] INFO:colcon.colcon_core.shell:Skip shell extension 'powershell' for command environment: Not usable outside of PowerShell
[0.996s] DEBUG:colcon.colcon_core.shell:Skip shell extension 'dsv' for command environment
[1.005s] INFO:colcon.colcon_core.task.python.build:Building Python package in '/home/scott/roscourse_final_ws/src/control'
[1.010s] INFO:colcon.colcon_core.shell:Skip shell extension 'powershell' for command environment: Not usable outside of PowerShell
[1.010s] DEBUG:colcon.colcon_core.shell:Skip shell extension 'dsv' for command environment
[1.033s] DEBUG:colcon.colcon_core.event_handler.log_command:Invoking command in '/home/scott/roscourse_final_ws/build/aruco_interfaces': CMAKE_PREFIX_PATH=/opt/ros/foxy /usr/bin/cmake --build /home/scott/roscourse_final_ws/build/aruco_interfaces -- -j12 -l12
[2.078s] DEBUG:colcon.colcon_core.event_handler.log_command:Invoking command in '/home/scott/roscourse_final_ws/src/control': PYTHONPATH=/home/scott/roscourse_final_ws/build/control/prefix_override:/home/scott/roscourse_final_ws/install/control/lib/python3.8/site-packages:${PYTHONPATH} /usr/bin/python3 setup.py egg_info --egg-base ../../build/control build --build-base /home/scott/roscourse_final_ws/build/control/build install --record /home/scott/roscourse_final_ws/build/control/install.log --install-scripts $base/lib/core --single-version-externally-managed
[2.629s] DEBUG:colcon.colcon_core.event_handler.log_command:Invoked command in '/home/scott/roscourse_final_ws/src/control' returned '0': PYTHONPATH=/home/scott/roscourse_final_ws/build/control/prefix_override:/home/scott/roscourse_final_ws/install/control/lib/python3.8/site-packages:${PYTHONPATH} /usr/bin/python3 setup.py egg_info --egg-base ../../build/control build --build-base /home/scott/roscourse_final_ws/build/control/build install --record /home/scott/roscourse_final_ws/build/control/install.log --install-scripts $base/lib/core --single-version-externally-managed
[2.639s] Level 1:colcon.colcon_core.environment:checking '/home/scott/roscourse_final_ws/install/control' for CMake module files
[2.640s] Level 1:colcon.colcon_core.environment:checking '/home/scott/roscourse_final_ws/install/control' for CMake config files
[2.641s] Level 1:colcon.colcon_core.environment:checking '/home/scott/roscourse_final_ws/install/control/lib'
[2.641s] Level 1:colcon.colcon_core.environment:checking '/home/scott/roscourse_final_ws/install/control/bin'
[2.641s] Level 1:colcon.colcon_core.environment:checking '/home/scott/roscourse_final_ws/install/control/lib/pkgconfig/control.pc'
[2.642s] Level 1:colcon.colcon_core.environment:checking '/home/scott/roscourse_final_ws/install/control/lib/python3.8/site-packages'
[2.642s] Level 1:colcon.colcon_core.shell:create_environment_hook('control', 'pythonpath')
[2.645s] INFO:colcon.colcon_core.shell:Creating environment hook '/home/scott/roscourse_final_ws/install/control/share/control/hook/pythonpath.ps1'
[2.646s] INFO:colcon.colcon_core.shell:Creating environment descriptor '/home/scott/roscourse_final_ws/install/control/share/control/hook/pythonpath.dsv'
[2.646s] INFO:colcon.colcon_core.shell:Creating environment hook '/home/scott/roscourse_final_ws/install/control/share/control/hook/pythonpath.sh'
[2.648s] Level 1:colcon.colcon_core.environment:checking '/home/scott/roscourse_final_ws/install/control/bin'
[2.648s] Level 1:colcon.colcon_core.environment:create_environment_scripts_only(control)
[2.650s] INFO:colcon.colcon_core.shell:Creating package script '/home/scott/roscourse_final_ws/install/control/share/control/package.ps1'
[2.651s] INFO:colcon.colcon_core.shell:Creating package descriptor '/home/scott/roscourse_final_ws/install/control/share/control/package.dsv'
[2.651s] INFO:colcon.colcon_core.shell:Creating package script '/home/scott/roscourse_final_ws/install/control/share/control/package.sh'
[2.652s] INFO:colcon.colcon_core.shell:Creating package script '/home/scott/roscourse_final_ws/install/control/share/control/package.bash'
[2.653s] INFO:colcon.colcon_core.shell:Creating package script '/home/scott/roscourse_final_ws/install/control/share/control/package.zsh'
[2.653s] Level 1:colcon.colcon_core.environment:create_file_with_runtime_dependencies(/home/scott/roscourse_final_ws/install/control/share/colcon-core/packages/control)
[5.106s] DEBUG:colcon.colcon_core.event_handler.log_command:Invoked command in '/home/scott/roscourse_final_ws/build/aruco_interfaces' returned '0': CMAKE_PREFIX_PATH=/opt/ros/foxy /usr/bin/cmake --build /home/scott/roscourse_final_ws/build/aruco_interfaces -- -j12 -l12
[5.198s] DEBUG:colcon.colcon_core.event_handler.log_command:Invoking command in '/home/scott/roscourse_final_ws/build/aruco_interfaces': CMAKE_PREFIX_PATH=/opt/ros/foxy /usr/bin/cmake --install /home/scott/roscourse_final_ws/build/aruco_interfaces
[5.286s] Level 1:colcon.colcon_core.environment:create_environment_scripts_only(aruco_interfaces)
[5.291s] Level 1:colcon.colcon_core.environment:checking '/home/scott/roscourse_final_ws/install/aruco_interfaces' for CMake module files
[5.291s] DEBUG:colcon.colcon_core.event_handler.log_command:Invoked command in '/home/scott/roscourse_final_ws/build/aruco_interfaces' returned '0': CMAKE_PREFIX_PATH=/opt/ros/foxy /usr/bin/cmake --install /home/scott/roscourse_final_ws/build/aruco_interfaces
[5.292s] Level 1:colcon.colcon_core.environment:checking '/home/scott/roscourse_final_ws/install/aruco_interfaces' for CMake config files
[5.293s] Level 1:colcon.colcon_core.shell:create_environment_hook('aruco_interfaces', 'cmake_prefix_path')
[5.297s] INFO:colcon.colcon_core.shell:Creating environment hook '/home/scott/roscourse_final_ws/install/aruco_interfaces/share/aruco_interfaces/hook/cmake_prefix_path.ps1'
[5.297s] INFO:colcon.colcon_core.shell:Creating environment descriptor '/home/scott/roscourse_final_ws/install/aruco_interfaces/share/aruco_interfaces/hook/cmake_prefix_path.dsv'
[5.298s] INFO:colcon.colcon_core.shell:Creating environment hook '/home/scott/roscourse_final_ws/install/aruco_interfaces/share/aruco_interfaces/hook/cmake_prefix_path.sh'
[5.298s] Level 1:colcon.colcon_core.environment:checking '/home/scott/roscourse_final_ws/install/aruco_interfaces/lib'
[5.298s] Level 1:colcon.colcon_core.shell:create_environment_hook('aruco_interfaces', 'ld_library_path_lib')
[5.300s] INFO:colcon.colcon_core.shell:Creating environment hook '/home/scott/roscourse_final_ws/install/aruco_interfaces/share/aruco_interfaces/hook/ld_library_path_lib.ps1'
[5.301s] INFO:colcon.colcon_core.shell:Creating environment descriptor '/home/scott/roscourse_final_ws/install/aruco_interfaces/share/aruco_interfaces/hook/ld_library_path_lib.dsv'
[5.301s] INFO:colcon.colcon_core.shell:Creating environment hook '/home/scott/roscourse_final_ws/install/aruco_interfaces/share/aruco_interfaces/hook/ld_library_path_lib.sh'
[5.301s] Level 1:colcon.colcon_core.environment:checking '/home/scott/roscourse_final_ws/install/aruco_interfaces/bin'
[5.302s] Level 1:colcon.colcon_core.environment:checking '/home/scott/roscourse_final_ws/install/aruco_interfaces/lib/pkgconfig/aruco_interfaces.pc'
[5.302s] Level 1:colcon.colcon_core.environment:checking '/home/scott/roscourse_final_ws/install/aruco_interfaces/lib/python3.8/site-packages'
[5.302s] Level 1:colcon.colcon_core.shell:create_environment_hook('aruco_interfaces', 'pythonpath')
[5.304s] INFO:colcon.colcon_core.shell:Creating environment hook '/home/scott/roscourse_final_ws/install/aruco_interfaces/share/aruco_interfaces/hook/pythonpath.ps1'
[5.304s] INFO:colcon.colcon_core.shell:Creating environment descriptor '/home/scott/roscourse_final_ws/install/aruco_interfaces/share/aruco_interfaces/hook/pythonpath.dsv'
[5.304s] INFO:colcon.colcon_core.shell:Creating environment hook '/home/scott/roscourse_final_ws/install/aruco_interfaces/share/aruco_interfaces/hook/pythonpath.sh'
[5.305s] Level 1:colcon.colcon_core.environment:checking '/home/scott/roscourse_final_ws/install/aruco_interfaces/bin'
[5.307s] INFO:colcon.colcon_core.shell:Creating package script '/home/scott/roscourse_final_ws/install/aruco_interfaces/share/aruco_interfaces/package.ps1'
[5.307s] INFO:colcon.colcon_core.shell:Creating package descriptor '/home/scott/roscourse_final_ws/install/aruco_interfaces/share/aruco_interfaces/package.dsv'
[5.308s] INFO:colcon.colcon_core.shell:Creating package script '/home/scott/roscourse_final_ws/install/aruco_interfaces/share/aruco_interfaces/package.sh'
[5.308s] INFO:colcon.colcon_core.shell:Creating package script '/home/scott/roscourse_final_ws/install/aruco_interfaces/share/aruco_interfaces/package.bash'
[5.309s] INFO:colcon.colcon_core.shell:Creating package script '/home/scott/roscourse_final_ws/install/aruco_interfaces/share/aruco_interfaces/package.zsh'
[5.309s] Level 1:colcon.colcon_core.environment:create_file_with_runtime_dependencies(/home/scott/roscourse_final_ws/install/aruco_interfaces/share/colcon-core/packages/aruco_interfaces)
[5.390s] Level 1:colcon.colcon_core.environment:create_environment_scripts_only(aruco_interfaces)
[5.393s] Level 1:colcon.colcon_core.environment:checking '/home/scott/roscourse_final_ws/install/aruco_interfaces' for CMake module files
[5.394s] Level 1:colcon.colcon_core.environment:checking '/home/scott/roscourse_final_ws/install/aruco_interfaces' for CMake config files
[5.395s] Level 1:colcon.colcon_core.shell:create_environment_hook('aruco_interfaces', 'cmake_prefix_path')
[5.398s] INFO:colcon.colcon_core.shell:Creating environment hook '/home/scott/roscourse_final_ws/install/aruco_interfaces/share/aruco_interfaces/hook/cmake_prefix_path.ps1'
[5.399s] INFO:colcon.colcon_core.shell:Creating environment descriptor '/home/scott/roscourse_final_ws/install/aruco_interfaces/share/aruco_interfaces/hook/cmake_prefix_path.dsv'
[5.399s] INFO:colcon.colcon_core.shell:Creating environment hook '/home/scott/roscourse_final_ws/install/aruco_interfaces/share/aruco_interfaces/hook/cmake_prefix_path.sh'
[5.400s] Level 1:colcon.colcon_core.environment:checking '/home/scott/roscourse_final_ws/install/aruco_interfaces/lib'
[5.401s] Level 1:colcon.colcon_core.shell:create_environment_hook('aruco_interfaces', 'ld_library_path_lib')
[5.404s] INFO:colcon.colcon_core.shell:Creating environment hook '/home/scott/roscourse_final_ws/install/aruco_interfaces/share/aruco_interfaces/hook/ld_library_path_lib.ps1'
[5.405s] INFO:colcon.colcon_core.shell:Creating environment descriptor '/home/scott/roscourse_final_ws/install/aruco_interfaces/share/aruco_interfaces/hook/ld_library_path_lib.dsv'
[5.405s] INFO:colcon.colcon_core.shell:Creating environment hook '/home/scott/roscourse_final_ws/install/aruco_interfaces/share/aruco_interfaces/hook/ld_library_path_lib.sh'
[5.405s] Level 1:colcon.colcon_core.environment:checking '/home/scott/roscourse_final_ws/install/aruco_interfaces/bin'
[5.406s] Level 1:colcon.colcon_core.environment:checking '/home/scott/roscourse_final_ws/install/aruco_interfaces/lib/pkgconfig/aruco_interfaces.pc'
[5.406s] Level 1:colcon.colcon_core.environment:checking '/home/scott/roscourse_final_ws/install/aruco_interfaces/lib/python3.8/site-packages'
[5.406s] Level 1:colcon.colcon_core.shell:create_environment_hook('aruco_interfaces', 'pythonpath')
[5.408s] INFO:colcon.colcon_core.shell:Creating environment hook '/home/scott/roscourse_final_ws/install/aruco_interfaces/share/aruco_interfaces/hook/pythonpath.ps1'
[5.408s] INFO:colcon.colcon_core.shell:Creating environment descriptor '/home/scott/roscourse_final_ws/install/aruco_interfaces/share/aruco_interfaces/hook/pythonpath.dsv'
[5.409s] INFO:colcon.colcon_core.shell:Creating environment hook '/home/scott/roscourse_final_ws/install/aruco_interfaces/share/aruco_interfaces/hook/pythonpath.sh'
[5.409s] Level 1:colcon.colcon_core.environment:checking '/home/scott/roscourse_final_ws/install/aruco_interfaces/bin'
[5.411s] INFO:colcon.colcon_core.shell:Creating package script '/home/scott/roscourse_final_ws/install/aruco_interfaces/share/aruco_interfaces/package.ps1'
[5.412s] INFO:colcon.colcon_core.shell:Creating package descriptor '/home/scott/roscourse_final_ws/install/aruco_interfaces/share/aruco_interfaces/package.dsv'
[5.413s] INFO:colcon.colcon_core.shell:Creating package script '/home/scott/roscourse_final_ws/install/aruco_interfaces/share/aruco_interfaces/package.sh'
[5.413s] INFO:colcon.colcon_core.shell:Creating package script '/home/scott/roscourse_final_ws/install/aruco_interfaces/share/aruco_interfaces/package.bash'
[5.414s] INFO:colcon.colcon_core.shell:Creating package script '/home/scott/roscourse_final_ws/install/aruco_interfaces/share/aruco_interfaces/package.zsh'
[5.414s] Level 1:colcon.colcon_core.environment:create_file_with_runtime_dependencies(/home/scott/roscourse_final_ws/install/aruco_interfaces/share/colcon-core/packages/aruco_interfaces)
[5.415s] INFO:colcon.colcon_ros.task.ament_python.build:Building ROS package in '/home/scott/roscourse_final_ws/src/aruco_tracker' with build type 'ament_python'
[5.415s] Level 1:colcon.colcon_core.shell:create_environment_hook('aruco_tracker', 'ament_prefix_path')
[5.417s] INFO:colcon.colcon_core.shell:Creating environment hook '/home/scott/roscourse_final_ws/install/aruco_tracker/share/aruco_tracker/hook/ament_prefix_path.ps1'
[5.418s] INFO:colcon.colcon_core.shell:Creating environment descriptor '/home/scott/roscourse_final_ws/install/aruco_tracker/share/aruco_tracker/hook/ament_prefix_path.dsv'
[5.418s] INFO:colcon.colcon_core.shell:Creating environment hook '/home/scott/roscourse_final_ws/install/aruco_tracker/share/aruco_tracker/hook/ament_prefix_path.sh'
[5.420s] INFO:colcon.colcon_core.shell:Skip shell extension 'powershell' for command environment: Not usable outside of PowerShell
[5.420s] DEBUG:colcon.colcon_core.shell:Skip shell extension 'dsv' for command environment
[5.738s] INFO:colcon.colcon_core.task.python.build:Building Python package in '/home/scott/roscourse_final_ws/src/aruco_tracker'
[5.742s] INFO:colcon.colcon_core.shell:Skip shell extension 'powershell' for command environment: Not usable outside of PowerShell
[5.742s] DEBUG:colcon.colcon_core.shell:Skip shell extension 'dsv' for command environment
[6.310s] DEBUG:colcon.colcon_core.event_handler.log_command:Invoking command in '/home/scott/roscourse_final_ws/src/aruco_tracker': AMENT_PREFIX_PATH=/home/scott/roscourse_final_ws/install/aruco_interfaces:${AMENT_PREFIX_PATH} CMAKE_PREFIX_PATH=/home/scott/roscourse_final_ws/install/aruco_interfaces LD_LIBRARY_PATH=/home/scott/roscourse_final_ws/install/aruco_interfaces/lib:${LD_LIBRARY_PATH} PYTHONPATH=/home/scott/roscourse_final_ws/build/aruco_tracker/prefix_override:/home/scott/roscourse_final_ws/install/aruco_tracker/lib/python3.8/site-packages:/home/scott/roscourse_final_ws/install/aruco_interfaces/lib/python3.8/site-packages:${PYTHONPATH} /usr/bin/python3 setup.py egg_info --egg-base ../../build/aruco_tracker build --build-base /home/scott/roscourse_final_ws/build/aruco_tracker/build install --record /home/scott/roscourse_final_ws/build/aruco_tracker/install.log --install-scripts $base/lib/aruco_tracker --single-version-externally-managed
[6.694s] Level 1:colcon.colcon_core.environment:checking '/home/scott/roscourse_final_ws/install/aruco_tracker' for CMake module files
[6.695s] DEBUG:colcon.colcon_core.event_handler.log_command:Invoked command in '/home/scott/roscourse_final_ws/src/aruco_tracker' returned '0': AMENT_PREFIX_PATH=/home/scott/roscourse_final_ws/install/aruco_interfaces:${AMENT_PREFIX_PATH} CMAKE_PREFIX_PATH=/home/scott/roscourse_final_ws/install/aruco_interfaces LD_LIBRARY_PATH=/home/scott/roscourse_final_ws/install/aruco_interfaces/lib:${LD_LIBRARY_PATH} PYTHONPATH=/home/scott/roscourse_final_ws/build/aruco_tracker/prefix_override:/home/scott/roscourse_final_ws/install/aruco_tracker/lib/python3.8/site-packages:/home/scott/roscourse_final_ws/install/aruco_interfaces/lib/python3.8/site-packages:${PYTHONPATH} /usr/bin/python3 setup.py egg_info --egg-base ../../build/aruco_tracker build --build-base /home/scott/roscourse_final_ws/build/aruco_tracker/build install --record /home/scott/roscourse_final_ws/build/aruco_tracker/install.log --install-scripts $base/lib/aruco_tracker --single-version-externally-managed
[6.695s] Level 1:colcon.colcon_core.environment:checking '/home/scott/roscourse_final_ws/install/aruco_tracker' for CMake config files
[6.696s] Level 1:colcon.colcon_core.environment:checking '/home/scott/roscourse_final_ws/install/aruco_tracker/lib'
[6.697s] Level 1:colcon.colcon_core.environment:checking '/home/scott/roscourse_final_ws/install/aruco_tracker/bin'
[6.697s] Level 1:colcon.colcon_core.environment:checking '/home/scott/roscourse_final_ws/install/aruco_tracker/lib/pkgconfig/aruco_tracker.pc'
[6.697s] Level 1:colcon.colcon_core.environment:checking '/home/scott/roscourse_final_ws/install/aruco_tracker/lib/python3.8/site-packages'
[6.697s] Level 1:colcon.colcon_core.shell:create_environment_hook('aruco_tracker', 'pythonpath')
[6.700s] INFO:colcon.colcon_core.shell:Creating environment hook '/home/scott/roscourse_final_ws/install/aruco_tracker/share/aruco_tracker/hook/pythonpath.ps1'
[6.701s] INFO:colcon.colcon_core.shell:Creating environment descriptor '/home/scott/roscourse_final_ws/install/aruco_tracker/share/aruco_tracker/hook/pythonpath.dsv'
[6.701s] INFO:colcon.colcon_core.shell:Creating environment hook '/home/scott/roscourse_final_ws/install/aruco_tracker/share/aruco_tracker/hook/pythonpath.sh'
[6.701s] Level 1:colcon.colcon_core.environment:checking '/home/scott/roscourse_final_ws/install/aruco_tracker/bin'
[6.702s] Level 1:colcon.colcon_core.environment:create_environment_scripts_only(aruco_tracker)
[6.703s] INFO:colcon.colcon_core.shell:Creating package script '/home/scott/roscourse_final_ws/install/aruco_tracker/share/aruco_tracker/package.ps1'
[6.704s] INFO:colcon.colcon_core.shell:Creating package descriptor '/home/scott/roscourse_final_ws/install/aruco_tracker/share/aruco_tracker/package.dsv'
[6.704s] INFO:colcon.colcon_core.shell:Creating package script '/home/scott/roscourse_final_ws/install/aruco_tracker/share/aruco_tracker/package.sh'
[6.705s] INFO:colcon.colcon_core.shell:Creating package script '/home/scott/roscourse_final_ws/install/aruco_tracker/share/aruco_tracker/package.bash'
[6.705s] INFO:colcon.colcon_core.shell:Creating package script '/home/scott/roscourse_final_ws/install/aruco_tracker/share/aruco_tracker/package.zsh'
[6.705s] Level 1:colcon.colcon_core.environment:create_file_with_runtime_dependencies(/home/scott/roscourse_final_ws/install/aruco_tracker/share/colcon-core/packages/aruco_tracker)
[6.706s] DEBUG:colcon.colcon_parallel_executor.executor.parallel:closing loop
[6.706s] DEBUG:colcon.colcon_parallel_executor.executor.parallel:loop closed
[6.706s] DEBUG:colcon.colcon_parallel_executor.executor.parallel:run_until_complete finished with '0'
[6.706s] DEBUG:colcon.colcon_core.event_reactor:joining thread
[6.717s] INFO:colcon.colcon_core.plugin_system:Skipping extension 'colcon_notification.desktop_notification.terminal_notifier': Not used on non-Darwin systems
[6.717s] INFO:colcon.colcon_core.plugin_system:Skipping extension 'colcon_notification.desktop_notification.win32': Not used on non-Windows systems
[6.717s] INFO:colcon.colcon_notification.desktop_notification:Sending desktop notification using 'notify2'
[6.741s] DEBUG:colcon.colcon_core.event_reactor:joined thread
[6.745s] INFO:colcon.colcon_core.shell:Creating prefix script '/home/scott/roscourse_final_ws/install/local_setup.ps1'
[6.747s] INFO:colcon.colcon_core.shell:Creating prefix util module '/home/scott/roscourse_final_ws/install/_local_setup_util_ps1.py'
[6.749s] INFO:colcon.colcon_core.shell:Creating prefix chain script '/home/scott/roscourse_final_ws/install/setup.ps1'
[6.752s] INFO:colcon.colcon_core.shell:Creating prefix script '/home/scott/roscourse_final_ws/install/local_setup.sh'
[6.752s] INFO:colcon.colcon_core.shell:Creating prefix util module '/home/scott/roscourse_final_ws/install/_local_setup_util_sh.py'
[6.753s] INFO:colcon.colcon_core.shell:Creating prefix chain script '/home/scott/roscourse_final_ws/install/setup.sh'
[6.755s] INFO:colcon.colcon_core.shell:Creating prefix script '/home/scott/roscourse_final_ws/install/local_setup.bash'
[6.756s] INFO:colcon.colcon_core.shell:Creating prefix chain script '/home/scott/roscourse_final_ws/install/setup.bash'
[6.758s] INFO:colcon.colcon_core.shell:Creating prefix script '/home/scott/roscourse_final_ws/install/local_setup.zsh'
[6.758s] INFO:colcon.colcon_core.shell:Creating prefix chain script '/home/scott/roscourse_final_ws/install/setup.zsh'
