[0.932s] Invoking command in '/home/scott/roscourse_final_ws/src/aruco_tracker': AMENT_PREFIX_PATH=/home/scott/roscourse_final_ws/install/aruco_interfaces:${AMENT_PREFIX_PATH} CMAKE_PREFIX_PATH=/home/scott/roscourse_final_ws/install/aruco_interfaces LD_LIBRARY_PATH=/home/scott/roscourse_final_ws/install/aruco_interfaces/lib:${LD_LIBRARY_PATH} PYTHONPATH=/home/scott/roscourse_final_ws/build/aruco_tracker/prefix_override:/home/scott/roscourse_final_ws/install/aruco_tracker/lib/python3.8/site-packages:/home/scott/roscourse_final_ws/install/aruco_interfaces/lib/python3.8/site-packages:${PYTHONPATH} /usr/bin/python3 setup.py egg_info --egg-base ../../build/aruco_tracker build --build-base /home/scott/roscourse_final_ws/build/aruco_tracker/build install --record /home/scott/roscourse_final_ws/build/aruco_tracker/install.log --install-scripts $base/lib/aruco_tracker --single-version-externally-managed
[1.238s] running egg_info
[1.239s] writing ../../build/aruco_tracker/aruco_tracker.egg-info/PKG-INFO
[1.239s] writing dependency_links to ../../build/aruco_tracker/aruco_tracker.egg-info/dependency_links.txt
[1.239s] writing entry points to ../../build/aruco_tracker/aruco_tracker.egg-info/entry_points.txt
[1.239s] writing requirements to ../../build/aruco_tracker/aruco_tracker.egg-info/requires.txt
[1.240s] writing top-level names to ../../build/aruco_tracker/aruco_tracker.egg-info/top_level.txt
[1.284s] reading manifest file '../../build/aruco_tracker/aruco_tracker.egg-info/SOURCES.txt'
[1.285s] writing manifest file '../../build/aruco_tracker/aruco_tracker.egg-info/SOURCES.txt'
[1.286s] running build
[1.286s] running build_py
[1.286s] copying aruco_tracker/core_node.py -> /home/scott/roscourse_final_ws/build/aruco_tracker/build/lib/aruco_tracker
[1.286s] running install
[1.287s] running install_lib
[1.288s] copying /home/scott/roscourse_final_ws/build/aruco_tracker/build/lib/aruco_tracker/core_node.py -> /home/scott/roscourse_final_ws/install/aruco_tracker/lib/python3.8/site-packages/aruco_tracker
[1.289s] byte-compiling /home/scott/roscourse_final_ws/install/aruco_tracker/lib/python3.8/site-packages/aruco_tracker/core_node.py to core_node.cpython-38.pyc
[1.291s] running install_data
[1.292s] running install_egg_info
[1.295s] removing '/home/scott/roscourse_final_ws/install/aruco_tracker/lib/python3.8/site-packages/aruco_tracker-0.0.0-py3.8.egg-info' (and everything under it)
[1.295s] Copying ../../build/aruco_tracker/aruco_tracker.egg-info to /home/scott/roscourse_final_ws/install/aruco_tracker/lib/python3.8/site-packages/aruco_tracker-0.0.0-py3.8.egg-info
[1.296s] running install_scripts
[1.316s] Installing aruco_publisher script to /home/scott/roscourse_final_ws/install/aruco_tracker/lib/aruco_tracker
[1.316s] Installing control_server script to /home/scott/roscourse_final_ws/install/aruco_tracker/lib/aruco_tracker
[1.316s] Installing core_node script to /home/scott/roscourse_final_ws/install/aruco_tracker/lib/aruco_tracker
[1.317s] Installing webcam_pub script to /home/scott/roscourse_final_ws/install/aruco_tracker/lib/aruco_tracker
[1.317s] Installing webcam_sub script to /home/scott/roscourse_final_ws/install/aruco_tracker/lib/aruco_tracker
[1.317s] writing list of installed files to '/home/scott/roscourse_final_ws/build/aruco_tracker/install.log'
[1.354s] Invoked command in '/home/scott/roscourse_final_ws/src/aruco_tracker' returned '0': AMENT_PREFIX_PATH=/home/scott/roscourse_final_ws/install/aruco_interfaces:${AMENT_PREFIX_PATH} CMAKE_PREFIX_PATH=/home/scott/roscourse_final_ws/install/aruco_interfaces LD_LIBRARY_PATH=/home/scott/roscourse_final_ws/install/aruco_interfaces/lib:${LD_LIBRARY_PATH} PYTHONPATH=/home/scott/roscourse_final_ws/build/aruco_tracker/prefix_override:/home/scott/roscourse_final_ws/install/aruco_tracker/lib/python3.8/site-packages:/home/scott/roscourse_final_ws/install/aruco_interfaces/lib/python3.8/site-packages:${PYTHONPATH} /usr/bin/python3 setup.py egg_info --egg-base ../../build/aruco_tracker build --build-base /home/scott/roscourse_final_ws/build/aruco_tracker/build install --record /home/scott/roscourse_final_ws/build/aruco_tracker/install.log --install-scripts $base/lib/aruco_tracker --single-version-externally-managed
