[0.946s] Invoking command in '/home/scott/roscourse_final_ws/src/aruco_tracker': AMENT_PREFIX_PATH=/home/scott/roscourse_final_ws/install/aruco_interfaces:${AMENT_PREFIX_PATH} CMAKE_PREFIX_PATH=/home/scott/roscourse_final_ws/install/aruco_interfaces LD_LIBRARY_PATH=/home/scott/roscourse_final_ws/install/aruco_interfaces/lib:${LD_LIBRARY_PATH} PYTHONPATH=/home/scott/roscourse_final_ws/build/aruco_tracker/prefix_override:/home/scott/roscourse_final_ws/install/aruco_tracker/lib/python3.8/site-packages:/home/scott/roscourse_final_ws/install/aruco_interfaces/lib/python3.8/site-packages:${PYTHONPATH} /usr/bin/python3 setup.py egg_info --egg-base ../../build/aruco_tracker build --build-base /home/scott/roscourse_final_ws/build/aruco_tracker/build install --record /home/scott/roscourse_final_ws/build/aruco_tracker/install.log --install-scripts $base/lib/aruco_tracker --single-version-externally-managed
[1.223s] running egg_info
[1.223s] writing ../../build/aruco_tracker/aruco_tracker.egg-info/PKG-INFO
[1.224s] writing dependency_links to ../../build/aruco_tracker/aruco_tracker.egg-info/dependency_links.txt
[1.224s] writing entry points to ../../build/aruco_tracker/aruco_tracker.egg-info/entry_points.txt
[1.224s] writing requirements to ../../build/aruco_tracker/aruco_tracker.egg-info/requires.txt
[1.224s] writing top-level names to ../../build/aruco_tracker/aruco_tracker.egg-info/top_level.txt
[1.268s] reading manifest file '../../build/aruco_tracker/aruco_tracker.egg-info/SOURCES.txt'
[1.270s] writing manifest file '../../build/aruco_tracker/aruco_tracker.egg-info/SOURCES.txt'
[1.270s] running build
[1.270s] running build_py
[1.270s] copying aruco_tracker/control_server.py -> /home/scott/roscourse_final_ws/build/aruco_tracker/build/lib/aruco_tracker
[1.270s] running install
[1.271s] running install_lib
[1.273s] copying /home/scott/roscourse_final_ws/build/aruco_tracker/build/lib/aruco_tracker/control_server.py -> /home/scott/roscourse_final_ws/install/aruco_tracker/lib/python3.8/site-packages/aruco_tracker
[1.273s] byte-compiling /home/scott/roscourse_final_ws/install/aruco_tracker/lib/python3.8/site-packages/aruco_tracker/control_server.py to control_server.cpython-38.pyc
[1.275s] running install_data
[1.276s] running install_egg_info
[1.278s] removing '/home/scott/roscourse_final_ws/install/aruco_tracker/lib/python3.8/site-packages/aruco_tracker-0.0.0-py3.8.egg-info' (and everything under it)
[1.279s] Copying ../../build/aruco_tracker/aruco_tracker.egg-info to /home/scott/roscourse_final_ws/install/aruco_tracker/lib/python3.8/site-packages/aruco_tracker-0.0.0-py3.8.egg-info
[1.280s] running install_scripts
[1.301s] Installing aruco_publisher script to /home/scott/roscourse_final_ws/install/aruco_tracker/lib/aruco_tracker
[1.302s] Installing control_server script to /home/scott/roscourse_final_ws/install/aruco_tracker/lib/aruco_tracker
[1.302s] Installing core_node script to /home/scott/roscourse_final_ws/install/aruco_tracker/lib/aruco_tracker
[1.302s] Installing webcam_pub script to /home/scott/roscourse_final_ws/install/aruco_tracker/lib/aruco_tracker
[1.302s] Installing webcam_sub script to /home/scott/roscourse_final_ws/install/aruco_tracker/lib/aruco_tracker
[1.303s] writing list of installed files to '/home/scott/roscourse_final_ws/build/aruco_tracker/install.log'
[1.335s] Invoked command in '/home/scott/roscourse_final_ws/src/aruco_tracker' returned '0': AMENT_PREFIX_PATH=/home/scott/roscourse_final_ws/install/aruco_interfaces:${AMENT_PREFIX_PATH} CMAKE_PREFIX_PATH=/home/scott/roscourse_final_ws/install/aruco_interfaces LD_LIBRARY_PATH=/home/scott/roscourse_final_ws/install/aruco_interfaces/lib:${LD_LIBRARY_PATH} PYTHONPATH=/home/scott/roscourse_final_ws/build/aruco_tracker/prefix_override:/home/scott/roscourse_final_ws/install/aruco_tracker/lib/python3.8/site-packages:/home/scott/roscourse_final_ws/install/aruco_interfaces/lib/python3.8/site-packages:${PYTHONPATH} /usr/bin/python3 setup.py egg_info --egg-base ../../build/aruco_tracker build --build-base /home/scott/roscourse_final_ws/build/aruco_tracker/build install --record /home/scott/roscourse_final_ws/build/aruco_tracker/install.log --install-scripts $base/lib/aruco_tracker --single-version-externally-managed
