running egg_info
writing ../../build/aruco_tracker/aruco_tracker.egg-info/PKG-INFO
writing dependency_links to ../../build/aruco_tracker/aruco_tracker.egg-info/dependency_links.txt
writing entry points to ../../build/aruco_tracker/aruco_tracker.egg-info/entry_points.txt
writing requirements to ../../build/aruco_tracker/aruco_tracker.egg-info/requires.txt
writing top-level names to ../../build/aruco_tracker/aruco_tracker.egg-info/top_level.txt
reading manifest file '../../build/aruco_tracker/aruco_tracker.egg-info/SOURCES.txt'
writing manifest file '../../build/aruco_tracker/aruco_tracker.egg-info/SOURCES.txt'
running build
running build_py
running install
running install_lib
running install_data
copying launch/simple.launch.py -> /home/scott/roscourse_final_ws/install/aruco_tracker/share/aruco_tracker
copying launch/aruco_tracker.launch.py -> /home/scott/roscourse_final_ws/install/aruco_tracker/share/aruco_tracker
running install_egg_info
removing '/home/scott/roscourse_final_ws/install/aruco_tracker/lib/python3.8/site-packages/aruco_tracker-0.0.0-py3.8.egg-info' (and everything under it)
Copying ../../build/aruco_tracker/aruco_tracker.egg-info to /home/scott/roscourse_final_ws/install/aruco_tracker/lib/python3.8/site-packages/aruco_tracker-0.0.0-py3.8.egg-info
running install_scripts
Installing aruco_publisher script to /home/scott/roscourse_final_ws/install/aruco_tracker/lib/aruco_tracker
Installing control_server script to /home/scott/roscourse_final_ws/install/aruco_tracker/lib/aruco_tracker
Installing core_node script to /home/scott/roscourse_final_ws/install/aruco_tracker/lib/aruco_tracker
Installing webcam_pub script to /home/scott/roscourse_final_ws/install/aruco_tracker/lib/aruco_tracker
Installing webcam_sub script to /home/scott/roscourse_final_ws/install/aruco_tracker/lib/aruco_tracker
writing list of installed files to '/home/scott/roscourse_final_ws/build/aruco_tracker/install.log'
