[0.891s] Invoking command in '/home/scott/roscourse_final_ws/src/aruco_tracker': AMENT_PREFIX_PATH=/home/scott/roscourse_final_ws/install/aruco_interfaces:${AMENT_PREFIX_PATH} CMAKE_PREFIX_PATH=/home/scott/roscourse_final_ws/install/aruco_interfaces LD_LIBRARY_PATH=/home/scott/roscourse_final_ws/install/aruco_interfaces/lib:${LD_LIBRARY_PATH} PYTHONPATH=/home/scott/roscourse_final_ws/build/aruco_tracker/prefix_override:/home/scott/roscourse_final_ws/install/aruco_tracker/lib/python3.8/site-packages:/home/scott/roscourse_final_ws/install/aruco_interfaces/lib/python3.8/site-packages:${PYTHONPATH} /usr/bin/python3 setup.py egg_info --egg-base ../../build/aruco_tracker build --build-base /home/scott/roscourse_final_ws/build/aruco_tracker/build install --record /home/scott/roscourse_final_ws/build/aruco_tracker/install.log --install-scripts $base/lib/aruco_tracker --single-version-externally-managed
[1.163s] running egg_info
[1.163s] creating ../../build/aruco_tracker/aruco_tracker.egg-info
[1.163s] writing ../../build/aruco_tracker/aruco_tracker.egg-info/PKG-INFO
[1.164s] writing dependency_links to ../../build/aruco_tracker/aruco_tracker.egg-info/dependency_links.txt
[1.164s] writing entry points to ../../build/aruco_tracker/aruco_tracker.egg-info/entry_points.txt
[1.164s] writing requirements to ../../build/aruco_tracker/aruco_tracker.egg-info/requires.txt
[1.164s] writing top-level names to ../../build/aruco_tracker/aruco_tracker.egg-info/top_level.txt
[1.165s] writing manifest file '../../build/aruco_tracker/aruco_tracker.egg-info/SOURCES.txt'
[1.207s] reading manifest file '../../build/aruco_tracker/aruco_tracker.egg-info/SOURCES.txt'
[1.208s] writing manifest file '../../build/aruco_tracker/aruco_tracker.egg-info/SOURCES.txt'
[1.208s] running build
[1.209s] running build_py
[1.209s] creating /home/scott/roscourse_final_ws/build/aruco_tracker/build
[1.209s] creating /home/scott/roscourse_final_ws/build/aruco_tracker/build/lib
[1.209s] creating /home/scott/roscourse_final_ws/build/aruco_tracker/build/lib/aruco_tracker
[1.209s] copying aruco_tracker/__init__.py -> /home/scott/roscourse_final_ws/build/aruco_tracker/build/lib/aruco_tracker
[1.209s] copying aruco_tracker/aruco_publisher.py -> /home/scott/roscourse_final_ws/build/aruco_tracker/build/lib/aruco_tracker
[1.210s] copying aruco_tracker/cam_sub.py -> /home/scott/roscourse_final_ws/build/aruco_tracker/build/lib/aruco_tracker
[1.210s] copying aruco_tracker/cam_pub.py -> /home/scott/roscourse_final_ws/build/aruco_tracker/build/lib/aruco_tracker
[1.210s] copying aruco_tracker/aruco_tracker.py -> /home/scott/roscourse_final_ws/build/aruco_tracker/build/lib/aruco_tracker
[1.210s] copying aruco_tracker/core_node.py -> /home/scott/roscourse_final_ws/build/aruco_tracker/build/lib/aruco_tracker
[1.210s] copying aruco_tracker/control_server.py -> /home/scott/roscourse_final_ws/build/aruco_tracker/build/lib/aruco_tracker
[1.210s] running install
[1.210s] running install_lib
[1.211s] creating /home/scott/roscourse_final_ws/install/aruco_tracker/lib/python3.8/site-packages/aruco_tracker
[1.211s] copying /home/scott/roscourse_final_ws/build/aruco_tracker/build/lib/aruco_tracker/__init__.py -> /home/scott/roscourse_final_ws/install/aruco_tracker/lib/python3.8/site-packages/aruco_tracker
[1.212s] copying /home/scott/roscourse_final_ws/build/aruco_tracker/build/lib/aruco_tracker/aruco_publisher.py -> /home/scott/roscourse_final_ws/install/aruco_tracker/lib/python3.8/site-packages/aruco_tracker
[1.212s] copying /home/scott/roscourse_final_ws/build/aruco_tracker/build/lib/aruco_tracker/cam_sub.py -> /home/scott/roscourse_final_ws/install/aruco_tracker/lib/python3.8/site-packages/aruco_tracker
[1.212s] copying /home/scott/roscourse_final_ws/build/aruco_tracker/build/lib/aruco_tracker/cam_pub.py -> /home/scott/roscourse_final_ws/install/aruco_tracker/lib/python3.8/site-packages/aruco_tracker
[1.212s] copying /home/scott/roscourse_final_ws/build/aruco_tracker/build/lib/aruco_tracker/aruco_tracker.py -> /home/scott/roscourse_final_ws/install/aruco_tracker/lib/python3.8/site-packages/aruco_tracker
[1.213s] copying /home/scott/roscourse_final_ws/build/aruco_tracker/build/lib/aruco_tracker/core_node.py -> /home/scott/roscourse_final_ws/install/aruco_tracker/lib/python3.8/site-packages/aruco_tracker
[1.213s] copying /home/scott/roscourse_final_ws/build/aruco_tracker/build/lib/aruco_tracker/control_server.py -> /home/scott/roscourse_final_ws/install/aruco_tracker/lib/python3.8/site-packages/aruco_tracker
[1.213s] byte-compiling /home/scott/roscourse_final_ws/install/aruco_tracker/lib/python3.8/site-packages/aruco_tracker/__init__.py to __init__.cpython-38.pyc
[1.214s] byte-compiling /home/scott/roscourse_final_ws/install/aruco_tracker/lib/python3.8/site-packages/aruco_tracker/aruco_publisher.py to aruco_publisher.cpython-38.pyc
[1.215s] byte-compiling /home/scott/roscourse_final_ws/install/aruco_tracker/lib/python3.8/site-packages/aruco_tracker/cam_sub.py to cam_sub.cpython-38.pyc
[1.216s] byte-compiling /home/scott/roscourse_final_ws/install/aruco_tracker/lib/python3.8/site-packages/aruco_tracker/cam_pub.py to cam_pub.cpython-38.pyc
[1.216s] byte-compiling /home/scott/roscourse_final_ws/install/aruco_tracker/lib/python3.8/site-packages/aruco_tracker/aruco_tracker.py to aruco_tracker.cpython-38.pyc
[1.218s] byte-compiling /home/scott/roscourse_final_ws/install/aruco_tracker/lib/python3.8/site-packages/aruco_tracker/core_node.py to core_node.cpython-38.pyc
[1.218s] byte-compiling /home/scott/roscourse_final_ws/install/aruco_tracker/lib/python3.8/site-packages/aruco_tracker/control_server.py to control_server.cpython-38.pyc
[1.219s] running install_data
[1.219s] creating /home/scott/roscourse_final_ws/install/aruco_tracker/share/ament_index
[1.219s] creating /home/scott/roscourse_final_ws/install/aruco_tracker/share/ament_index/resource_index
[1.220s] creating /home/scott/roscourse_final_ws/install/aruco_tracker/share/ament_index/resource_index/packages
[1.220s] copying resource/aruco_tracker -> /home/scott/roscourse_final_ws/install/aruco_tracker/share/ament_index/resource_index/packages
[1.220s] copying package.xml -> /home/scott/roscourse_final_ws/install/aruco_tracker/share/aruco_tracker
[1.220s] running install_egg_info
[1.222s] Copying ../../build/aruco_tracker/aruco_tracker.egg-info to /home/scott/roscourse_final_ws/install/aruco_tracker/lib/python3.8/site-packages/aruco_tracker-0.0.0-py3.8.egg-info
[1.223s] running install_scripts
[1.243s] Installing aruco_publisher script to /home/scott/roscourse_final_ws/install/aruco_tracker/lib/aruco_tracker
[1.243s] Installing control_server script to /home/scott/roscourse_final_ws/install/aruco_tracker/lib/aruco_tracker
[1.243s] Installing core_node script to /home/scott/roscourse_final_ws/install/aruco_tracker/lib/aruco_tracker
[1.243s] Installing webcam_pub script to /home/scott/roscourse_final_ws/install/aruco_tracker/lib/aruco_tracker
[1.243s] Installing webcam_sub script to /home/scott/roscourse_final_ws/install/aruco_tracker/lib/aruco_tracker
[1.244s] writing list of installed files to '/home/scott/roscourse_final_ws/build/aruco_tracker/install.log'
[1.277s] Invoked command in '/home/scott/roscourse_final_ws/src/aruco_tracker' returned '0': AMENT_PREFIX_PATH=/home/scott/roscourse_final_ws/install/aruco_interfaces:${AMENT_PREFIX_PATH} CMAKE_PREFIX_PATH=/home/scott/roscourse_final_ws/install/aruco_interfaces LD_LIBRARY_PATH=/home/scott/roscourse_final_ws/install/aruco_interfaces/lib:${LD_LIBRARY_PATH} PYTHONPATH=/home/scott/roscourse_final_ws/build/aruco_tracker/prefix_override:/home/scott/roscourse_final_ws/install/aruco_tracker/lib/python3.8/site-packages:/home/scott/roscourse_final_ws/install/aruco_interfaces/lib/python3.8/site-packages:${PYTHONPATH} /usr/bin/python3 setup.py egg_info --egg-base ../../build/aruco_tracker build --build-base /home/scott/roscourse_final_ws/build/aruco_tracker/build install --record /home/scott/roscourse_final_ws/build/aruco_tracker/install.log --install-scripts $base/lib/aruco_tracker --single-version-externally-managed
