[0.846s] Invoking command in '/home/scott/S24_RobotProgramming_Ardent/roscourse_final_ws/src/control': PYTHONPATH=/home/scott/S24_RobotProgramming_Ardent/roscourse_final_ws/build/control/prefix_override:/home/scott/S24_RobotProgramming_Ardent/roscourse_final_ws/install/control/lib/python3.8/site-packages:${PYTHONPATH} /usr/bin/python3 setup.py egg_info --egg-base ../../build/control build --build-base /home/scott/S24_RobotProgramming_Ardent/roscourse_final_ws/build/control/build install --record /home/scott/S24_RobotProgramming_Ardent/roscourse_final_ws/build/control/install.log --install-scripts $base/lib/core --single-version-externally-managed
[1.030s] running egg_info
[1.030s] writing ../../build/control/control.egg-info/PKG-INFO
[1.030s] writing dependency_links to ../../build/control/control.egg-info/dependency_links.txt
[1.031s] writing entry points to ../../build/control/control.egg-info/entry_points.txt
[1.031s] writing requirements to ../../build/control/control.egg-info/requires.txt
[1.031s] writing top-level names to ../../build/control/control.egg-info/top_level.txt
[1.063s] reading manifest file '../../build/control/control.egg-info/SOURCES.txt'
[1.064s] writing manifest file '../../build/control/control.egg-info/SOURCES.txt'
[1.064s] running build
[1.065s] running build_py
[1.065s] running install
[1.066s] running install_lib
[1.068s] running install_data
[1.069s] running install_egg_info
[1.072s] removing '/home/scott/S24_RobotProgramming_Ardent/roscourse_final_ws/install/control/lib/python3.8/site-packages/control-0.0.0-py3.8.egg-info' (and everything under it)
[1.072s] Copying ../../build/control/control.egg-info to /home/scott/S24_RobotProgramming_Ardent/roscourse_final_ws/install/control/lib/python3.8/site-packages/control-0.0.0-py3.8.egg-info
[1.072s] running install_scripts
[1.091s] writing list of installed files to '/home/scott/S24_RobotProgramming_Ardent/roscourse_final_ws/build/control/install.log'
[1.120s] Invoked command in '/home/scott/S24_RobotProgramming_Ardent/roscourse_final_ws/src/control' returned '0': PYTHONPATH=/home/scott/S24_RobotProgramming_Ardent/roscourse_final_ws/build/control/prefix_override:/home/scott/S24_RobotProgramming_Ardent/roscourse_final_ws/install/control/lib/python3.8/site-packages:${PYTHONPATH} /usr/bin/python3 setup.py egg_info --egg-base ../../build/control build --build-base /home/scott/S24_RobotProgramming_Ardent/roscourse_final_ws/build/control/build install --record /home/scott/S24_RobotProgramming_Ardent/roscourse_final_ws/build/control/install.log --install-scripts $base/lib/core --single-version-externally-managed
