[0.030s] Invoking command in '/home/scott/roscourse_final_ws/build/aruco_interfaces': CMAKE_PREFIX_PATH=/opt/ros/foxy /usr/bin/cmake --build /home/scott/roscourse_final_ws/build/aruco_interfaces -- -j12 -l12
[0.108s] [  2%] Built target aruco_interfaces__cpp
[0.122s] [ 12%] Built target aruco_interfaces__rosidl_generator_c
[0.146s] [ 23%] Built target aruco_interfaces__rosidl_typesupport_cpp
[0.149s] [ 33%] Built target aruco_interfaces__rosidl_typesupport_introspection_cpp
[0.155s] [ 43%] Built target aruco_interfaces__rosidl_typesupport_introspection_c
[0.157s] [ 53%] Built target aruco_interfaces__rosidl_typesupport_fastrtps_cpp
[0.160s] [ 64%] Built target aruco_interfaces__rosidl_typesupport_c
[0.205s] [ 74%] Built target aruco_interfaces__rosidl_typesupport_fastrtps_c
[0.235s] [ 74%] Built target aruco_interfaces
[0.269s] [ 76%] Built target aruco_interfaces__py
[0.312s] [ 84%] Built target aruco_interfaces__python
[0.346s] [ 89%] Built target aruco_interfaces__rosidl_typesupport_c__pyext
[0.354s] [ 94%] Built target aruco_interfaces__rosidl_typesupport_fastrtps_c__pyext
[0.358s] [100%] Built target aruco_interfaces__rosidl_typesupport_introspection_c__pyext
[0.377s] Invoked command in '/home/scott/roscourse_final_ws/build/aruco_interfaces' returned '0': CMAKE_PREFIX_PATH=/opt/ros/foxy /usr/bin/cmake --build /home/scott/roscourse_final_ws/build/aruco_interfaces -- -j12 -l12
[0.476s] Invoking command in '/home/scott/roscourse_final_ws/build/aruco_interfaces': CMAKE_PREFIX_PATH=/opt/ros/foxy /usr/bin/cmake --install /home/scott/roscourse_final_ws/build/aruco_interfaces
[0.492s] -- Install configuration: ""
[0.492s] -- Up-to-date: /home/scott/roscourse_final_ws/install/aruco_interfaces/share/ament_index/resource_index/rosidl_interfaces/aruco_interfaces
[0.492s] -- Up-to-date: /home/scott/roscourse_final_ws/install/aruco_interfaces/include/aruco_interfaces
[0.492s] -- Up-to-date: /home/scott/roscourse_final_ws/install/aruco_interfaces/include/aruco_interfaces/msg
[0.492s] -- Up-to-date: /home/scott/roscourse_final_ws/install/aruco_interfaces/include/aruco_interfaces/msg/aruco_location.h
[0.493s] -- Up-to-date: /home/scott/roscourse_final_ws/install/aruco_interfaces/include/aruco_interfaces/msg/rosidl_generator_c__visibility_control.h
[0.493s] -- Up-to-date: /home/scott/roscourse_final_ws/install/aruco_interfaces/include/aruco_interfaces/msg/detail
[0.493s] -- Up-to-date: /home/scott/roscourse_final_ws/install/aruco_interfaces/include/aruco_interfaces/msg/detail/aruco_location__struct.h
[0.493s] -- Up-to-date: /home/scott/roscourse_final_ws/install/aruco_interfaces/include/aruco_interfaces/msg/detail/aruco_location__type_support.h
[0.493s] -- Up-to-date: /home/scott/roscourse_final_ws/install/aruco_interfaces/include/aruco_interfaces/msg/detail/aruco_location__functions.c
[0.494s] -- Up-to-date: /home/scott/roscourse_final_ws/install/aruco_interfaces/include/aruco_interfaces/msg/detail/aruco_location__functions.h
[0.494s] -- Up-to-date: /home/scott/roscourse_final_ws/install/aruco_interfaces/include/aruco_interfaces/srv
[0.494s] -- Up-to-date: /home/scott/roscourse_final_ws/install/aruco_interfaces/include/aruco_interfaces/srv/robot_command.h
[0.494s] -- Up-to-date: /home/scott/roscourse_final_ws/install/aruco_interfaces/include/aruco_interfaces/srv/detail
[0.494s] -- Up-to-date: /home/scott/roscourse_final_ws/install/aruco_interfaces/include/aruco_interfaces/srv/detail/robot_command__functions.c
[0.494s] -- Up-to-date: /home/scott/roscourse_final_ws/install/aruco_interfaces/include/aruco_interfaces/srv/detail/robot_command__type_support.h
[0.494s] -- Up-to-date: /home/scott/roscourse_final_ws/install/aruco_interfaces/include/aruco_interfaces/srv/detail/robot_command__struct.h
[0.495s] -- Up-to-date: /home/scott/roscourse_final_ws/install/aruco_interfaces/include/aruco_interfaces/srv/detail/robot_command__functions.h
[0.495s] -- Up-to-date: /home/scott/roscourse_final_ws/install/aruco_interfaces/share/aruco_interfaces/environment/library_path.sh
[0.495s] -- Up-to-date: /home/scott/roscourse_final_ws/install/aruco_interfaces/share/aruco_interfaces/environment/library_path.dsv
[0.495s] -- Up-to-date: /home/scott/roscourse_final_ws/install/aruco_interfaces/lib/libaruco_interfaces__rosidl_generator_c.so
[0.495s] -- Up-to-date: /home/scott/roscourse_final_ws/install/aruco_interfaces/include/aruco_interfaces
[0.496s] -- Up-to-date: /home/scott/roscourse_final_ws/install/aruco_interfaces/include/aruco_interfaces/msg
[0.496s] -- Up-to-date: /home/scott/roscourse_final_ws/install/aruco_interfaces/include/aruco_interfaces/msg/rosidl_typesupport_fastrtps_c__visibility_control.h
[0.496s] -- Up-to-date: /home/scott/roscourse_final_ws/install/aruco_interfaces/include/aruco_interfaces/msg/detail
[0.496s] -- Up-to-date: /home/scott/roscourse_final_ws/install/aruco_interfaces/include/aruco_interfaces/msg/detail/aruco_location__rosidl_typesupport_fastrtps_c.h
[0.496s] -- Up-to-date: /home/scott/roscourse_final_ws/install/aruco_interfaces/include/aruco_interfaces/srv
[0.497s] -- Up-to-date: /home/scott/roscourse_final_ws/install/aruco_interfaces/include/aruco_interfaces/srv/detail
[0.497s] -- Up-to-date: /home/scott/roscourse_final_ws/install/aruco_interfaces/include/aruco_interfaces/srv/detail/robot_command__rosidl_typesupport_fastrtps_c.h
[0.497s] -- Up-to-date: /home/scott/roscourse_final_ws/install/aruco_interfaces/lib/libaruco_interfaces__rosidl_typesupport_fastrtps_c.so
[0.497s] -- Up-to-date: /home/scott/roscourse_final_ws/install/aruco_interfaces/include/aruco_interfaces
[0.498s] -- Up-to-date: /home/scott/roscourse_final_ws/install/aruco_interfaces/include/aruco_interfaces/msg
[0.498s] -- Up-to-date: /home/scott/roscourse_final_ws/install/aruco_interfaces/include/aruco_interfaces/msg/rosidl_typesupport_fastrtps_cpp__visibility_control.h
[0.498s] -- Up-to-date: /home/scott/roscourse_final_ws/install/aruco_interfaces/include/aruco_interfaces/msg/detail
[0.498s] -- Up-to-date: /home/scott/roscourse_final_ws/install/aruco_interfaces/include/aruco_interfaces/msg/detail/aruco_location__rosidl_typesupport_fastrtps_cpp.hpp
[0.498s] -- Up-to-date: /home/scott/roscourse_final_ws/install/aruco_interfaces/include/aruco_interfaces/msg/detail/dds_fastrtps
[0.498s] -- Up-to-date: /home/scott/roscourse_final_ws/install/aruco_interfaces/include/aruco_interfaces/srv
[0.498s] -- Up-to-date: /home/scott/roscourse_final_ws/install/aruco_interfaces/include/aruco_interfaces/srv/detail
[0.499s] -- Up-to-date: /home/scott/roscourse_final_ws/install/aruco_interfaces/include/aruco_interfaces/srv/detail/robot_command__rosidl_typesupport_fastrtps_cpp.hpp
[0.499s] -- Up-to-date: /home/scott/roscourse_final_ws/install/aruco_interfaces/include/aruco_interfaces/srv/detail/dds_fastrtps
[0.499s] -- Up-to-date: /home/scott/roscourse_final_ws/install/aruco_interfaces/lib/libaruco_interfaces__rosidl_typesupport_fastrtps_cpp.so
[0.499s] -- Up-to-date: /home/scott/roscourse_final_ws/install/aruco_interfaces/include/aruco_interfaces
[0.499s] -- Up-to-date: /home/scott/roscourse_final_ws/install/aruco_interfaces/include/aruco_interfaces/msg
[0.499s] -- Up-to-date: /home/scott/roscourse_final_ws/install/aruco_interfaces/include/aruco_interfaces/msg/rosidl_typesupport_introspection_c__visibility_control.h
[0.499s] -- Up-to-date: /home/scott/roscourse_final_ws/install/aruco_interfaces/include/aruco_interfaces/msg/detail
[0.500s] -- Up-to-date: /home/scott/roscourse_final_ws/install/aruco_interfaces/include/aruco_interfaces/msg/detail/aruco_location__rosidl_typesupport_introspection_c.h
[0.500s] -- Up-to-date: /home/scott/roscourse_final_ws/install/aruco_interfaces/include/aruco_interfaces/msg/detail/aruco_location__type_support.c
[0.500s] -- Up-to-date: /home/scott/roscourse_final_ws/install/aruco_interfaces/include/aruco_interfaces/srv
[0.500s] -- Up-to-date: /home/scott/roscourse_final_ws/install/aruco_interfaces/include/aruco_interfaces/srv/detail
[0.500s] -- Up-to-date: /home/scott/roscourse_final_ws/install/aruco_interfaces/include/aruco_interfaces/srv/detail/robot_command__type_support.c
[0.500s] -- Up-to-date: /home/scott/roscourse_final_ws/install/aruco_interfaces/include/aruco_interfaces/srv/detail/robot_command__rosidl_typesupport_introspection_c.h
[0.500s] -- Up-to-date: /home/scott/roscourse_final_ws/install/aruco_interfaces/lib/libaruco_interfaces__rosidl_typesupport_introspection_c.so
[0.500s] -- Up-to-date: /home/scott/roscourse_final_ws/install/aruco_interfaces/lib/libaruco_interfaces__rosidl_typesupport_c.so
[0.501s] -- Up-to-date: /home/scott/roscourse_final_ws/install/aruco_interfaces/include/aruco_interfaces
[0.501s] -- Up-to-date: /home/scott/roscourse_final_ws/install/aruco_interfaces/include/aruco_interfaces/msg
[0.501s] -- Up-to-date: /home/scott/roscourse_final_ws/install/aruco_interfaces/include/aruco_interfaces/msg/aruco_location.hpp
[0.501s] -- Up-to-date: /home/scott/roscourse_final_ws/install/aruco_interfaces/include/aruco_interfaces/msg/detail
[0.501s] -- Up-to-date: /home/scott/roscourse_final_ws/install/aruco_interfaces/include/aruco_interfaces/msg/detail/aruco_location__builder.hpp
[0.501s] -- Up-to-date: /home/scott/roscourse_final_ws/install/aruco_interfaces/include/aruco_interfaces/msg/detail/aruco_location__traits.hpp
[0.501s] -- Up-to-date: /home/scott/roscourse_final_ws/install/aruco_interfaces/include/aruco_interfaces/msg/detail/aruco_location__struct.hpp
[0.501s] -- Up-to-date: /home/scott/roscourse_final_ws/install/aruco_interfaces/include/aruco_interfaces/srv
[0.502s] -- Up-to-date: /home/scott/roscourse_final_ws/install/aruco_interfaces/include/aruco_interfaces/srv/robot_command.hpp
[0.502s] -- Up-to-date: /home/scott/roscourse_final_ws/install/aruco_interfaces/include/aruco_interfaces/srv/detail
[0.502s] -- Up-to-date: /home/scott/roscourse_final_ws/install/aruco_interfaces/include/aruco_interfaces/srv/detail/robot_command__builder.hpp
[0.502s] -- Up-to-date: /home/scott/roscourse_final_ws/install/aruco_interfaces/include/aruco_interfaces/srv/detail/robot_command__traits.hpp
[0.502s] -- Up-to-date: /home/scott/roscourse_final_ws/install/aruco_interfaces/include/aruco_interfaces/srv/detail/robot_command__struct.hpp
[0.502s] -- Up-to-date: /home/scott/roscourse_final_ws/install/aruco_interfaces/include/aruco_interfaces
[0.502s] -- Up-to-date: /home/scott/roscourse_final_ws/install/aruco_interfaces/include/aruco_interfaces/msg
[0.502s] -- Up-to-date: /home/scott/roscourse_final_ws/install/aruco_interfaces/include/aruco_interfaces/msg/detail
[0.502s] -- Up-to-date: /home/scott/roscourse_final_ws/install/aruco_interfaces/include/aruco_interfaces/msg/detail/aruco_location__type_support.cpp
[0.503s] -- Up-to-date: /home/scott/roscourse_final_ws/install/aruco_interfaces/include/aruco_interfaces/msg/detail/aruco_location__rosidl_typesupport_introspection_cpp.hpp
[0.503s] -- Up-to-date: /home/scott/roscourse_final_ws/install/aruco_interfaces/include/aruco_interfaces/srv
[0.503s] -- Up-to-date: /home/scott/roscourse_final_ws/install/aruco_interfaces/include/aruco_interfaces/srv/detail
[0.503s] -- Up-to-date: /home/scott/roscourse_final_ws/install/aruco_interfaces/include/aruco_interfaces/srv/detail/robot_command__type_support.cpp
[0.503s] -- Up-to-date: /home/scott/roscourse_final_ws/install/aruco_interfaces/include/aruco_interfaces/srv/detail/robot_command__rosidl_typesupport_introspection_cpp.hpp
[0.503s] -- Up-to-date: /home/scott/roscourse_final_ws/install/aruco_interfaces/lib/libaruco_interfaces__rosidl_typesupport_introspection_cpp.so
[0.503s] -- Up-to-date: /home/scott/roscourse_final_ws/install/aruco_interfaces/lib/libaruco_interfaces__rosidl_typesupport_cpp.so
[0.503s] -- Up-to-date: /home/scott/roscourse_final_ws/install/aruco_interfaces/share/aruco_interfaces/environment/pythonpath.sh
[0.504s] -- Up-to-date: /home/scott/roscourse_final_ws/install/aruco_interfaces/share/aruco_interfaces/environment/pythonpath.dsv
[0.504s] -- Up-to-date: /home/scott/roscourse_final_ws/install/aruco_interfaces/lib/python3.8/site-packages/aruco_interfaces/__init__.py
[0.542s] -- Up-to-date: /home/scott/roscourse_final_ws/install/aruco_interfaces/lib/python3.8/site-packages/aruco_interfaces/srv
[0.543s] -- Up-to-date: /home/scott/roscourse_final_ws/install/aruco_interfaces/lib/python3.8/site-packages/aruco_interfaces/srv/__init__.py
[0.543s] -- Up-to-date: /home/scott/roscourse_final_ws/install/aruco_interfaces/lib/python3.8/site-packages/aruco_interfaces/srv/_robot_command_s.c
[0.543s] -- Up-to-date: /home/scott/roscourse_final_ws/install/aruco_interfaces/lib/python3.8/site-packages/aruco_interfaces/srv/_robot_command.py
[0.543s] -- Up-to-date: /home/scott/roscourse_final_ws/install/aruco_interfaces/lib/python3.8/site-packages/aruco_interfaces/msg
[0.543s] -- Up-to-date: /home/scott/roscourse_final_ws/install/aruco_interfaces/lib/python3.8/site-packages/aruco_interfaces/msg/_aruco_location.py
[0.544s] -- Up-to-date: /home/scott/roscourse_final_ws/install/aruco_interfaces/lib/python3.8/site-packages/aruco_interfaces/msg/__init__.py
[0.544s] -- Up-to-date: /home/scott/roscourse_final_ws/install/aruco_interfaces/lib/python3.8/site-packages/aruco_interfaces/msg/_aruco_location_s.c
[0.544s] -- Up-to-date: /home/scott/roscourse_final_ws/install/aruco_interfaces/lib/python3.8/site-packages/aruco_interfaces/aruco_interfaces_s__rosidl_typesupport_fastrtps_c.cpython-38-x86_64-linux-gnu.so
[0.545s] -- Up-to-date: /home/scott/roscourse_final_ws/install/aruco_interfaces/lib/python3.8/site-packages/aruco_interfaces/aruco_interfaces_s__rosidl_typesupport_introspection_c.cpython-38-x86_64-linux-gnu.so
[0.547s] -- Up-to-date: /home/scott/roscourse_final_ws/install/aruco_interfaces/lib/python3.8/site-packages/aruco_interfaces/aruco_interfaces_s__rosidl_typesupport_c.cpython-38-x86_64-linux-gnu.so
[0.548s] -- Up-to-date: /home/scott/roscourse_final_ws/install/aruco_interfaces/lib/libaruco_interfaces__python.so
[0.548s] -- Up-to-date: /home/scott/roscourse_final_ws/install/aruco_interfaces/share/aruco_interfaces/srv/RobotCommand.idl
[0.549s] -- Up-to-date: /home/scott/roscourse_final_ws/install/aruco_interfaces/share/aruco_interfaces/msg/ArucoLocation.idl
[0.549s] -- Up-to-date: /home/scott/roscourse_final_ws/install/aruco_interfaces/share/aruco_interfaces/srv/RobotCommand.srv
[0.549s] -- Up-to-date: /home/scott/roscourse_final_ws/install/aruco_interfaces/share/aruco_interfaces/srv/RobotCommand_Request.msg
[0.549s] -- Up-to-date: /home/scott/roscourse_final_ws/install/aruco_interfaces/share/aruco_interfaces/srv/RobotCommand_Response.msg
[0.549s] -- Up-to-date: /home/scott/roscourse_final_ws/install/aruco_interfaces/share/aruco_interfaces/msg/ArucoLocation.msg
[0.550s] -- Up-to-date: /home/scott/roscourse_final_ws/install/aruco_interfaces/share/ament_index/resource_index/package_run_dependencies/aruco_interfaces
[0.550s] -- Up-to-date: /home/scott/roscourse_final_ws/install/aruco_interfaces/share/ament_index/resource_index/parent_prefix_path/aruco_interfaces
[0.550s] -- Up-to-date: /home/scott/roscourse_final_ws/install/aruco_interfaces/share/aruco_interfaces/environment/ament_prefix_path.sh
[0.550s] -- Up-to-date: /home/scott/roscourse_final_ws/install/aruco_interfaces/share/aruco_interfaces/environment/ament_prefix_path.dsv
[0.550s] -- Up-to-date: /home/scott/roscourse_final_ws/install/aruco_interfaces/share/aruco_interfaces/environment/path.sh
[0.551s] -- Up-to-date: /home/scott/roscourse_final_ws/install/aruco_interfaces/share/aruco_interfaces/environment/path.dsv
[0.551s] -- Up-to-date: /home/scott/roscourse_final_ws/install/aruco_interfaces/share/aruco_interfaces/local_setup.bash
[0.551s] -- Up-to-date: /home/scott/roscourse_final_ws/install/aruco_interfaces/share/aruco_interfaces/local_setup.sh
[0.551s] -- Up-to-date: /home/scott/roscourse_final_ws/install/aruco_interfaces/share/aruco_interfaces/local_setup.zsh
[0.551s] -- Up-to-date: /home/scott/roscourse_final_ws/install/aruco_interfaces/share/aruco_interfaces/local_setup.dsv
[0.552s] -- Installing: /home/scott/roscourse_final_ws/install/aruco_interfaces/share/aruco_interfaces/package.dsv
[0.552s] -- Up-to-date: /home/scott/roscourse_final_ws/install/aruco_interfaces/share/ament_index/resource_index/packages/aruco_interfaces
[0.552s] -- Up-to-date: /home/scott/roscourse_final_ws/install/aruco_interfaces/share/aruco_interfaces/cmake/aruco_interfaces__rosidl_generator_cExport.cmake
[0.552s] -- Up-to-date: /home/scott/roscourse_final_ws/install/aruco_interfaces/share/aruco_interfaces/cmake/aruco_interfaces__rosidl_generator_cExport-noconfig.cmake
[0.552s] -- Up-to-date: /home/scott/roscourse_final_ws/install/aruco_interfaces/share/aruco_interfaces/cmake/aruco_interfaces__rosidl_typesupport_introspection_cExport.cmake
[0.553s] -- Up-to-date: /home/scott/roscourse_final_ws/install/aruco_interfaces/share/aruco_interfaces/cmake/aruco_interfaces__rosidl_typesupport_introspection_cExport-noconfig.cmake
[0.553s] -- Up-to-date: /home/scott/roscourse_final_ws/install/aruco_interfaces/share/aruco_interfaces/cmake/aruco_interfaces__rosidl_typesupport_cExport.cmake
[0.553s] -- Up-to-date: /home/scott/roscourse_final_ws/install/aruco_interfaces/share/aruco_interfaces/cmake/aruco_interfaces__rosidl_typesupport_cExport-noconfig.cmake
[0.553s] -- Up-to-date: /home/scott/roscourse_final_ws/install/aruco_interfaces/share/aruco_interfaces/cmake/aruco_interfaces__rosidl_generator_cppExport.cmake
[0.553s] -- Up-to-date: /home/scott/roscourse_final_ws/install/aruco_interfaces/share/aruco_interfaces/cmake/aruco_interfaces__rosidl_typesupport_introspection_cppExport.cmake
[0.554s] -- Up-to-date: /home/scott/roscourse_final_ws/install/aruco_interfaces/share/aruco_interfaces/cmake/aruco_interfaces__rosidl_typesupport_introspection_cppExport-noconfig.cmake
[0.554s] -- Up-to-date: /home/scott/roscourse_final_ws/install/aruco_interfaces/share/aruco_interfaces/cmake/aruco_interfaces__rosidl_typesupport_cppExport.cmake
[0.554s] -- Up-to-date: /home/scott/roscourse_final_ws/install/aruco_interfaces/share/aruco_interfaces/cmake/aruco_interfaces__rosidl_typesupport_cppExport-noconfig.cmake
[0.554s] -- Up-to-date: /home/scott/roscourse_final_ws/install/aruco_interfaces/share/aruco_interfaces/cmake/rosidl_cmake-extras.cmake
[0.554s] -- Up-to-date: /home/scott/roscourse_final_ws/install/aruco_interfaces/share/aruco_interfaces/cmake/ament_cmake_export_dependencies-extras.cmake
[0.554s] -- Up-to-date: /home/scott/roscourse_final_ws/install/aruco_interfaces/share/aruco_interfaces/cmake/ament_cmake_export_libraries-extras.cmake
[0.555s] -- Up-to-date: /home/scott/roscourse_final_ws/install/aruco_interfaces/share/aruco_interfaces/cmake/ament_cmake_export_targets-extras.cmake
[0.555s] -- Up-to-date: /home/scott/roscourse_final_ws/install/aruco_interfaces/share/aruco_interfaces/cmake/ament_cmake_export_include_directories-extras.cmake
[0.555s] -- Up-to-date: /home/scott/roscourse_final_ws/install/aruco_interfaces/share/aruco_interfaces/cmake/rosidl_cmake_export_typesupport_libraries-extras.cmake
[0.555s] -- Up-to-date: /home/scott/roscourse_final_ws/install/aruco_interfaces/share/aruco_interfaces/cmake/rosidl_cmake_export_typesupport_targets-extras.cmake
[0.555s] -- Up-to-date: /home/scott/roscourse_final_ws/install/aruco_interfaces/share/aruco_interfaces/cmake/aruco_interfacesConfig.cmake
[0.555s] -- Up-to-date: /home/scott/roscourse_final_ws/install/aruco_interfaces/share/aruco_interfaces/cmake/aruco_interfacesConfig-version.cmake
[0.555s] -- Up-to-date: /home/scott/roscourse_final_ws/install/aruco_interfaces/share/aruco_interfaces/package.xml
[0.557s] Invoked command in '/home/scott/roscourse_final_ws/build/aruco_interfaces' returned '0': CMAKE_PREFIX_PATH=/opt/ros/foxy /usr/bin/cmake --install /home/scott/roscourse_final_ws/build/aruco_interfaces
