[0.642s] Invoking command in '/home/scott/S24_RobotProgramming_Ardent/roscourse_final_ws/src/control': PYTHONPATH=/home/scott/S24_RobotProgramming_Ardent/roscourse_final_ws/build/control/prefix_override:/home/scott/S24_RobotProgramming_Ardent/roscourse_final_ws/install/control/lib/python3.8/site-packages:${PYTHONPATH} /usr/bin/python3 setup.py egg_info --egg-base ../../build/control build --build-base /home/scott/S24_RobotProgramming_Ardent/roscourse_final_ws/build/control/build install --record /home/scott/S24_RobotProgramming_Ardent/roscourse_final_ws/build/control/install.log --install-scripts $base/lib/core --single-version-externally-managed
[0.833s] running egg_info
[0.834s] creating ../../build/control/control.egg-info
[0.834s] writing ../../build/control/control.egg-info/PKG-INFO
[0.834s] writing dependency_links to ../../build/control/control.egg-info/dependency_links.txt
[0.834s] writing entry points to ../../build/control/control.egg-info/entry_points.txt
[0.834s] writing requirements to ../../build/control/control.egg-info/requires.txt
[0.835s] writing top-level names to ../../build/control/control.egg-info/top_level.txt
[0.835s] writing manifest file '../../build/control/control.egg-info/SOURCES.txt'
[0.867s] reading manifest file '../../build/control/control.egg-info/SOURCES.txt'
[0.868s] writing manifest file '../../build/control/control.egg-info/SOURCES.txt'
[0.868s] running build
[0.868s] running build_py
[0.868s] creating /home/scott/S24_RobotProgramming_Ardent/roscourse_final_ws/build/control/build
[0.869s] creating /home/scott/S24_RobotProgramming_Ardent/roscourse_final_ws/build/control/build/lib
[0.869s] creating /home/scott/S24_RobotProgramming_Ardent/roscourse_final_ws/build/control/build/lib/control
[0.869s] copying control/__init__.py -> /home/scott/S24_RobotProgramming_Ardent/roscourse_final_ws/build/control/build/lib/control
[0.869s] running install
[0.869s] running install_lib
[0.870s] creating /home/scott/S24_RobotProgramming_Ardent/roscourse_final_ws/install/control/lib/python3.8/site-packages/control
[0.870s] copying /home/scott/S24_RobotProgramming_Ardent/roscourse_final_ws/build/control/build/lib/control/__init__.py -> /home/scott/S24_RobotProgramming_Ardent/roscourse_final_ws/install/control/lib/python3.8/site-packages/control
[0.870s] byte-compiling /home/scott/S24_RobotProgramming_Ardent/roscourse_final_ws/install/control/lib/python3.8/site-packages/control/__init__.py to __init__.cpython-38.pyc
[0.871s] running install_data
[0.872s] creating /home/scott/S24_RobotProgramming_Ardent/roscourse_final_ws/install/control/share
[0.872s] creating /home/scott/S24_RobotProgramming_Ardent/roscourse_final_ws/install/control/share/ament_index
[0.873s] creating /home/scott/S24_RobotProgramming_Ardent/roscourse_final_ws/install/control/share/ament_index/resource_index
[0.873s] creating /home/scott/S24_RobotProgramming_Ardent/roscourse_final_ws/install/control/share/ament_index/resource_index/packages
[0.873s] copying resource/control -> /home/scott/S24_RobotProgramming_Ardent/roscourse_final_ws/install/control/share/ament_index/resource_index/packages
[0.873s] creating /home/scott/S24_RobotProgramming_Ardent/roscourse_final_ws/install/control/share/control
[0.873s] copying package.xml -> /home/scott/S24_RobotProgramming_Ardent/roscourse_final_ws/install/control/share/control
[0.873s] copying launch/simple.launch.py -> /home/scott/S24_RobotProgramming_Ardent/roscourse_final_ws/install/control/share/control
[0.873s] copying launch/aruco_tracker.launch.py -> /home/scott/S24_RobotProgramming_Ardent/roscourse_final_ws/install/control/share/control
[0.874s] running install_egg_info
[0.875s] Copying ../../build/control/control.egg-info to /home/scott/S24_RobotProgramming_Ardent/roscourse_final_ws/install/control/lib/python3.8/site-packages/control-0.0.0-py3.8.egg-info
[0.876s] running install_scripts
[0.889s] writing list of installed files to '/home/scott/S24_RobotProgramming_Ardent/roscourse_final_ws/build/control/install.log'
[0.916s] Invoked command in '/home/scott/S24_RobotProgramming_Ardent/roscourse_final_ws/src/control' returned '0': PYTHONPATH=/home/scott/S24_RobotProgramming_Ardent/roscourse_final_ws/build/control/prefix_override:/home/scott/S24_RobotProgramming_Ardent/roscourse_final_ws/install/control/lib/python3.8/site-packages:${PYTHONPATH} /usr/bin/python3 setup.py egg_info --egg-base ../../build/control build --build-base /home/scott/S24_RobotProgramming_Ardent/roscourse_final_ws/build/control/build install --record /home/scott/S24_RobotProgramming_Ardent/roscourse_final_ws/build/control/install.log --install-scripts $base/lib/core --single-version-externally-managed
