[0.279s] DEBUG:colcon:Command line arguments: ['/usr/bin/colcon', 'build']
[0.279s] DEBUG:colcon:Parsed command line arguments: Namespace(allow_overriding=[], ament_cmake_args=None, base_paths=['.'], build_base='build', catkin_cmake_args=None, catkin_skip_building_tests=False, cmake_args=None, cmake_clean_cache=False, cmake_clean_first=False, cmake_force_configure=False, cmake_target=None, cmake_target_skip_unavailable=False, continue_on_error=False, event_handlers=None, executor='parallel', ignore_user_meta=False, install_base='install', log_base=None, log_level=None, main=<bound method BuildVerb.main of <colcon_core.verb.build.BuildVerb object at 0x7f75b3cf1c10>>, merge_install=False, metas=['./colcon.meta'], packages_above=None, packages_above_and_dependencies=None, packages_above_depth=None, packages_end=None, packages_ignore=None, packages_ignore_regex=None, packages_select=None, packages_select_build_failed=False, packages_select_by_dep=None, packages_select_regex=None, packages_select_test_failures=False, packages_skip=None, packages_skip_build_finished=False, packages_skip_by_dep=None, packages_skip_regex=None, packages_skip_test_passed=False, packages_skip_up_to=None, packages_start=None, packages_up_to=None, packages_up_to_regex=None, parallel_workers=12, paths=None, symlink_install=False, test_result_base=None, verb_extension=<colcon_core.verb.build.BuildVerb object at 0x7f75b3cf1c10>, verb_name='build', verb_parser=<colcon_defaults.argument_parser.defaults.DefaultArgumentsDecorator object at 0x7f75b3cf71c0>)
[0.312s] Level 1:colcon.colcon_core.package_discovery:discover_packages(colcon_meta) check parameters
[0.312s] Level 1:colcon.colcon_core.package_discovery:discover_packages(recursive) check parameters
[0.312s] Level 1:colcon.colcon_core.package_discovery:discover_packages(ignore) check parameters
[0.312s] Level 1:colcon.colcon_core.package_discovery:discover_packages(path) check parameters
[0.312s] Level 1:colcon.colcon_core.package_discovery:discover_packages(colcon_meta) discover
[0.312s] Level 1:colcon.colcon_core.package_discovery:discover_packages(recursive) discover
[0.312s] INFO:colcon.colcon_core.package_discovery:Crawling recursively for packages in '/home/scott/roscourse_final_ws'
[0.312s] Level 1:colcon.colcon_core.package_identification:_identify(.) by extensions ['ignore', 'ignore_ament_install']
[0.312s] Level 1:colcon.colcon_core.package_identification:_identify(.) by extension 'ignore'
[0.312s] Level 1:colcon.colcon_core.package_identification:_identify(.) by extension 'ignore_ament_install'
[0.312s] Level 1:colcon.colcon_core.package_identification:_identify(.) by extensions ['colcon_pkg']
[0.312s] Level 1:colcon.colcon_core.package_identification:_identify(.) by extension 'colcon_pkg'
[0.312s] Level 1:colcon.colcon_core.package_identification:_identify(.) by extensions ['colcon_meta']
[0.312s] Level 1:colcon.colcon_core.package_identification:_identify(.) by extension 'colcon_meta'
[0.312s] Level 1:colcon.colcon_core.package_identification:_identify(.) by extensions ['ros']
[0.312s] Level 1:colcon.colcon_core.package_identification:_identify(.) by extension 'ros'
[0.321s] Level 1:colcon.colcon_core.package_identification:_identify(.) by extensions ['cmake', 'python']
[0.321s] Level 1:colcon.colcon_core.package_identification:_identify(.) by extension 'cmake'
[0.321s] Level 1:colcon.colcon_core.package_identification:_identify(.) by extension 'python'
[0.321s] Level 1:colcon.colcon_core.package_identification:_identify(.) by extensions ['python_setup_py']
[0.321s] Level 1:colcon.colcon_core.package_identification:_identify(.) by extension 'python_setup_py'
[0.321s] Level 1:colcon.colcon_core.package_identification:_identify(build) by extensions ['ignore', 'ignore_ament_install']
[0.321s] Level 1:colcon.colcon_core.package_identification:_identify(build) by extension 'ignore'
[0.321s] Level 1:colcon.colcon_core.package_identification:_identify(build) ignored
[0.321s] Level 1:colcon.colcon_core.package_identification:_identify(install) by extensions ['ignore', 'ignore_ament_install']
[0.321s] Level 1:colcon.colcon_core.package_identification:_identify(install) by extension 'ignore'
[0.321s] Level 1:colcon.colcon_core.package_identification:_identify(install) ignored
[0.322s] Level 1:colcon.colcon_core.package_identification:_identify(log) by extensions ['ignore', 'ignore_ament_install']
[0.322s] Level 1:colcon.colcon_core.package_identification:_identify(log) by extension 'ignore'
[0.322s] Level 1:colcon.colcon_core.package_identification:_identify(log) ignored
[0.322s] Level 1:colcon.colcon_core.package_identification:_identify(src) by extensions ['ignore', 'ignore_ament_install']
[0.322s] Level 1:colcon.colcon_core.package_identification:_identify(src) by extension 'ignore'
[0.322s] Level 1:colcon.colcon_core.package_identification:_identify(src) by extension 'ignore_ament_install'
[0.322s] Level 1:colcon.colcon_core.package_identification:_identify(src) by extensions ['colcon_pkg']
[0.322s] Level 1:colcon.colcon_core.package_identification:_identify(src) by extension 'colcon_pkg'
[0.322s] Level 1:colcon.colcon_core.package_identification:_identify(src) by extensions ['colcon_meta']
[0.322s] Level 1:colcon.colcon_core.package_identification:_identify(src) by extension 'colcon_meta'
[0.322s] Level 1:colcon.colcon_core.package_identification:_identify(src) by extensions ['ros']
[0.322s] Level 1:colcon.colcon_core.package_identification:_identify(src) by extension 'ros'
[0.322s] Level 1:colcon.colcon_core.package_identification:_identify(src) by extensions ['cmake', 'python']
[0.322s] Level 1:colcon.colcon_core.package_identification:_identify(src) by extension 'cmake'
[0.322s] Level 1:colcon.colcon_core.package_identification:_identify(src) by extension 'python'
[0.322s] Level 1:colcon.colcon_core.package_identification:_identify(src) by extensions ['python_setup_py']
[0.322s] Level 1:colcon.colcon_core.package_identification:_identify(src) by extension 'python_setup_py'
[0.322s] Level 1:colcon.colcon_core.package_identification:_identify(src/aruco_interfaces) by extensions ['ignore', 'ignore_ament_install']
[0.322s] Level 1:colcon.colcon_core.package_identification:_identify(src/aruco_interfaces) by extension 'ignore'
[0.322s] Level 1:colcon.colcon_core.package_identification:_identify(src/aruco_interfaces) by extension 'ignore_ament_install'
[0.322s] Level 1:colcon.colcon_core.package_identification:_identify(src/aruco_interfaces) by extensions ['colcon_pkg']
[0.322s] Level 1:colcon.colcon_core.package_identification:_identify(src/aruco_interfaces) by extension 'colcon_pkg'
[0.322s] Level 1:colcon.colcon_core.package_identification:_identify(src/aruco_interfaces) by extensions ['colcon_meta']
[0.322s] Level 1:colcon.colcon_core.package_identification:_identify(src/aruco_interfaces) by extension 'colcon_meta'
[0.322s] Level 1:colcon.colcon_core.package_identification:_identify(src/aruco_interfaces) by extensions ['ros']
[0.323s] Level 1:colcon.colcon_core.package_identification:_identify(src/aruco_interfaces) by extension 'ros'
[0.325s] DEBUG:colcon.colcon_core.package_identification:Package 'src/aruco_interfaces' with type 'ros.ament_cmake' and name 'aruco_interfaces'
[0.325s] Level 1:colcon.colcon_core.package_identification:_identify(src/aruco_tracker) by extensions ['ignore', 'ignore_ament_install']
[0.325s] Level 1:colcon.colcon_core.package_identification:_identify(src/aruco_tracker) by extension 'ignore'
[0.325s] Level 1:colcon.colcon_core.package_identification:_identify(src/aruco_tracker) by extension 'ignore_ament_install'
[0.325s] Level 1:colcon.colcon_core.package_identification:_identify(src/aruco_tracker) by extensions ['colcon_pkg']
[0.325s] Level 1:colcon.colcon_core.package_identification:_identify(src/aruco_tracker) by extension 'colcon_pkg'
[0.325s] Level 1:colcon.colcon_core.package_identification:_identify(src/aruco_tracker) by extensions ['colcon_meta']
[0.325s] Level 1:colcon.colcon_core.package_identification:_identify(src/aruco_tracker) by extension 'colcon_meta'
[0.325s] Level 1:colcon.colcon_core.package_identification:_identify(src/aruco_tracker) by extensions ['ros']
[0.325s] Level 1:colcon.colcon_core.package_identification:_identify(src/aruco_tracker) by extension 'ros'
[0.326s] DEBUG:colcon.colcon_core.package_identification:Package 'src/aruco_tracker' with type 'ros.ament_python' and name 'aruco_tracker'
[0.326s] Level 1:colcon.colcon_core.package_identification:_identify(src/control) by extensions ['ignore', 'ignore_ament_install']
[0.326s] Level 1:colcon.colcon_core.package_identification:_identify(src/control) by extension 'ignore'
[0.326s] Level 1:colcon.colcon_core.package_identification:_identify(src/control) by extension 'ignore_ament_install'
[0.326s] Level 1:colcon.colcon_core.package_identification:_identify(src/control) by extensions ['colcon_pkg']
[0.326s] Level 1:colcon.colcon_core.package_identification:_identify(src/control) by extension 'colcon_pkg'
[0.326s] Level 1:colcon.colcon_core.package_identification:_identify(src/control) by extensions ['colcon_meta']
[0.326s] Level 1:colcon.colcon_core.package_identification:_identify(src/control) by extension 'colcon_meta'
[0.326s] Level 1:colcon.colcon_core.package_identification:_identify(src/control) by extensions ['ros']
[0.326s] Level 1:colcon.colcon_core.package_identification:_identify(src/control) by extension 'ros'
[0.327s] DEBUG:colcon.colcon_core.package_identification:Failed to parse potential ROS package manifest in'src/control': Error(s) in package 'src/control/package.xml':
The manifest contains invalid XML:
mismatched tag: line 23, column 2
[0.327s] Level 1:colcon.colcon_core.package_identification:_identify(src/control) by extensions ['cmake', 'python']
[0.327s] Level 1:colcon.colcon_core.package_identification:_identify(src/control) by extension 'cmake'
[0.327s] Level 1:colcon.colcon_core.package_identification:_identify(src/control) by extension 'python'
[0.327s] DEBUG:colcon.colcon_core.package_identification:Python package in 'src/control' passes arguments to the setup() function which requires a different identification extension than 'python'
[0.327s] Level 1:colcon.colcon_core.package_identification:_identify(src/control) by extensions ['python_setup_py']
[0.327s] Level 1:colcon.colcon_core.package_identification:_identify(src/control) by extension 'python_setup_py'
[0.523s] DEBUG:colcon.colcon_core.package_identification:Package 'src/control' with type 'python' and name 'control'
[0.523s] Level 1:colcon.colcon_core.package_discovery:discover_packages(recursive) using defaults
[0.523s] Level 1:colcon.colcon_core.package_discovery:discover_packages(ignore) discover
[0.523s] Level 1:colcon.colcon_core.package_discovery:discover_packages(ignore) using defaults
[0.523s] Level 1:colcon.colcon_core.package_discovery:discover_packages(path) discover
[0.523s] Level 1:colcon.colcon_core.package_discovery:discover_packages(path) using defaults
[0.541s] Level 1:colcon.colcon_core.package_discovery:discover_packages(prefix_path) check parameters
[0.541s] Level 1:colcon.colcon_core.package_discovery:discover_packages(prefix_path) discover
[0.543s] DEBUG:colcon.colcon_installed_package_information.package_discovery:Found 280 installed packages in /opt/ros/foxy
[0.545s] Level 1:colcon.colcon_core.package_discovery:discover_packages(prefix_path) using defaults
[0.602s] Level 5:colcon.colcon_core.verb:set package 'aruco_interfaces' build argument 'cmake_args' from command line to 'None'
[0.602s] Level 5:colcon.colcon_core.verb:set package 'aruco_interfaces' build argument 'cmake_target' from command line to 'None'
[0.602s] Level 5:colcon.colcon_core.verb:set package 'aruco_interfaces' build argument 'cmake_target_skip_unavailable' from command line to 'False'
[0.602s] Level 5:colcon.colcon_core.verb:set package 'aruco_interfaces' build argument 'cmake_clean_cache' from command line to 'False'
[0.602s] Level 5:colcon.colcon_core.verb:set package 'aruco_interfaces' build argument 'cmake_clean_first' from command line to 'False'
[0.602s] Level 5:colcon.colcon_core.verb:set package 'aruco_interfaces' build argument 'cmake_force_configure' from command line to 'False'
[0.602s] Level 5:colcon.colcon_core.verb:set package 'aruco_interfaces' build argument 'ament_cmake_args' from command line to 'None'
[0.602s] Level 5:colcon.colcon_core.verb:set package 'aruco_interfaces' build argument 'catkin_cmake_args' from command line to 'None'
[0.602s] Level 5:colcon.colcon_core.verb:set package 'aruco_interfaces' build argument 'catkin_skip_building_tests' from command line to 'False'
[0.602s] DEBUG:colcon.colcon_core.verb:Building package 'aruco_interfaces' with the following arguments: {'ament_cmake_args': None, 'build_base': '/home/scott/roscourse_final_ws/build/aruco_interfaces', 'catkin_cmake_args': None, 'catkin_skip_building_tests': False, 'cmake_args': None, 'cmake_clean_cache': False, 'cmake_clean_first': False, 'cmake_force_configure': False, 'cmake_target': None, 'cmake_target_skip_unavailable': False, 'install_base': '/home/scott/roscourse_final_ws/install/aruco_interfaces', 'merge_install': False, 'path': '/home/scott/roscourse_final_ws/src/aruco_interfaces', 'symlink_install': False, 'test_result_base': None}
[0.603s] Level 5:colcon.colcon_core.verb:set package 'control' build argument 'cmake_args' from command line to 'None'
[0.603s] Level 5:colcon.colcon_core.verb:set package 'control' build argument 'cmake_target' from command line to 'None'
[0.603s] Level 5:colcon.colcon_core.verb:set package 'control' build argument 'cmake_target_skip_unavailable' from command line to 'False'
[0.603s] Level 5:colcon.colcon_core.verb:set package 'control' build argument 'cmake_clean_cache' from command line to 'False'
[0.603s] Level 5:colcon.colcon_core.verb:set package 'control' build argument 'cmake_clean_first' from command line to 'False'
[0.603s] Level 5:colcon.colcon_core.verb:set package 'control' build argument 'cmake_force_configure' from command line to 'False'
[0.603s] Level 5:colcon.colcon_core.verb:set package 'control' build argument 'ament_cmake_args' from command line to 'None'
[0.603s] Level 5:colcon.colcon_core.verb:set package 'control' build argument 'catkin_cmake_args' from command line to 'None'
[0.603s] Level 5:colcon.colcon_core.verb:set package 'control' build argument 'catkin_skip_building_tests' from command line to 'False'
[0.603s] DEBUG:colcon.colcon_core.verb:Building package 'control' with the following arguments: {'ament_cmake_args': None, 'build_base': '/home/scott/roscourse_final_ws/build/control', 'catkin_cmake_args': None, 'catkin_skip_building_tests': False, 'cmake_args': None, 'cmake_clean_cache': False, 'cmake_clean_first': False, 'cmake_force_configure': False, 'cmake_target': None, 'cmake_target_skip_unavailable': False, 'install_base': '/home/scott/roscourse_final_ws/install/control', 'merge_install': False, 'path': '/home/scott/roscourse_final_ws/src/control', 'symlink_install': False, 'test_result_base': None}
[0.604s] Level 5:colcon.colcon_core.verb:set package 'aruco_tracker' build argument 'cmake_args' from command line to 'None'
[0.604s] Level 5:colcon.colcon_core.verb:set package 'aruco_tracker' build argument 'cmake_target' from command line to 'None'
[0.604s] Level 5:colcon.colcon_core.verb:set package 'aruco_tracker' build argument 'cmake_target_skip_unavailable' from command line to 'False'
[0.604s] Level 5:colcon.colcon_core.verb:set package 'aruco_tracker' build argument 'cmake_clean_cache' from command line to 'False'
[0.604s] Level 5:colcon.colcon_core.verb:set package 'aruco_tracker' build argument 'cmake_clean_first' from command line to 'False'
[0.604s] Level 5:colcon.colcon_core.verb:set package 'aruco_tracker' build argument 'cmake_force_configure' from command line to 'False'
[0.604s] Level 5:colcon.colcon_core.verb:set package 'aruco_tracker' build argument 'ament_cmake_args' from command line to 'None'
[0.604s] Level 5:colcon.colcon_core.verb:set package 'aruco_tracker' build argument 'catkin_cmake_args' from command line to 'None'
[0.604s] Level 5:colcon.colcon_core.verb:set package 'aruco_tracker' build argument 'catkin_skip_building_tests' from command line to 'False'
[0.604s] DEBUG:colcon.colcon_core.verb:Building package 'aruco_tracker' with the following arguments: {'ament_cmake_args': None, 'build_base': '/home/scott/roscourse_final_ws/build/aruco_tracker', 'catkin_cmake_args': None, 'catkin_skip_building_tests': False, 'cmake_args': None, 'cmake_clean_cache': False, 'cmake_clean_first': False, 'cmake_force_configure': False, 'cmake_target': None, 'cmake_target_skip_unavailable': False, 'install_base': '/home/scott/roscourse_final_ws/install/aruco_tracker', 'merge_install': False, 'path': '/home/scott/roscourse_final_ws/src/aruco_tracker', 'symlink_install': False, 'test_result_base': None}
[0.604s] INFO:colcon.colcon_core.executor:Executing jobs using 'parallel' executor
[0.607s] DEBUG:colcon.colcon_parallel_executor.executor.parallel:run_until_complete
[0.608s] INFO:colcon.colcon_ros.task.ament_cmake.build:Building ROS package in '/home/scott/roscourse_final_ws/src/aruco_interfaces' with build type 'ament_cmake'
[0.608s] INFO:colcon.colcon_cmake.task.cmake.build:Building CMake package in '/home/scott/roscourse_final_ws/src/aruco_interfaces'
[0.611s] INFO:colcon.colcon_core.plugin_system:Skipping extension 'colcon_core.shell.bat': Not used on non-Windows systems
[0.612s] INFO:colcon.colcon_core.shell:Skip shell extension 'powershell' for command environment: Not usable outside of PowerShell
[0.612s] DEBUG:colcon.colcon_core.shell:Skip shell extension 'dsv' for command environment
[0.616s] INFO:colcon.colcon_core.task.python.build:Building Python package in '/home/scott/roscourse_final_ws/src/control'
[0.618s] INFO:colcon.colcon_core.shell:Skip shell extension 'powershell' for command environment: Not usable outside of PowerShell
[0.618s] DEBUG:colcon.colcon_core.shell:Skip shell extension 'dsv' for command environment
[0.631s] DEBUG:colcon.colcon_core.event_handler.log_command:Invoking command in '/home/scott/roscourse_final_ws/build/aruco_interfaces': CMAKE_PREFIX_PATH=/opt/ros/foxy /usr/bin/cmake --build /home/scott/roscourse_final_ws/build/aruco_interfaces -- -j12 -l12
[0.928s] DEBUG:colcon.colcon_core.event_handler.log_command:Invoked command in '/home/scott/roscourse_final_ws/build/aruco_interfaces' returned '0': CMAKE_PREFIX_PATH=/opt/ros/foxy /usr/bin/cmake --build /home/scott/roscourse_final_ws/build/aruco_interfaces -- -j12 -l12
[1.010s] DEBUG:colcon.colcon_core.event_handler.log_command:Invoking command in '/home/scott/roscourse_final_ws/build/aruco_interfaces': CMAKE_PREFIX_PATH=/opt/ros/foxy /usr/bin/cmake --install /home/scott/roscourse_final_ws/build/aruco_interfaces
[1.083s] Level 1:colcon.colcon_core.environment:create_environment_scripts_only(aruco_interfaces)
[1.083s] DEBUG:colcon.colcon_core.event_handler.log_command:Invoked command in '/home/scott/roscourse_final_ws/build/aruco_interfaces' returned '0': CMAKE_PREFIX_PATH=/opt/ros/foxy /usr/bin/cmake --install /home/scott/roscourse_final_ws/build/aruco_interfaces
[1.091s] Level 1:colcon.colcon_core.environment:checking '/home/scott/roscourse_final_ws/install/aruco_interfaces' for CMake module files
[1.091s] Level 1:colcon.colcon_core.environment:checking '/home/scott/roscourse_final_ws/install/aruco_interfaces' for CMake config files
[1.091s] Level 1:colcon.colcon_core.shell:create_environment_hook('aruco_interfaces', 'cmake_prefix_path')
[1.093s] INFO:colcon.colcon_core.shell:Creating environment hook '/home/scott/roscourse_final_ws/install/aruco_interfaces/share/aruco_interfaces/hook/cmake_prefix_path.ps1'
[1.093s] INFO:colcon.colcon_core.shell:Creating environment descriptor '/home/scott/roscourse_final_ws/install/aruco_interfaces/share/aruco_interfaces/hook/cmake_prefix_path.dsv'
[1.094s] INFO:colcon.colcon_core.shell:Creating environment hook '/home/scott/roscourse_final_ws/install/aruco_interfaces/share/aruco_interfaces/hook/cmake_prefix_path.sh'
[1.094s] Level 1:colcon.colcon_core.environment:checking '/home/scott/roscourse_final_ws/install/aruco_interfaces/lib'
[1.095s] Level 1:colcon.colcon_core.shell:create_environment_hook('aruco_interfaces', 'ld_library_path_lib')
[1.096s] INFO:colcon.colcon_core.shell:Creating environment hook '/home/scott/roscourse_final_ws/install/aruco_interfaces/share/aruco_interfaces/hook/ld_library_path_lib.ps1'
[1.096s] INFO:colcon.colcon_core.shell:Creating environment descriptor '/home/scott/roscourse_final_ws/install/aruco_interfaces/share/aruco_interfaces/hook/ld_library_path_lib.dsv'
[1.096s] INFO:colcon.colcon_core.shell:Creating environment hook '/home/scott/roscourse_final_ws/install/aruco_interfaces/share/aruco_interfaces/hook/ld_library_path_lib.sh'
[1.097s] Level 1:colcon.colcon_core.environment:checking '/home/scott/roscourse_final_ws/install/aruco_interfaces/bin'
[1.097s] Level 1:colcon.colcon_core.environment:checking '/home/scott/roscourse_final_ws/install/aruco_interfaces/lib/pkgconfig/aruco_interfaces.pc'
[1.097s] Level 1:colcon.colcon_core.environment:checking '/home/scott/roscourse_final_ws/install/aruco_interfaces/lib/python3.8/site-packages'
[1.097s] Level 1:colcon.colcon_core.shell:create_environment_hook('aruco_interfaces', 'pythonpath')
[1.098s] INFO:colcon.colcon_core.shell:Creating environment hook '/home/scott/roscourse_final_ws/install/aruco_interfaces/share/aruco_interfaces/hook/pythonpath.ps1'
[1.099s] INFO:colcon.colcon_core.shell:Creating environment descriptor '/home/scott/roscourse_final_ws/install/aruco_interfaces/share/aruco_interfaces/hook/pythonpath.dsv'
[1.099s] INFO:colcon.colcon_core.shell:Creating environment hook '/home/scott/roscourse_final_ws/install/aruco_interfaces/share/aruco_interfaces/hook/pythonpath.sh'
[1.099s] Level 1:colcon.colcon_core.environment:checking '/home/scott/roscourse_final_ws/install/aruco_interfaces/bin'
[1.101s] INFO:colcon.colcon_core.shell:Creating package script '/home/scott/roscourse_final_ws/install/aruco_interfaces/share/aruco_interfaces/package.ps1'
[1.101s] INFO:colcon.colcon_core.shell:Creating package descriptor '/home/scott/roscourse_final_ws/install/aruco_interfaces/share/aruco_interfaces/package.dsv'
[1.102s] INFO:colcon.colcon_core.shell:Creating package script '/home/scott/roscourse_final_ws/install/aruco_interfaces/share/aruco_interfaces/package.sh'
[1.102s] INFO:colcon.colcon_core.shell:Creating package script '/home/scott/roscourse_final_ws/install/aruco_interfaces/share/aruco_interfaces/package.bash'
[1.103s] INFO:colcon.colcon_core.shell:Creating package script '/home/scott/roscourse_final_ws/install/aruco_interfaces/share/aruco_interfaces/package.zsh'
[1.103s] Level 1:colcon.colcon_core.environment:create_file_with_runtime_dependencies(/home/scott/roscourse_final_ws/install/aruco_interfaces/share/colcon-core/packages/aruco_interfaces)
[1.195s] Level 1:colcon.colcon_core.environment:create_environment_scripts_only(aruco_interfaces)
[1.197s] Level 1:colcon.colcon_core.environment:checking '/home/scott/roscourse_final_ws/install/aruco_interfaces' for CMake module files
[1.198s] Level 1:colcon.colcon_core.environment:checking '/home/scott/roscourse_final_ws/install/aruco_interfaces' for CMake config files
[1.198s] Level 1:colcon.colcon_core.shell:create_environment_hook('aruco_interfaces', 'cmake_prefix_path')
[1.199s] INFO:colcon.colcon_core.shell:Creating environment hook '/home/scott/roscourse_final_ws/install/aruco_interfaces/share/aruco_interfaces/hook/cmake_prefix_path.ps1'
[1.199s] INFO:colcon.colcon_core.shell:Creating environment descriptor '/home/scott/roscourse_final_ws/install/aruco_interfaces/share/aruco_interfaces/hook/cmake_prefix_path.dsv'
[1.200s] INFO:colcon.colcon_core.shell:Creating environment hook '/home/scott/roscourse_final_ws/install/aruco_interfaces/share/aruco_interfaces/hook/cmake_prefix_path.sh'
[1.200s] Level 1:colcon.colcon_core.environment:checking '/home/scott/roscourse_final_ws/install/aruco_interfaces/lib'
[1.200s] Level 1:colcon.colcon_core.shell:create_environment_hook('aruco_interfaces', 'ld_library_path_lib')
[1.201s] INFO:colcon.colcon_core.shell:Creating environment hook '/home/scott/roscourse_final_ws/install/aruco_interfaces/share/aruco_interfaces/hook/ld_library_path_lib.ps1'
[1.201s] INFO:colcon.colcon_core.shell:Creating environment descriptor '/home/scott/roscourse_final_ws/install/aruco_interfaces/share/aruco_interfaces/hook/ld_library_path_lib.dsv'
[1.202s] INFO:colcon.colcon_core.shell:Creating environment hook '/home/scott/roscourse_final_ws/install/aruco_interfaces/share/aruco_interfaces/hook/ld_library_path_lib.sh'
[1.202s] Level 1:colcon.colcon_core.environment:checking '/home/scott/roscourse_final_ws/install/aruco_interfaces/bin'
[1.202s] Level 1:colcon.colcon_core.environment:checking '/home/scott/roscourse_final_ws/install/aruco_interfaces/lib/pkgconfig/aruco_interfaces.pc'
[1.202s] Level 1:colcon.colcon_core.environment:checking '/home/scott/roscourse_final_ws/install/aruco_interfaces/lib/python3.8/site-packages'
[1.202s] Level 1:colcon.colcon_core.shell:create_environment_hook('aruco_interfaces', 'pythonpath')
[1.206s] INFO:colcon.colcon_core.shell:Creating environment hook '/home/scott/roscourse_final_ws/install/aruco_interfaces/share/aruco_interfaces/hook/pythonpath.ps1'
[1.206s] INFO:colcon.colcon_core.shell:Creating environment descriptor '/home/scott/roscourse_final_ws/install/aruco_interfaces/share/aruco_interfaces/hook/pythonpath.dsv'
[1.207s] INFO:colcon.colcon_core.shell:Creating environment hook '/home/scott/roscourse_final_ws/install/aruco_interfaces/share/aruco_interfaces/hook/pythonpath.sh'
[1.207s] Level 1:colcon.colcon_core.environment:checking '/home/scott/roscourse_final_ws/install/aruco_interfaces/bin'
[1.208s] INFO:colcon.colcon_core.shell:Creating package script '/home/scott/roscourse_final_ws/install/aruco_interfaces/share/aruco_interfaces/package.ps1'
[1.209s] INFO:colcon.colcon_core.shell:Creating package descriptor '/home/scott/roscourse_final_ws/install/aruco_interfaces/share/aruco_interfaces/package.dsv'
[1.209s] INFO:colcon.colcon_core.shell:Creating package script '/home/scott/roscourse_final_ws/install/aruco_interfaces/share/aruco_interfaces/package.sh'
[1.210s] INFO:colcon.colcon_core.shell:Creating package script '/home/scott/roscourse_final_ws/install/aruco_interfaces/share/aruco_interfaces/package.bash'
[1.210s] INFO:colcon.colcon_core.shell:Creating package script '/home/scott/roscourse_final_ws/install/aruco_interfaces/share/aruco_interfaces/package.zsh'
[1.210s] Level 1:colcon.colcon_core.environment:create_file_with_runtime_dependencies(/home/scott/roscourse_final_ws/install/aruco_interfaces/share/colcon-core/packages/aruco_interfaces)
[1.211s] INFO:colcon.colcon_ros.task.ament_python.build:Building ROS package in '/home/scott/roscourse_final_ws/src/aruco_tracker' with build type 'ament_python'
[1.211s] Level 1:colcon.colcon_core.shell:create_environment_hook('aruco_tracker', 'ament_prefix_path')
[1.212s] INFO:colcon.colcon_core.shell:Creating environment hook '/home/scott/roscourse_final_ws/install/aruco_tracker/share/aruco_tracker/hook/ament_prefix_path.ps1'
[1.213s] INFO:colcon.colcon_core.shell:Creating environment descriptor '/home/scott/roscourse_final_ws/install/aruco_tracker/share/aruco_tracker/hook/ament_prefix_path.dsv'
[1.213s] INFO:colcon.colcon_core.shell:Creating environment hook '/home/scott/roscourse_final_ws/install/aruco_tracker/share/aruco_tracker/hook/ament_prefix_path.sh'
[1.215s] INFO:colcon.colcon_core.shell:Skip shell extension 'powershell' for command environment: Not usable outside of PowerShell
[1.216s] DEBUG:colcon.colcon_core.shell:Skip shell extension 'dsv' for command environment
[1.450s] INFO:colcon.colcon_core.task.python.build:Building Python package in '/home/scott/roscourse_final_ws/src/aruco_tracker'
[1.453s] INFO:colcon.colcon_core.shell:Skip shell extension 'powershell' for command environment: Not usable outside of PowerShell
[1.453s] DEBUG:colcon.colcon_core.shell:Skip shell extension 'dsv' for command environment
[1.467s] DEBUG:colcon.colcon_core.event_handler.log_command:Invoking command in '/home/scott/roscourse_final_ws/src/control': PYTHONPATH=/home/scott/roscourse_final_ws/build/control/prefix_override:/home/scott/roscourse_final_ws/install/control/lib/python3.8/site-packages:${PYTHONPATH} /usr/bin/python3 setup.py egg_info --egg-base ../../build/control build --build-base /home/scott/roscourse_final_ws/build/control/build install --record /home/scott/roscourse_final_ws/build/control/install.log --install-scripts $base/lib/core --single-version-externally-managed
[1.751s] Level 1:colcon.colcon_core.environment:checking '/home/scott/roscourse_final_ws/install/control' for CMake module files
[1.752s] DEBUG:colcon.colcon_core.event_handler.log_command:Invoked command in '/home/scott/roscourse_final_ws/src/control' returned '0': PYTHONPATH=/home/scott/roscourse_final_ws/build/control/prefix_override:/home/scott/roscourse_final_ws/install/control/lib/python3.8/site-packages:${PYTHONPATH} /usr/bin/python3 setup.py egg_info --egg-base ../../build/control build --build-base /home/scott/roscourse_final_ws/build/control/build install --record /home/scott/roscourse_final_ws/build/control/install.log --install-scripts $base/lib/core --single-version-externally-managed
[1.753s] Level 1:colcon.colcon_core.environment:checking '/home/scott/roscourse_final_ws/install/control' for CMake config files
[1.754s] Level 1:colcon.colcon_core.environment:checking '/home/scott/roscourse_final_ws/install/control/lib'
[1.754s] Level 1:colcon.colcon_core.environment:checking '/home/scott/roscourse_final_ws/install/control/bin'
[1.754s] Level 1:colcon.colcon_core.environment:checking '/home/scott/roscourse_final_ws/install/control/lib/pkgconfig/control.pc'
[1.754s] Level 1:colcon.colcon_core.environment:checking '/home/scott/roscourse_final_ws/install/control/lib/python3.8/site-packages'
[1.754s] Level 1:colcon.colcon_core.shell:create_environment_hook('control', 'pythonpath')
[1.756s] INFO:colcon.colcon_core.shell:Creating environment hook '/home/scott/roscourse_final_ws/install/control/share/control/hook/pythonpath.ps1'
[1.756s] INFO:colcon.colcon_core.shell:Creating environment descriptor '/home/scott/roscourse_final_ws/install/control/share/control/hook/pythonpath.dsv'
[1.756s] INFO:colcon.colcon_core.shell:Creating environment hook '/home/scott/roscourse_final_ws/install/control/share/control/hook/pythonpath.sh'
[1.757s] Level 1:colcon.colcon_core.environment:checking '/home/scott/roscourse_final_ws/install/control/bin'
[1.757s] Level 1:colcon.colcon_core.environment:create_environment_scripts_only(control)
[1.758s] INFO:colcon.colcon_core.shell:Creating package script '/home/scott/roscourse_final_ws/install/control/share/control/package.ps1'
[1.759s] INFO:colcon.colcon_core.shell:Creating package descriptor '/home/scott/roscourse_final_ws/install/control/share/control/package.dsv'
[1.759s] INFO:colcon.colcon_core.shell:Creating package script '/home/scott/roscourse_final_ws/install/control/share/control/package.sh'
[1.759s] INFO:colcon.colcon_core.shell:Creating package script '/home/scott/roscourse_final_ws/install/control/share/control/package.bash'
[1.759s] INFO:colcon.colcon_core.shell:Creating package script '/home/scott/roscourse_final_ws/install/control/share/control/package.zsh'
[1.760s] Level 1:colcon.colcon_core.environment:create_file_with_runtime_dependencies(/home/scott/roscourse_final_ws/install/control/share/colcon-core/packages/control)
[1.876s] DEBUG:colcon.colcon_core.event_handler.log_command:Invoking command in '/home/scott/roscourse_final_ws/src/aruco_tracker': AMENT_PREFIX_PATH=/home/scott/roscourse_final_ws/install/aruco_interfaces:${AMENT_PREFIX_PATH} CMAKE_PREFIX_PATH=/home/scott/roscourse_final_ws/install/aruco_interfaces LD_LIBRARY_PATH=/home/scott/roscourse_final_ws/install/aruco_interfaces/lib:${LD_LIBRARY_PATH} PYTHONPATH=/home/scott/roscourse_final_ws/build/aruco_tracker/prefix_override:/home/scott/roscourse_final_ws/install/aruco_tracker/lib/python3.8/site-packages:/home/scott/roscourse_final_ws/install/aruco_interfaces/lib/python3.8/site-packages:${PYTHONPATH} /usr/bin/python3 setup.py egg_info --egg-base ../../build/aruco_tracker build --build-base /home/scott/roscourse_final_ws/build/aruco_tracker/build install --record /home/scott/roscourse_final_ws/build/aruco_tracker/install.log --install-scripts $base/lib/aruco_tracker --single-version-externally-managed
[2.147s] Level 1:colcon.colcon_core.environment:checking '/home/scott/roscourse_final_ws/install/aruco_tracker' for CMake module files
[2.148s] DEBUG:colcon.colcon_core.event_handler.log_command:Invoked command in '/home/scott/roscourse_final_ws/src/aruco_tracker' returned '0': AMENT_PREFIX_PATH=/home/scott/roscourse_final_ws/install/aruco_interfaces:${AMENT_PREFIX_PATH} CMAKE_PREFIX_PATH=/home/scott/roscourse_final_ws/install/aruco_interfaces LD_LIBRARY_PATH=/home/scott/roscourse_final_ws/install/aruco_interfaces/lib:${LD_LIBRARY_PATH} PYTHONPATH=/home/scott/roscourse_final_ws/build/aruco_tracker/prefix_override:/home/scott/roscourse_final_ws/install/aruco_tracker/lib/python3.8/site-packages:/home/scott/roscourse_final_ws/install/aruco_interfaces/lib/python3.8/site-packages:${PYTHONPATH} /usr/bin/python3 setup.py egg_info --egg-base ../../build/aruco_tracker build --build-base /home/scott/roscourse_final_ws/build/aruco_tracker/build install --record /home/scott/roscourse_final_ws/build/aruco_tracker/install.log --install-scripts $base/lib/aruco_tracker --single-version-externally-managed
[2.149s] Level 1:colcon.colcon_core.environment:checking '/home/scott/roscourse_final_ws/install/aruco_tracker' for CMake config files
[2.150s] Level 1:colcon.colcon_core.environment:checking '/home/scott/roscourse_final_ws/install/aruco_tracker/lib'
[2.150s] Level 1:colcon.colcon_core.environment:checking '/home/scott/roscourse_final_ws/install/aruco_tracker/bin'
[2.150s] Level 1:colcon.colcon_core.environment:checking '/home/scott/roscourse_final_ws/install/aruco_tracker/lib/pkgconfig/aruco_tracker.pc'
[2.150s] Level 1:colcon.colcon_core.environment:checking '/home/scott/roscourse_final_ws/install/aruco_tracker/lib/python3.8/site-packages'
[2.150s] Level 1:colcon.colcon_core.shell:create_environment_hook('aruco_tracker', 'pythonpath')
[2.154s] INFO:colcon.colcon_core.shell:Creating environment hook '/home/scott/roscourse_final_ws/install/aruco_tracker/share/aruco_tracker/hook/pythonpath.ps1'
[2.154s] INFO:colcon.colcon_core.shell:Creating environment descriptor '/home/scott/roscourse_final_ws/install/aruco_tracker/share/aruco_tracker/hook/pythonpath.dsv'
[2.155s] INFO:colcon.colcon_core.shell:Creating environment hook '/home/scott/roscourse_final_ws/install/aruco_tracker/share/aruco_tracker/hook/pythonpath.sh'
[2.155s] Level 1:colcon.colcon_core.environment:checking '/home/scott/roscourse_final_ws/install/aruco_tracker/bin'
[2.155s] Level 1:colcon.colcon_core.environment:create_environment_scripts_only(aruco_tracker)
[2.156s] INFO:colcon.colcon_core.shell:Creating package script '/home/scott/roscourse_final_ws/install/aruco_tracker/share/aruco_tracker/package.ps1'
[2.157s] INFO:colcon.colcon_core.shell:Creating package descriptor '/home/scott/roscourse_final_ws/install/aruco_tracker/share/aruco_tracker/package.dsv'
[2.157s] INFO:colcon.colcon_core.shell:Creating package script '/home/scott/roscourse_final_ws/install/aruco_tracker/share/aruco_tracker/package.sh'
[2.157s] INFO:colcon.colcon_core.shell:Creating package script '/home/scott/roscourse_final_ws/install/aruco_tracker/share/aruco_tracker/package.bash'
[2.158s] INFO:colcon.colcon_core.shell:Creating package script '/home/scott/roscourse_final_ws/install/aruco_tracker/share/aruco_tracker/package.zsh'
[2.158s] Level 1:colcon.colcon_core.environment:create_file_with_runtime_dependencies(/home/scott/roscourse_final_ws/install/aruco_tracker/share/colcon-core/packages/aruco_tracker)
[2.158s] DEBUG:colcon.colcon_parallel_executor.executor.parallel:closing loop
[2.158s] DEBUG:colcon.colcon_parallel_executor.executor.parallel:loop closed
[2.159s] DEBUG:colcon.colcon_parallel_executor.executor.parallel:run_until_complete finished with '0'
[2.159s] DEBUG:colcon.colcon_core.event_reactor:joining thread
[2.165s] INFO:colcon.colcon_core.plugin_system:Skipping extension 'colcon_notification.desktop_notification.terminal_notifier': Not used on non-Darwin systems
[2.165s] INFO:colcon.colcon_core.plugin_system:Skipping extension 'colcon_notification.desktop_notification.win32': Not used on non-Windows systems
[2.165s] INFO:colcon.colcon_notification.desktop_notification:Sending desktop notification using 'notify2'
[2.186s] DEBUG:colcon.colcon_core.event_reactor:joined thread
[2.189s] INFO:colcon.colcon_core.shell:Creating prefix script '/home/scott/roscourse_final_ws/install/local_setup.ps1'
[2.190s] INFO:colcon.colcon_core.shell:Creating prefix util module '/home/scott/roscourse_final_ws/install/_local_setup_util_ps1.py'
[2.193s] INFO:colcon.colcon_core.shell:Creating prefix chain script '/home/scott/roscourse_final_ws/install/setup.ps1'
[2.196s] INFO:colcon.colcon_core.shell:Creating prefix script '/home/scott/roscourse_final_ws/install/local_setup.sh'
[2.196s] INFO:colcon.colcon_core.shell:Creating prefix util module '/home/scott/roscourse_final_ws/install/_local_setup_util_sh.py'
[2.197s] INFO:colcon.colcon_core.shell:Creating prefix chain script '/home/scott/roscourse_final_ws/install/setup.sh'
[2.199s] INFO:colcon.colcon_core.shell:Creating prefix script '/home/scott/roscourse_final_ws/install/local_setup.bash'
[2.200s] INFO:colcon.colcon_core.shell:Creating prefix chain script '/home/scott/roscourse_final_ws/install/setup.bash'
[2.202s] INFO:colcon.colcon_core.shell:Creating prefix script '/home/scott/roscourse_final_ws/install/local_setup.zsh'
[2.203s] INFO:colcon.colcon_core.shell:Creating prefix chain script '/home/scott/roscourse_final_ws/install/setup.zsh'
