[0.637s] Invoking command in '/home/scott/S24_RobotProgramming_Ardent/roscourse_final_ws/src/aruco_tracker': AMENT_PREFIX_PATH=/home/scott/S24_RobotProgramming_Ardent/roscourse_final_ws/install/aruco_interfaces:${AMENT_PREFIX_PATH} CMAKE_PREFIX_PATH=/home/scott/S24_RobotProgramming_Ardent/roscourse_final_ws/install/aruco_interfaces LD_LIBRARY_PATH=/home/scott/S24_RobotProgramming_Ardent/roscourse_final_ws/install/aruco_interfaces/lib:${LD_LIBRARY_PATH} PYTHONPATH=/home/scott/S24_RobotProgramming_Ardent/roscourse_final_ws/build/aruco_tracker/prefix_override:/home/scott/S24_RobotProgramming_Ardent/roscourse_final_ws/install/aruco_tracker/lib/python3.8/site-packages:/home/scott/S24_RobotProgramming_Ardent/roscourse_final_ws/install/aruco_interfaces/lib/python3.8/site-packages:${PYTHONPATH} /usr/bin/python3 setup.py egg_info --egg-base ../../build/aruco_tracker build --build-base /home/scott/S24_RobotProgramming_Ardent/roscourse_final_ws/build/aruco_tracker/build install --record /home/scott/S24_RobotProgramming_Ardent/roscourse_final_ws/build/aruco_tracker/install.log --install-scripts $base/lib/aruco_tracker --single-version-externally-managed
[0.840s] running egg_info
[0.841s] creating ../../build/aruco_tracker/aruco_tracker.egg-info
[0.841s] writing ../../build/aruco_tracker/aruco_tracker.egg-info/PKG-INFO
[0.841s] writing dependency_links to ../../build/aruco_tracker/aruco_tracker.egg-info/dependency_links.txt
[0.841s] writing entry points to ../../build/aruco_tracker/aruco_tracker.egg-info/entry_points.txt
[0.841s] writing requirements to ../../build/aruco_tracker/aruco_tracker.egg-info/requires.txt
[0.842s] writing top-level names to ../../build/aruco_tracker/aruco_tracker.egg-info/top_level.txt
[0.843s] writing manifest file '../../build/aruco_tracker/aruco_tracker.egg-info/SOURCES.txt'
[0.870s] reading manifest file '../../build/aruco_tracker/aruco_tracker.egg-info/SOURCES.txt'
[0.871s] writing manifest file '../../build/aruco_tracker/aruco_tracker.egg-info/SOURCES.txt'
[0.871s] running build
[0.871s] running build_py
[0.871s] creating /home/scott/S24_RobotProgramming_Ardent/roscourse_final_ws/build/aruco_tracker/build
[0.871s] creating /home/scott/S24_RobotProgramming_Ardent/roscourse_final_ws/build/aruco_tracker/build/lib
[0.872s] creating /home/scott/S24_RobotProgramming_Ardent/roscourse_final_ws/build/aruco_tracker/build/lib/aruco_tracker
[0.872s] copying aruco_tracker/__init__.py -> /home/scott/S24_RobotProgramming_Ardent/roscourse_final_ws/build/aruco_tracker/build/lib/aruco_tracker
[0.872s] copying aruco_tracker/aruco_publisher.py -> /home/scott/S24_RobotProgramming_Ardent/roscourse_final_ws/build/aruco_tracker/build/lib/aruco_tracker
[0.872s] copying aruco_tracker/cam_sub.py -> /home/scott/S24_RobotProgramming_Ardent/roscourse_final_ws/build/aruco_tracker/build/lib/aruco_tracker
[0.872s] copying aruco_tracker/cam_pub.py -> /home/scott/S24_RobotProgramming_Ardent/roscourse_final_ws/build/aruco_tracker/build/lib/aruco_tracker
[0.872s] copying aruco_tracker/aruco_tracker.py -> /home/scott/S24_RobotProgramming_Ardent/roscourse_final_ws/build/aruco_tracker/build/lib/aruco_tracker
[0.872s] copying aruco_tracker/core_node.py -> /home/scott/S24_RobotProgramming_Ardent/roscourse_final_ws/build/aruco_tracker/build/lib/aruco_tracker
[0.872s] copying aruco_tracker/control_server.py -> /home/scott/S24_RobotProgramming_Ardent/roscourse_final_ws/build/aruco_tracker/build/lib/aruco_tracker
[0.872s] running install
[0.873s] running install_lib
[0.874s] creating /home/scott/S24_RobotProgramming_Ardent/roscourse_final_ws/install/aruco_tracker/lib/python3.8/site-packages/aruco_tracker
[0.874s] copying /home/scott/S24_RobotProgramming_Ardent/roscourse_final_ws/build/aruco_tracker/build/lib/aruco_tracker/__init__.py -> /home/scott/S24_RobotProgramming_Ardent/roscourse_final_ws/install/aruco_tracker/lib/python3.8/site-packages/aruco_tracker
[0.874s] copying /home/scott/S24_RobotProgramming_Ardent/roscourse_final_ws/build/aruco_tracker/build/lib/aruco_tracker/aruco_publisher.py -> /home/scott/S24_RobotProgramming_Ardent/roscourse_final_ws/install/aruco_tracker/lib/python3.8/site-packages/aruco_tracker
[0.875s] copying /home/scott/S24_RobotProgramming_Ardent/roscourse_final_ws/build/aruco_tracker/build/lib/aruco_tracker/cam_sub.py -> /home/scott/S24_RobotProgramming_Ardent/roscourse_final_ws/install/aruco_tracker/lib/python3.8/site-packages/aruco_tracker
[0.875s] copying /home/scott/S24_RobotProgramming_Ardent/roscourse_final_ws/build/aruco_tracker/build/lib/aruco_tracker/cam_pub.py -> /home/scott/S24_RobotProgramming_Ardent/roscourse_final_ws/install/aruco_tracker/lib/python3.8/site-packages/aruco_tracker
[0.875s] copying /home/scott/S24_RobotProgramming_Ardent/roscourse_final_ws/build/aruco_tracker/build/lib/aruco_tracker/aruco_tracker.py -> /home/scott/S24_RobotProgramming_Ardent/roscourse_final_ws/install/aruco_tracker/lib/python3.8/site-packages/aruco_tracker
[0.875s] copying /home/scott/S24_RobotProgramming_Ardent/roscourse_final_ws/build/aruco_tracker/build/lib/aruco_tracker/core_node.py -> /home/scott/S24_RobotProgramming_Ardent/roscourse_final_ws/install/aruco_tracker/lib/python3.8/site-packages/aruco_tracker
[0.875s] copying /home/scott/S24_RobotProgramming_Ardent/roscourse_final_ws/build/aruco_tracker/build/lib/aruco_tracker/control_server.py -> /home/scott/S24_RobotProgramming_Ardent/roscourse_final_ws/install/aruco_tracker/lib/python3.8/site-packages/aruco_tracker
[0.875s] byte-compiling /home/scott/S24_RobotProgramming_Ardent/roscourse_final_ws/install/aruco_tracker/lib/python3.8/site-packages/aruco_tracker/__init__.py to __init__.cpython-38.pyc
[0.876s] byte-compiling /home/scott/S24_RobotProgramming_Ardent/roscourse_final_ws/install/aruco_tracker/lib/python3.8/site-packages/aruco_tracker/aruco_publisher.py to aruco_publisher.cpython-38.pyc
[0.877s] byte-compiling /home/scott/S24_RobotProgramming_Ardent/roscourse_final_ws/install/aruco_tracker/lib/python3.8/site-packages/aruco_tracker/cam_sub.py to cam_sub.cpython-38.pyc
[0.878s] byte-compiling /home/scott/S24_RobotProgramming_Ardent/roscourse_final_ws/install/aruco_tracker/lib/python3.8/site-packages/aruco_tracker/cam_pub.py to cam_pub.cpython-38.pyc
[0.878s] byte-compiling /home/scott/S24_RobotProgramming_Ardent/roscourse_final_ws/install/aruco_tracker/lib/python3.8/site-packages/aruco_tracker/aruco_tracker.py to aruco_tracker.cpython-38.pyc
[0.879s] byte-compiling /home/scott/S24_RobotProgramming_Ardent/roscourse_final_ws/install/aruco_tracker/lib/python3.8/site-packages/aruco_tracker/core_node.py to core_node.cpython-38.pyc
[0.879s] Sorry: IndentationError: expected an indented block (core_node.py, line 38)
[0.879s] byte-compiling /home/scott/S24_RobotProgramming_Ardent/roscourse_final_ws/install/aruco_tracker/lib/python3.8/site-packages/aruco_tracker/control_server.py to control_server.cpython-38.pyc
[0.879s] running install_data
[0.880s] creating /home/scott/S24_RobotProgramming_Ardent/roscourse_final_ws/install/aruco_tracker/share/ament_index
[0.880s] creating /home/scott/S24_RobotProgramming_Ardent/roscourse_final_ws/install/aruco_tracker/share/ament_index/resource_index
[0.880s] creating /home/scott/S24_RobotProgramming_Ardent/roscourse_final_ws/install/aruco_tracker/share/ament_index/resource_index/packages
[0.880s] copying resource/aruco_tracker -> /home/scott/S24_RobotProgramming_Ardent/roscourse_final_ws/install/aruco_tracker/share/ament_index/resource_index/packages
[0.881s] copying package.xml -> /home/scott/S24_RobotProgramming_Ardent/roscourse_final_ws/install/aruco_tracker/share/aruco_tracker
[0.881s] copying launch/simple.launch.py -> /home/scott/S24_RobotProgramming_Ardent/roscourse_final_ws/install/aruco_tracker/share/aruco_tracker
[0.881s] copying launch/aruco_tracker.launch.py -> /home/scott/S24_RobotProgramming_Ardent/roscourse_final_ws/install/aruco_tracker/share/aruco_tracker
[0.881s] running install_egg_info
[0.883s] Copying ../../build/aruco_tracker/aruco_tracker.egg-info to /home/scott/S24_RobotProgramming_Ardent/roscourse_final_ws/install/aruco_tracker/lib/python3.8/site-packages/aruco_tracker-0.0.0-py3.8.egg-info
[0.883s] running install_scripts
[0.896s] Installing aruco_publisher script to /home/scott/S24_RobotProgramming_Ardent/roscourse_final_ws/install/aruco_tracker/lib/aruco_tracker
[0.897s] Installing control_server script to /home/scott/S24_RobotProgramming_Ardent/roscourse_final_ws/install/aruco_tracker/lib/aruco_tracker
[0.897s] Installing core_node script to /home/scott/S24_RobotProgramming_Ardent/roscourse_final_ws/install/aruco_tracker/lib/aruco_tracker
[0.897s] Installing webcam_pub script to /home/scott/S24_RobotProgramming_Ardent/roscourse_final_ws/install/aruco_tracker/lib/aruco_tracker
[0.897s] Installing webcam_sub script to /home/scott/S24_RobotProgramming_Ardent/roscourse_final_ws/install/aruco_tracker/lib/aruco_tracker
[0.897s] writing list of installed files to '/home/scott/S24_RobotProgramming_Ardent/roscourse_final_ws/build/aruco_tracker/install.log'
[0.924s] Invoked command in '/home/scott/S24_RobotProgramming_Ardent/roscourse_final_ws/src/aruco_tracker' returned '0': AMENT_PREFIX_PATH=/home/scott/S24_RobotProgramming_Ardent/roscourse_final_ws/install/aruco_interfaces:${AMENT_PREFIX_PATH} CMAKE_PREFIX_PATH=/home/scott/S24_RobotProgramming_Ardent/roscourse_final_ws/install/aruco_interfaces LD_LIBRARY_PATH=/home/scott/S24_RobotProgramming_Ardent/roscourse_final_ws/install/aruco_interfaces/lib:${LD_LIBRARY_PATH} PYTHONPATH=/home/scott/S24_RobotProgramming_Ardent/roscourse_final_ws/build/aruco_tracker/prefix_override:/home/scott/S24_RobotProgramming_Ardent/roscourse_final_ws/install/aruco_tracker/lib/python3.8/site-packages:/home/scott/S24_RobotProgramming_Ardent/roscourse_final_ws/install/aruco_interfaces/lib/python3.8/site-packages:${PYTHONPATH} /usr/bin/python3 setup.py egg_info --egg-base ../../build/aruco_tracker build --build-base /home/scott/S24_RobotProgramming_Ardent/roscourse_final_ws/build/aruco_tracker/build install --record /home/scott/S24_RobotProgramming_Ardent/roscourse_final_ws/build/aruco_tracker/install.log --install-scripts $base/lib/aruco_tracker --single-version-externally-managed
