[1.101s] DEBUG:colcon:Command line arguments: ['/usr/bin/colcon', 'build']
[1.101s] DEBUG:colcon:Parsed command line arguments: Namespace(ament_cmake_args=None, base_paths=['.'], build_base='build', catkin_cmake_args=None, catkin_skip_building_tests=False, cmake_args=None, cmake_clean_cache=False, cmake_clean_first=False, cmake_force_configure=False, cmake_target=None, cmake_target_skip_unavailable=False, continue_on_error=False, event_handlers=None, executor='parallel', ignore_user_meta=False, install_base='install', log_base=None, log_level=None, main=<bound method BuildVerb.main of <colcon_core.verb.build.BuildVerb object at 0x7fb5cb3940>>, merge_install=False, metas=['./colcon.meta'], mixin=None, mixin_files=None, mixin_verb=('build',), packages_above=None, packages_above_and_dependencies=None, packages_above_depth=None, packages_end=None, packages_ignore=None, packages_ignore_regex=None, packages_select=None, packages_select_build_failed=False, packages_select_by_dep=None, packages_select_regex=None, packages_select_test_failures=False, packages_skip=None, packages_skip_build_finished=False, packages_skip_by_dep=None, packages_skip_regex=None, packages_skip_test_passed=False, packages_skip_up_to=None, packages_start=None, packages_up_to=None, packages_up_to_regex=None, parallel_workers=4, paths=None, symlink_install=False, test_result_base=None, verb_extension=<colcon_core.verb.build.BuildVerb object at 0x7fb5cb3940>, verb_name='build', verb_parser=<colcon_mixin.mixin.mixin_argument.MixinArgumentDecorator object at 0x7fb5cb3ee0>)
[1.959s] Level 1:colcon.colcon_core.package_discovery:discover_packages(colcon_meta) check parameters
[1.962s] INFO:colcon.colcon_metadata.package_discovery.colcon_meta:Using configuration from '/root/.colcon/metadata/default/Gazebo.meta'
[1.966s] INFO:colcon.colcon_metadata.package_discovery.colcon_meta:Using configuration from '/root/.colcon/metadata/default/fastrtps.meta'
[1.966s] Level 1:colcon.colcon_core.package_discovery:discover_packages(recursive) check parameters
[1.966s] Level 1:colcon.colcon_core.package_discovery:discover_packages(ignore) check parameters
[1.966s] Level 1:colcon.colcon_core.package_discovery:discover_packages(path) check parameters
[1.967s] Level 1:colcon.colcon_core.package_discovery:discover_packages(colcon_meta) discover
[1.967s] Level 1:colcon.colcon_core.package_discovery:discover_packages(recursive) discover
[1.967s] INFO:colcon.colcon_core.package_discovery:Crawling recursively for packages in '/root/codes/S24_RobotProgramming_Ardent/roscourse_final_ws'
[1.968s] Level 1:colcon.colcon_core.package_identification:_identify(.) by extensions ['ignore', 'ignore_ament_install']
[1.968s] Level 1:colcon.colcon_core.package_identification:_identify(.) by extension 'ignore'
[1.969s] Level 1:colcon.colcon_core.package_identification:_identify(.) by extension 'ignore_ament_install'
[1.969s] Level 1:colcon.colcon_core.package_identification:_identify(.) by extensions ['colcon_pkg']
[1.969s] Level 1:colcon.colcon_core.package_identification:_identify(.) by extension 'colcon_pkg'
[1.969s] Level 1:colcon.colcon_core.package_identification:_identify(.) by extensions ['colcon_meta']
[1.970s] Level 1:colcon.colcon_core.package_identification:_identify(.) by extension 'colcon_meta'
[1.970s] Level 1:colcon.colcon_core.package_identification:_identify(.) by extensions ['ros']
[1.970s] Level 1:colcon.colcon_core.package_identification:_identify(.) by extension 'ros'
[2.024s] Level 1:colcon.colcon_core.package_identification:_identify(.) by extensions ['cmake', 'python']
[2.024s] Level 1:colcon.colcon_core.package_identification:_identify(.) by extension 'cmake'
[2.024s] Level 1:colcon.colcon_core.package_identification:_identify(.) by extension 'python'
[2.024s] Level 1:colcon.colcon_core.package_identification:_identify(.) by extensions ['python_setup_py']
[2.025s] Level 1:colcon.colcon_core.package_identification:_identify(.) by extension 'python_setup_py'
[2.025s] Level 1:colcon.colcon_core.package_identification:_identify(build) by extensions ['ignore', 'ignore_ament_install']
[2.026s] Level 1:colcon.colcon_core.package_identification:_identify(build) by extension 'ignore'
[2.026s] Level 1:colcon.colcon_core.package_identification:_identify(build) ignored
[2.026s] Level 1:colcon.colcon_core.package_identification:_identify(install) by extensions ['ignore', 'ignore_ament_install']
[2.027s] Level 1:colcon.colcon_core.package_identification:_identify(install) by extension 'ignore'
[2.027s] Level 1:colcon.colcon_core.package_identification:_identify(install) ignored
[2.027s] Level 1:colcon.colcon_core.package_identification:_identify(log) by extensions ['ignore', 'ignore_ament_install']
[2.028s] Level 1:colcon.colcon_core.package_identification:_identify(log) by extension 'ignore'
[2.028s] Level 1:colcon.colcon_core.package_identification:_identify(log) ignored
[2.028s] Level 1:colcon.colcon_core.package_identification:_identify(src) by extensions ['ignore', 'ignore_ament_install']
[2.028s] Level 1:colcon.colcon_core.package_identification:_identify(src) by extension 'ignore'
[2.029s] Level 1:colcon.colcon_core.package_identification:_identify(src) by extension 'ignore_ament_install'
[2.029s] Level 1:colcon.colcon_core.package_identification:_identify(src) by extensions ['colcon_pkg']
[2.029s] Level 1:colcon.colcon_core.package_identification:_identify(src) by extension 'colcon_pkg'
[2.029s] Level 1:colcon.colcon_core.package_identification:_identify(src) by extensions ['colcon_meta']
[2.029s] Level 1:colcon.colcon_core.package_identification:_identify(src) by extension 'colcon_meta'
[2.030s] Level 1:colcon.colcon_core.package_identification:_identify(src) by extensions ['ros']
[2.030s] Level 1:colcon.colcon_core.package_identification:_identify(src) by extension 'ros'
[2.030s] Level 1:colcon.colcon_core.package_identification:_identify(src) by extensions ['cmake', 'python']
[2.030s] Level 1:colcon.colcon_core.package_identification:_identify(src) by extension 'cmake'
[2.030s] Level 1:colcon.colcon_core.package_identification:_identify(src) by extension 'python'
[2.031s] Level 1:colcon.colcon_core.package_identification:_identify(src) by extensions ['python_setup_py']
[2.031s] Level 1:colcon.colcon_core.package_identification:_identify(src) by extension 'python_setup_py'
[2.031s] Level 1:colcon.colcon_core.package_identification:_identify(src/aruco_interfaces) by extensions ['ignore', 'ignore_ament_install']
[2.031s] Level 1:colcon.colcon_core.package_identification:_identify(src/aruco_interfaces) by extension 'ignore'
[2.032s] Level 1:colcon.colcon_core.package_identification:_identify(src/aruco_interfaces) by extension 'ignore_ament_install'
[2.032s] Level 1:colcon.colcon_core.package_identification:_identify(src/aruco_interfaces) by extensions ['colcon_pkg']
[2.032s] Level 1:colcon.colcon_core.package_identification:_identify(src/aruco_interfaces) by extension 'colcon_pkg'
[2.032s] Level 1:colcon.colcon_core.package_identification:_identify(src/aruco_interfaces) by extensions ['colcon_meta']
[2.032s] Level 1:colcon.colcon_core.package_identification:_identify(src/aruco_interfaces) by extension 'colcon_meta'
[2.033s] Level 1:colcon.colcon_core.package_identification:_identify(src/aruco_interfaces) by extensions ['ros']
[2.033s] Level 1:colcon.colcon_core.package_identification:_identify(src/aruco_interfaces) by extension 'ros'
[2.043s] DEBUG:colcon.colcon_core.package_identification:Package 'src/aruco_interfaces' with type 'ros.ament_cmake' and name 'aruco_interfaces'
[2.043s] Level 1:colcon.colcon_core.package_identification:_identify(src/aruco_tracker) by extensions ['ignore', 'ignore_ament_install']
[2.044s] Level 1:colcon.colcon_core.package_identification:_identify(src/aruco_tracker) by extension 'ignore'
[2.044s] Level 1:colcon.colcon_core.package_identification:_identify(src/aruco_tracker) by extension 'ignore_ament_install'
[2.044s] Level 1:colcon.colcon_core.package_identification:_identify(src/aruco_tracker) by extensions ['colcon_pkg']
[2.044s] Level 1:colcon.colcon_core.package_identification:_identify(src/aruco_tracker) by extension 'colcon_pkg'
[2.044s] Level 1:colcon.colcon_core.package_identification:_identify(src/aruco_tracker) by extensions ['colcon_meta']
[2.045s] Level 1:colcon.colcon_core.package_identification:_identify(src/aruco_tracker) by extension 'colcon_meta'
[2.045s] Level 1:colcon.colcon_core.package_identification:_identify(src/aruco_tracker) by extensions ['ros']
[2.045s] Level 1:colcon.colcon_core.package_identification:_identify(src/aruco_tracker) by extension 'ros'
[2.049s] DEBUG:colcon.colcon_core.package_identification:Package 'src/aruco_tracker' with type 'ros.ament_python' and name 'aruco_tracker'
[2.049s] Level 1:colcon.colcon_core.package_identification:_identify(src/control) by extensions ['ignore', 'ignore_ament_install']
[2.050s] Level 1:colcon.colcon_core.package_identification:_identify(src/control) by extension 'ignore'
[2.050s] Level 1:colcon.colcon_core.package_identification:_identify(src/control) by extension 'ignore_ament_install'
[2.050s] Level 1:colcon.colcon_core.package_identification:_identify(src/control) by extensions ['colcon_pkg']
[2.051s] Level 1:colcon.colcon_core.package_identification:_identify(src/control) by extension 'colcon_pkg'
[2.051s] Level 1:colcon.colcon_core.package_identification:_identify(src/control) by extensions ['colcon_meta']
[2.051s] Level 1:colcon.colcon_core.package_identification:_identify(src/control) by extension 'colcon_meta'
[2.052s] Level 1:colcon.colcon_core.package_identification:_identify(src/control) by extensions ['ros']
[2.052s] Level 1:colcon.colcon_core.package_identification:_identify(src/control) by extension 'ros'
[2.054s] DEBUG:colcon.colcon_core.package_identification:Failed to parse potential ROS package manifest in'src/control': Error(s) in package 'src/control/package.xml':
The manifest contains invalid XML:
mismatched tag: line 23, column 2
[2.055s] Level 1:colcon.colcon_core.package_identification:_identify(src/control) by extensions ['cmake', 'python']
[2.055s] Level 1:colcon.colcon_core.package_identification:_identify(src/control) by extension 'cmake'
[2.055s] Level 1:colcon.colcon_core.package_identification:_identify(src/control) by extension 'python'
[2.056s] DEBUG:colcon.colcon_core.package_identification:Python package in 'src/control' passes arguments to the setup() function which requires a different identification extension than 'python'
[2.056s] Level 1:colcon.colcon_core.package_identification:_identify(src/control) by extensions ['python_setup_py']
[2.056s] Level 1:colcon.colcon_core.package_identification:_identify(src/control) by extension 'python_setup_py'
[3.300s] DEBUG:colcon.colcon_core.package_identification:Package 'src/control' with type 'python' and name 'control'
[3.300s] Level 1:colcon.colcon_core.package_discovery:discover_packages(recursive) using defaults
[3.301s] Level 1:colcon.colcon_core.package_discovery:discover_packages(ignore) discover
[3.301s] Level 1:colcon.colcon_core.package_discovery:discover_packages(ignore) using defaults
[3.301s] Level 1:colcon.colcon_core.package_discovery:discover_packages(path) discover
[3.301s] Level 1:colcon.colcon_core.package_discovery:discover_packages(path) using defaults
[3.428s] Level 5:colcon.colcon_core.verb:set package 'aruco_interfaces' build argument 'cmake_args' from command line to 'None'
[3.428s] Level 5:colcon.colcon_core.verb:set package 'aruco_interfaces' build argument 'cmake_target' from command line to 'None'
[3.428s] Level 5:colcon.colcon_core.verb:set package 'aruco_interfaces' build argument 'cmake_target_skip_unavailable' from command line to 'False'
[3.428s] Level 5:colcon.colcon_core.verb:set package 'aruco_interfaces' build argument 'cmake_clean_cache' from command line to 'False'
[3.428s] Level 5:colcon.colcon_core.verb:set package 'aruco_interfaces' build argument 'cmake_clean_first' from command line to 'False'
[3.428s] Level 5:colcon.colcon_core.verb:set package 'aruco_interfaces' build argument 'cmake_force_configure' from command line to 'False'
[3.429s] Level 5:colcon.colcon_core.verb:set package 'aruco_interfaces' build argument 'ament_cmake_args' from command line to 'None'
[3.429s] Level 5:colcon.colcon_core.verb:set package 'aruco_interfaces' build argument 'catkin_cmake_args' from command line to 'None'
[3.429s] Level 5:colcon.colcon_core.verb:set package 'aruco_interfaces' build argument 'catkin_skip_building_tests' from command line to 'False'
[3.429s] DEBUG:colcon.colcon_core.verb:Building package 'aruco_interfaces' with the following arguments: {'ament_cmake_args': None, 'build_base': '/root/codes/S24_RobotProgramming_Ardent/roscourse_final_ws/build/aruco_interfaces', 'catkin_cmake_args': None, 'catkin_skip_building_tests': False, 'cmake_args': None, 'cmake_clean_cache': False, 'cmake_clean_first': False, 'cmake_force_configure': False, 'cmake_target': None, 'cmake_target_skip_unavailable': False, 'install_base': '/root/codes/S24_RobotProgramming_Ardent/roscourse_final_ws/install/aruco_interfaces', 'merge_install': False, 'path': '/root/codes/S24_RobotProgramming_Ardent/roscourse_final_ws/src/aruco_interfaces', 'symlink_install': False, 'test_result_base': None}
[3.431s] Level 5:colcon.colcon_core.verb:set package 'control' build argument 'cmake_args' from command line to 'None'
[3.431s] Level 5:colcon.colcon_core.verb:set package 'control' build argument 'cmake_target' from command line to 'None'
[3.431s] Level 5:colcon.colcon_core.verb:set package 'control' build argument 'cmake_target_skip_unavailable' from command line to 'False'
[3.431s] Level 5:colcon.colcon_core.verb:set package 'control' build argument 'cmake_clean_cache' from command line to 'False'
[3.431s] Level 5:colcon.colcon_core.verb:set package 'control' build argument 'cmake_clean_first' from command line to 'False'
[3.431s] Level 5:colcon.colcon_core.verb:set package 'control' build argument 'cmake_force_configure' from command line to 'False'
[3.432s] Level 5:colcon.colcon_core.verb:set package 'control' build argument 'ament_cmake_args' from command line to 'None'
[3.432s] Level 5:colcon.colcon_core.verb:set package 'control' build argument 'catkin_cmake_args' from command line to 'None'
[3.432s] Level 5:colcon.colcon_core.verb:set package 'control' build argument 'catkin_skip_building_tests' from command line to 'False'
[3.432s] DEBUG:colcon.colcon_core.verb:Building package 'control' with the following arguments: {'ament_cmake_args': None, 'build_base': '/root/codes/S24_RobotProgramming_Ardent/roscourse_final_ws/build/control', 'catkin_cmake_args': None, 'catkin_skip_building_tests': False, 'cmake_args': None, 'cmake_clean_cache': False, 'cmake_clean_first': False, 'cmake_force_configure': False, 'cmake_target': None, 'cmake_target_skip_unavailable': False, 'install_base': '/root/codes/S24_RobotProgramming_Ardent/roscourse_final_ws/install/control', 'merge_install': False, 'path': '/root/codes/S24_RobotProgramming_Ardent/roscourse_final_ws/src/control', 'symlink_install': False, 'test_result_base': None}
[3.434s] Level 5:colcon.colcon_core.verb:set package 'aruco_tracker' build argument 'cmake_args' from command line to 'None'
[3.434s] Level 5:colcon.colcon_core.verb:set package 'aruco_tracker' build argument 'cmake_target' from command line to 'None'
[3.434s] Level 5:colcon.colcon_core.verb:set package 'aruco_tracker' build argument 'cmake_target_skip_unavailable' from command line to 'False'
[3.434s] Level 5:colcon.colcon_core.verb:set package 'aruco_tracker' build argument 'cmake_clean_cache' from command line to 'False'
[3.434s] Level 5:colcon.colcon_core.verb:set package 'aruco_tracker' build argument 'cmake_clean_first' from command line to 'False'
[3.434s] Level 5:colcon.colcon_core.verb:set package 'aruco_tracker' build argument 'cmake_force_configure' from command line to 'False'
[3.435s] Level 5:colcon.colcon_core.verb:set package 'aruco_tracker' build argument 'ament_cmake_args' from command line to 'None'
[3.435s] Level 5:colcon.colcon_core.verb:set package 'aruco_tracker' build argument 'catkin_cmake_args' from command line to 'None'
[3.435s] Level 5:colcon.colcon_core.verb:set package 'aruco_tracker' build argument 'catkin_skip_building_tests' from command line to 'False'
[3.435s] DEBUG:colcon.colcon_core.verb:Building package 'aruco_tracker' with the following arguments: {'ament_cmake_args': None, 'build_base': '/root/codes/S24_RobotProgramming_Ardent/roscourse_final_ws/build/aruco_tracker', 'catkin_cmake_args': None, 'catkin_skip_building_tests': False, 'cmake_args': None, 'cmake_clean_cache': False, 'cmake_clean_first': False, 'cmake_force_configure': False, 'cmake_target': None, 'cmake_target_skip_unavailable': False, 'install_base': '/root/codes/S24_RobotProgramming_Ardent/roscourse_final_ws/install/aruco_tracker', 'merge_install': False, 'path': '/root/codes/S24_RobotProgramming_Ardent/roscourse_final_ws/src/aruco_tracker', 'symlink_install': False, 'test_result_base': None}
[3.436s] INFO:colcon.colcon_core.executor:Executing jobs using 'parallel' executor
[3.440s] DEBUG:colcon.colcon_parallel_executor.executor.parallel:run_until_complete
[3.441s] INFO:colcon.colcon_ros.task.ament_cmake.build:Building ROS package in '/root/codes/S24_RobotProgramming_Ardent/roscourse_final_ws/src/aruco_interfaces' with build type 'ament_cmake'
[3.443s] INFO:colcon.colcon_cmake.task.cmake.build:Building CMake package in '/root/codes/S24_RobotProgramming_Ardent/roscourse_final_ws/src/aruco_interfaces'
[3.454s] INFO:colcon.colcon_core.plugin_system:Skipping extension 'colcon_core.shell.bat': Not used on non-Windows systems
[3.454s] INFO:colcon.colcon_core.shell:Skip shell extension 'powershell' for command environment: Not usable outside of PowerShell
[3.455s] DEBUG:colcon.colcon_core.shell:Skip shell extension 'dsv' for command environment
[3.500s] INFO:colcon.colcon_core.task.python.build:Building Python package in '/root/codes/S24_RobotProgramming_Ardent/roscourse_final_ws/src/control'
[3.502s] INFO:colcon.colcon_core.shell:Skip shell extension 'powershell' for command environment: Not usable outside of PowerShell
[3.502s] DEBUG:colcon.colcon_core.shell:Skip shell extension 'dsv' for command environment
[3.558s] DEBUG:colcon.colcon_core.event_handler.log_command:Invoking command in '/root/codes/S24_RobotProgramming_Ardent/roscourse_final_ws/build/aruco_interfaces': CMAKE_PREFIX_PATH=${CMAKE_PREFIX_PATH}:/root/yahboomcar_ros2_ws/yahboomcar_ws/install/yahboomcar_voice_ctrl:/root/yahboomcar_ros2_ws/yahboomcar_ws/install/yahboomcar_visual:/root/yahboomcar_ros2_ws/yahboomcar_ws/install/yahboomcar_nav:/root/yahboomcar_ros2_ws/yahboomcar_ws/install/yahboomcar_multi:/root/yahboomcar_ros2_ws/yahboomcar_ws/install/yahboomcar_mediapipe:/root/yahboomcar_ros2_ws/yahboomcar_ws/install/yahboomcar_linefollow:/root/yahboomcar_ros2_ws/yahboomcar_ws/install/yahboomcar_laser:/root/yahboomcar_ros2_ws/yahboomcar_ws/install/yahboomcar_description_x1:/root/yahboomcar_ros2_ws/yahboomcar_ws/install/yahboomcar_description:/root/yahboomcar_ros2_ws/yahboomcar_ws/install/yahboomcar_ctrl:/root/yahboomcar_ros2_ws/yahboomcar_ws/install/yahboomcar_bringup:/root/yahboomcar_ros2_ws/yahboomcar_ws/install/yahboomcar_astra:/root/yahboomcar_ros2_ws/yahboomcar_ws/install/yahboom_app_save_map:/root/yahboomcar_ros2_ws/yahboomcar_ws/install/robot_pose_publisher:/root/yahboomcar_ros2_ws/yahboomcar_ws/install/laserscan_to_point_pulisher:/opt/ros/foxy /usr/bin/cmake --build /root/codes/S24_RobotProgramming_Ardent/roscourse_final_ws/build/aruco_interfaces -- -j4 -l4
[5.025s] DEBUG:colcon.colcon_core.event_handler.log_command:Invoked command in '/root/codes/S24_RobotProgramming_Ardent/roscourse_final_ws/build/aruco_interfaces' returned '0': CMAKE_PREFIX_PATH=${CMAKE_PREFIX_PATH}:/root/yahboomcar_ros2_ws/yahboomcar_ws/install/yahboomcar_voice_ctrl:/root/yahboomcar_ros2_ws/yahboomcar_ws/install/yahboomcar_visual:/root/yahboomcar_ros2_ws/yahboomcar_ws/install/yahboomcar_nav:/root/yahboomcar_ros2_ws/yahboomcar_ws/install/yahboomcar_multi:/root/yahboomcar_ros2_ws/yahboomcar_ws/install/yahboomcar_mediapipe:/root/yahboomcar_ros2_ws/yahboomcar_ws/install/yahboomcar_linefollow:/root/yahboomcar_ros2_ws/yahboomcar_ws/install/yahboomcar_laser:/root/yahboomcar_ros2_ws/yahboomcar_ws/install/yahboomcar_description_x1:/root/yahboomcar_ros2_ws/yahboomcar_ws/install/yahboomcar_description:/root/yahboomcar_ros2_ws/yahboomcar_ws/install/yahboomcar_ctrl:/root/yahboomcar_ros2_ws/yahboomcar_ws/install/yahboomcar_bringup:/root/yahboomcar_ros2_ws/yahboomcar_ws/install/yahboomcar_astra:/root/yahboomcar_ros2_ws/yahboomcar_ws/install/yahboom_app_save_map:/root/yahboomcar_ros2_ws/yahboomcar_ws/install/robot_pose_publisher:/root/yahboomcar_ros2_ws/yahboomcar_ws/install/laserscan_to_point_pulisher:/opt/ros/foxy /usr/bin/cmake --build /root/codes/S24_RobotProgramming_Ardent/roscourse_final_ws/build/aruco_interfaces -- -j4 -l4
[5.486s] DEBUG:colcon.colcon_core.event_handler.log_command:Invoking command in '/root/codes/S24_RobotProgramming_Ardent/roscourse_final_ws/build/aruco_interfaces': CMAKE_PREFIX_PATH=${CMAKE_PREFIX_PATH}:/root/yahboomcar_ros2_ws/yahboomcar_ws/install/yahboomcar_voice_ctrl:/root/yahboomcar_ros2_ws/yahboomcar_ws/install/yahboomcar_visual:/root/yahboomcar_ros2_ws/yahboomcar_ws/install/yahboomcar_nav:/root/yahboomcar_ros2_ws/yahboomcar_ws/install/yahboomcar_multi:/root/yahboomcar_ros2_ws/yahboomcar_ws/install/yahboomcar_mediapipe:/root/yahboomcar_ros2_ws/yahboomcar_ws/install/yahboomcar_linefollow:/root/yahboomcar_ros2_ws/yahboomcar_ws/install/yahboomcar_laser:/root/yahboomcar_ros2_ws/yahboomcar_ws/install/yahboomcar_description_x1:/root/yahboomcar_ros2_ws/yahboomcar_ws/install/yahboomcar_description:/root/yahboomcar_ros2_ws/yahboomcar_ws/install/yahboomcar_ctrl:/root/yahboomcar_ros2_ws/yahboomcar_ws/install/yahboomcar_bringup:/root/yahboomcar_ros2_ws/yahboomcar_ws/install/yahboomcar_astra:/root/yahboomcar_ros2_ws/yahboomcar_ws/install/yahboom_app_save_map:/root/yahboomcar_ros2_ws/yahboomcar_ws/install/robot_pose_publisher:/root/yahboomcar_ros2_ws/yahboomcar_ws/install/laserscan_to_point_pulisher:/opt/ros/foxy /usr/bin/cmake --install /root/codes/S24_RobotProgramming_Ardent/roscourse_final_ws/build/aruco_interfaces
[5.821s] Level 1:colcon.colcon_core.environment:create_environment_scripts_only(aruco_interfaces)
[5.823s] DEBUG:colcon.colcon_core.event_handler.log_command:Invoked command in '/root/codes/S24_RobotProgramming_Ardent/roscourse_final_ws/build/aruco_interfaces' returned '0': CMAKE_PREFIX_PATH=${CMAKE_PREFIX_PATH}:/root/yahboomcar_ros2_ws/yahboomcar_ws/install/yahboomcar_voice_ctrl:/root/yahboomcar_ros2_ws/yahboomcar_ws/install/yahboomcar_visual:/root/yahboomcar_ros2_ws/yahboomcar_ws/install/yahboomcar_nav:/root/yahboomcar_ros2_ws/yahboomcar_ws/install/yahboomcar_multi:/root/yahboomcar_ros2_ws/yahboomcar_ws/install/yahboomcar_mediapipe:/root/yahboomcar_ros2_ws/yahboomcar_ws/install/yahboomcar_linefollow:/root/yahboomcar_ros2_ws/yahboomcar_ws/install/yahboomcar_laser:/root/yahboomcar_ros2_ws/yahboomcar_ws/install/yahboomcar_description_x1:/root/yahboomcar_ros2_ws/yahboomcar_ws/install/yahboomcar_description:/root/yahboomcar_ros2_ws/yahboomcar_ws/install/yahboomcar_ctrl:/root/yahboomcar_ros2_ws/yahboomcar_ws/install/yahboomcar_bringup:/root/yahboomcar_ros2_ws/yahboomcar_ws/install/yahboomcar_astra:/root/yahboomcar_ros2_ws/yahboomcar_ws/install/yahboom_app_save_map:/root/yahboomcar_ros2_ws/yahboomcar_ws/install/robot_pose_publisher:/root/yahboomcar_ros2_ws/yahboomcar_ws/install/laserscan_to_point_pulisher:/opt/ros/foxy /usr/bin/cmake --install /root/codes/S24_RobotProgramming_Ardent/roscourse_final_ws/build/aruco_interfaces
[5.835s] Level 1:colcon.colcon_core.environment:checking '/root/codes/S24_RobotProgramming_Ardent/roscourse_final_ws/install/aruco_interfaces' for CMake module files
[5.838s] Level 1:colcon.colcon_core.environment:checking '/root/codes/S24_RobotProgramming_Ardent/roscourse_final_ws/install/aruco_interfaces' for CMake config files
[5.841s] Level 1:colcon.colcon_core.shell:create_environment_hook('aruco_interfaces', 'cmake_prefix_path')
[5.842s] INFO:colcon.colcon_core.shell:Creating environment hook '/root/codes/S24_RobotProgramming_Ardent/roscourse_final_ws/install/aruco_interfaces/share/aruco_interfaces/hook/cmake_prefix_path.ps1'
[5.845s] INFO:colcon.colcon_core.shell:Creating environment descriptor '/root/codes/S24_RobotProgramming_Ardent/roscourse_final_ws/install/aruco_interfaces/share/aruco_interfaces/hook/cmake_prefix_path.dsv'
[5.846s] INFO:colcon.colcon_core.shell:Creating environment hook '/root/codes/S24_RobotProgramming_Ardent/roscourse_final_ws/install/aruco_interfaces/share/aruco_interfaces/hook/cmake_prefix_path.sh'
[5.850s] Level 1:colcon.colcon_core.environment:checking '/root/codes/S24_RobotProgramming_Ardent/roscourse_final_ws/install/aruco_interfaces/lib'
[5.850s] Level 1:colcon.colcon_core.shell:create_environment_hook('aruco_interfaces', 'ld_library_path_lib')
[5.851s] INFO:colcon.colcon_core.shell:Creating environment hook '/root/codes/S24_RobotProgramming_Ardent/roscourse_final_ws/install/aruco_interfaces/share/aruco_interfaces/hook/ld_library_path_lib.ps1'
[5.854s] INFO:colcon.colcon_core.shell:Creating environment descriptor '/root/codes/S24_RobotProgramming_Ardent/roscourse_final_ws/install/aruco_interfaces/share/aruco_interfaces/hook/ld_library_path_lib.dsv'
[5.855s] INFO:colcon.colcon_core.shell:Creating environment hook '/root/codes/S24_RobotProgramming_Ardent/roscourse_final_ws/install/aruco_interfaces/share/aruco_interfaces/hook/ld_library_path_lib.sh'
[5.857s] Level 1:colcon.colcon_core.environment:checking '/root/codes/S24_RobotProgramming_Ardent/roscourse_final_ws/install/aruco_interfaces/bin'
[5.857s] Level 1:colcon.colcon_core.environment:checking '/root/codes/S24_RobotProgramming_Ardent/roscourse_final_ws/install/aruco_interfaces/lib/pkgconfig/aruco_interfaces.pc'
[5.858s] Level 1:colcon.colcon_core.environment:checking '/root/codes/S24_RobotProgramming_Ardent/roscourse_final_ws/install/aruco_interfaces/lib/python3.8/site-packages'
[5.858s] Level 1:colcon.colcon_core.shell:create_environment_hook('aruco_interfaces', 'pythonpath')
[5.859s] INFO:colcon.colcon_core.shell:Creating environment hook '/root/codes/S24_RobotProgramming_Ardent/roscourse_final_ws/install/aruco_interfaces/share/aruco_interfaces/hook/pythonpath.ps1'
[5.861s] INFO:colcon.colcon_core.shell:Creating environment descriptor '/root/codes/S24_RobotProgramming_Ardent/roscourse_final_ws/install/aruco_interfaces/share/aruco_interfaces/hook/pythonpath.dsv'
[5.862s] INFO:colcon.colcon_core.shell:Creating environment hook '/root/codes/S24_RobotProgramming_Ardent/roscourse_final_ws/install/aruco_interfaces/share/aruco_interfaces/hook/pythonpath.sh'
[5.864s] Level 1:colcon.colcon_core.environment:checking '/root/codes/S24_RobotProgramming_Ardent/roscourse_final_ws/install/aruco_interfaces/bin'
[5.865s] INFO:colcon.colcon_core.shell:Creating package script '/root/codes/S24_RobotProgramming_Ardent/roscourse_final_ws/install/aruco_interfaces/share/aruco_interfaces/package.ps1'
[5.869s] INFO:colcon.colcon_core.shell:Creating package descriptor '/root/codes/S24_RobotProgramming_Ardent/roscourse_final_ws/install/aruco_interfaces/share/aruco_interfaces/package.dsv'
[5.872s] INFO:colcon.colcon_core.shell:Creating package script '/root/codes/S24_RobotProgramming_Ardent/roscourse_final_ws/install/aruco_interfaces/share/aruco_interfaces/package.sh'
[5.876s] INFO:colcon.colcon_core.shell:Creating package script '/root/codes/S24_RobotProgramming_Ardent/roscourse_final_ws/install/aruco_interfaces/share/aruco_interfaces/package.bash'
[5.879s] INFO:colcon.colcon_core.shell:Creating package script '/root/codes/S24_RobotProgramming_Ardent/roscourse_final_ws/install/aruco_interfaces/share/aruco_interfaces/package.zsh'
[5.881s] Level 1:colcon.colcon_core.environment:create_file_with_runtime_dependencies(/root/codes/S24_RobotProgramming_Ardent/roscourse_final_ws/install/aruco_interfaces/share/colcon-core/packages/aruco_interfaces)
[6.277s] Level 1:colcon.colcon_core.environment:create_environment_scripts_only(aruco_interfaces)
[6.278s] Level 1:colcon.colcon_core.environment:checking '/root/codes/S24_RobotProgramming_Ardent/roscourse_final_ws/install/aruco_interfaces' for CMake module files
[6.282s] Level 1:colcon.colcon_core.environment:checking '/root/codes/S24_RobotProgramming_Ardent/roscourse_final_ws/install/aruco_interfaces' for CMake config files
[6.285s] Level 1:colcon.colcon_core.shell:create_environment_hook('aruco_interfaces', 'cmake_prefix_path')
[6.286s] INFO:colcon.colcon_core.shell:Creating environment hook '/root/codes/S24_RobotProgramming_Ardent/roscourse_final_ws/install/aruco_interfaces/share/aruco_interfaces/hook/cmake_prefix_path.ps1'
[6.288s] INFO:colcon.colcon_core.shell:Creating environment descriptor '/root/codes/S24_RobotProgramming_Ardent/roscourse_final_ws/install/aruco_interfaces/share/aruco_interfaces/hook/cmake_prefix_path.dsv'
[6.289s] INFO:colcon.colcon_core.shell:Creating environment hook '/root/codes/S24_RobotProgramming_Ardent/roscourse_final_ws/install/aruco_interfaces/share/aruco_interfaces/hook/cmake_prefix_path.sh'
[6.291s] Level 1:colcon.colcon_core.environment:checking '/root/codes/S24_RobotProgramming_Ardent/roscourse_final_ws/install/aruco_interfaces/lib'
[6.292s] Level 1:colcon.colcon_core.shell:create_environment_hook('aruco_interfaces', 'ld_library_path_lib')
[6.293s] INFO:colcon.colcon_core.shell:Creating environment hook '/root/codes/S24_RobotProgramming_Ardent/roscourse_final_ws/install/aruco_interfaces/share/aruco_interfaces/hook/ld_library_path_lib.ps1'
[6.294s] INFO:colcon.colcon_core.shell:Creating environment descriptor '/root/codes/S24_RobotProgramming_Ardent/roscourse_final_ws/install/aruco_interfaces/share/aruco_interfaces/hook/ld_library_path_lib.dsv'
[6.296s] INFO:colcon.colcon_core.shell:Creating environment hook '/root/codes/S24_RobotProgramming_Ardent/roscourse_final_ws/install/aruco_interfaces/share/aruco_interfaces/hook/ld_library_path_lib.sh'
[6.297s] Level 1:colcon.colcon_core.environment:checking '/root/codes/S24_RobotProgramming_Ardent/roscourse_final_ws/install/aruco_interfaces/bin'
[6.298s] Level 1:colcon.colcon_core.environment:checking '/root/codes/S24_RobotProgramming_Ardent/roscourse_final_ws/install/aruco_interfaces/lib/pkgconfig/aruco_interfaces.pc'
[6.299s] Level 1:colcon.colcon_core.environment:checking '/root/codes/S24_RobotProgramming_Ardent/roscourse_final_ws/install/aruco_interfaces/lib/python3.8/site-packages'
[6.299s] Level 1:colcon.colcon_core.shell:create_environment_hook('aruco_interfaces', 'pythonpath')
[6.300s] INFO:colcon.colcon_core.shell:Creating environment hook '/root/codes/S24_RobotProgramming_Ardent/roscourse_final_ws/install/aruco_interfaces/share/aruco_interfaces/hook/pythonpath.ps1'
[6.302s] INFO:colcon.colcon_core.shell:Creating environment descriptor '/root/codes/S24_RobotProgramming_Ardent/roscourse_final_ws/install/aruco_interfaces/share/aruco_interfaces/hook/pythonpath.dsv'
[6.303s] INFO:colcon.colcon_core.shell:Creating environment hook '/root/codes/S24_RobotProgramming_Ardent/roscourse_final_ws/install/aruco_interfaces/share/aruco_interfaces/hook/pythonpath.sh'
[6.305s] Level 1:colcon.colcon_core.environment:checking '/root/codes/S24_RobotProgramming_Ardent/roscourse_final_ws/install/aruco_interfaces/bin'
[6.307s] INFO:colcon.colcon_core.shell:Creating package script '/root/codes/S24_RobotProgramming_Ardent/roscourse_final_ws/install/aruco_interfaces/share/aruco_interfaces/package.ps1'
[6.310s] INFO:colcon.colcon_core.shell:Creating package descriptor '/root/codes/S24_RobotProgramming_Ardent/roscourse_final_ws/install/aruco_interfaces/share/aruco_interfaces/package.dsv'
[6.312s] INFO:colcon.colcon_core.shell:Creating package script '/root/codes/S24_RobotProgramming_Ardent/roscourse_final_ws/install/aruco_interfaces/share/aruco_interfaces/package.sh'
[6.314s] INFO:colcon.colcon_core.shell:Creating package script '/root/codes/S24_RobotProgramming_Ardent/roscourse_final_ws/install/aruco_interfaces/share/aruco_interfaces/package.bash'
[6.316s] INFO:colcon.colcon_core.shell:Creating package script '/root/codes/S24_RobotProgramming_Ardent/roscourse_final_ws/install/aruco_interfaces/share/aruco_interfaces/package.zsh'
[6.318s] Level 1:colcon.colcon_core.environment:create_file_with_runtime_dependencies(/root/codes/S24_RobotProgramming_Ardent/roscourse_final_ws/install/aruco_interfaces/share/colcon-core/packages/aruco_interfaces)
[6.320s] INFO:colcon.colcon_ros.task.ament_python.build:Building ROS package in '/root/codes/S24_RobotProgramming_Ardent/roscourse_final_ws/src/aruco_tracker' with build type 'ament_python'
[6.321s] Level 1:colcon.colcon_core.shell:create_environment_hook('aruco_tracker', 'ament_prefix_path')
[6.322s] INFO:colcon.colcon_core.shell:Creating environment hook '/root/codes/S24_RobotProgramming_Ardent/roscourse_final_ws/install/aruco_tracker/share/aruco_tracker/hook/ament_prefix_path.ps1'
[6.325s] INFO:colcon.colcon_core.shell:Creating environment descriptor '/root/codes/S24_RobotProgramming_Ardent/roscourse_final_ws/install/aruco_tracker/share/aruco_tracker/hook/ament_prefix_path.dsv'
[6.327s] INFO:colcon.colcon_core.shell:Creating environment hook '/root/codes/S24_RobotProgramming_Ardent/roscourse_final_ws/install/aruco_tracker/share/aruco_tracker/hook/ament_prefix_path.sh'
[6.330s] INFO:colcon.colcon_core.shell:Skip shell extension 'powershell' for command environment: Not usable outside of PowerShell
[6.330s] DEBUG:colcon.colcon_core.shell:Skip shell extension 'dsv' for command environment
[7.745s] INFO:colcon.colcon_core.task.python.build:Building Python package in '/root/codes/S24_RobotProgramming_Ardent/roscourse_final_ws/src/aruco_tracker'
[7.747s] INFO:colcon.colcon_core.shell:Skip shell extension 'powershell' for command environment: Not usable outside of PowerShell
[7.747s] DEBUG:colcon.colcon_core.shell:Skip shell extension 'dsv' for command environment
[7.802s] DEBUG:colcon.colcon_core.event_handler.log_command:Invoking command in '/root/codes/S24_RobotProgramming_Ardent/roscourse_final_ws/src/control': PYTHONPATH=/root/codes/S24_RobotProgramming_Ardent/roscourse_final_ws/build/control/prefix_override:/root/codes/S24_RobotProgramming_Ardent/roscourse_final_ws/install/control/lib/python3.8/site-packages:${PYTHONPATH} /usr/bin/python3 -W ignore:setup.py install is deprecated setup.py egg_info --egg-base ../../build/control build --build-base /root/codes/S24_RobotProgramming_Ardent/roscourse_final_ws/build/control/build install --record /root/codes/S24_RobotProgramming_Ardent/roscourse_final_ws/build/control/install.log --install-scripts $base/lib/core --single-version-externally-managed install_data
[9.429s] Level 1:colcon.colcon_core.environment:checking '/root/codes/S24_RobotProgramming_Ardent/roscourse_final_ws/install/control' for CMake module files
[9.432s] Level 1:colcon.colcon_core.environment:checking '/root/codes/S24_RobotProgramming_Ardent/roscourse_final_ws/install/control' for CMake config files
[9.434s] Level 1:colcon.colcon_core.environment:checking '/root/codes/S24_RobotProgramming_Ardent/roscourse_final_ws/install/control/lib'
[9.435s] Level 1:colcon.colcon_core.environment:checking '/root/codes/S24_RobotProgramming_Ardent/roscourse_final_ws/install/control/bin'
[9.435s] Level 1:colcon.colcon_core.environment:checking '/root/codes/S24_RobotProgramming_Ardent/roscourse_final_ws/install/control/lib/pkgconfig/control.pc'
[9.436s] Level 1:colcon.colcon_core.environment:checking '/root/codes/S24_RobotProgramming_Ardent/roscourse_final_ws/install/control/lib/python3.8/site-packages'
[9.437s] Level 1:colcon.colcon_core.shell:create_environment_hook('control', 'pythonpath')
[9.438s] INFO:colcon.colcon_core.shell:Creating environment hook '/root/codes/S24_RobotProgramming_Ardent/roscourse_final_ws/install/control/share/control/hook/pythonpath.ps1'
[9.443s] DEBUG:colcon.colcon_core.event_handler.log_command:Invoked command in '/root/codes/S24_RobotProgramming_Ardent/roscourse_final_ws/src/control' returned '0': PYTHONPATH=/root/codes/S24_RobotProgramming_Ardent/roscourse_final_ws/build/control/prefix_override:/root/codes/S24_RobotProgramming_Ardent/roscourse_final_ws/install/control/lib/python3.8/site-packages:${PYTHONPATH} /usr/bin/python3 -W ignore:setup.py install is deprecated setup.py egg_info --egg-base ../../build/control build --build-base /root/codes/S24_RobotProgramming_Ardent/roscourse_final_ws/build/control/build install --record /root/codes/S24_RobotProgramming_Ardent/roscourse_final_ws/build/control/install.log --install-scripts $base/lib/core --single-version-externally-managed install_data
[9.444s] INFO:colcon.colcon_core.shell:Creating environment descriptor '/root/codes/S24_RobotProgramming_Ardent/roscourse_final_ws/install/control/share/control/hook/pythonpath.dsv'
[9.446s] INFO:colcon.colcon_core.shell:Creating environment hook '/root/codes/S24_RobotProgramming_Ardent/roscourse_final_ws/install/control/share/control/hook/pythonpath.sh'
[9.448s] Level 1:colcon.colcon_core.environment:checking '/root/codes/S24_RobotProgramming_Ardent/roscourse_final_ws/install/control/bin'
[9.449s] Level 1:colcon.colcon_core.environment:create_environment_scripts_only(control)
[9.451s] INFO:colcon.colcon_core.shell:Creating package script '/root/codes/S24_RobotProgramming_Ardent/roscourse_final_ws/install/control/share/control/package.ps1'
[9.455s] INFO:colcon.colcon_core.shell:Creating package descriptor '/root/codes/S24_RobotProgramming_Ardent/roscourse_final_ws/install/control/share/control/package.dsv'
[9.457s] INFO:colcon.colcon_core.shell:Creating package script '/root/codes/S24_RobotProgramming_Ardent/roscourse_final_ws/install/control/share/control/package.sh'
[9.458s] INFO:colcon.colcon_core.shell:Creating package script '/root/codes/S24_RobotProgramming_Ardent/roscourse_final_ws/install/control/share/control/package.bash'
[9.460s] INFO:colcon.colcon_core.shell:Creating package script '/root/codes/S24_RobotProgramming_Ardent/roscourse_final_ws/install/control/share/control/package.zsh'
[9.461s] Level 1:colcon.colcon_core.environment:create_file_with_runtime_dependencies(/root/codes/S24_RobotProgramming_Ardent/roscourse_final_ws/install/control/share/colcon-core/packages/control)
[10.090s] DEBUG:colcon.colcon_core.event_handler.log_command:Invoking command in '/root/codes/S24_RobotProgramming_Ardent/roscourse_final_ws/src/aruco_tracker': AMENT_PREFIX_PATH=/root/codes/S24_RobotProgramming_Ardent/roscourse_final_ws/install/aruco_interfaces:${AMENT_PREFIX_PATH} CMAKE_PREFIX_PATH=/root/codes/S24_RobotProgramming_Ardent/roscourse_final_ws/install/aruco_interfaces:${CMAKE_PREFIX_PATH} LD_LIBRARY_PATH=/root/codes/S24_RobotProgramming_Ardent/roscourse_final_ws/install/aruco_interfaces/lib:${LD_LIBRARY_PATH} PYTHONPATH=/root/codes/S24_RobotProgramming_Ardent/roscourse_final_ws/build/aruco_tracker/prefix_override:/root/codes/S24_RobotProgramming_Ardent/roscourse_final_ws/install/aruco_tracker/lib/python3.8/site-packages:/root/codes/S24_RobotProgramming_Ardent/roscourse_final_ws/install/aruco_interfaces/lib/python3.8/site-packages:${PYTHONPATH} /usr/bin/python3 -W ignore:setup.py install is deprecated setup.py egg_info --egg-base ../../build/aruco_tracker build --build-base /root/codes/S24_RobotProgramming_Ardent/roscourse_final_ws/build/aruco_tracker/build install --record /root/codes/S24_RobotProgramming_Ardent/roscourse_final_ws/build/aruco_tracker/install.log --install-scripts $base/lib/aruco_tracker --single-version-externally-managed install_data
[11.684s] Level 1:colcon.colcon_core.environment:checking '/root/codes/S24_RobotProgramming_Ardent/roscourse_final_ws/install/aruco_tracker' for CMake module files
[11.686s] DEBUG:colcon.colcon_core.event_handler.log_command:Invoked command in '/root/codes/S24_RobotProgramming_Ardent/roscourse_final_ws/src/aruco_tracker' returned '0': AMENT_PREFIX_PATH=/root/codes/S24_RobotProgramming_Ardent/roscourse_final_ws/install/aruco_interfaces:${AMENT_PREFIX_PATH} CMAKE_PREFIX_PATH=/root/codes/S24_RobotProgramming_Ardent/roscourse_final_ws/install/aruco_interfaces:${CMAKE_PREFIX_PATH} LD_LIBRARY_PATH=/root/codes/S24_RobotProgramming_Ardent/roscourse_final_ws/install/aruco_interfaces/lib:${LD_LIBRARY_PATH} PYTHONPATH=/root/codes/S24_RobotProgramming_Ardent/roscourse_final_ws/build/aruco_tracker/prefix_override:/root/codes/S24_RobotProgramming_Ardent/roscourse_final_ws/install/aruco_tracker/lib/python3.8/site-packages:/root/codes/S24_RobotProgramming_Ardent/roscourse_final_ws/install/aruco_interfaces/lib/python3.8/site-packages:${PYTHONPATH} /usr/bin/python3 -W ignore:setup.py install is deprecated setup.py egg_info --egg-base ../../build/aruco_tracker build --build-base /root/codes/S24_RobotProgramming_Ardent/roscourse_final_ws/build/aruco_tracker/build install --record /root/codes/S24_RobotProgramming_Ardent/roscourse_final_ws/build/aruco_tracker/install.log --install-scripts $base/lib/aruco_tracker --single-version-externally-managed install_data
[11.688s] Level 1:colcon.colcon_core.environment:checking '/root/codes/S24_RobotProgramming_Ardent/roscourse_final_ws/install/aruco_tracker' for CMake config files
[11.690s] Level 1:colcon.colcon_core.environment:checking '/root/codes/S24_RobotProgramming_Ardent/roscourse_final_ws/install/aruco_tracker/lib'
[11.691s] Level 1:colcon.colcon_core.environment:checking '/root/codes/S24_RobotProgramming_Ardent/roscourse_final_ws/install/aruco_tracker/bin'
[11.691s] Level 1:colcon.colcon_core.environment:checking '/root/codes/S24_RobotProgramming_Ardent/roscourse_final_ws/install/aruco_tracker/lib/pkgconfig/aruco_tracker.pc'
[11.692s] Level 1:colcon.colcon_core.environment:checking '/root/codes/S24_RobotProgramming_Ardent/roscourse_final_ws/install/aruco_tracker/lib/python3.8/site-packages'
[11.692s] Level 1:colcon.colcon_core.shell:create_environment_hook('aruco_tracker', 'pythonpath')
[11.693s] INFO:colcon.colcon_core.shell:Creating environment hook '/root/codes/S24_RobotProgramming_Ardent/roscourse_final_ws/install/aruco_tracker/share/aruco_tracker/hook/pythonpath.ps1'
[11.695s] INFO:colcon.colcon_core.shell:Creating environment descriptor '/root/codes/S24_RobotProgramming_Ardent/roscourse_final_ws/install/aruco_tracker/share/aruco_tracker/hook/pythonpath.dsv'
[11.696s] INFO:colcon.colcon_core.shell:Creating environment hook '/root/codes/S24_RobotProgramming_Ardent/roscourse_final_ws/install/aruco_tracker/share/aruco_tracker/hook/pythonpath.sh'
[11.698s] Level 1:colcon.colcon_core.environment:checking '/root/codes/S24_RobotProgramming_Ardent/roscourse_final_ws/install/aruco_tracker/bin'
[11.699s] Level 1:colcon.colcon_core.environment:create_environment_scripts_only(aruco_tracker)
[11.700s] INFO:colcon.colcon_core.shell:Creating package script '/root/codes/S24_RobotProgramming_Ardent/roscourse_final_ws/install/aruco_tracker/share/aruco_tracker/package.ps1'
[11.703s] INFO:colcon.colcon_core.shell:Creating package descriptor '/root/codes/S24_RobotProgramming_Ardent/roscourse_final_ws/install/aruco_tracker/share/aruco_tracker/package.dsv'
[11.705s] INFO:colcon.colcon_core.shell:Creating package script '/root/codes/S24_RobotProgramming_Ardent/roscourse_final_ws/install/aruco_tracker/share/aruco_tracker/package.sh'
[11.707s] INFO:colcon.colcon_core.shell:Creating package script '/root/codes/S24_RobotProgramming_Ardent/roscourse_final_ws/install/aruco_tracker/share/aruco_tracker/package.bash'
[11.708s] INFO:colcon.colcon_core.shell:Creating package script '/root/codes/S24_RobotProgramming_Ardent/roscourse_final_ws/install/aruco_tracker/share/aruco_tracker/package.zsh'
[11.709s] Level 1:colcon.colcon_core.environment:create_file_with_runtime_dependencies(/root/codes/S24_RobotProgramming_Ardent/roscourse_final_ws/install/aruco_tracker/share/colcon-core/packages/aruco_tracker)
[11.710s] DEBUG:colcon.colcon_parallel_executor.executor.parallel:closing loop
[11.711s] DEBUG:colcon.colcon_parallel_executor.executor.parallel:loop closed
[11.712s] DEBUG:colcon.colcon_parallel_executor.executor.parallel:run_until_complete finished with '0'
[11.712s] DEBUG:colcon.colcon_core.event_reactor:joining thread
[11.738s] INFO:colcon.colcon_core.plugin_system:Skipping extension 'colcon_notification.desktop_notification.notify_send': Could not find 'notify-send'
[11.738s] INFO:colcon.colcon_core.plugin_system:Skipping extension 'colcon_notification.desktop_notification.terminal_notifier': Not used on non-Darwin systems
[11.738s] INFO:colcon.colcon_core.plugin_system:Skipping extension 'colcon_notification.desktop_notification.win32': Not used on non-Windows systems
[11.739s] INFO:colcon.colcon_notification.desktop_notification:Sending desktop notification using 'notify2'
[11.757s] DEBUG:colcon.colcon_notification.desktop_notification.notify2:Failed to initialize notify2: org.freedesktop.DBus.Error.ServiceUnknown: The name org.freedesktop.Notifications was not provided by any .service files
[11.758s] DEBUG:colcon.colcon_core.event_reactor:joined thread
[11.760s] INFO:colcon.colcon_core.shell:Creating prefix script '/root/codes/S24_RobotProgramming_Ardent/roscourse_final_ws/install/local_setup.ps1'
[11.764s] INFO:colcon.colcon_core.shell:Creating prefix util module '/root/codes/S24_RobotProgramming_Ardent/roscourse_final_ws/install/_local_setup_util_ps1.py'
[11.770s] INFO:colcon.colcon_core.shell:Creating prefix chain script '/root/codes/S24_RobotProgramming_Ardent/roscourse_final_ws/install/setup.ps1'
[11.783s] INFO:colcon.colcon_core.shell:Creating prefix script '/root/codes/S24_RobotProgramming_Ardent/roscourse_final_ws/install/local_setup.sh'
[11.786s] INFO:colcon.colcon_core.shell:Creating prefix util module '/root/codes/S24_RobotProgramming_Ardent/roscourse_final_ws/install/_local_setup_util_sh.py'
[11.787s] INFO:colcon.colcon_core.shell:Creating prefix chain script '/root/codes/S24_RobotProgramming_Ardent/roscourse_final_ws/install/setup.sh'
[11.800s] INFO:colcon.colcon_core.shell:Creating prefix script '/root/codes/S24_RobotProgramming_Ardent/roscourse_final_ws/install/local_setup.bash'
[11.802s] INFO:colcon.colcon_core.shell:Creating prefix chain script '/root/codes/S24_RobotProgramming_Ardent/roscourse_final_ws/install/setup.bash'
[11.816s] INFO:colcon.colcon_core.shell:Creating prefix script '/root/codes/S24_RobotProgramming_Ardent/roscourse_final_ws/install/local_setup.zsh'
[11.818s] INFO:colcon.colcon_core.shell:Creating prefix chain script '/root/codes/S24_RobotProgramming_Ardent/roscourse_final_ws/install/setup.zsh'
