[0.033s] Invoking command in '/home/scott/roscourse_final_ws/build/aruco_interfaces': CMAKE_PREFIX_PATH=/opt/ros/foxy /usr/bin/cmake --build /home/scott/roscourse_final_ws/build/aruco_interfaces -- -j12 -l12
[0.122s] [  2%] Built target aruco_interfaces__cpp
[0.124s] [ 12%] Built target aruco_interfaces__rosidl_generator_c
[0.152s] [ 23%] Built target aruco_interfaces__rosidl_typesupport_introspection_cpp
[0.158s] [ 33%] Built target aruco_interfaces__rosidl_typesupport_cpp
[0.161s] [ 43%] Built target aruco_interfaces__rosidl_typesupport_fastrtps_cpp
[0.162s] [ 53%] Built target aruco_interfaces__rosidl_typesupport_c
[0.163s] [ 64%] Built target aruco_interfaces__rosidl_typesupport_introspection_c
[0.205s] [ 74%] Built target aruco_interfaces__rosidl_typesupport_fastrtps_c
[0.236s] [ 74%] Built target aruco_interfaces
[0.272s] [ 76%] Built target aruco_interfaces__py
[0.314s] [ 84%] Built target aruco_interfaces__python
[0.351s] [ 89%] Built target aruco_interfaces__rosidl_typesupport_fastrtps_c__pyext
[0.351s] [ 94%] Built target aruco_interfaces__rosidl_typesupport_c__pyext
[0.356s] [100%] Built target aruco_interfaces__rosidl_typesupport_introspection_c__pyext
[0.381s] Invoked command in '/home/scott/roscourse_final_ws/build/aruco_interfaces' returned '0': CMAKE_PREFIX_PATH=/opt/ros/foxy /usr/bin/cmake --build /home/scott/roscourse_final_ws/build/aruco_interfaces -- -j12 -l12
[0.500s] Invoking command in '/home/scott/roscourse_final_ws/build/aruco_interfaces': CMAKE_PREFIX_PATH=/opt/ros/foxy /usr/bin/cmake --install /home/scott/roscourse_final_ws/build/aruco_interfaces
[0.516s] -- Install configuration: ""
[0.516s] -- Up-to-date: /home/scott/roscourse_final_ws/install/aruco_interfaces/share/ament_index/resource_index/rosidl_interfaces/aruco_interfaces
[0.516s] -- Up-to-date: /home/scott/roscourse_final_ws/install/aruco_interfaces/include/aruco_interfaces
[0.516s] -- Up-to-date: /home/scott/roscourse_final_ws/install/aruco_interfaces/include/aruco_interfaces/msg
[0.516s] -- Up-to-date: /home/scott/roscourse_final_ws/install/aruco_interfaces/include/aruco_interfaces/msg/aruco_location.h
[0.517s] -- Up-to-date: /home/scott/roscourse_final_ws/install/aruco_interfaces/include/aruco_interfaces/msg/rosidl_generator_c__visibility_control.h
[0.517s] -- Up-to-date: /home/scott/roscourse_final_ws/install/aruco_interfaces/include/aruco_interfaces/msg/detail
[0.517s] -- Up-to-date: /home/scott/roscourse_final_ws/install/aruco_interfaces/include/aruco_interfaces/msg/detail/aruco_location__struct.h
[0.517s] -- Up-to-date: /home/scott/roscourse_final_ws/install/aruco_interfaces/include/aruco_interfaces/msg/detail/aruco_location__type_support.h
[0.518s] -- Up-to-date: /home/scott/roscourse_final_ws/install/aruco_interfaces/include/aruco_interfaces/msg/detail/aruco_location__functions.c
[0.518s] -- Up-to-date: /home/scott/roscourse_final_ws/install/aruco_interfaces/include/aruco_interfaces/msg/detail/aruco_location__functions.h
[0.518s] -- Up-to-date: /home/scott/roscourse_final_ws/install/aruco_interfaces/include/aruco_interfaces/srv
[0.518s] -- Up-to-date: /home/scott/roscourse_final_ws/install/aruco_interfaces/include/aruco_interfaces/srv/robot_command.h
[0.519s] -- Up-to-date: /home/scott/roscourse_final_ws/install/aruco_interfaces/include/aruco_interfaces/srv/detail
[0.519s] -- Up-to-date: /home/scott/roscourse_final_ws/install/aruco_interfaces/include/aruco_interfaces/srv/detail/robot_command__functions.c
[0.520s] -- Up-to-date: /home/scott/roscourse_final_ws/install/aruco_interfaces/include/aruco_interfaces/srv/detail/robot_command__type_support.h
[0.520s] -- Up-to-date: /home/scott/roscourse_final_ws/install/aruco_interfaces/include/aruco_interfaces/srv/detail/robot_command__struct.h
[0.520s] -- Up-to-date: /home/scott/roscourse_final_ws/install/aruco_interfaces/include/aruco_interfaces/srv/detail/robot_command__functions.h
[0.520s] -- Up-to-date: /home/scott/roscourse_final_ws/install/aruco_interfaces/share/aruco_interfaces/environment/library_path.sh
[0.520s] -- Up-to-date: /home/scott/roscourse_final_ws/install/aruco_interfaces/share/aruco_interfaces/environment/library_path.dsv
[0.520s] -- Up-to-date: /home/scott/roscourse_final_ws/install/aruco_interfaces/lib/libaruco_interfaces__rosidl_generator_c.so
[0.520s] -- Up-to-date: /home/scott/roscourse_final_ws/install/aruco_interfaces/include/aruco_interfaces
[0.521s] -- Up-to-date: /home/scott/roscourse_final_ws/install/aruco_interfaces/include/aruco_interfaces/msg
[0.521s] -- Up-to-date: /home/scott/roscourse_final_ws/install/aruco_interfaces/include/aruco_interfaces/msg/rosidl_typesupport_fastrtps_c__visibility_control.h
[0.521s] -- Up-to-date: /home/scott/roscourse_final_ws/install/aruco_interfaces/include/aruco_interfaces/msg/detail
[0.521s] -- Up-to-date: /home/scott/roscourse_final_ws/install/aruco_interfaces/include/aruco_interfaces/msg/detail/aruco_location__rosidl_typesupport_fastrtps_c.h
[0.521s] -- Up-to-date: /home/scott/roscourse_final_ws/install/aruco_interfaces/include/aruco_interfaces/srv
[0.522s] -- Up-to-date: /home/scott/roscourse_final_ws/install/aruco_interfaces/include/aruco_interfaces/srv/detail
[0.522s] -- Up-to-date: /home/scott/roscourse_final_ws/install/aruco_interfaces/include/aruco_interfaces/srv/detail/robot_command__rosidl_typesupport_fastrtps_c.h
[0.522s] -- Up-to-date: /home/scott/roscourse_final_ws/install/aruco_interfaces/lib/libaruco_interfaces__rosidl_typesupport_fastrtps_c.so
[0.522s] -- Up-to-date: /home/scott/roscourse_final_ws/install/aruco_interfaces/include/aruco_interfaces
[0.522s] -- Up-to-date: /home/scott/roscourse_final_ws/install/aruco_interfaces/include/aruco_interfaces/msg
[0.522s] -- Up-to-date: /home/scott/roscourse_final_ws/install/aruco_interfaces/include/aruco_interfaces/msg/rosidl_typesupport_fastrtps_cpp__visibility_control.h
[0.522s] -- Up-to-date: /home/scott/roscourse_final_ws/install/aruco_interfaces/include/aruco_interfaces/msg/detail
[0.523s] -- Up-to-date: /home/scott/roscourse_final_ws/install/aruco_interfaces/include/aruco_interfaces/msg/detail/aruco_location__rosidl_typesupport_fastrtps_cpp.hpp
[0.523s] -- Up-to-date: /home/scott/roscourse_final_ws/install/aruco_interfaces/include/aruco_interfaces/msg/detail/dds_fastrtps
[0.523s] -- Up-to-date: /home/scott/roscourse_final_ws/install/aruco_interfaces/include/aruco_interfaces/srv
[0.523s] -- Up-to-date: /home/scott/roscourse_final_ws/install/aruco_interfaces/include/aruco_interfaces/srv/detail
[0.523s] -- Up-to-date: /home/scott/roscourse_final_ws/install/aruco_interfaces/include/aruco_interfaces/srv/detail/robot_command__rosidl_typesupport_fastrtps_cpp.hpp
[0.523s] -- Up-to-date: /home/scott/roscourse_final_ws/install/aruco_interfaces/include/aruco_interfaces/srv/detail/dds_fastrtps
[0.523s] -- Up-to-date: /home/scott/roscourse_final_ws/install/aruco_interfaces/lib/libaruco_interfaces__rosidl_typesupport_fastrtps_cpp.so
[0.524s] -- Up-to-date: /home/scott/roscourse_final_ws/install/aruco_interfaces/include/aruco_interfaces
[0.524s] -- Up-to-date: /home/scott/roscourse_final_ws/install/aruco_interfaces/include/aruco_interfaces/msg
[0.524s] -- Up-to-date: /home/scott/roscourse_final_ws/install/aruco_interfaces/include/aruco_interfaces/msg/rosidl_typesupport_introspection_c__visibility_control.h
[0.524s] -- Up-to-date: /home/scott/roscourse_final_ws/install/aruco_interfaces/include/aruco_interfaces/msg/detail
[0.524s] -- Up-to-date: /home/scott/roscourse_final_ws/install/aruco_interfaces/include/aruco_interfaces/msg/detail/aruco_location__rosidl_typesupport_introspection_c.h
[0.524s] -- Up-to-date: /home/scott/roscourse_final_ws/install/aruco_interfaces/include/aruco_interfaces/msg/detail/aruco_location__type_support.c
[0.524s] -- Up-to-date: /home/scott/roscourse_final_ws/install/aruco_interfaces/include/aruco_interfaces/srv
[0.525s] -- Up-to-date: /home/scott/roscourse_final_ws/install/aruco_interfaces/include/aruco_interfaces/srv/detail
[0.525s] -- Up-to-date: /home/scott/roscourse_final_ws/install/aruco_interfaces/include/aruco_interfaces/srv/detail/robot_command__type_support.c
[0.525s] -- Up-to-date: /home/scott/roscourse_final_ws/install/aruco_interfaces/include/aruco_interfaces/srv/detail/robot_command__rosidl_typesupport_introspection_c.h
[0.525s] -- Up-to-date: /home/scott/roscourse_final_ws/install/aruco_interfaces/lib/libaruco_interfaces__rosidl_typesupport_introspection_c.so
[0.525s] -- Up-to-date: /home/scott/roscourse_final_ws/install/aruco_interfaces/lib/libaruco_interfaces__rosidl_typesupport_c.so
[0.525s] -- Up-to-date: /home/scott/roscourse_final_ws/install/aruco_interfaces/include/aruco_interfaces
[0.526s] -- Up-to-date: /home/scott/roscourse_final_ws/install/aruco_interfaces/include/aruco_interfaces/msg
[0.526s] -- Up-to-date: /home/scott/roscourse_final_ws/install/aruco_interfaces/include/aruco_interfaces/msg/aruco_location.hpp
[0.526s] -- Up-to-date: /home/scott/roscourse_final_ws/install/aruco_interfaces/include/aruco_interfaces/msg/detail
[0.526s] -- Up-to-date: /home/scott/roscourse_final_ws/install/aruco_interfaces/include/aruco_interfaces/msg/detail/aruco_location__builder.hpp
[0.526s] -- Up-to-date: /home/scott/roscourse_final_ws/install/aruco_interfaces/include/aruco_interfaces/msg/detail/aruco_location__traits.hpp
[0.526s] -- Up-to-date: /home/scott/roscourse_final_ws/install/aruco_interfaces/include/aruco_interfaces/msg/detail/aruco_location__struct.hpp
[0.526s] -- Up-to-date: /home/scott/roscourse_final_ws/install/aruco_interfaces/include/aruco_interfaces/srv
[0.526s] -- Up-to-date: /home/scott/roscourse_final_ws/install/aruco_interfaces/include/aruco_interfaces/srv/robot_command.hpp
[0.526s] -- Up-to-date: /home/scott/roscourse_final_ws/install/aruco_interfaces/include/aruco_interfaces/srv/detail
[0.526s] -- Up-to-date: /home/scott/roscourse_final_ws/install/aruco_interfaces/include/aruco_interfaces/srv/detail/robot_command__builder.hpp
[0.527s] -- Up-to-date: /home/scott/roscourse_final_ws/install/aruco_interfaces/include/aruco_interfaces/srv/detail/robot_command__traits.hpp
[0.527s] -- Up-to-date: /home/scott/roscourse_final_ws/install/aruco_interfaces/include/aruco_interfaces/srv/detail/robot_command__struct.hpp
[0.527s] -- Up-to-date: /home/scott/roscourse_final_ws/install/aruco_interfaces/include/aruco_interfaces
[0.527s] -- Up-to-date: /home/scott/roscourse_final_ws/install/aruco_interfaces/include/aruco_interfaces/msg
[0.527s] -- Up-to-date: /home/scott/roscourse_final_ws/install/aruco_interfaces/include/aruco_interfaces/msg/detail
[0.527s] -- Up-to-date: /home/scott/roscourse_final_ws/install/aruco_interfaces/include/aruco_interfaces/msg/detail/aruco_location__type_support.cpp
[0.527s] -- Up-to-date: /home/scott/roscourse_final_ws/install/aruco_interfaces/include/aruco_interfaces/msg/detail/aruco_location__rosidl_typesupport_introspection_cpp.hpp
[0.527s] -- Up-to-date: /home/scott/roscourse_final_ws/install/aruco_interfaces/include/aruco_interfaces/srv
[0.527s] -- Up-to-date: /home/scott/roscourse_final_ws/install/aruco_interfaces/include/aruco_interfaces/srv/detail
[0.527s] -- Up-to-date: /home/scott/roscourse_final_ws/install/aruco_interfaces/include/aruco_interfaces/srv/detail/robot_command__type_support.cpp
[0.527s] -- Up-to-date: /home/scott/roscourse_final_ws/install/aruco_interfaces/include/aruco_interfaces/srv/detail/robot_command__rosidl_typesupport_introspection_cpp.hpp
[0.527s] -- Up-to-date: /home/scott/roscourse_final_ws/install/aruco_interfaces/lib/libaruco_interfaces__rosidl_typesupport_introspection_cpp.so
[0.528s] -- Up-to-date: /home/scott/roscourse_final_ws/install/aruco_interfaces/lib/libaruco_interfaces__rosidl_typesupport_cpp.so
[0.528s] -- Up-to-date: /home/scott/roscourse_final_ws/install/aruco_interfaces/share/aruco_interfaces/environment/pythonpath.sh
[0.528s] -- Up-to-date: /home/scott/roscourse_final_ws/install/aruco_interfaces/share/aruco_interfaces/environment/pythonpath.dsv
[0.528s] -- Up-to-date: /home/scott/roscourse_final_ws/install/aruco_interfaces/lib/python3.8/site-packages/aruco_interfaces/__init__.py
[0.570s] -- Up-to-date: /home/scott/roscourse_final_ws/install/aruco_interfaces/lib/python3.8/site-packages/aruco_interfaces/srv
[0.570s] -- Up-to-date: /home/scott/roscourse_final_ws/install/aruco_interfaces/lib/python3.8/site-packages/aruco_interfaces/srv/__init__.py
[0.570s] -- Up-to-date: /home/scott/roscourse_final_ws/install/aruco_interfaces/lib/python3.8/site-packages/aruco_interfaces/srv/_robot_command_s.c
[0.570s] -- Up-to-date: /home/scott/roscourse_final_ws/install/aruco_interfaces/lib/python3.8/site-packages/aruco_interfaces/srv/_robot_command.py
[0.570s] -- Up-to-date: /home/scott/roscourse_final_ws/install/aruco_interfaces/lib/python3.8/site-packages/aruco_interfaces/msg
[0.571s] -- Up-to-date: /home/scott/roscourse_final_ws/install/aruco_interfaces/lib/python3.8/site-packages/aruco_interfaces/msg/_aruco_location.py
[0.571s] -- Up-to-date: /home/scott/roscourse_final_ws/install/aruco_interfaces/lib/python3.8/site-packages/aruco_interfaces/msg/__init__.py
[0.571s] -- Up-to-date: /home/scott/roscourse_final_ws/install/aruco_interfaces/lib/python3.8/site-packages/aruco_interfaces/msg/_aruco_location_s.c
[0.571s] -- Up-to-date: /home/scott/roscourse_final_ws/install/aruco_interfaces/lib/python3.8/site-packages/aruco_interfaces/aruco_interfaces_s__rosidl_typesupport_fastrtps_c.cpython-38-x86_64-linux-gnu.so
[0.572s] -- Up-to-date: /home/scott/roscourse_final_ws/install/aruco_interfaces/lib/python3.8/site-packages/aruco_interfaces/aruco_interfaces_s__rosidl_typesupport_introspection_c.cpython-38-x86_64-linux-gnu.so
[0.574s] -- Up-to-date: /home/scott/roscourse_final_ws/install/aruco_interfaces/lib/python3.8/site-packages/aruco_interfaces/aruco_interfaces_s__rosidl_typesupport_c.cpython-38-x86_64-linux-gnu.so
[0.575s] -- Up-to-date: /home/scott/roscourse_final_ws/install/aruco_interfaces/lib/libaruco_interfaces__python.so
[0.575s] -- Up-to-date: /home/scott/roscourse_final_ws/install/aruco_interfaces/share/aruco_interfaces/srv/RobotCommand.idl
[0.576s] -- Up-to-date: /home/scott/roscourse_final_ws/install/aruco_interfaces/share/aruco_interfaces/msg/ArucoLocation.idl
[0.576s] -- Up-to-date: /home/scott/roscourse_final_ws/install/aruco_interfaces/share/aruco_interfaces/srv/RobotCommand.srv
[0.576s] -- Up-to-date: /home/scott/roscourse_final_ws/install/aruco_interfaces/share/aruco_interfaces/srv/RobotCommand_Request.msg
[0.576s] -- Up-to-date: /home/scott/roscourse_final_ws/install/aruco_interfaces/share/aruco_interfaces/srv/RobotCommand_Response.msg
[0.576s] -- Up-to-date: /home/scott/roscourse_final_ws/install/aruco_interfaces/share/aruco_interfaces/msg/ArucoLocation.msg
[0.576s] -- Up-to-date: /home/scott/roscourse_final_ws/install/aruco_interfaces/share/ament_index/resource_index/package_run_dependencies/aruco_interfaces
[0.576s] -- Up-to-date: /home/scott/roscourse_final_ws/install/aruco_interfaces/share/ament_index/resource_index/parent_prefix_path/aruco_interfaces
[0.577s] -- Up-to-date: /home/scott/roscourse_final_ws/install/aruco_interfaces/share/aruco_interfaces/environment/ament_prefix_path.sh
[0.577s] -- Up-to-date: /home/scott/roscourse_final_ws/install/aruco_interfaces/share/aruco_interfaces/environment/ament_prefix_path.dsv
[0.577s] -- Up-to-date: /home/scott/roscourse_final_ws/install/aruco_interfaces/share/aruco_interfaces/environment/path.sh
[0.577s] -- Up-to-date: /home/scott/roscourse_final_ws/install/aruco_interfaces/share/aruco_interfaces/environment/path.dsv
[0.577s] -- Up-to-date: /home/scott/roscourse_final_ws/install/aruco_interfaces/share/aruco_interfaces/local_setup.bash
[0.577s] -- Up-to-date: /home/scott/roscourse_final_ws/install/aruco_interfaces/share/aruco_interfaces/local_setup.sh
[0.577s] -- Up-to-date: /home/scott/roscourse_final_ws/install/aruco_interfaces/share/aruco_interfaces/local_setup.zsh
[0.577s] -- Up-to-date: /home/scott/roscourse_final_ws/install/aruco_interfaces/share/aruco_interfaces/local_setup.dsv
[0.577s] -- Installing: /home/scott/roscourse_final_ws/install/aruco_interfaces/share/aruco_interfaces/package.dsv
[0.577s] -- Up-to-date: /home/scott/roscourse_final_ws/install/aruco_interfaces/share/ament_index/resource_index/packages/aruco_interfaces
[0.578s] -- Up-to-date: /home/scott/roscourse_final_ws/install/aruco_interfaces/share/aruco_interfaces/cmake/aruco_interfaces__rosidl_generator_cExport.cmake
[0.578s] -- Up-to-date: /home/scott/roscourse_final_ws/install/aruco_interfaces/share/aruco_interfaces/cmake/aruco_interfaces__rosidl_generator_cExport-noconfig.cmake
[0.578s] -- Up-to-date: /home/scott/roscourse_final_ws/install/aruco_interfaces/share/aruco_interfaces/cmake/aruco_interfaces__rosidl_typesupport_introspection_cExport.cmake
[0.578s] -- Up-to-date: /home/scott/roscourse_final_ws/install/aruco_interfaces/share/aruco_interfaces/cmake/aruco_interfaces__rosidl_typesupport_introspection_cExport-noconfig.cmake
[0.578s] -- Up-to-date: /home/scott/roscourse_final_ws/install/aruco_interfaces/share/aruco_interfaces/cmake/aruco_interfaces__rosidl_typesupport_cExport.cmake
[0.578s] -- Up-to-date: /home/scott/roscourse_final_ws/install/aruco_interfaces/share/aruco_interfaces/cmake/aruco_interfaces__rosidl_typesupport_cExport-noconfig.cmake
[0.578s] -- Up-to-date: /home/scott/roscourse_final_ws/install/aruco_interfaces/share/aruco_interfaces/cmake/aruco_interfaces__rosidl_generator_cppExport.cmake
[0.579s] -- Up-to-date: /home/scott/roscourse_final_ws/install/aruco_interfaces/share/aruco_interfaces/cmake/aruco_interfaces__rosidl_typesupport_introspection_cppExport.cmake
[0.579s] -- Up-to-date: /home/scott/roscourse_final_ws/install/aruco_interfaces/share/aruco_interfaces/cmake/aruco_interfaces__rosidl_typesupport_introspection_cppExport-noconfig.cmake
[0.579s] -- Up-to-date: /home/scott/roscourse_final_ws/install/aruco_interfaces/share/aruco_interfaces/cmake/aruco_interfaces__rosidl_typesupport_cppExport.cmake
[0.580s] -- Up-to-date: /home/scott/roscourse_final_ws/install/aruco_interfaces/share/aruco_interfaces/cmake/aruco_interfaces__rosidl_typesupport_cppExport-noconfig.cmake
[0.580s] -- Up-to-date: /home/scott/roscourse_final_ws/install/aruco_interfaces/share/aruco_interfaces/cmake/rosidl_cmake-extras.cmake
[0.580s] -- Up-to-date: /home/scott/roscourse_final_ws/install/aruco_interfaces/share/aruco_interfaces/cmake/ament_cmake_export_dependencies-extras.cmake
[0.580s] -- Up-to-date: /home/scott/roscourse_final_ws/install/aruco_interfaces/share/aruco_interfaces/cmake/ament_cmake_export_libraries-extras.cmake
[0.580s] -- Up-to-date: /home/scott/roscourse_final_ws/install/aruco_interfaces/share/aruco_interfaces/cmake/ament_cmake_export_targets-extras.cmake
[0.580s] -- Up-to-date: /home/scott/roscourse_final_ws/install/aruco_interfaces/share/aruco_interfaces/cmake/ament_cmake_export_include_directories-extras.cmake
[0.581s] -- Up-to-date: /home/scott/roscourse_final_ws/install/aruco_interfaces/share/aruco_interfaces/cmake/rosidl_cmake_export_typesupport_libraries-extras.cmake
[0.581s] -- Up-to-date: /home/scott/roscourse_final_ws/install/aruco_interfaces/share/aruco_interfaces/cmake/rosidl_cmake_export_typesupport_targets-extras.cmake
[0.581s] -- Up-to-date: /home/scott/roscourse_final_ws/install/aruco_interfaces/share/aruco_interfaces/cmake/aruco_interfacesConfig.cmake
[0.581s] -- Up-to-date: /home/scott/roscourse_final_ws/install/aruco_interfaces/share/aruco_interfaces/cmake/aruco_interfacesConfig-version.cmake
[0.581s] -- Up-to-date: /home/scott/roscourse_final_ws/install/aruco_interfaces/share/aruco_interfaces/package.xml
[0.584s] Invoked command in '/home/scott/roscourse_final_ws/build/aruco_interfaces' returned '0': CMAKE_PREFIX_PATH=/opt/ros/foxy /usr/bin/cmake --install /home/scott/roscourse_final_ws/build/aruco_interfaces
