[4.298s] Invoking command in '/root/codes/S24_RobotProgramming_Ardent/roscourse_final_ws/src/control': PYTHONPATH=/root/codes/S24_RobotProgramming_Ardent/roscourse_final_ws/build/control/prefix_override:/root/codes/S24_RobotProgramming_Ardent/roscourse_final_ws/install/control/lib/python3.8/site-packages:${PYTHONPATH} /usr/bin/python3 -W ignore:setup.py install is deprecated setup.py egg_info --egg-base ../../build/control build --build-base /root/codes/S24_RobotProgramming_Ardent/roscourse_final_ws/build/control/build install --record /root/codes/S24_RobotProgramming_Ardent/roscourse_final_ws/build/control/install.log --install-scripts $base/lib/core --single-version-externally-managed install_data
[5.530s] running egg_info
[5.532s] writing ../../build/control/control.egg-info/PKG-INFO
[5.533s] writing dependency_links to ../../build/control/control.egg-info/dependency_links.txt
[5.534s] writing entry points to ../../build/control/control.egg-info/entry_points.txt
[5.534s] writing requirements to ../../build/control/control.egg-info/requires.txt
[5.534s] writing top-level names to ../../build/control/control.egg-info/top_level.txt
[5.707s] reading manifest file '../../build/control/control.egg-info/SOURCES.txt'
[5.711s] writing manifest file '../../build/control/control.egg-info/SOURCES.txt'
[5.712s] running build
[5.712s] running build_py
[5.713s] running install
[5.717s] running install_lib
[5.724s] running install_data
[5.728s] running install_egg_info
[5.734s] removing '/root/codes/S24_RobotProgramming_Ardent/roscourse_final_ws/install/control/lib/python3.8/site-packages/control-0.0.0-py3.8.egg-info' (and everything under it)
[5.735s] Copying ../../build/control/control.egg-info to /root/codes/S24_RobotProgramming_Ardent/roscourse_final_ws/install/control/lib/python3.8/site-packages/control-0.0.0-py3.8.egg-info
[5.739s] running install_scripts
[5.817s] writing list of installed files to '/root/codes/S24_RobotProgramming_Ardent/roscourse_final_ws/build/control/install.log'
[5.939s] Invoked command in '/root/codes/S24_RobotProgramming_Ardent/roscourse_final_ws/src/control' returned '0': PYTHONPATH=/root/codes/S24_RobotProgramming_Ardent/roscourse_final_ws/build/control/prefix_override:/root/codes/S24_RobotProgramming_Ardent/roscourse_final_ws/install/control/lib/python3.8/site-packages:${PYTHONPATH} /usr/bin/python3 -W ignore:setup.py install is deprecated setup.py egg_info --egg-base ../../build/control build --build-base /root/codes/S24_RobotProgramming_Ardent/roscourse_final_ws/build/control/build install --record /root/codes/S24_RobotProgramming_Ardent/roscourse_final_ws/build/control/install.log --install-scripts $base/lib/core --single-version-externally-managed install_data
