running egg_info
creating ../../build/control/control.egg-info
writing ../../build/control/control.egg-info/PKG-INFO
writing dependency_links to ../../build/control/control.egg-info/dependency_links.txt
writing entry points to ../../build/control/control.egg-info/entry_points.txt
writing requirements to ../../build/control/control.egg-info/requires.txt
writing top-level names to ../../build/control/control.egg-info/top_level.txt
writing manifest file '../../build/control/control.egg-info/SOURCES.txt'
reading manifest file '../../build/control/control.egg-info/SOURCES.txt'
writing manifest file '../../build/control/control.egg-info/SOURCES.txt'
running build
running build_py
creating /home/scott/roscourse_final_ws/build/control/build
creating /home/scott/roscourse_final_ws/build/control/build/lib
creating /home/scott/roscourse_final_ws/build/control/build/lib/control
copying control/__init__.py -> /home/scott/roscourse_final_ws/build/control/build/lib/control
running install
running install_lib
creating /home/scott/roscourse_final_ws/install/control/lib/python3.8/site-packages/control
copying /home/scott/roscourse_final_ws/build/control/build/lib/control/__init__.py -> /home/scott/roscourse_final_ws/install/control/lib/python3.8/site-packages/control
byte-compiling /home/scott/roscourse_final_ws/install/control/lib/python3.8/site-packages/control/__init__.py to __init__.cpython-38.pyc
running install_data
creating /home/scott/roscourse_final_ws/install/control/share
creating /home/scott/roscourse_final_ws/install/control/share/ament_index
creating /home/scott/roscourse_final_ws/install/control/share/ament_index/resource_index
creating /home/scott/roscourse_final_ws/install/control/share/ament_index/resource_index/packages
error: can't copy 'resource/control': doesn't exist or not a regular file
