[0.977s] Invoking command in '/home/scott/roscourse_final_ws/src/control': PYTHONPATH=/home/scott/roscourse_final_ws/build/control/prefix_override:/home/scott/roscourse_final_ws/install/control/lib/python3.8/site-packages:${PYTHONPATH} /usr/bin/python3 setup.py egg_info --egg-base ../../build/control build --build-base /home/scott/roscourse_final_ws/build/control/build install --record /home/scott/roscourse_final_ws/build/control/install.log --install-scripts $base/lib/core --single-version-externally-managed
[1.271s] running egg_info
[1.271s] creating ../../build/control/control.egg-info
[1.271s] writing ../../build/control/control.egg-info/PKG-INFO
[1.272s] writing dependency_links to ../../build/control/control.egg-info/dependency_links.txt
[1.272s] writing entry points to ../../build/control/control.egg-info/entry_points.txt
[1.272s] writing requirements to ../../build/control/control.egg-info/requires.txt
[1.272s] writing top-level names to ../../build/control/control.egg-info/top_level.txt
[1.273s] writing manifest file '../../build/control/control.egg-info/SOURCES.txt'
[1.319s] reading manifest file '../../build/control/control.egg-info/SOURCES.txt'
[1.320s] writing manifest file '../../build/control/control.egg-info/SOURCES.txt'
[1.320s] running build
[1.320s] running build_py
[1.320s] creating /home/scott/roscourse_final_ws/build/control/build
[1.320s] creating /home/scott/roscourse_final_ws/build/control/build/lib
[1.320s] creating /home/scott/roscourse_final_ws/build/control/build/lib/control
[1.320s] copying control/__init__.py -> /home/scott/roscourse_final_ws/build/control/build/lib/control
[1.321s] running install
[1.321s] running install_lib
[1.322s] creating /home/scott/roscourse_final_ws/install/control/lib/python3.8/site-packages/control
[1.323s] copying /home/scott/roscourse_final_ws/build/control/build/lib/control/__init__.py -> /home/scott/roscourse_final_ws/install/control/lib/python3.8/site-packages/control
[1.323s] byte-compiling /home/scott/roscourse_final_ws/install/control/lib/python3.8/site-packages/control/__init__.py to __init__.cpython-38.pyc
[1.324s] running install_data
[1.325s] creating /home/scott/roscourse_final_ws/install/control/share
[1.326s] creating /home/scott/roscourse_final_ws/install/control/share/ament_index
[1.326s] creating /home/scott/roscourse_final_ws/install/control/share/ament_index/resource_index
[1.326s] creating /home/scott/roscourse_final_ws/install/control/share/ament_index/resource_index/packages
[1.326s] error: can't copy 'resource/control': doesn't exist or not a regular file
[1.351s] Invoked command in '/home/scott/roscourse_final_ws/src/control' returned '1': PYTHONPATH=/home/scott/roscourse_final_ws/build/control/prefix_override:/home/scott/roscourse_final_ws/install/control/lib/python3.8/site-packages:${PYTHONPATH} /usr/bin/python3 setup.py egg_info --egg-base ../../build/control build --build-base /home/scott/roscourse_final_ws/build/control/build install --record /home/scott/roscourse_final_ws/build/control/install.log --install-scripts $base/lib/core --single-version-externally-managed
