[0.035s] Invoking command in '/home/scott/roscourse_final_ws/build/aruco_interfaces': CMAKE_PREFIX_PATH=/opt/ros/foxy /usr/bin/cmake /home/scott/roscourse_final_ws/src/aruco_interfaces -DCMAKE_INSTALL_PREFIX=/home/scott/roscourse_final_ws/install/aruco_interfaces
[0.126s] -- The C compiler identification is GNU 9.4.0
[0.209s] -- The CXX compiler identification is GNU 9.4.0
[0.217s] -- Check for working C compiler: /usr/bin/cc
[0.326s] -- Check for working C compiler: /usr/bin/cc -- works
[0.328s] -- Detecting C compiler ABI info
[0.449s] -- Detecting C compiler ABI info - done
[0.469s] -- Detecting C compile features
[0.470s] -- Detecting C compile features - done
[0.474s] -- Check for working CXX compiler: /usr/bin/c++
[0.597s] -- Check for working CXX compiler: /usr/bin/c++ -- works
[0.600s] -- Detecting CXX compiler ABI info
[0.720s] -- Detecting CXX compiler ABI info - done
[0.739s] -- Detecting CXX compile features
[0.740s] -- Detecting CXX compile features - done
[0.743s] -- Found ament_cmake: 0.9.11 (/opt/ros/foxy/share/ament_cmake/cmake)
[0.776s] -- Found PythonInterp: /usr/bin/python3 (found suitable version "3.8.10", minimum required is "3") 
[0.776s] -- Using PYTHON_EXECUTABLE: /usr/bin/python3
[1.040s] -- Found ament_lint_auto: 0.9.7 (/opt/ros/foxy/share/ament_lint_auto/cmake)
[1.132s] -- Found geometry_msgs: 2.0.5 (/opt/ros/foxy/share/geometry_msgs/cmake)
[1.174s] -- Using all available rosidl_typesupport_c: rosidl_typesupport_fastrtps_c;rosidl_typesupport_introspection_c
[1.182s] -- Found rosidl_adapter: 1.3.0 (/opt/ros/foxy/share/rosidl_adapter/cmake)
[1.308s] -- Found OpenSSL: /usr/lib/x86_64-linux-gnu/libcrypto.so (found version "1.1.1f")  
[1.352s] -- Found FastRTPS: /opt/ros/foxy/include  
[1.461s] -- Using all available rosidl_typesupport_cpp: rosidl_typesupport_fastrtps_cpp;rosidl_typesupport_introspection_cpp
[1.581s] -- Found rosidl_default_generators: 1.0.1 (/opt/ros/foxy/share/rosidl_default_generators/cmake)
[1.625s] -- Found PythonInterp: /usr/bin/python3 (found version "3.8.10") 
[1.792s] -- Found ament_cmake_ros: 0.9.2 (/opt/ros/foxy/share/ament_cmake_ros/cmake)
[2.155s] -- Using all available rosidl_typesupport_c: rosidl_typesupport_fastrtps_c;rosidl_typesupport_introspection_c
[2.312s] -- Using all available rosidl_typesupport_cpp: rosidl_typesupport_fastrtps_cpp;rosidl_typesupport_introspection_cpp
[2.347s] -- Found PythonInterp: /usr/bin/python3 (found suitable version "3.8.10", minimum required is "3.5") 
[2.350s] -- Found python_cmake_module: 0.8.1 (/opt/ros/foxy/share/python_cmake_module/cmake)
[2.390s] -- Found PythonLibs: /usr/lib/x86_64-linux-gnu/libpython3.8.so (found suitable version "3.8.10", minimum required is "3.5") 
[2.390s] -- Using PYTHON_EXECUTABLE: /usr/bin/python3
[2.390s] -- Using PYTHON_INCLUDE_DIRS: /usr/include/python3.8
[2.390s] -- Using PYTHON_LIBRARIES: /usr/lib/x86_64-linux-gnu/libpython3.8.so
[2.421s] -- Found PythonExtra: .so  
[2.537s] -- Added test 'copyright' to check source files copyright and LICENSE
[2.539s] -- Added test 'lint_cmake' to check CMake code style
[2.540s] -- Added test 'xmllint' to check XML markup files
[2.549s] -- Configuring done
[2.627s] -- Generating done
[2.631s] -- Build files have been written to: /home/scott/roscourse_final_ws/build/aruco_interfaces
