running egg_info
writing ../../build/control/control.egg-info/PKG-INFO
writing dependency_links to ../../build/control/control.egg-info/dependency_links.txt
writing entry points to ../../build/control/control.egg-info/entry_points.txt
writing requirements to ../../build/control/control.egg-info/requires.txt
writing top-level names to ../../build/control/control.egg-info/top_level.txt
reading manifest file '../../build/control/control.egg-info/SOURCES.txt'
writing manifest file '../../build/control/control.egg-info/SOURCES.txt'
running build
running build_py
running install
running install_lib
running install_data
copying resource/control -> /home/scott/roscourse_final_ws/install/control/share/ament_index/resource_index/packages
creating /home/scott/roscourse_final_ws/install/control/share/control
copying package.xml -> /home/scott/roscourse_final_ws/install/control/share/control
copying launch/simple.launch.py -> /home/scott/roscourse_final_ws/install/control/share/control
copying launch/aruco_tracker.launch.py -> /home/scott/roscourse_final_ws/install/control/share/control
running install_egg_info
Copying ../../build/control/control.egg-info to /home/scott/roscourse_final_ws/install/control/lib/python3.8/site-packages/control-0.0.0-py3.8.egg-info
running install_scripts
writing list of installed files to '/home/scott/roscourse_final_ws/build/control/install.log'
