[1.072s] Invoking command in '/home/scott/roscourse_final_ws/src/control': PYTHONPATH=/home/scott/roscourse_final_ws/build/control/prefix_override:/home/scott/roscourse_final_ws/install/control/lib/python3.8/site-packages:${PYTHONPATH} /usr/bin/python3 setup.py egg_info --egg-base ../../build/control build --build-base /home/scott/roscourse_final_ws/build/control/build install --record /home/scott/roscourse_final_ws/build/control/install.log --install-scripts $base/lib/core --single-version-externally-managed
[1.509s] running egg_info
[1.509s] writing ../../build/control/control.egg-info/PKG-INFO
[1.510s] writing dependency_links to ../../build/control/control.egg-info/dependency_links.txt
[1.510s] writing entry points to ../../build/control/control.egg-info/entry_points.txt
[1.510s] writing requirements to ../../build/control/control.egg-info/requires.txt
[1.510s] writing top-level names to ../../build/control/control.egg-info/top_level.txt
[1.557s] reading manifest file '../../build/control/control.egg-info/SOURCES.txt'
[1.559s] writing manifest file '../../build/control/control.egg-info/SOURCES.txt'
[1.559s] running build
[1.559s] running build_py
[1.559s] running install
[1.560s] running install_lib
[1.562s] running install_data
[1.563s] copying resource/control -> /home/scott/roscourse_final_ws/install/control/share/ament_index/resource_index/packages
[1.563s] creating /home/scott/roscourse_final_ws/install/control/share/control
[1.563s] copying package.xml -> /home/scott/roscourse_final_ws/install/control/share/control
[1.563s] copying launch/simple.launch.py -> /home/scott/roscourse_final_ws/install/control/share/control
[1.563s] copying launch/aruco_tracker.launch.py -> /home/scott/roscourse_final_ws/install/control/share/control
[1.563s] running install_egg_info
[1.565s] Copying ../../build/control/control.egg-info to /home/scott/roscourse_final_ws/install/control/lib/python3.8/site-packages/control-0.0.0-py3.8.egg-info
[1.566s] running install_scripts
[1.589s] writing list of installed files to '/home/scott/roscourse_final_ws/build/control/install.log'
[1.623s] Invoked command in '/home/scott/roscourse_final_ws/src/control' returned '0': PYTHONPATH=/home/scott/roscourse_final_ws/build/control/prefix_override:/home/scott/roscourse_final_ws/install/control/lib/python3.8/site-packages:${PYTHONPATH} /usr/bin/python3 setup.py egg_info --egg-base ../../build/control build --build-base /home/scott/roscourse_final_ws/build/control/build install --record /home/scott/roscourse_final_ws/build/control/install.log --install-scripts $base/lib/core --single-version-externally-managed
