running egg_info
creating ../../build/control/control.egg-info
writing ../../build/control/control.egg-info/PKG-INFO
writing dependency_links to ../../build/control/control.egg-info/dependency_links.txt
writing entry points to ../../build/control/control.egg-info/entry_points.txt
writing requirements to ../../build/control/control.egg-info/requires.txt
writing top-level names to ../../build/control/control.egg-info/top_level.txt
writing manifest file '../../build/control/control.egg-info/SOURCES.txt'
reading manifest file '../../build/control/control.egg-info/SOURCES.txt'
writing manifest file '../../build/control/control.egg-info/SOURCES.txt'
running build
running build_py
creating /root/codes/S24_RobotProgramming_Ardent/roscourse_final_ws/build/control/build
creating /root/codes/S24_RobotProgramming_Ardent/roscourse_final_ws/build/control/build/lib
creating /root/codes/S24_RobotProgramming_Ardent/roscourse_final_ws/build/control/build/lib/control
copying control/__init__.py -> /root/codes/S24_RobotProgramming_Ardent/roscourse_final_ws/build/control/build/lib/control
running install
running install_lib
creating /root/codes/S24_RobotProgramming_Ardent/roscourse_final_ws/install/control/lib/python3.8/site-packages/control
copying /root/codes/S24_RobotProgramming_Ardent/roscourse_final_ws/build/control/build/lib/control/__init__.py -> /root/codes/S24_RobotProgramming_Ardent/roscourse_final_ws/install/control/lib/python3.8/site-packages/control
byte-compiling /root/codes/S24_RobotProgramming_Ardent/roscourse_final_ws/install/control/lib/python3.8/site-packages/control/__init__.py to __init__.cpython-38.pyc
running install_data
creating /root/codes/S24_RobotProgramming_Ardent/roscourse_final_ws/install/control/share
creating /root/codes/S24_RobotProgramming_Ardent/roscourse_final_ws/install/control/share/ament_index
creating /root/codes/S24_RobotProgramming_Ardent/roscourse_final_ws/install/control/share/ament_index/resource_index
creating /root/codes/S24_RobotProgramming_Ardent/roscourse_final_ws/install/control/share/ament_index/resource_index/packages
copying resource/control -> /root/codes/S24_RobotProgramming_Ardent/roscourse_final_ws/install/control/share/ament_index/resource_index/packages
creating /root/codes/S24_RobotProgramming_Ardent/roscourse_final_ws/install/control/share/control
copying package.xml -> /root/codes/S24_RobotProgramming_Ardent/roscourse_final_ws/install/control/share/control
copying launch/aruco_tracker.launch.py -> /root/codes/S24_RobotProgramming_Ardent/roscourse_final_ws/install/control/share/control
copying launch/simple.launch.py -> /root/codes/S24_RobotProgramming_Ardent/roscourse_final_ws/install/control/share/control
running install_egg_info
Copying ../../build/control/control.egg-info to /root/codes/S24_RobotProgramming_Ardent/roscourse_final_ws/install/control/lib/python3.8/site-packages/control-0.0.0-py3.8.egg-info
running install_scripts
writing list of installed files to '/root/codes/S24_RobotProgramming_Ardent/roscourse_final_ws/build/control/install.log'
