[0.023s] Invoking command in '/home/scott/S24_RobotProgramming_Ardent/roscourse_final_ws/build/aruco_interfaces': CMAKE_PREFIX_PATH=/opt/ros/foxy /usr/bin/cmake /home/scott/S24_RobotProgramming_Ardent/roscourse_final_ws/src/aruco_interfaces -DCMAKE_INSTALL_PREFIX=/home/scott/S24_RobotProgramming_Ardent/roscourse_final_ws/install/aruco_interfaces
[0.099s] -- The C compiler identification is GNU 9.4.0
[0.159s] -- The CXX compiler identification is GNU 9.4.0
[0.166s] -- Check for working C compiler: /usr/bin/cc
[0.251s] -- Check for working C compiler: /usr/bin/cc -- works
[0.254s] -- Detecting C compiler ABI info
[0.349s] -- Detecting C compiler ABI info - done
[0.363s] -- Detecting C compile features
[0.363s] -- Detecting C compile features - done
[0.364s] -- Check for working CXX compiler: /usr/bin/c++
[0.463s] -- Check for working CXX compiler: /usr/bin/c++ -- works
[0.464s] -- Detecting CXX compiler ABI info
[0.555s] -- Detecting CXX compiler ABI info - done
[0.577s] -- Detecting CXX compile features
[0.577s] -- Detecting CXX compile features - done
[0.582s] -- Found ament_cmake: 0.9.11 (/opt/ros/foxy/share/ament_cmake/cmake)
[0.611s] -- Found PythonInterp: /usr/bin/python3 (found suitable version "3.8.10", minimum required is "3") 
[0.611s] -- Using PYTHON_EXECUTABLE: /usr/bin/python3
[0.802s] -- Found ament_lint_auto: 0.9.7 (/opt/ros/foxy/share/ament_lint_auto/cmake)
[0.880s] -- Found geometry_msgs: 2.0.5 (/opt/ros/foxy/share/geometry_msgs/cmake)
[0.916s] -- Using all available rosidl_typesupport_c: rosidl_typesupport_fastrtps_c;rosidl_typesupport_introspection_c
[0.921s] -- Found rosidl_adapter: 1.3.0 (/opt/ros/foxy/share/rosidl_adapter/cmake)
[1.056s] -- Found OpenSSL: /usr/lib/x86_64-linux-gnu/libcrypto.so (found version "1.1.1f")  
[1.094s] -- Found FastRTPS: /opt/ros/foxy/include  
[1.179s] -- Using all available rosidl_typesupport_cpp: rosidl_typesupport_fastrtps_cpp;rosidl_typesupport_introspection_cpp
[1.254s] -- Found rosidl_default_generators: 1.0.1 (/opt/ros/foxy/share/rosidl_default_generators/cmake)
[1.287s] -- Found PythonInterp: /usr/bin/python3 (found version "3.8.10") 
[1.398s] -- Found ament_cmake_ros: 0.9.2 (/opt/ros/foxy/share/ament_cmake_ros/cmake)
[1.649s] -- Using all available rosidl_typesupport_c: rosidl_typesupport_fastrtps_c;rosidl_typesupport_introspection_c
[1.748s] -- Using all available rosidl_typesupport_cpp: rosidl_typesupport_fastrtps_cpp;rosidl_typesupport_introspection_cpp
[1.775s] -- Found PythonInterp: /usr/bin/python3 (found suitable version "3.8.10", minimum required is "3.5") 
[1.778s] -- Found python_cmake_module: 0.8.1 (/opt/ros/foxy/share/python_cmake_module/cmake)
[1.813s] -- Found PythonLibs: /usr/lib/x86_64-linux-gnu/libpython3.8.so (found suitable version "3.8.10", minimum required is "3.5") 
[1.813s] -- Using PYTHON_EXECUTABLE: /usr/bin/python3
[1.813s] -- Using PYTHON_INCLUDE_DIRS: /usr/include/python3.8
[1.813s] -- Using PYTHON_LIBRARIES: /usr/lib/x86_64-linux-gnu/libpython3.8.so
[1.831s] -- Found PythonExtra: .so  
[1.912s] -- Added test 'copyright' to check source files copyright and LICENSE
[1.914s] -- Added test 'lint_cmake' to check CMake code style
[1.915s] -- Added test 'xmllint' to check XML markup files
[1.921s] -- Configuring done
[1.973s] -- Generating done
[1.975s] -- Build files have been written to: /home/scott/S24_RobotProgramming_Ardent/roscourse_final_ws/build/aruco_interfaces
[1.989s] Invoked command in '/home/scott/S24_RobotProgramming_Ardent/roscourse_final_ws/build/aruco_interfaces' returned '0': CMAKE_PREFIX_PATH=/opt/ros/foxy /usr/bin/cmake /home/scott/S24_RobotProgramming_Ardent/roscourse_final_ws/src/aruco_interfaces -DCMAKE_INSTALL_PREFIX=/home/scott/S24_RobotProgramming_Ardent/roscourse_final_ws/install/aruco_interfaces
[1.992s] Invoking command in '/home/scott/S24_RobotProgramming_Ardent/roscourse_final_ws/build/aruco_interfaces': CMAKE_PREFIX_PATH=/opt/ros/foxy /usr/bin/cmake --build /home/scott/S24_RobotProgramming_Ardent/roscourse_final_ws/build/aruco_interfaces -- -j12 -l12
[2.039s] [  2%] [34m[1mGenerating C code for ROS interfaces[0m
[2.041s] [35m[1mScanning dependencies of target aruco_interfaces__cpp[0m
[2.055s] [  5%] [34m[1mGenerating C++ code for ROS interfaces[0m
[2.296s] [35m[1mScanning dependencies of target aruco_interfaces__rosidl_generator_c[0m
[2.303s] [  5%] Built target aruco_interfaces__cpp
[2.313s] [  7%] [34m[1mGenerating C++ type support dispatch for ROS interfaces[0m
[2.315s] [ 10%] [32mBuilding C object CMakeFiles/aruco_interfaces__rosidl_generator_c.dir/rosidl_generator_c/aruco_interfaces/msg/detail/aruco_location__functions.c.o[0m
[2.315s] [ 12%] [32mBuilding C object CMakeFiles/aruco_interfaces__rosidl_generator_c.dir/rosidl_generator_c/aruco_interfaces/srv/detail/robot_command__functions.c.o[0m
[2.318s] [ 15%] [34m[1mGenerating C++ type support for eProsima Fast-RTPS[0m
[2.320s] [ 17%] [34m[1mGenerating C++ introspection for ROS interfaces[0m
[2.385s] [ 20%] [32m[1mLinking C shared library libaruco_interfaces__rosidl_generator_c.so[0m
[2.439s] [ 20%] Built target aruco_interfaces__rosidl_generator_c
[2.455s] [ 23%] [34m[1mGenerating C type support dispatch for ROS interfaces[0m
[2.456s] [ 25%] [34m[1mGenerating C introspection for ROS interfaces[0m
[2.546s] [35m[1mScanning dependencies of target aruco_interfaces__rosidl_typesupport_cpp[0m
[2.568s] [35m[1mScanning dependencies of target aruco_interfaces__rosidl_typesupport_introspection_cpp[0m
[2.570s] [ 30%] [32mBuilding CXX object CMakeFiles/aruco_interfaces__rosidl_typesupport_cpp.dir/rosidl_typesupport_cpp/aruco_interfaces/msg/aruco_location__type_support.cpp.o[0m
[2.570s] [ 30%] [32mBuilding CXX object CMakeFiles/aruco_interfaces__rosidl_typesupport_cpp.dir/rosidl_typesupport_cpp/aruco_interfaces/srv/robot_command__type_support.cpp.o[0m
[2.589s] [ 35%] [32mBuilding CXX object CMakeFiles/aruco_interfaces__rosidl_typesupport_introspection_cpp.dir/rosidl_typesupport_introspection_cpp/aruco_interfaces/msg/detail/aruco_location__type_support.cpp.o[0m
[2.589s] [ 35%] [32mBuilding CXX object CMakeFiles/aruco_interfaces__rosidl_typesupport_introspection_cpp.dir/rosidl_typesupport_introspection_cpp/aruco_interfaces/srv/detail/robot_command__type_support.cpp.o[0m
[2.606s] [35m[1mScanning dependencies of target aruco_interfaces__rosidl_typesupport_fastrtps_cpp[0m
[2.633s] [ 41%] [32mBuilding CXX object CMakeFiles/aruco_interfaces__rosidl_typesupport_fastrtps_cpp.dir/rosidl_typesupport_fastrtps_cpp/aruco_interfaces/msg/detail/dds_fastrtps/aruco_location__type_support.cpp.o[0m
[2.633s] [ 41%] [32mBuilding CXX object CMakeFiles/aruco_interfaces__rosidl_typesupport_fastrtps_cpp.dir/rosidl_typesupport_fastrtps_cpp/aruco_interfaces/srv/detail/dds_fastrtps/robot_command__type_support.cpp.o[0m
[2.719s] [35m[1mScanning dependencies of target aruco_interfaces__rosidl_typesupport_c[0m
[2.739s] [ 43%] [32mBuilding CXX object CMakeFiles/aruco_interfaces__rosidl_typesupport_c.dir/rosidl_typesupport_c/aruco_interfaces/srv/robot_command__type_support.cpp.o[0m
[2.740s] [ 46%] [32mBuilding CXX object CMakeFiles/aruco_interfaces__rosidl_typesupport_c.dir/rosidl_typesupport_c/aruco_interfaces/msg/aruco_location__type_support.cpp.o[0m
[2.764s] [35m[1mScanning dependencies of target aruco_interfaces__rosidl_typesupport_introspection_c[0m
[2.789s] [ 48%] [32mBuilding C object CMakeFiles/aruco_interfaces__rosidl_typesupport_introspection_c.dir/rosidl_typesupport_introspection_c/aruco_interfaces/srv/detail/robot_command__type_support.c.o[0m
[2.793s] [ 53%] [32m[1mLinking CXX shared library libaruco_interfaces__rosidl_typesupport_c.so[0m
[2.793s] [ 53%] [32mBuilding C object CMakeFiles/aruco_interfaces__rosidl_typesupport_introspection_c.dir/rosidl_typesupport_introspection_c/aruco_interfaces/msg/detail/aruco_location__type_support.c.o[0m
[2.849s] [ 56%] [32m[1mLinking C shared library libaruco_interfaces__rosidl_typesupport_introspection_c.so[0m
[2.859s] [ 56%] Built target aruco_interfaces__rosidl_typesupport_c
[2.891s] [ 56%] Built target aruco_interfaces__rosidl_typesupport_introspection_c
[2.987s] [ 58%] [32m[1mLinking CXX shared library libaruco_interfaces__rosidl_typesupport_cpp.so[0m
[2.992s] [ 61%] [32m[1mLinking CXX shared library libaruco_interfaces__rosidl_typesupport_introspection_cpp.so[0m
[3.036s] [ 61%] Built target aruco_interfaces__rosidl_typesupport_cpp
[3.091s] [ 61%] Built target aruco_interfaces__rosidl_typesupport_introspection_cpp
[3.155s] [ 64%] [32m[1mLinking CXX shared library libaruco_interfaces__rosidl_typesupport_fastrtps_cpp.so[0m
[3.269s] [ 64%] Built target aruco_interfaces__rosidl_typesupport_fastrtps_cpp
[3.289s] [ 66%] [34m[1mGenerating C type support for eProsima Fast-RTPS[0m
[3.526s] [35m[1mScanning dependencies of target aruco_interfaces__rosidl_typesupport_fastrtps_c[0m
[3.553s] [ 71%] [32mBuilding CXX object CMakeFiles/aruco_interfaces__rosidl_typesupport_fastrtps_c.dir/rosidl_typesupport_fastrtps_c/aruco_interfaces/srv/detail/robot_command__type_support_c.cpp.o[0m
[3.554s] [ 71%] [32mBuilding CXX object CMakeFiles/aruco_interfaces__rosidl_typesupport_fastrtps_c.dir/rosidl_typesupport_fastrtps_c/aruco_interfaces/msg/detail/aruco_location__type_support_c.cpp.o[0m
[3.861s] [ 74%] [32m[1mLinking CXX shared library libaruco_interfaces__rosidl_typesupport_fastrtps_c.so[0m
[3.974s] [ 74%] Built target aruco_interfaces__rosidl_typesupport_fastrtps_c
[3.992s] [35m[1mScanning dependencies of target aruco_interfaces[0m
[4.006s] [ 74%] Built target aruco_interfaces
[4.021s] [35m[1mScanning dependencies of target aruco_interfaces__py[0m
[4.041s] [ 76%] [34m[1mGenerating Python code for ROS interfaces[0m
[4.484s] [ 76%] Built target aruco_interfaces__py
[4.500s] [35m[1mScanning dependencies of target aruco_interfaces__python[0m
[4.525s] [ 79%] [32mBuilding C object CMakeFiles/aruco_interfaces__python.dir/rosidl_generator_py/aruco_interfaces/srv/_robot_command_s.c.o[0m
[4.529s] [ 82%] [32mBuilding C object CMakeFiles/aruco_interfaces__python.dir/rosidl_generator_py/aruco_interfaces/msg/_aruco_location_s.c.o[0m
[4.634s] [ 84%] [32m[1mLinking C shared library rosidl_generator_py/aruco_interfaces/libaruco_interfaces__python.so[0m
[4.694s] [ 84%] Built target aruco_interfaces__python
[4.707s] [35m[1mScanning dependencies of target aruco_interfaces__rosidl_typesupport_c__pyext[0m
[4.710s] [35m[1mScanning dependencies of target aruco_interfaces__rosidl_typesupport_introspection_c__pyext[0m
[4.710s] [35m[1mScanning dependencies of target aruco_interfaces__rosidl_typesupport_fastrtps_c__pyext[0m
[4.729s] [ 87%] [32mBuilding C object CMakeFiles/aruco_interfaces__rosidl_typesupport_c__pyext.dir/rosidl_generator_py/aruco_interfaces/_aruco_interfaces_s.ep.rosidl_typesupport_c.c.o[0m
[4.730s] [ 89%] [32mBuilding C object CMakeFiles/aruco_interfaces__rosidl_typesupport_introspection_c__pyext.dir/rosidl_generator_py/aruco_interfaces/_aruco_interfaces_s.ep.rosidl_typesupport_introspection_c.c.o[0m
[4.733s] [ 92%] [32mBuilding C object CMakeFiles/aruco_interfaces__rosidl_typesupport_fastrtps_c__pyext.dir/rosidl_generator_py/aruco_interfaces/_aruco_interfaces_s.ep.rosidl_typesupport_fastrtps_c.c.o[0m
[4.813s] [ 94%] [32m[1mLinking C shared library rosidl_generator_py/aruco_interfaces/aruco_interfaces_s__rosidl_typesupport_introspection_c.cpython-38-x86_64-linux-gnu.so[0m
[4.817s] [ 97%] [32m[1mLinking C shared library rosidl_generator_py/aruco_interfaces/aruco_interfaces_s__rosidl_typesupport_c.cpython-38-x86_64-linux-gnu.so[0m
[4.828s] [100%] [32m[1mLinking CXX shared library rosidl_generator_py/aruco_interfaces/aruco_interfaces_s__rosidl_typesupport_fastrtps_c.cpython-38-x86_64-linux-gnu.so[0m
[4.855s] [100%] Built target aruco_interfaces__rosidl_typesupport_introspection_c__pyext
[4.861s] [100%] Built target aruco_interfaces__rosidl_typesupport_c__pyext
[4.891s] [100%] Built target aruco_interfaces__rosidl_typesupport_fastrtps_c__pyext
[4.902s] Invoked command in '/home/scott/S24_RobotProgramming_Ardent/roscourse_final_ws/build/aruco_interfaces' returned '0': CMAKE_PREFIX_PATH=/opt/ros/foxy /usr/bin/cmake --build /home/scott/S24_RobotProgramming_Ardent/roscourse_final_ws/build/aruco_interfaces -- -j12 -l12
[4.978s] Invoking command in '/home/scott/S24_RobotProgramming_Ardent/roscourse_final_ws/build/aruco_interfaces': CMAKE_PREFIX_PATH=/opt/ros/foxy /usr/bin/cmake --install /home/scott/S24_RobotProgramming_Ardent/roscourse_final_ws/build/aruco_interfaces
[4.992s] -- Install configuration: ""
[4.992s] -- Installing: /home/scott/S24_RobotProgramming_Ardent/roscourse_final_ws/install/aruco_interfaces/share/ament_index/resource_index/rosidl_interfaces/aruco_interfaces
[4.993s] -- Installing: /home/scott/S24_RobotProgramming_Ardent/roscourse_final_ws/install/aruco_interfaces/include/aruco_interfaces
[4.993s] -- Installing: /home/scott/S24_RobotProgramming_Ardent/roscourse_final_ws/install/aruco_interfaces/include/aruco_interfaces/msg
[4.993s] -- Installing: /home/scott/S24_RobotProgramming_Ardent/roscourse_final_ws/install/aruco_interfaces/include/aruco_interfaces/msg/aruco_location.h
[4.993s] -- Installing: /home/scott/S24_RobotProgramming_Ardent/roscourse_final_ws/install/aruco_interfaces/include/aruco_interfaces/msg/rosidl_generator_c__visibility_control.h
[4.994s] -- Installing: /home/scott/S24_RobotProgramming_Ardent/roscourse_final_ws/install/aruco_interfaces/include/aruco_interfaces/msg/detail
[4.994s] -- Installing: /home/scott/S24_RobotProgramming_Ardent/roscourse_final_ws/install/aruco_interfaces/include/aruco_interfaces/msg/detail/aruco_location__struct.h
[4.994s] -- Installing: /home/scott/S24_RobotProgramming_Ardent/roscourse_final_ws/install/aruco_interfaces/include/aruco_interfaces/msg/detail/aruco_location__type_support.h
[4.994s] -- Installing: /home/scott/S24_RobotProgramming_Ardent/roscourse_final_ws/install/aruco_interfaces/include/aruco_interfaces/msg/detail/aruco_location__functions.c
[4.994s] -- Installing: /home/scott/S24_RobotProgramming_Ardent/roscourse_final_ws/install/aruco_interfaces/include/aruco_interfaces/msg/detail/aruco_location__functions.h
[4.994s] -- Installing: /home/scott/S24_RobotProgramming_Ardent/roscourse_final_ws/install/aruco_interfaces/include/aruco_interfaces/srv
[4.995s] -- Installing: /home/scott/S24_RobotProgramming_Ardent/roscourse_final_ws/install/aruco_interfaces/include/aruco_interfaces/srv/robot_command.h
[4.995s] -- Installing: /home/scott/S24_RobotProgramming_Ardent/roscourse_final_ws/install/aruco_interfaces/include/aruco_interfaces/srv/detail
[4.995s] -- Installing: /home/scott/S24_RobotProgramming_Ardent/roscourse_final_ws/install/aruco_interfaces/include/aruco_interfaces/srv/detail/robot_command__functions.c
[4.995s] -- Installing: /home/scott/S24_RobotProgramming_Ardent/roscourse_final_ws/install/aruco_interfaces/include/aruco_interfaces/srv/detail/robot_command__type_support.h
[4.996s] -- Installing: /home/scott/S24_RobotProgramming_Ardent/roscourse_final_ws/install/aruco_interfaces/include/aruco_interfaces/srv/detail/robot_command__struct.h
[4.996s] -- Installing: /home/scott/S24_RobotProgramming_Ardent/roscourse_final_ws/install/aruco_interfaces/include/aruco_interfaces/srv/detail/robot_command__functions.h
[4.996s] -- Installing: /home/scott/S24_RobotProgramming_Ardent/roscourse_final_ws/install/aruco_interfaces/share/aruco_interfaces/environment/library_path.sh
[4.996s] -- Installing: /home/scott/S24_RobotProgramming_Ardent/roscourse_final_ws/install/aruco_interfaces/share/aruco_interfaces/environment/library_path.dsv
[4.996s] -- Installing: /home/scott/S24_RobotProgramming_Ardent/roscourse_final_ws/install/aruco_interfaces/lib/libaruco_interfaces__rosidl_generator_c.so
[4.996s] -- Set runtime path of "/home/scott/S24_RobotProgramming_Ardent/roscourse_final_ws/install/aruco_interfaces/lib/libaruco_interfaces__rosidl_generator_c.so" to ""
[4.997s] -- Up-to-date: /home/scott/S24_RobotProgramming_Ardent/roscourse_final_ws/install/aruco_interfaces/include/aruco_interfaces
[4.997s] -- Up-to-date: /home/scott/S24_RobotProgramming_Ardent/roscourse_final_ws/install/aruco_interfaces/include/aruco_interfaces/msg
[4.997s] -- Installing: /home/scott/S24_RobotProgramming_Ardent/roscourse_final_ws/install/aruco_interfaces/include/aruco_interfaces/msg/rosidl_typesupport_fastrtps_c__visibility_control.h
[4.997s] -- Up-to-date: /home/scott/S24_RobotProgramming_Ardent/roscourse_final_ws/install/aruco_interfaces/include/aruco_interfaces/msg/detail
[4.997s] -- Installing: /home/scott/S24_RobotProgramming_Ardent/roscourse_final_ws/install/aruco_interfaces/include/aruco_interfaces/msg/detail/aruco_location__rosidl_typesupport_fastrtps_c.h
[4.998s] -- Up-to-date: /home/scott/S24_RobotProgramming_Ardent/roscourse_final_ws/install/aruco_interfaces/include/aruco_interfaces/srv
[4.998s] -- Up-to-date: /home/scott/S24_RobotProgramming_Ardent/roscourse_final_ws/install/aruco_interfaces/include/aruco_interfaces/srv/detail
[4.998s] -- Installing: /home/scott/S24_RobotProgramming_Ardent/roscourse_final_ws/install/aruco_interfaces/include/aruco_interfaces/srv/detail/robot_command__rosidl_typesupport_fastrtps_c.h
[4.998s] -- Installing: /home/scott/S24_RobotProgramming_Ardent/roscourse_final_ws/install/aruco_interfaces/lib/libaruco_interfaces__rosidl_typesupport_fastrtps_c.so
[4.998s] -- Set runtime path of "/home/scott/S24_RobotProgramming_Ardent/roscourse_final_ws/install/aruco_interfaces/lib/libaruco_interfaces__rosidl_typesupport_fastrtps_c.so" to ""
[4.998s] -- Up-to-date: /home/scott/S24_RobotProgramming_Ardent/roscourse_final_ws/install/aruco_interfaces/include/aruco_interfaces
[4.999s] -- Up-to-date: /home/scott/S24_RobotProgramming_Ardent/roscourse_final_ws/install/aruco_interfaces/include/aruco_interfaces/msg
[4.999s] -- Installing: /home/scott/S24_RobotProgramming_Ardent/roscourse_final_ws/install/aruco_interfaces/include/aruco_interfaces/msg/rosidl_typesupport_fastrtps_cpp__visibility_control.h
[4.999s] -- Up-to-date: /home/scott/S24_RobotProgramming_Ardent/roscourse_final_ws/install/aruco_interfaces/include/aruco_interfaces/msg/detail
[4.999s] -- Installing: /home/scott/S24_RobotProgramming_Ardent/roscourse_final_ws/install/aruco_interfaces/include/aruco_interfaces/msg/detail/aruco_location__rosidl_typesupport_fastrtps_cpp.hpp
[5.000s] -- Installing: /home/scott/S24_RobotProgramming_Ardent/roscourse_final_ws/install/aruco_interfaces/include/aruco_interfaces/msg/detail/dds_fastrtps
[5.000s] -- Up-to-date: /home/scott/S24_RobotProgramming_Ardent/roscourse_final_ws/install/aruco_interfaces/include/aruco_interfaces/srv
[5.000s] -- Up-to-date: /home/scott/S24_RobotProgramming_Ardent/roscourse_final_ws/install/aruco_interfaces/include/aruco_interfaces/srv/detail
[5.000s] -- Installing: /home/scott/S24_RobotProgramming_Ardent/roscourse_final_ws/install/aruco_interfaces/include/aruco_interfaces/srv/detail/robot_command__rosidl_typesupport_fastrtps_cpp.hpp
[5.000s] -- Installing: /home/scott/S24_RobotProgramming_Ardent/roscourse_final_ws/install/aruco_interfaces/include/aruco_interfaces/srv/detail/dds_fastrtps
[5.000s] -- Installing: /home/scott/S24_RobotProgramming_Ardent/roscourse_final_ws/install/aruco_interfaces/lib/libaruco_interfaces__rosidl_typesupport_fastrtps_cpp.so
[5.001s] -- Set runtime path of "/home/scott/S24_RobotProgramming_Ardent/roscourse_final_ws/install/aruco_interfaces/lib/libaruco_interfaces__rosidl_typesupport_fastrtps_cpp.so" to ""
[5.001s] -- Up-to-date: /home/scott/S24_RobotProgramming_Ardent/roscourse_final_ws/install/aruco_interfaces/include/aruco_interfaces
[5.001s] -- Up-to-date: /home/scott/S24_RobotProgramming_Ardent/roscourse_final_ws/install/aruco_interfaces/include/aruco_interfaces/msg
[5.001s] -- Installing: /home/scott/S24_RobotProgramming_Ardent/roscourse_final_ws/install/aruco_interfaces/include/aruco_interfaces/msg/rosidl_typesupport_introspection_c__visibility_control.h
[5.001s] -- Up-to-date: /home/scott/S24_RobotProgramming_Ardent/roscourse_final_ws/install/aruco_interfaces/include/aruco_interfaces/msg/detail
[5.001s] -- Installing: /home/scott/S24_RobotProgramming_Ardent/roscourse_final_ws/install/aruco_interfaces/include/aruco_interfaces/msg/detail/aruco_location__rosidl_typesupport_introspection_c.h
[5.001s] -- Installing: /home/scott/S24_RobotProgramming_Ardent/roscourse_final_ws/install/aruco_interfaces/include/aruco_interfaces/msg/detail/aruco_location__type_support.c
[5.002s] -- Up-to-date: /home/scott/S24_RobotProgramming_Ardent/roscourse_final_ws/install/aruco_interfaces/include/aruco_interfaces/srv
[5.002s] -- Up-to-date: /home/scott/S24_RobotProgramming_Ardent/roscourse_final_ws/install/aruco_interfaces/include/aruco_interfaces/srv/detail
[5.002s] -- Installing: /home/scott/S24_RobotProgramming_Ardent/roscourse_final_ws/install/aruco_interfaces/include/aruco_interfaces/srv/detail/robot_command__type_support.c
[5.002s] -- Installing: /home/scott/S24_RobotProgramming_Ardent/roscourse_final_ws/install/aruco_interfaces/include/aruco_interfaces/srv/detail/robot_command__rosidl_typesupport_introspection_c.h
[5.002s] -- Installing: /home/scott/S24_RobotProgramming_Ardent/roscourse_final_ws/install/aruco_interfaces/lib/libaruco_interfaces__rosidl_typesupport_introspection_c.so
[5.002s] -- Set runtime path of "/home/scott/S24_RobotProgramming_Ardent/roscourse_final_ws/install/aruco_interfaces/lib/libaruco_interfaces__rosidl_typesupport_introspection_c.so" to ""
[5.002s] -- Installing: /home/scott/S24_RobotProgramming_Ardent/roscourse_final_ws/install/aruco_interfaces/lib/libaruco_interfaces__rosidl_typesupport_c.so
[5.003s] -- Set runtime path of "/home/scott/S24_RobotProgramming_Ardent/roscourse_final_ws/install/aruco_interfaces/lib/libaruco_interfaces__rosidl_typesupport_c.so" to ""
[5.003s] -- Up-to-date: /home/scott/S24_RobotProgramming_Ardent/roscourse_final_ws/install/aruco_interfaces/include/aruco_interfaces
[5.003s] -- Up-to-date: /home/scott/S24_RobotProgramming_Ardent/roscourse_final_ws/install/aruco_interfaces/include/aruco_interfaces/msg
[5.003s] -- Installing: /home/scott/S24_RobotProgramming_Ardent/roscourse_final_ws/install/aruco_interfaces/include/aruco_interfaces/msg/aruco_location.hpp
[5.003s] -- Up-to-date: /home/scott/S24_RobotProgramming_Ardent/roscourse_final_ws/install/aruco_interfaces/include/aruco_interfaces/msg/detail
[5.003s] -- Installing: /home/scott/S24_RobotProgramming_Ardent/roscourse_final_ws/install/aruco_interfaces/include/aruco_interfaces/msg/detail/aruco_location__builder.hpp
[5.003s] -- Installing: /home/scott/S24_RobotProgramming_Ardent/roscourse_final_ws/install/aruco_interfaces/include/aruco_interfaces/msg/detail/aruco_location__traits.hpp
[5.003s] -- Installing: /home/scott/S24_RobotProgramming_Ardent/roscourse_final_ws/install/aruco_interfaces/include/aruco_interfaces/msg/detail/aruco_location__struct.hpp
[5.003s] -- Up-to-date: /home/scott/S24_RobotProgramming_Ardent/roscourse_final_ws/install/aruco_interfaces/include/aruco_interfaces/srv
[5.004s] -- Installing: /home/scott/S24_RobotProgramming_Ardent/roscourse_final_ws/install/aruco_interfaces/include/aruco_interfaces/srv/robot_command.hpp
[5.004s] -- Up-to-date: /home/scott/S24_RobotProgramming_Ardent/roscourse_final_ws/install/aruco_interfaces/include/aruco_interfaces/srv/detail
[5.004s] -- Installing: /home/scott/S24_RobotProgramming_Ardent/roscourse_final_ws/install/aruco_interfaces/include/aruco_interfaces/srv/detail/robot_command__builder.hpp
[5.004s] -- Installing: /home/scott/S24_RobotProgramming_Ardent/roscourse_final_ws/install/aruco_interfaces/include/aruco_interfaces/srv/detail/robot_command__traits.hpp
[5.004s] -- Installing: /home/scott/S24_RobotProgramming_Ardent/roscourse_final_ws/install/aruco_interfaces/include/aruco_interfaces/srv/detail/robot_command__struct.hpp
[5.004s] -- Up-to-date: /home/scott/S24_RobotProgramming_Ardent/roscourse_final_ws/install/aruco_interfaces/include/aruco_interfaces
[5.004s] -- Up-to-date: /home/scott/S24_RobotProgramming_Ardent/roscourse_final_ws/install/aruco_interfaces/include/aruco_interfaces/msg
[5.004s] -- Up-to-date: /home/scott/S24_RobotProgramming_Ardent/roscourse_final_ws/install/aruco_interfaces/include/aruco_interfaces/msg/detail
[5.004s] -- Installing: /home/scott/S24_RobotProgramming_Ardent/roscourse_final_ws/install/aruco_interfaces/include/aruco_interfaces/msg/detail/aruco_location__type_support.cpp
[5.004s] -- Installing: /home/scott/S24_RobotProgramming_Ardent/roscourse_final_ws/install/aruco_interfaces/include/aruco_interfaces/msg/detail/aruco_location__rosidl_typesupport_introspection_cpp.hpp
[5.004s] -- Up-to-date: /home/scott/S24_RobotProgramming_Ardent/roscourse_final_ws/install/aruco_interfaces/include/aruco_interfaces/srv
[5.004s] -- Up-to-date: /home/scott/S24_RobotProgramming_Ardent/roscourse_final_ws/install/aruco_interfaces/include/aruco_interfaces/srv/detail
[5.004s] -- Installing: /home/scott/S24_RobotProgramming_Ardent/roscourse_final_ws/install/aruco_interfaces/include/aruco_interfaces/srv/detail/robot_command__type_support.cpp
[5.004s] -- Installing: /home/scott/S24_RobotProgramming_Ardent/roscourse_final_ws/install/aruco_interfaces/include/aruco_interfaces/srv/detail/robot_command__rosidl_typesupport_introspection_cpp.hpp
[5.004s] -- Installing: /home/scott/S24_RobotProgramming_Ardent/roscourse_final_ws/install/aruco_interfaces/lib/libaruco_interfaces__rosidl_typesupport_introspection_cpp.so
[5.004s] -- Set runtime path of "/home/scott/S24_RobotProgramming_Ardent/roscourse_final_ws/install/aruco_interfaces/lib/libaruco_interfaces__rosidl_typesupport_introspection_cpp.so" to ""
[5.004s] -- Installing: /home/scott/S24_RobotProgramming_Ardent/roscourse_final_ws/install/aruco_interfaces/lib/libaruco_interfaces__rosidl_typesupport_cpp.so
[5.004s] -- Set runtime path of "/home/scott/S24_RobotProgramming_Ardent/roscourse_final_ws/install/aruco_interfaces/lib/libaruco_interfaces__rosidl_typesupport_cpp.so" to ""
[5.004s] -- Installing: /home/scott/S24_RobotProgramming_Ardent/roscourse_final_ws/install/aruco_interfaces/share/aruco_interfaces/environment/pythonpath.sh
[5.005s] -- Installing: /home/scott/S24_RobotProgramming_Ardent/roscourse_final_ws/install/aruco_interfaces/share/aruco_interfaces/environment/pythonpath.dsv
[5.005s] -- Installing: /home/scott/S24_RobotProgramming_Ardent/roscourse_final_ws/install/aruco_interfaces/lib/python3.8/site-packages/aruco_interfaces/__init__.py
[5.032s] Compiling '/home/scott/S24_RobotProgramming_Ardent/roscourse_final_ws/install/aruco_interfaces/lib/python3.8/site-packages/aruco_interfaces/__init__.py'...
[5.036s] -- Installing: /home/scott/S24_RobotProgramming_Ardent/roscourse_final_ws/install/aruco_interfaces/lib/python3.8/site-packages/aruco_interfaces/srv
[5.036s] -- Installing: /home/scott/S24_RobotProgramming_Ardent/roscourse_final_ws/install/aruco_interfaces/lib/python3.8/site-packages/aruco_interfaces/srv/__init__.py
[5.036s] -- Installing: /home/scott/S24_RobotProgramming_Ardent/roscourse_final_ws/install/aruco_interfaces/lib/python3.8/site-packages/aruco_interfaces/srv/_robot_command_s.c
[5.036s] -- Installing: /home/scott/S24_RobotProgramming_Ardent/roscourse_final_ws/install/aruco_interfaces/lib/python3.8/site-packages/aruco_interfaces/srv/_robot_command.py
[5.037s] -- Installing: /home/scott/S24_RobotProgramming_Ardent/roscourse_final_ws/install/aruco_interfaces/lib/python3.8/site-packages/aruco_interfaces/msg
[5.037s] -- Installing: /home/scott/S24_RobotProgramming_Ardent/roscourse_final_ws/install/aruco_interfaces/lib/python3.8/site-packages/aruco_interfaces/msg/_aruco_location.py
[5.037s] -- Installing: /home/scott/S24_RobotProgramming_Ardent/roscourse_final_ws/install/aruco_interfaces/lib/python3.8/site-packages/aruco_interfaces/msg/__init__.py
[5.037s] -- Installing: /home/scott/S24_RobotProgramming_Ardent/roscourse_final_ws/install/aruco_interfaces/lib/python3.8/site-packages/aruco_interfaces/msg/_aruco_location_s.c
[5.038s] -- Installing: /home/scott/S24_RobotProgramming_Ardent/roscourse_final_ws/install/aruco_interfaces/lib/python3.8/site-packages/aruco_interfaces/aruco_interfaces_s__rosidl_typesupport_fastrtps_c.cpython-38-x86_64-linux-gnu.so
[5.039s] -- Set runtime path of "/home/scott/S24_RobotProgramming_Ardent/roscourse_final_ws/install/aruco_interfaces/lib/python3.8/site-packages/aruco_interfaces/aruco_interfaces_s__rosidl_typesupport_fastrtps_c.cpython-38-x86_64-linux-gnu.so" to ""
[5.039s] -- Installing: /home/scott/S24_RobotProgramming_Ardent/roscourse_final_ws/install/aruco_interfaces/lib/python3.8/site-packages/aruco_interfaces/aruco_interfaces_s__rosidl_typesupport_introspection_c.cpython-38-x86_64-linux-gnu.so
[5.040s] -- Set runtime path of "/home/scott/S24_RobotProgramming_Ardent/roscourse_final_ws/install/aruco_interfaces/lib/python3.8/site-packages/aruco_interfaces/aruco_interfaces_s__rosidl_typesupport_introspection_c.cpython-38-x86_64-linux-gnu.so" to ""
[5.041s] -- Installing: /home/scott/S24_RobotProgramming_Ardent/roscourse_final_ws/install/aruco_interfaces/lib/python3.8/site-packages/aruco_interfaces/aruco_interfaces_s__rosidl_typesupport_c.cpython-38-x86_64-linux-gnu.so
[5.042s] -- Set runtime path of "/home/scott/S24_RobotProgramming_Ardent/roscourse_final_ws/install/aruco_interfaces/lib/python3.8/site-packages/aruco_interfaces/aruco_interfaces_s__rosidl_typesupport_c.cpython-38-x86_64-linux-gnu.so" to ""
[5.042s] -- Installing: /home/scott/S24_RobotProgramming_Ardent/roscourse_final_ws/install/aruco_interfaces/lib/libaruco_interfaces__python.so
[5.043s] -- Set runtime path of "/home/scott/S24_RobotProgramming_Ardent/roscourse_final_ws/install/aruco_interfaces/lib/libaruco_interfaces__python.so" to ""
[5.043s] -- Installing: /home/scott/S24_RobotProgramming_Ardent/roscourse_final_ws/install/aruco_interfaces/share/aruco_interfaces/srv/RobotCommand.idl
[5.043s] -- Installing: /home/scott/S24_RobotProgramming_Ardent/roscourse_final_ws/install/aruco_interfaces/share/aruco_interfaces/msg/ArucoLocation.idl
[5.043s] -- Installing: /home/scott/S24_RobotProgramming_Ardent/roscourse_final_ws/install/aruco_interfaces/share/aruco_interfaces/srv/RobotCommand.srv
[5.044s] -- Installing: /home/scott/S24_RobotProgramming_Ardent/roscourse_final_ws/install/aruco_interfaces/share/aruco_interfaces/srv/RobotCommand_Request.msg
[5.044s] -- Installing: /home/scott/S24_RobotProgramming_Ardent/roscourse_final_ws/install/aruco_interfaces/share/aruco_interfaces/srv/RobotCommand_Response.msg
[5.044s] -- Installing: /home/scott/S24_RobotProgramming_Ardent/roscourse_final_ws/install/aruco_interfaces/share/aruco_interfaces/msg/ArucoLocation.msg
[5.044s] -- Installing: /home/scott/S24_RobotProgramming_Ardent/roscourse_final_ws/install/aruco_interfaces/share/ament_index/resource_index/package_run_dependencies/aruco_interfaces
[5.045s] -- Installing: /home/scott/S24_RobotProgramming_Ardent/roscourse_final_ws/install/aruco_interfaces/share/ament_index/resource_index/parent_prefix_path/aruco_interfaces
[5.045s] -- Installing: /home/scott/S24_RobotProgramming_Ardent/roscourse_final_ws/install/aruco_interfaces/share/aruco_interfaces/environment/ament_prefix_path.sh
[5.045s] -- Installing: /home/scott/S24_RobotProgramming_Ardent/roscourse_final_ws/install/aruco_interfaces/share/aruco_interfaces/environment/ament_prefix_path.dsv
[5.046s] -- Installing: /home/scott/S24_RobotProgramming_Ardent/roscourse_final_ws/install/aruco_interfaces/share/aruco_interfaces/environment/path.sh
[5.046s] -- Installing: /home/scott/S24_RobotProgramming_Ardent/roscourse_final_ws/install/aruco_interfaces/share/aruco_interfaces/environment/path.dsv
[5.046s] -- Installing: /home/scott/S24_RobotProgramming_Ardent/roscourse_final_ws/install/aruco_interfaces/share/aruco_interfaces/local_setup.bash
[5.046s] -- Installing: /home/scott/S24_RobotProgramming_Ardent/roscourse_final_ws/install/aruco_interfaces/share/aruco_interfaces/local_setup.sh
[5.047s] -- Installing: /home/scott/S24_RobotProgramming_Ardent/roscourse_final_ws/install/aruco_interfaces/share/aruco_interfaces/local_setup.zsh
[5.047s] -- Installing: /home/scott/S24_RobotProgramming_Ardent/roscourse_final_ws/install/aruco_interfaces/share/aruco_interfaces/local_setup.dsv
[5.047s] -- Installing: /home/scott/S24_RobotProgramming_Ardent/roscourse_final_ws/install/aruco_interfaces/share/aruco_interfaces/package.dsv
[5.048s] -- Installing: /home/scott/S24_RobotProgramming_Ardent/roscourse_final_ws/install/aruco_interfaces/share/ament_index/resource_index/packages/aruco_interfaces
[5.048s] -- Installing: /home/scott/S24_RobotProgramming_Ardent/roscourse_final_ws/install/aruco_interfaces/share/aruco_interfaces/cmake/aruco_interfaces__rosidl_generator_cExport.cmake
[5.048s] -- Installing: /home/scott/S24_RobotProgramming_Ardent/roscourse_final_ws/install/aruco_interfaces/share/aruco_interfaces/cmake/aruco_interfaces__rosidl_generator_cExport-noconfig.cmake
[5.049s] -- Installing: /home/scott/S24_RobotProgramming_Ardent/roscourse_final_ws/install/aruco_interfaces/share/aruco_interfaces/cmake/aruco_interfaces__rosidl_typesupport_introspection_cExport.cmake
[5.049s] -- Installing: /home/scott/S24_RobotProgramming_Ardent/roscourse_final_ws/install/aruco_interfaces/share/aruco_interfaces/cmake/aruco_interfaces__rosidl_typesupport_introspection_cExport-noconfig.cmake
[5.049s] -- Installing: /home/scott/S24_RobotProgramming_Ardent/roscourse_final_ws/install/aruco_interfaces/share/aruco_interfaces/cmake/aruco_interfaces__rosidl_typesupport_cExport.cmake
[5.049s] -- Installing: /home/scott/S24_RobotProgramming_Ardent/roscourse_final_ws/install/aruco_interfaces/share/aruco_interfaces/cmake/aruco_interfaces__rosidl_typesupport_cExport-noconfig.cmake
[5.049s] -- Installing: /home/scott/S24_RobotProgramming_Ardent/roscourse_final_ws/install/aruco_interfaces/share/aruco_interfaces/cmake/aruco_interfaces__rosidl_generator_cppExport.cmake
[5.049s] -- Installing: /home/scott/S24_RobotProgramming_Ardent/roscourse_final_ws/install/aruco_interfaces/share/aruco_interfaces/cmake/aruco_interfaces__rosidl_typesupport_introspection_cppExport.cmake
[5.050s] -- Installing: /home/scott/S24_RobotProgramming_Ardent/roscourse_final_ws/install/aruco_interfaces/share/aruco_interfaces/cmake/aruco_interfaces__rosidl_typesupport_introspection_cppExport-noconfig.cmake
[5.050s] -- Installing: /home/scott/S24_RobotProgramming_Ardent/roscourse_final_ws/install/aruco_interfaces/share/aruco_interfaces/cmake/aruco_interfaces__rosidl_typesupport_cppExport.cmake
[5.050s] -- Installing: /home/scott/S24_RobotProgramming_Ardent/roscourse_final_ws/install/aruco_interfaces/share/aruco_interfaces/cmake/aruco_interfaces__rosidl_typesupport_cppExport-noconfig.cmake
[5.050s] -- Installing: /home/scott/S24_RobotProgramming_Ardent/roscourse_final_ws/install/aruco_interfaces/share/aruco_interfaces/cmake/rosidl_cmake-extras.cmake
[5.050s] -- Installing: /home/scott/S24_RobotProgramming_Ardent/roscourse_final_ws/install/aruco_interfaces/share/aruco_interfaces/cmake/ament_cmake_export_dependencies-extras.cmake
[5.050s] -- Installing: /home/scott/S24_RobotProgramming_Ardent/roscourse_final_ws/install/aruco_interfaces/share/aruco_interfaces/cmake/ament_cmake_export_libraries-extras.cmake
[5.051s] -- Installing: /home/scott/S24_RobotProgramming_Ardent/roscourse_final_ws/install/aruco_interfaces/share/aruco_interfaces/cmake/ament_cmake_export_targets-extras.cmake
[5.051s] -- Installing: /home/scott/S24_RobotProgramming_Ardent/roscourse_final_ws/install/aruco_interfaces/share/aruco_interfaces/cmake/ament_cmake_export_include_directories-extras.cmake
[5.051s] -- Installing: /home/scott/S24_RobotProgramming_Ardent/roscourse_final_ws/install/aruco_interfaces/share/aruco_interfaces/cmake/rosidl_cmake_export_typesupport_libraries-extras.cmake
[5.051s] -- Installing: /home/scott/S24_RobotProgramming_Ardent/roscourse_final_ws/install/aruco_interfaces/share/aruco_interfaces/cmake/rosidl_cmake_export_typesupport_targets-extras.cmake
[5.051s] -- Installing: /home/scott/S24_RobotProgramming_Ardent/roscourse_final_ws/install/aruco_interfaces/share/aruco_interfaces/cmake/aruco_interfacesConfig.cmake
[5.051s] -- Installing: /home/scott/S24_RobotProgramming_Ardent/roscourse_final_ws/install/aruco_interfaces/share/aruco_interfaces/cmake/aruco_interfacesConfig-version.cmake
[5.051s] -- Installing: /home/scott/S24_RobotProgramming_Ardent/roscourse_final_ws/install/aruco_interfaces/share/aruco_interfaces/package.xml
[5.053s] Invoked command in '/home/scott/S24_RobotProgramming_Ardent/roscourse_final_ws/build/aruco_interfaces' returned '0': CMAKE_PREFIX_PATH=/opt/ros/foxy /usr/bin/cmake --install /home/scott/S24_RobotProgramming_Ardent/roscourse_final_ws/build/aruco_interfaces
