[5.279s] Invoking command in '/root/codes/S24_RobotProgramming_Ardent/roscourse_final_ws/src/aruco_tracker': AMENT_PREFIX_PATH=/root/codes/S24_RobotProgramming_Ardent/roscourse_final_ws/install/aruco_interfaces:${AMENT_PREFIX_PATH} CMAKE_PREFIX_PATH=/root/codes/S24_RobotProgramming_Ardent/roscourse_final_ws/install/aruco_interfaces:${CMAKE_PREFIX_PATH} LD_LIBRARY_PATH=/root/codes/S24_RobotProgramming_Ardent/roscourse_final_ws/install/aruco_interfaces/lib:${LD_LIBRARY_PATH} PYTHONPATH=/root/codes/S24_RobotProgramming_Ardent/roscourse_final_ws/build/aruco_tracker/prefix_override:/root/codes/S24_RobotProgramming_Ardent/roscourse_final_ws/install/aruco_tracker/lib/python3.8/site-packages:/root/codes/S24_RobotProgramming_Ardent/roscourse_final_ws/install/aruco_interfaces/lib/python3.8/site-packages:${PYTHONPATH} /usr/bin/python3 -W ignore:setup.py install is deprecated setup.py egg_info --egg-base ../../build/aruco_tracker build --build-base /root/codes/S24_RobotProgramming_Ardent/roscourse_final_ws/build/aruco_tracker/build install --record /root/codes/S24_RobotProgramming_Ardent/roscourse_final_ws/build/aruco_tracker/install.log --install-scripts $base/lib/aruco_tracker --single-version-externally-managed install_data
[6.770s] running egg_info
[6.773s] writing ../../build/aruco_tracker/aruco_tracker.egg-info/PKG-INFO
[6.774s] writing dependency_links to ../../build/aruco_tracker/aruco_tracker.egg-info/dependency_links.txt
[6.774s] writing entry points to ../../build/aruco_tracker/aruco_tracker.egg-info/entry_points.txt
[6.775s] writing requirements to ../../build/aruco_tracker/aruco_tracker.egg-info/requires.txt
[6.775s] writing top-level names to ../../build/aruco_tracker/aruco_tracker.egg-info/top_level.txt
[6.944s] reading manifest file '../../build/aruco_tracker/aruco_tracker.egg-info/SOURCES.txt'
[6.951s] writing manifest file '../../build/aruco_tracker/aruco_tracker.egg-info/SOURCES.txt'
[6.951s] running build
[6.952s] running build_py
[6.953s] copying aruco_tracker/core_node.py -> /root/codes/S24_RobotProgramming_Ardent/roscourse_final_ws/build/aruco_tracker/build/lib/aruco_tracker
[6.955s] running install
[6.959s] running install_lib
[6.964s] copying /root/codes/S24_RobotProgramming_Ardent/roscourse_final_ws/build/aruco_tracker/build/lib/aruco_tracker/core_node.py -> /root/codes/S24_RobotProgramming_Ardent/roscourse_final_ws/install/aruco_tracker/lib/python3.8/site-packages/aruco_tracker
[6.968s] byte-compiling /root/codes/S24_RobotProgramming_Ardent/roscourse_final_ws/install/aruco_tracker/lib/python3.8/site-packages/aruco_tracker/core_node.py to core_node.cpython-38.pyc
[6.982s] running install_data
[6.983s] running install_egg_info
[6.987s] removing '/root/codes/S24_RobotProgramming_Ardent/roscourse_final_ws/install/aruco_tracker/lib/python3.8/site-packages/aruco_tracker-0.0.0-py3.8.egg-info' (and everything under it)
[6.989s] Copying ../../build/aruco_tracker/aruco_tracker.egg-info to /root/codes/S24_RobotProgramming_Ardent/roscourse_final_ws/install/aruco_tracker/lib/python3.8/site-packages/aruco_tracker-0.0.0-py3.8.egg-info
[6.997s] running install_scripts
[7.081s] Installing aruco_publisher script to /root/codes/S24_RobotProgramming_Ardent/roscourse_final_ws/install/aruco_tracker/lib/aruco_tracker
[7.081s] Installing control_server script to /root/codes/S24_RobotProgramming_Ardent/roscourse_final_ws/install/aruco_tracker/lib/aruco_tracker
[7.082s] Installing core_node script to /root/codes/S24_RobotProgramming_Ardent/roscourse_final_ws/install/aruco_tracker/lib/aruco_tracker
[7.082s] Installing webcam_pub script to /root/codes/S24_RobotProgramming_Ardent/roscourse_final_ws/install/aruco_tracker/lib/aruco_tracker
[7.084s] Installing webcam_sub script to /root/codes/S24_RobotProgramming_Ardent/roscourse_final_ws/install/aruco_tracker/lib/aruco_tracker
[7.085s] writing list of installed files to '/root/codes/S24_RobotProgramming_Ardent/roscourse_final_ws/build/aruco_tracker/install.log'
[7.187s] Invoked command in '/root/codes/S24_RobotProgramming_Ardent/roscourse_final_ws/src/aruco_tracker' returned '0': AMENT_PREFIX_PATH=/root/codes/S24_RobotProgramming_Ardent/roscourse_final_ws/install/aruco_interfaces:${AMENT_PREFIX_PATH} CMAKE_PREFIX_PATH=/root/codes/S24_RobotProgramming_Ardent/roscourse_final_ws/install/aruco_interfaces:${CMAKE_PREFIX_PATH} LD_LIBRARY_PATH=/root/codes/S24_RobotProgramming_Ardent/roscourse_final_ws/install/aruco_interfaces/lib:${LD_LIBRARY_PATH} PYTHONPATH=/root/codes/S24_RobotProgramming_Ardent/roscourse_final_ws/build/aruco_tracker/prefix_override:/root/codes/S24_RobotProgramming_Ardent/roscourse_final_ws/install/aruco_tracker/lib/python3.8/site-packages:/root/codes/S24_RobotProgramming_Ardent/roscourse_final_ws/install/aruco_interfaces/lib/python3.8/site-packages:${PYTHONPATH} /usr/bin/python3 -W ignore:setup.py install is deprecated setup.py egg_info --egg-base ../../build/aruco_tracker build --build-base /root/codes/S24_RobotProgramming_Ardent/roscourse_final_ws/build/aruco_tracker/build install --record /root/codes/S24_RobotProgramming_Ardent/roscourse_final_ws/build/aruco_tracker/install.log --install-scripts $base/lib/aruco_tracker --single-version-externally-managed install_data
