[0.118s] Invoking command in '/root/codes/S24_RobotProgramming_Ardent/roscourse_final_ws/build/aruco_interfaces': CMAKE_PREFIX_PATH=${CMAKE_PREFIX_PATH}:/root/yahboomcar_ros2_ws/yahboomcar_ws/install/yahboomcar_voice_ctrl:/root/yahboomcar_ros2_ws/yahboomcar_ws/install/yahboomcar_visual:/root/yahboomcar_ros2_ws/yahboomcar_ws/install/yahboomcar_nav:/root/yahboomcar_ros2_ws/yahboomcar_ws/install/yahboomcar_multi:/root/yahboomcar_ros2_ws/yahboomcar_ws/install/yahboomcar_mediapipe:/root/yahboomcar_ros2_ws/yahboomcar_ws/install/yahboomcar_linefollow:/root/yahboomcar_ros2_ws/yahboomcar_ws/install/yahboomcar_laser:/root/yahboomcar_ros2_ws/yahboomcar_ws/install/yahboomcar_description_x1:/root/yahboomcar_ros2_ws/yahboomcar_ws/install/yahboomcar_description:/root/yahboomcar_ros2_ws/yahboomcar_ws/install/yahboomcar_ctrl:/root/yahboomcar_ros2_ws/yahboomcar_ws/install/yahboomcar_bringup:/root/yahboomcar_ros2_ws/yahboomcar_ws/install/yahboomcar_astra:/root/yahboomcar_ros2_ws/yahboomcar_ws/install/yahboom_app_save_map:/root/yahboomcar_ros2_ws/yahboomcar_ws/install/robot_pose_publisher:/root/yahboomcar_ros2_ws/yahboomcar_ws/install/laserscan_to_point_pulisher:/opt/ros/foxy /usr/bin/cmake --build /root/codes/S24_RobotProgramming_Ardent/roscourse_final_ws/build/aruco_interfaces -- -j4 -l4
[0.448s] [  2%] Built target aruco_interfaces__cpp
[0.471s] [ 12%] Built target aruco_interfaces__rosidl_generator_c
[0.786s] [ 23%] Built target aruco_interfaces__rosidl_typesupport_cpp
[0.855s] [ 33%] Built target aruco_interfaces__rosidl_typesupport_introspection_cpp
[0.860s] [ 43%] Built target aruco_interfaces__rosidl_typesupport_introspection_c
[0.992s] [ 53%] Built target aruco_interfaces__rosidl_typesupport_fastrtps_cpp
[1.123s] [ 64%] Built target aruco_interfaces__rosidl_typesupport_c
[1.312s] [ 74%] Built target aruco_interfaces__rosidl_typesupport_fastrtps_c
[1.474s] [ 74%] Built target aruco_interfaces
[1.616s] [ 76%] Built target aruco_interfaces__py
[1.784s] [ 84%] Built target aruco_interfaces__python
[1.996s] [ 89%] Built target aruco_interfaces__rosidl_typesupport_fastrtps_c__pyext
[1.999s] [ 94%] Built target aruco_interfaces__rosidl_typesupport_c__pyext
[2.011s] [100%] Built target aruco_interfaces__rosidl_typesupport_introspection_c__pyext
[2.067s] Invoked command in '/root/codes/S24_RobotProgramming_Ardent/roscourse_final_ws/build/aruco_interfaces' returned '0': CMAKE_PREFIX_PATH=${CMAKE_PREFIX_PATH}:/root/yahboomcar_ros2_ws/yahboomcar_ws/install/yahboomcar_voice_ctrl:/root/yahboomcar_ros2_ws/yahboomcar_ws/install/yahboomcar_visual:/root/yahboomcar_ros2_ws/yahboomcar_ws/install/yahboomcar_nav:/root/yahboomcar_ros2_ws/yahboomcar_ws/install/yahboomcar_multi:/root/yahboomcar_ros2_ws/yahboomcar_ws/install/yahboomcar_mediapipe:/root/yahboomcar_ros2_ws/yahboomcar_ws/install/yahboomcar_linefollow:/root/yahboomcar_ros2_ws/yahboomcar_ws/install/yahboomcar_laser:/root/yahboomcar_ros2_ws/yahboomcar_ws/install/yahboomcar_description_x1:/root/yahboomcar_ros2_ws/yahboomcar_ws/install/yahboomcar_description:/root/yahboomcar_ros2_ws/yahboomcar_ws/install/yahboomcar_ctrl:/root/yahboomcar_ros2_ws/yahboomcar_ws/install/yahboomcar_bringup:/root/yahboomcar_ros2_ws/yahboomcar_ws/install/yahboomcar_astra:/root/yahboomcar_ros2_ws/yahboomcar_ws/install/yahboom_app_save_map:/root/yahboomcar_ros2_ws/yahboomcar_ws/install/robot_pose_publisher:/root/yahboomcar_ros2_ws/yahboomcar_ws/install/laserscan_to_point_pulisher:/opt/ros/foxy /usr/bin/cmake --build /root/codes/S24_RobotProgramming_Ardent/roscourse_final_ws/build/aruco_interfaces -- -j4 -l4
[2.534s] Invoking command in '/root/codes/S24_RobotProgramming_Ardent/roscourse_final_ws/build/aruco_interfaces': CMAKE_PREFIX_PATH=${CMAKE_PREFIX_PATH}:/root/yahboomcar_ros2_ws/yahboomcar_ws/install/yahboomcar_voice_ctrl:/root/yahboomcar_ros2_ws/yahboomcar_ws/install/yahboomcar_visual:/root/yahboomcar_ros2_ws/yahboomcar_ws/install/yahboomcar_nav:/root/yahboomcar_ros2_ws/yahboomcar_ws/install/yahboomcar_multi:/root/yahboomcar_ros2_ws/yahboomcar_ws/install/yahboomcar_mediapipe:/root/yahboomcar_ros2_ws/yahboomcar_ws/install/yahboomcar_linefollow:/root/yahboomcar_ros2_ws/yahboomcar_ws/install/yahboomcar_laser:/root/yahboomcar_ros2_ws/yahboomcar_ws/install/yahboomcar_description_x1:/root/yahboomcar_ros2_ws/yahboomcar_ws/install/yahboomcar_description:/root/yahboomcar_ros2_ws/yahboomcar_ws/install/yahboomcar_ctrl:/root/yahboomcar_ros2_ws/yahboomcar_ws/install/yahboomcar_bringup:/root/yahboomcar_ros2_ws/yahboomcar_ws/install/yahboomcar_astra:/root/yahboomcar_ros2_ws/yahboomcar_ws/install/yahboom_app_save_map:/root/yahboomcar_ros2_ws/yahboomcar_ws/install/robot_pose_publisher:/root/yahboomcar_ros2_ws/yahboomcar_ws/install/laserscan_to_point_pulisher:/opt/ros/foxy /usr/bin/cmake --install /root/codes/S24_RobotProgramming_Ardent/roscourse_final_ws/build/aruco_interfaces
[2.588s] -- Install configuration: ""
[2.589s] -- Up-to-date: /root/codes/S24_RobotProgramming_Ardent/roscourse_final_ws/install/aruco_interfaces/share/ament_index/resource_index/rosidl_interfaces/aruco_interfaces
[2.590s] -- Up-to-date: /root/codes/S24_RobotProgramming_Ardent/roscourse_final_ws/install/aruco_interfaces/include/aruco_interfaces
[2.590s] -- Up-to-date: /root/codes/S24_RobotProgramming_Ardent/roscourse_final_ws/install/aruco_interfaces/include/aruco_interfaces/srv
[2.591s] -- Up-to-date: /root/codes/S24_RobotProgramming_Ardent/roscourse_final_ws/install/aruco_interfaces/include/aruco_interfaces/srv/detail
[2.591s] -- Up-to-date: /root/codes/S24_RobotProgramming_Ardent/roscourse_final_ws/install/aruco_interfaces/include/aruco_interfaces/srv/detail/robot_command__functions.c
[2.591s] -- Up-to-date: /root/codes/S24_RobotProgramming_Ardent/roscourse_final_ws/install/aruco_interfaces/include/aruco_interfaces/srv/detail/robot_command__struct.h
[2.592s] -- Up-to-date: /root/codes/S24_RobotProgramming_Ardent/roscourse_final_ws/install/aruco_interfaces/include/aruco_interfaces/srv/detail/robot_command__type_support.h
[2.592s] -- Up-to-date: /root/codes/S24_RobotProgramming_Ardent/roscourse_final_ws/install/aruco_interfaces/include/aruco_interfaces/srv/detail/robot_command__functions.h
[2.593s] -- Up-to-date: /root/codes/S24_RobotProgramming_Ardent/roscourse_final_ws/install/aruco_interfaces/include/aruco_interfaces/srv/robot_command.h
[2.593s] -- Up-to-date: /root/codes/S24_RobotProgramming_Ardent/roscourse_final_ws/install/aruco_interfaces/include/aruco_interfaces/msg
[2.594s] -- Up-to-date: /root/codes/S24_RobotProgramming_Ardent/roscourse_final_ws/install/aruco_interfaces/include/aruco_interfaces/msg/detail
[2.595s] -- Up-to-date: /root/codes/S24_RobotProgramming_Ardent/roscourse_final_ws/install/aruco_interfaces/include/aruco_interfaces/msg/detail/aruco_location__struct.h
[2.595s] -- Up-to-date: /root/codes/S24_RobotProgramming_Ardent/roscourse_final_ws/install/aruco_interfaces/include/aruco_interfaces/msg/detail/aruco_location__functions.h
[2.596s] -- Up-to-date: /root/codes/S24_RobotProgramming_Ardent/roscourse_final_ws/install/aruco_interfaces/include/aruco_interfaces/msg/detail/aruco_location__functions.c
[2.596s] -- Up-to-date: /root/codes/S24_RobotProgramming_Ardent/roscourse_final_ws/install/aruco_interfaces/include/aruco_interfaces/msg/detail/aruco_location__type_support.h
[2.596s] -- Up-to-date: /root/codes/S24_RobotProgramming_Ardent/roscourse_final_ws/install/aruco_interfaces/include/aruco_interfaces/msg/aruco_location.h
[2.597s] -- Up-to-date: /root/codes/S24_RobotProgramming_Ardent/roscourse_final_ws/install/aruco_interfaces/include/aruco_interfaces/msg/rosidl_generator_c__visibility_control.h
[2.597s] -- Up-to-date: /root/codes/S24_RobotProgramming_Ardent/roscourse_final_ws/install/aruco_interfaces/share/aruco_interfaces/environment/library_path.sh
[2.598s] -- Up-to-date: /root/codes/S24_RobotProgramming_Ardent/roscourse_final_ws/install/aruco_interfaces/share/aruco_interfaces/environment/library_path.dsv
[2.599s] -- Up-to-date: /root/codes/S24_RobotProgramming_Ardent/roscourse_final_ws/install/aruco_interfaces/lib/libaruco_interfaces__rosidl_generator_c.so
[2.599s] -- Up-to-date: /root/codes/S24_RobotProgramming_Ardent/roscourse_final_ws/install/aruco_interfaces/include/aruco_interfaces
[2.600s] -- Up-to-date: /root/codes/S24_RobotProgramming_Ardent/roscourse_final_ws/install/aruco_interfaces/include/aruco_interfaces/srv
[2.600s] -- Up-to-date: /root/codes/S24_RobotProgramming_Ardent/roscourse_final_ws/install/aruco_interfaces/include/aruco_interfaces/srv/detail
[2.600s] -- Up-to-date: /root/codes/S24_RobotProgramming_Ardent/roscourse_final_ws/install/aruco_interfaces/include/aruco_interfaces/srv/detail/robot_command__rosidl_typesupport_fastrtps_c.h
[2.601s] -- Up-to-date: /root/codes/S24_RobotProgramming_Ardent/roscourse_final_ws/install/aruco_interfaces/include/aruco_interfaces/msg
[2.601s] -- Up-to-date: /root/codes/S24_RobotProgramming_Ardent/roscourse_final_ws/install/aruco_interfaces/include/aruco_interfaces/msg/detail
[2.601s] -- Up-to-date: /root/codes/S24_RobotProgramming_Ardent/roscourse_final_ws/install/aruco_interfaces/include/aruco_interfaces/msg/detail/aruco_location__rosidl_typesupport_fastrtps_c.h
[2.602s] -- Up-to-date: /root/codes/S24_RobotProgramming_Ardent/roscourse_final_ws/install/aruco_interfaces/include/aruco_interfaces/msg/rosidl_typesupport_fastrtps_c__visibility_control.h
[2.602s] -- Up-to-date: /root/codes/S24_RobotProgramming_Ardent/roscourse_final_ws/install/aruco_interfaces/lib/libaruco_interfaces__rosidl_typesupport_fastrtps_c.so
[2.603s] -- Up-to-date: /root/codes/S24_RobotProgramming_Ardent/roscourse_final_ws/install/aruco_interfaces/include/aruco_interfaces
[2.603s] -- Up-to-date: /root/codes/S24_RobotProgramming_Ardent/roscourse_final_ws/install/aruco_interfaces/include/aruco_interfaces/srv
[2.604s] -- Up-to-date: /root/codes/S24_RobotProgramming_Ardent/roscourse_final_ws/install/aruco_interfaces/include/aruco_interfaces/srv/detail
[2.604s] -- Up-to-date: /root/codes/S24_RobotProgramming_Ardent/roscourse_final_ws/install/aruco_interfaces/include/aruco_interfaces/srv/detail/dds_fastrtps
[2.604s] -- Up-to-date: /root/codes/S24_RobotProgramming_Ardent/roscourse_final_ws/install/aruco_interfaces/include/aruco_interfaces/srv/detail/robot_command__rosidl_typesupport_fastrtps_cpp.hpp
[2.605s] -- Up-to-date: /root/codes/S24_RobotProgramming_Ardent/roscourse_final_ws/install/aruco_interfaces/include/aruco_interfaces/msg
[2.605s] -- Up-to-date: /root/codes/S24_RobotProgramming_Ardent/roscourse_final_ws/install/aruco_interfaces/include/aruco_interfaces/msg/detail
[2.606s] -- Up-to-date: /root/codes/S24_RobotProgramming_Ardent/roscourse_final_ws/install/aruco_interfaces/include/aruco_interfaces/msg/detail/dds_fastrtps
[2.606s] -- Up-to-date: /root/codes/S24_RobotProgramming_Ardent/roscourse_final_ws/install/aruco_interfaces/include/aruco_interfaces/msg/detail/aruco_location__rosidl_typesupport_fastrtps_cpp.hpp
[2.607s] -- Up-to-date: /root/codes/S24_RobotProgramming_Ardent/roscourse_final_ws/install/aruco_interfaces/include/aruco_interfaces/msg/rosidl_typesupport_fastrtps_cpp__visibility_control.h
[2.607s] -- Up-to-date: /root/codes/S24_RobotProgramming_Ardent/roscourse_final_ws/install/aruco_interfaces/lib/libaruco_interfaces__rosidl_typesupport_fastrtps_cpp.so
[2.608s] -- Up-to-date: /root/codes/S24_RobotProgramming_Ardent/roscourse_final_ws/install/aruco_interfaces/include/aruco_interfaces
[2.608s] -- Up-to-date: /root/codes/S24_RobotProgramming_Ardent/roscourse_final_ws/install/aruco_interfaces/include/aruco_interfaces/srv
[2.608s] -- Up-to-date: /root/codes/S24_RobotProgramming_Ardent/roscourse_final_ws/install/aruco_interfaces/include/aruco_interfaces/srv/detail
[2.609s] -- Up-to-date: /root/codes/S24_RobotProgramming_Ardent/roscourse_final_ws/install/aruco_interfaces/include/aruco_interfaces/srv/detail/robot_command__type_support.c
[2.609s] -- Up-to-date: /root/codes/S24_RobotProgramming_Ardent/roscourse_final_ws/install/aruco_interfaces/include/aruco_interfaces/srv/detail/robot_command__rosidl_typesupport_introspection_c.h
[2.610s] -- Up-to-date: /root/codes/S24_RobotProgramming_Ardent/roscourse_final_ws/install/aruco_interfaces/include/aruco_interfaces/msg
[2.610s] -- Up-to-date: /root/codes/S24_RobotProgramming_Ardent/roscourse_final_ws/install/aruco_interfaces/include/aruco_interfaces/msg/detail
[2.610s] -- Up-to-date: /root/codes/S24_RobotProgramming_Ardent/roscourse_final_ws/install/aruco_interfaces/include/aruco_interfaces/msg/detail/aruco_location__rosidl_typesupport_introspection_c.h
[2.611s] -- Up-to-date: /root/codes/S24_RobotProgramming_Ardent/roscourse_final_ws/install/aruco_interfaces/include/aruco_interfaces/msg/detail/aruco_location__type_support.c
[2.611s] -- Up-to-date: /root/codes/S24_RobotProgramming_Ardent/roscourse_final_ws/install/aruco_interfaces/include/aruco_interfaces/msg/rosidl_typesupport_introspection_c__visibility_control.h
[2.612s] -- Up-to-date: /root/codes/S24_RobotProgramming_Ardent/roscourse_final_ws/install/aruco_interfaces/lib/libaruco_interfaces__rosidl_typesupport_introspection_c.so
[2.612s] -- Up-to-date: /root/codes/S24_RobotProgramming_Ardent/roscourse_final_ws/install/aruco_interfaces/lib/libaruco_interfaces__rosidl_typesupport_c.so
[2.613s] -- Up-to-date: /root/codes/S24_RobotProgramming_Ardent/roscourse_final_ws/install/aruco_interfaces/include/aruco_interfaces
[2.613s] -- Up-to-date: /root/codes/S24_RobotProgramming_Ardent/roscourse_final_ws/install/aruco_interfaces/include/aruco_interfaces/srv
[2.614s] -- Up-to-date: /root/codes/S24_RobotProgramming_Ardent/roscourse_final_ws/install/aruco_interfaces/include/aruco_interfaces/srv/robot_command.hpp
[2.632s] -- Up-to-date: /root/codes/S24_RobotProgramming_Ardent/roscourse_final_ws/install/aruco_interfaces/include/aruco_interfaces/srv/detail
[2.634s] -- Up-to-date: /root/codes/S24_RobotProgramming_Ardent/roscourse_final_ws/install/aruco_interfaces/include/aruco_interfaces/srv/detail/robot_command__type_support.hpp
[2.635s] -- Up-to-date: /root/codes/S24_RobotProgramming_Ardent/roscourse_final_ws/install/aruco_interfaces/include/aruco_interfaces/srv/detail/robot_command__builder.hpp
[2.635s] -- Up-to-date: /root/codes/S24_RobotProgramming_Ardent/roscourse_final_ws/install/aruco_interfaces/include/aruco_interfaces/srv/detail/robot_command__traits.hpp
[2.636s] -- Up-to-date: /root/codes/S24_RobotProgramming_Ardent/roscourse_final_ws/install/aruco_interfaces/include/aruco_interfaces/srv/detail/robot_command__struct.hpp
[2.636s] -- Up-to-date: /root/codes/S24_RobotProgramming_Ardent/roscourse_final_ws/install/aruco_interfaces/include/aruco_interfaces/msg
[2.636s] -- Up-to-date: /root/codes/S24_RobotProgramming_Ardent/roscourse_final_ws/install/aruco_interfaces/include/aruco_interfaces/msg/detail
[2.637s] -- Up-to-date: /root/codes/S24_RobotProgramming_Ardent/roscourse_final_ws/install/aruco_interfaces/include/aruco_interfaces/msg/detail/aruco_location__traits.hpp
[2.637s] -- Up-to-date: /root/codes/S24_RobotProgramming_Ardent/roscourse_final_ws/install/aruco_interfaces/include/aruco_interfaces/msg/detail/aruco_location__struct.hpp
[2.637s] -- Up-to-date: /root/codes/S24_RobotProgramming_Ardent/roscourse_final_ws/install/aruco_interfaces/include/aruco_interfaces/msg/detail/aruco_location__type_support.hpp
[2.638s] -- Up-to-date: /root/codes/S24_RobotProgramming_Ardent/roscourse_final_ws/install/aruco_interfaces/include/aruco_interfaces/msg/detail/aruco_location__builder.hpp
[2.638s] -- Up-to-date: /root/codes/S24_RobotProgramming_Ardent/roscourse_final_ws/install/aruco_interfaces/include/aruco_interfaces/msg/rosidl_generator_cpp__visibility_control.hpp
[2.638s] -- Up-to-date: /root/codes/S24_RobotProgramming_Ardent/roscourse_final_ws/install/aruco_interfaces/include/aruco_interfaces/msg/aruco_location.hpp
[2.639s] -- Up-to-date: /root/codes/S24_RobotProgramming_Ardent/roscourse_final_ws/install/aruco_interfaces/include/aruco_interfaces
[2.639s] -- Up-to-date: /root/codes/S24_RobotProgramming_Ardent/roscourse_final_ws/install/aruco_interfaces/include/aruco_interfaces/srv
[2.639s] -- Up-to-date: /root/codes/S24_RobotProgramming_Ardent/roscourse_final_ws/install/aruco_interfaces/include/aruco_interfaces/srv/detail
[2.640s] -- Up-to-date: /root/codes/S24_RobotProgramming_Ardent/roscourse_final_ws/install/aruco_interfaces/include/aruco_interfaces/srv/detail/robot_command__rosidl_typesupport_introspection_cpp.hpp
[2.640s] -- Up-to-date: /root/codes/S24_RobotProgramming_Ardent/roscourse_final_ws/install/aruco_interfaces/include/aruco_interfaces/srv/detail/robot_command__type_support.cpp
[2.641s] -- Up-to-date: /root/codes/S24_RobotProgramming_Ardent/roscourse_final_ws/install/aruco_interfaces/include/aruco_interfaces/msg
[2.641s] -- Up-to-date: /root/codes/S24_RobotProgramming_Ardent/roscourse_final_ws/install/aruco_interfaces/include/aruco_interfaces/msg/detail
[2.641s] -- Up-to-date: /root/codes/S24_RobotProgramming_Ardent/roscourse_final_ws/install/aruco_interfaces/include/aruco_interfaces/msg/detail/aruco_location__rosidl_typesupport_introspection_cpp.hpp
[2.642s] -- Up-to-date: /root/codes/S24_RobotProgramming_Ardent/roscourse_final_ws/install/aruco_interfaces/include/aruco_interfaces/msg/detail/aruco_location__type_support.cpp
[2.650s] -- Up-to-date: /root/codes/S24_RobotProgramming_Ardent/roscourse_final_ws/install/aruco_interfaces/lib/libaruco_interfaces__rosidl_typesupport_introspection_cpp.so
[2.655s] -- Up-to-date: /root/codes/S24_RobotProgramming_Ardent/roscourse_final_ws/install/aruco_interfaces/lib/libaruco_interfaces__rosidl_typesupport_cpp.so
[2.656s] -- Up-to-date: /root/codes/S24_RobotProgramming_Ardent/roscourse_final_ws/install/aruco_interfaces/share/aruco_interfaces/environment/pythonpath.sh
[2.656s] -- Up-to-date: /root/codes/S24_RobotProgramming_Ardent/roscourse_final_ws/install/aruco_interfaces/share/aruco_interfaces/environment/pythonpath.dsv
[2.657s] -- Up-to-date: /root/codes/S24_RobotProgramming_Ardent/roscourse_final_ws/install/aruco_interfaces/lib/python3.8/site-packages/aruco_interfaces/__init__.py
[2.863s] -- Up-to-date: /root/codes/S24_RobotProgramming_Ardent/roscourse_final_ws/install/aruco_interfaces/lib/python3.8/site-packages/aruco_interfaces/srv
[2.864s] -- Up-to-date: /root/codes/S24_RobotProgramming_Ardent/roscourse_final_ws/install/aruco_interfaces/lib/python3.8/site-packages/aruco_interfaces/srv/_robot_command.py
[2.865s] -- Up-to-date: /root/codes/S24_RobotProgramming_Ardent/roscourse_final_ws/install/aruco_interfaces/lib/python3.8/site-packages/aruco_interfaces/srv/__init__.py
[2.865s] -- Up-to-date: /root/codes/S24_RobotProgramming_Ardent/roscourse_final_ws/install/aruco_interfaces/lib/python3.8/site-packages/aruco_interfaces/srv/_robot_command_s.c
[2.865s] -- Up-to-date: /root/codes/S24_RobotProgramming_Ardent/roscourse_final_ws/install/aruco_interfaces/lib/python3.8/site-packages/aruco_interfaces/msg
[2.866s] -- Up-to-date: /root/codes/S24_RobotProgramming_Ardent/roscourse_final_ws/install/aruco_interfaces/lib/python3.8/site-packages/aruco_interfaces/msg/__init__.py
[2.869s] -- Up-to-date: /root/codes/S24_RobotProgramming_Ardent/roscourse_final_ws/install/aruco_interfaces/lib/python3.8/site-packages/aruco_interfaces/msg/_aruco_location.py
[2.869s] -- Up-to-date: /root/codes/S24_RobotProgramming_Ardent/roscourse_final_ws/install/aruco_interfaces/lib/python3.8/site-packages/aruco_interfaces/msg/_aruco_location_s.c
[2.873s] -- Up-to-date: /root/codes/S24_RobotProgramming_Ardent/roscourse_final_ws/install/aruco_interfaces/lib/python3.8/site-packages/aruco_interfaces/aruco_interfaces_s__rosidl_typesupport_fastrtps_c.cpython-38-aarch64-linux-gnu.so
[2.877s] -- Up-to-date: /root/codes/S24_RobotProgramming_Ardent/roscourse_final_ws/install/aruco_interfaces/lib/python3.8/site-packages/aruco_interfaces/aruco_interfaces_s__rosidl_typesupport_introspection_c.cpython-38-aarch64-linux-gnu.so
[2.880s] -- Up-to-date: /root/codes/S24_RobotProgramming_Ardent/roscourse_final_ws/install/aruco_interfaces/lib/python3.8/site-packages/aruco_interfaces/aruco_interfaces_s__rosidl_typesupport_c.cpython-38-aarch64-linux-gnu.so
[2.882s] -- Up-to-date: /root/codes/S24_RobotProgramming_Ardent/roscourse_final_ws/install/aruco_interfaces/lib/libaruco_interfaces__python.so
[2.887s] -- Up-to-date: /root/codes/S24_RobotProgramming_Ardent/roscourse_final_ws/install/aruco_interfaces/share/aruco_interfaces/srv/RobotCommand.idl
[2.888s] -- Up-to-date: /root/codes/S24_RobotProgramming_Ardent/roscourse_final_ws/install/aruco_interfaces/share/aruco_interfaces/msg/ArucoLocation.idl
[2.888s] -- Up-to-date: /root/codes/S24_RobotProgramming_Ardent/roscourse_final_ws/install/aruco_interfaces/share/aruco_interfaces/srv/RobotCommand.srv
[2.889s] -- Up-to-date: /root/codes/S24_RobotProgramming_Ardent/roscourse_final_ws/install/aruco_interfaces/share/aruco_interfaces/srv/RobotCommand_Request.msg
[2.890s] -- Up-to-date: /root/codes/S24_RobotProgramming_Ardent/roscourse_final_ws/install/aruco_interfaces/share/aruco_interfaces/srv/RobotCommand_Response.msg
[2.893s] -- Up-to-date: /root/codes/S24_RobotProgramming_Ardent/roscourse_final_ws/install/aruco_interfaces/share/aruco_interfaces/msg/ArucoLocation.msg
[2.894s] -- Up-to-date: /root/codes/S24_RobotProgramming_Ardent/roscourse_final_ws/install/aruco_interfaces/share/ament_index/resource_index/package_run_dependencies/aruco_interfaces
[2.895s] -- Up-to-date: /root/codes/S24_RobotProgramming_Ardent/roscourse_final_ws/install/aruco_interfaces/share/ament_index/resource_index/parent_prefix_path/aruco_interfaces
[2.895s] -- Up-to-date: /root/codes/S24_RobotProgramming_Ardent/roscourse_final_ws/install/aruco_interfaces/share/aruco_interfaces/environment/ament_prefix_path.sh
[2.895s] -- Up-to-date: /root/codes/S24_RobotProgramming_Ardent/roscourse_final_ws/install/aruco_interfaces/share/aruco_interfaces/environment/ament_prefix_path.dsv
[2.898s] -- Up-to-date: /root/codes/S24_RobotProgramming_Ardent/roscourse_final_ws/install/aruco_interfaces/share/aruco_interfaces/environment/path.sh
[2.898s] -- Up-to-date: /root/codes/S24_RobotProgramming_Ardent/roscourse_final_ws/install/aruco_interfaces/share/aruco_interfaces/environment/path.dsv
[2.900s] -- Up-to-date: /root/codes/S24_RobotProgramming_Ardent/roscourse_final_ws/install/aruco_interfaces/share/aruco_interfaces/local_setup.bash
[2.900s] -- Up-to-date: /root/codes/S24_RobotProgramming_Ardent/roscourse_final_ws/install/aruco_interfaces/share/aruco_interfaces/local_setup.sh
[2.901s] -- Up-to-date: /root/codes/S24_RobotProgramming_Ardent/roscourse_final_ws/install/aruco_interfaces/share/aruco_interfaces/local_setup.zsh
[2.902s] -- Up-to-date: /root/codes/S24_RobotProgramming_Ardent/roscourse_final_ws/install/aruco_interfaces/share/aruco_interfaces/local_setup.dsv
[2.902s] -- Installing: /root/codes/S24_RobotProgramming_Ardent/roscourse_final_ws/install/aruco_interfaces/share/aruco_interfaces/package.dsv
[2.903s] -- Up-to-date: /root/codes/S24_RobotProgramming_Ardent/roscourse_final_ws/install/aruco_interfaces/share/ament_index/resource_index/packages/aruco_interfaces
[2.904s] -- Up-to-date: /root/codes/S24_RobotProgramming_Ardent/roscourse_final_ws/install/aruco_interfaces/share/aruco_interfaces/cmake/aruco_interfaces__rosidl_generator_cExport.cmake
[2.904s] -- Up-to-date: /root/codes/S24_RobotProgramming_Ardent/roscourse_final_ws/install/aruco_interfaces/share/aruco_interfaces/cmake/aruco_interfaces__rosidl_generator_cExport-noconfig.cmake
[2.908s] -- Up-to-date: /root/codes/S24_RobotProgramming_Ardent/roscourse_final_ws/install/aruco_interfaces/share/aruco_interfaces/cmake/aruco_interfaces__rosidl_typesupport_introspection_cExport.cmake
[2.909s] -- Up-to-date: /root/codes/S24_RobotProgramming_Ardent/roscourse_final_ws/install/aruco_interfaces/share/aruco_interfaces/cmake/aruco_interfaces__rosidl_typesupport_introspection_cExport-noconfig.cmake
[2.911s] -- Up-to-date: /root/codes/S24_RobotProgramming_Ardent/roscourse_final_ws/install/aruco_interfaces/share/aruco_interfaces/cmake/aruco_interfaces__rosidl_typesupport_cExport.cmake
[2.912s] -- Up-to-date: /root/codes/S24_RobotProgramming_Ardent/roscourse_final_ws/install/aruco_interfaces/share/aruco_interfaces/cmake/aruco_interfaces__rosidl_typesupport_cExport-noconfig.cmake
[2.915s] -- Up-to-date: /root/codes/S24_RobotProgramming_Ardent/roscourse_final_ws/install/aruco_interfaces/share/aruco_interfaces/cmake/aruco_interfaces__rosidl_generator_cppExport.cmake
[2.930s] -- Up-to-date: /root/codes/S24_RobotProgramming_Ardent/roscourse_final_ws/install/aruco_interfaces/share/aruco_interfaces/cmake/aruco_interfaces__rosidl_typesupport_introspection_cppExport.cmake
[2.931s] -- Up-to-date: /root/codes/S24_RobotProgramming_Ardent/roscourse_final_ws/install/aruco_interfaces/share/aruco_interfaces/cmake/aruco_interfaces__rosidl_typesupport_introspection_cppExport-noconfig.cmake
[2.931s] -- Up-to-date: /root/codes/S24_RobotProgramming_Ardent/roscourse_final_ws/install/aruco_interfaces/share/aruco_interfaces/cmake/aruco_interfaces__rosidl_typesupport_cppExport.cmake
[2.931s] -- Up-to-date: /root/codes/S24_RobotProgramming_Ardent/roscourse_final_ws/install/aruco_interfaces/share/aruco_interfaces/cmake/aruco_interfaces__rosidl_typesupport_cppExport-noconfig.cmake
[2.932s] -- Up-to-date: /root/codes/S24_RobotProgramming_Ardent/roscourse_final_ws/install/aruco_interfaces/share/aruco_interfaces/cmake/rosidl_cmake-extras.cmake
[2.932s] -- Up-to-date: /root/codes/S24_RobotProgramming_Ardent/roscourse_final_ws/install/aruco_interfaces/share/aruco_interfaces/cmake/ament_cmake_export_dependencies-extras.cmake
[2.933s] -- Up-to-date: /root/codes/S24_RobotProgramming_Ardent/roscourse_final_ws/install/aruco_interfaces/share/aruco_interfaces/cmake/ament_cmake_export_libraries-extras.cmake
[2.933s] -- Up-to-date: /root/codes/S24_RobotProgramming_Ardent/roscourse_final_ws/install/aruco_interfaces/share/aruco_interfaces/cmake/ament_cmake_export_targets-extras.cmake
[2.933s] -- Up-to-date: /root/codes/S24_RobotProgramming_Ardent/roscourse_final_ws/install/aruco_interfaces/share/aruco_interfaces/cmake/ament_cmake_export_include_directories-extras.cmake
[2.940s] -- Up-to-date: /root/codes/S24_RobotProgramming_Ardent/roscourse_final_ws/install/aruco_interfaces/share/aruco_interfaces/cmake/rosidl_cmake_export_typesupport_libraries-extras.cmake
[2.941s] -- Up-to-date: /root/codes/S24_RobotProgramming_Ardent/roscourse_final_ws/install/aruco_interfaces/share/aruco_interfaces/cmake/rosidl_cmake_export_typesupport_targets-extras.cmake
[2.942s] -- Up-to-date: /root/codes/S24_RobotProgramming_Ardent/roscourse_final_ws/install/aruco_interfaces/share/aruco_interfaces/cmake/aruco_interfacesConfig.cmake
[2.944s] -- Up-to-date: /root/codes/S24_RobotProgramming_Ardent/roscourse_final_ws/install/aruco_interfaces/share/aruco_interfaces/cmake/aruco_interfacesConfig-version.cmake
[2.945s] -- Up-to-date: /root/codes/S24_RobotProgramming_Ardent/roscourse_final_ws/install/aruco_interfaces/share/aruco_interfaces/package.xml
[2.946s] Invoked command in '/root/codes/S24_RobotProgramming_Ardent/roscourse_final_ws/build/aruco_interfaces' returned '0': CMAKE_PREFIX_PATH=${CMAKE_PREFIX_PATH}:/root/yahboomcar_ros2_ws/yahboomcar_ws/install/yahboomcar_voice_ctrl:/root/yahboomcar_ros2_ws/yahboomcar_ws/install/yahboomcar_visual:/root/yahboomcar_ros2_ws/yahboomcar_ws/install/yahboomcar_nav:/root/yahboomcar_ros2_ws/yahboomcar_ws/install/yahboomcar_multi:/root/yahboomcar_ros2_ws/yahboomcar_ws/install/yahboomcar_mediapipe:/root/yahboomcar_ros2_ws/yahboomcar_ws/install/yahboomcar_linefollow:/root/yahboomcar_ros2_ws/yahboomcar_ws/install/yahboomcar_laser:/root/yahboomcar_ros2_ws/yahboomcar_ws/install/yahboomcar_description_x1:/root/yahboomcar_ros2_ws/yahboomcar_ws/install/yahboomcar_description:/root/yahboomcar_ros2_ws/yahboomcar_ws/install/yahboomcar_ctrl:/root/yahboomcar_ros2_ws/yahboomcar_ws/install/yahboomcar_bringup:/root/yahboomcar_ros2_ws/yahboomcar_ws/install/yahboomcar_astra:/root/yahboomcar_ros2_ws/yahboomcar_ws/install/yahboom_app_save_map:/root/yahboomcar_ros2_ws/yahboomcar_ws/install/robot_pose_publisher:/root/yahboomcar_ros2_ws/yahboomcar_ws/install/laserscan_to_point_pulisher:/opt/ros/foxy /usr/bin/cmake --install /root/codes/S24_RobotProgramming_Ardent/roscourse_final_ws/build/aruco_interfaces
