/root/codes/S24_RobotProgramming_Ardent/roscourse_final_ws/install/aruco_tracker/lib/python3.8/site-packages/aruco_tracker/__init__.py
/root/codes/S24_RobotProgramming_Ardent/roscourse_final_ws/install/aruco_tracker/lib/python3.8/site-packages/aruco_tracker/cam_pub.py
/root/codes/S24_RobotProgramming_Ardent/roscourse_final_ws/install/aruco_tracker/lib/python3.8/site-packages/aruco_tracker/control_server.py
/root/codes/S24_RobotProgramming_Ardent/roscourse_final_ws/install/aruco_tracker/lib/python3.8/site-packages/aruco_tracker/aruco_publisher.py
/root/codes/S24_RobotProgramming_Ardent/roscourse_final_ws/install/aruco_tracker/lib/python3.8/site-packages/aruco_tracker/core_node.py
/root/codes/S24_RobotProgramming_Ardent/roscourse_final_ws/install/aruco_tracker/lib/python3.8/site-packages/aruco_tracker/aruco_tracker.py
/root/codes/S24_RobotProgramming_Ardent/roscourse_final_ws/install/aruco_tracker/lib/python3.8/site-packages/aruco_tracker/cam_sub.py
/root/codes/S24_RobotProgramming_Ardent/roscourse_final_ws/install/aruco_tracker/lib/python3.8/site-packages/aruco_tracker/__pycache__/__init__.cpython-38.pyc
/root/codes/S24_RobotProgramming_Ardent/roscourse_final_ws/install/aruco_tracker/lib/python3.8/site-packages/aruco_tracker/__pycache__/cam_pub.cpython-38.pyc
/root/codes/S24_RobotProgramming_Ardent/roscourse_final_ws/install/aruco_tracker/lib/python3.8/site-packages/aruco_tracker/__pycache__/control_server.cpython-38.pyc
/root/codes/S24_RobotProgramming_Ardent/roscourse_final_ws/install/aruco_tracker/lib/python3.8/site-packages/aruco_tracker/__pycache__/aruco_publisher.cpython-38.pyc
/root/codes/S24_RobotProgramming_Ardent/roscourse_final_ws/install/aruco_tracker/lib/python3.8/site-packages/aruco_tracker/__pycache__/core_node.cpython-38.pyc
/root/codes/S24_RobotProgramming_Ardent/roscourse_final_ws/install/aruco_tracker/lib/python3.8/site-packages/aruco_tracker/__pycache__/aruco_tracker.cpython-38.pyc
/root/codes/S24_RobotProgramming_Ardent/roscourse_final_ws/install/aruco_tracker/lib/python3.8/site-packages/aruco_tracker/__pycache__/cam_sub.cpython-38.pyc
/root/codes/S24_RobotProgramming_Ardent/roscourse_final_ws/install/aruco_tracker/share/ament_index/resource_index/packages/aruco_tracker
/root/codes/S24_RobotProgramming_Ardent/roscourse_final_ws/install/aruco_tracker/share/aruco_tracker/package.xml
/root/codes/S24_RobotProgramming_Ardent/roscourse_final_ws/install/aruco_tracker/share/aruco_tracker/aruco_tracker.launch.py
/root/codes/S24_RobotProgramming_Ardent/roscourse_final_ws/install/aruco_tracker/share/aruco_tracker/simple.launch.py
/root/codes/S24_RobotProgramming_Ardent/roscourse_final_ws/install/aruco_tracker/lib/python3.8/site-packages/aruco_tracker-0.0.0-py3.8.egg-info/PKG-INFO
/root/codes/S24_RobotProgramming_Ardent/roscourse_final_ws/install/aruco_tracker/lib/python3.8/site-packages/aruco_tracker-0.0.0-py3.8.egg-info/top_level.txt
/root/codes/S24_RobotProgramming_Ardent/roscourse_final_ws/install/aruco_tracker/lib/python3.8/site-packages/aruco_tracker-0.0.0-py3.8.egg-info/zip-safe
/root/codes/S24_RobotProgramming_Ardent/roscourse_final_ws/install/aruco_tracker/lib/python3.8/site-packages/aruco_tracker-0.0.0-py3.8.egg-info/dependency_links.txt
/root/codes/S24_RobotProgramming_Ardent/roscourse_final_ws/install/aruco_tracker/lib/python3.8/site-packages/aruco_tracker-0.0.0-py3.8.egg-info/entry_points.txt
/root/codes/S24_RobotProgramming_Ardent/roscourse_final_ws/install/aruco_tracker/lib/python3.8/site-packages/aruco_tracker-0.0.0-py3.8.egg-info/requires.txt
/root/codes/S24_RobotProgramming_Ardent/roscourse_final_ws/install/aruco_tracker/lib/python3.8/site-packages/aruco_tracker-0.0.0-py3.8.egg-info/SOURCES.txt
/root/codes/S24_RobotProgramming_Ardent/roscourse_final_ws/install/aruco_tracker/lib/aruco_tracker/aruco_publisher
/root/codes/S24_RobotProgramming_Ardent/roscourse_final_ws/install/aruco_tracker/lib/aruco_tracker/control_server
/root/codes/S24_RobotProgramming_Ardent/roscourse_final_ws/install/aruco_tracker/lib/aruco_tracker/core_node
/root/codes/S24_RobotProgramming_Ardent/roscourse_final_ws/install/aruco_tracker/lib/aruco_tracker/webcam_pub
/root/codes/S24_RobotProgramming_Ardent/roscourse_final_ws/install/aruco_tracker/lib/aruco_tracker/webcam_sub
