[0.413s] DEBUG:colcon:Command line arguments: ['/usr/bin/colcon', 'build']
[0.413s] DEBUG:colcon:Parsed command line arguments: Namespace(allow_overriding=[], ament_cmake_args=None, base_paths=['.'], build_base='build', catkin_cmake_args=None, catkin_skip_building_tests=False, cmake_args=None, cmake_clean_cache=False, cmake_clean_first=False, cmake_force_configure=False, cmake_target=None, cmake_target_skip_unavailable=False, continue_on_error=False, event_handlers=None, executor='parallel', ignore_user_meta=False, install_base='install', log_base=None, log_level=None, main=<bound method BuildVerb.main of <colcon_core.verb.build.BuildVerb object at 0x7f864a0fdb20>>, merge_install=False, metas=['./colcon.meta'], packages_above=None, packages_above_and_dependencies=None, packages_above_depth=None, packages_end=None, packages_ignore=None, packages_ignore_regex=None, packages_select=None, packages_select_build_failed=False, packages_select_by_dep=None, packages_select_regex=None, packages_select_test_failures=False, packages_skip=None, packages_skip_build_finished=False, packages_skip_by_dep=None, packages_skip_regex=None, packages_skip_test_passed=False, packages_skip_up_to=None, packages_start=None, packages_up_to=None, packages_up_to_regex=None, parallel_workers=12, paths=None, symlink_install=False, test_result_base=None, verb_extension=<colcon_core.verb.build.BuildVerb object at 0x7f864a0fdb20>, verb_name='build', verb_parser=<colcon_defaults.argument_parser.defaults.DefaultArgumentsDecorator object at 0x7f864a1050d0>)
[0.464s] Level 1:colcon.colcon_core.package_discovery:discover_packages(colcon_meta) check parameters
[0.465s] Level 1:colcon.colcon_core.package_discovery:discover_packages(recursive) check parameters
[0.465s] Level 1:colcon.colcon_core.package_discovery:discover_packages(ignore) check parameters
[0.465s] Level 1:colcon.colcon_core.package_discovery:discover_packages(path) check parameters
[0.465s] Level 1:colcon.colcon_core.package_discovery:discover_packages(colcon_meta) discover
[0.465s] Level 1:colcon.colcon_core.package_discovery:discover_packages(recursive) discover
[0.465s] INFO:colcon.colcon_core.package_discovery:Crawling recursively for packages in '/home/scott/roscourse_final_ws'
[0.465s] Level 1:colcon.colcon_core.package_identification:_identify(.) by extensions ['ignore', 'ignore_ament_install']
[0.465s] Level 1:colcon.colcon_core.package_identification:_identify(.) by extension 'ignore'
[0.465s] Level 1:colcon.colcon_core.package_identification:_identify(.) by extension 'ignore_ament_install'
[0.465s] Level 1:colcon.colcon_core.package_identification:_identify(.) by extensions ['colcon_pkg']
[0.466s] Level 1:colcon.colcon_core.package_identification:_identify(.) by extension 'colcon_pkg'
[0.466s] Level 1:colcon.colcon_core.package_identification:_identify(.) by extensions ['colcon_meta']
[0.466s] Level 1:colcon.colcon_core.package_identification:_identify(.) by extension 'colcon_meta'
[0.466s] Level 1:colcon.colcon_core.package_identification:_identify(.) by extensions ['ros']
[0.466s] Level 1:colcon.colcon_core.package_identification:_identify(.) by extension 'ros'
[0.480s] Level 1:colcon.colcon_core.package_identification:_identify(.) by extensions ['cmake', 'python']
[0.480s] Level 1:colcon.colcon_core.package_identification:_identify(.) by extension 'cmake'
[0.480s] Level 1:colcon.colcon_core.package_identification:_identify(.) by extension 'python'
[0.480s] Level 1:colcon.colcon_core.package_identification:_identify(.) by extensions ['python_setup_py']
[0.480s] Level 1:colcon.colcon_core.package_identification:_identify(.) by extension 'python_setup_py'
[0.480s] Level 1:colcon.colcon_core.package_identification:_identify(build) by extensions ['ignore', 'ignore_ament_install']
[0.480s] Level 1:colcon.colcon_core.package_identification:_identify(build) by extension 'ignore'
[0.480s] Level 1:colcon.colcon_core.package_identification:_identify(build) ignored
[0.481s] Level 1:colcon.colcon_core.package_identification:_identify(install) by extensions ['ignore', 'ignore_ament_install']
[0.481s] Level 1:colcon.colcon_core.package_identification:_identify(install) by extension 'ignore'
[0.481s] Level 1:colcon.colcon_core.package_identification:_identify(install) ignored
[0.481s] Level 1:colcon.colcon_core.package_identification:_identify(log) by extensions ['ignore', 'ignore_ament_install']
[0.481s] Level 1:colcon.colcon_core.package_identification:_identify(log) by extension 'ignore'
[0.481s] Level 1:colcon.colcon_core.package_identification:_identify(log) ignored
[0.481s] Level 1:colcon.colcon_core.package_identification:_identify(src) by extensions ['ignore', 'ignore_ament_install']
[0.481s] Level 1:colcon.colcon_core.package_identification:_identify(src) by extension 'ignore'
[0.481s] Level 1:colcon.colcon_core.package_identification:_identify(src) by extension 'ignore_ament_install'
[0.481s] Level 1:colcon.colcon_core.package_identification:_identify(src) by extensions ['colcon_pkg']
[0.481s] Level 1:colcon.colcon_core.package_identification:_identify(src) by extension 'colcon_pkg'
[0.482s] Level 1:colcon.colcon_core.package_identification:_identify(src) by extensions ['colcon_meta']
[0.482s] Level 1:colcon.colcon_core.package_identification:_identify(src) by extension 'colcon_meta'
[0.482s] Level 1:colcon.colcon_core.package_identification:_identify(src) by extensions ['ros']
[0.482s] Level 1:colcon.colcon_core.package_identification:_identify(src) by extension 'ros'
[0.482s] Level 1:colcon.colcon_core.package_identification:_identify(src) by extensions ['cmake', 'python']
[0.482s] Level 1:colcon.colcon_core.package_identification:_identify(src) by extension 'cmake'
[0.482s] Level 1:colcon.colcon_core.package_identification:_identify(src) by extension 'python'
[0.482s] Level 1:colcon.colcon_core.package_identification:_identify(src) by extensions ['python_setup_py']
[0.482s] Level 1:colcon.colcon_core.package_identification:_identify(src) by extension 'python_setup_py'
[0.482s] Level 1:colcon.colcon_core.package_identification:_identify(src/aruco_interfaces) by extensions ['ignore', 'ignore_ament_install']
[0.482s] Level 1:colcon.colcon_core.package_identification:_identify(src/aruco_interfaces) by extension 'ignore'
[0.482s] Level 1:colcon.colcon_core.package_identification:_identify(src/aruco_interfaces) by extension 'ignore_ament_install'
[0.482s] Level 1:colcon.colcon_core.package_identification:_identify(src/aruco_interfaces) by extensions ['colcon_pkg']
[0.482s] Level 1:colcon.colcon_core.package_identification:_identify(src/aruco_interfaces) by extension 'colcon_pkg'
[0.482s] Level 1:colcon.colcon_core.package_identification:_identify(src/aruco_interfaces) by extensions ['colcon_meta']
[0.482s] Level 1:colcon.colcon_core.package_identification:_identify(src/aruco_interfaces) by extension 'colcon_meta'
[0.483s] Level 1:colcon.colcon_core.package_identification:_identify(src/aruco_interfaces) by extensions ['ros']
[0.483s] Level 1:colcon.colcon_core.package_identification:_identify(src/aruco_interfaces) by extension 'ros'
[0.486s] DEBUG:colcon.colcon_core.package_identification:Package 'src/aruco_interfaces' with type 'ros.ament_cmake' and name 'aruco_interfaces'
[0.486s] Level 1:colcon.colcon_core.package_identification:_identify(src/aruco_tracker) by extensions ['ignore', 'ignore_ament_install']
[0.486s] Level 1:colcon.colcon_core.package_identification:_identify(src/aruco_tracker) by extension 'ignore'
[0.487s] Level 1:colcon.colcon_core.package_identification:_identify(src/aruco_tracker) by extension 'ignore_ament_install'
[0.487s] Level 1:colcon.colcon_core.package_identification:_identify(src/aruco_tracker) by extensions ['colcon_pkg']
[0.487s] Level 1:colcon.colcon_core.package_identification:_identify(src/aruco_tracker) by extension 'colcon_pkg'
[0.487s] Level 1:colcon.colcon_core.package_identification:_identify(src/aruco_tracker) by extensions ['colcon_meta']
[0.487s] Level 1:colcon.colcon_core.package_identification:_identify(src/aruco_tracker) by extension 'colcon_meta'
[0.487s] Level 1:colcon.colcon_core.package_identification:_identify(src/aruco_tracker) by extensions ['ros']
[0.487s] Level 1:colcon.colcon_core.package_identification:_identify(src/aruco_tracker) by extension 'ros'
[0.488s] DEBUG:colcon.colcon_core.package_identification:Package 'src/aruco_tracker' with type 'ros.ament_python' and name 'aruco_tracker'
[0.488s] Level 1:colcon.colcon_core.package_identification:_identify(src/control) by extensions ['ignore', 'ignore_ament_install']
[0.488s] Level 1:colcon.colcon_core.package_identification:_identify(src/control) by extension 'ignore'
[0.488s] Level 1:colcon.colcon_core.package_identification:_identify(src/control) by extension 'ignore_ament_install'
[0.488s] Level 1:colcon.colcon_core.package_identification:_identify(src/control) by extensions ['colcon_pkg']
[0.488s] Level 1:colcon.colcon_core.package_identification:_identify(src/control) by extension 'colcon_pkg'
[0.488s] Level 1:colcon.colcon_core.package_identification:_identify(src/control) by extensions ['colcon_meta']
[0.488s] Level 1:colcon.colcon_core.package_identification:_identify(src/control) by extension 'colcon_meta'
[0.489s] Level 1:colcon.colcon_core.package_identification:_identify(src/control) by extensions ['ros']
[0.489s] Level 1:colcon.colcon_core.package_identification:_identify(src/control) by extension 'ros'
[0.489s] DEBUG:colcon.colcon_core.package_identification:Failed to parse potential ROS package manifest in'src/control': Error(s) in package 'src/control/package.xml':
The manifest contains invalid XML:
mismatched tag: line 23, column 2
[0.489s] Level 1:colcon.colcon_core.package_identification:_identify(src/control) by extensions ['cmake', 'python']
[0.489s] Level 1:colcon.colcon_core.package_identification:_identify(src/control) by extension 'cmake'
[0.489s] Level 1:colcon.colcon_core.package_identification:_identify(src/control) by extension 'python'
[0.490s] DEBUG:colcon.colcon_core.package_identification:Python package in 'src/control' passes arguments to the setup() function which requires a different identification extension than 'python'
[0.490s] Level 1:colcon.colcon_core.package_identification:_identify(src/control) by extensions ['python_setup_py']
[0.490s] Level 1:colcon.colcon_core.package_identification:_identify(src/control) by extension 'python_setup_py'
[0.825s] DEBUG:colcon.colcon_core.package_identification:Package 'src/control' with type 'python' and name 'control'
[0.825s] Level 1:colcon.colcon_core.package_discovery:discover_packages(recursive) using defaults
[0.826s] Level 1:colcon.colcon_core.package_discovery:discover_packages(ignore) discover
[0.826s] Level 1:colcon.colcon_core.package_discovery:discover_packages(ignore) using defaults
[0.826s] Level 1:colcon.colcon_core.package_discovery:discover_packages(path) discover
[0.826s] Level 1:colcon.colcon_core.package_discovery:discover_packages(path) using defaults
[0.859s] Level 1:colcon.colcon_core.package_discovery:discover_packages(prefix_path) check parameters
[0.859s] Level 1:colcon.colcon_core.package_discovery:discover_packages(prefix_path) discover
[0.864s] DEBUG:colcon.colcon_installed_package_information.package_discovery:Found 280 installed packages in /opt/ros/foxy
[0.866s] Level 1:colcon.colcon_core.package_discovery:discover_packages(prefix_path) using defaults
[0.960s] Level 5:colcon.colcon_core.verb:set package 'aruco_interfaces' build argument 'cmake_args' from command line to 'None'
[0.960s] Level 5:colcon.colcon_core.verb:set package 'aruco_interfaces' build argument 'cmake_target' from command line to 'None'
[0.960s] Level 5:colcon.colcon_core.verb:set package 'aruco_interfaces' build argument 'cmake_target_skip_unavailable' from command line to 'False'
[0.960s] Level 5:colcon.colcon_core.verb:set package 'aruco_interfaces' build argument 'cmake_clean_cache' from command line to 'False'
[0.960s] Level 5:colcon.colcon_core.verb:set package 'aruco_interfaces' build argument 'cmake_clean_first' from command line to 'False'
[0.960s] Level 5:colcon.colcon_core.verb:set package 'aruco_interfaces' build argument 'cmake_force_configure' from command line to 'False'
[0.960s] Level 5:colcon.colcon_core.verb:set package 'aruco_interfaces' build argument 'ament_cmake_args' from command line to 'None'
[0.960s] Level 5:colcon.colcon_core.verb:set package 'aruco_interfaces' build argument 'catkin_cmake_args' from command line to 'None'
[0.960s] Level 5:colcon.colcon_core.verb:set package 'aruco_interfaces' build argument 'catkin_skip_building_tests' from command line to 'False'
[0.960s] DEBUG:colcon.colcon_core.verb:Building package 'aruco_interfaces' with the following arguments: {'ament_cmake_args': None, 'build_base': '/home/scott/roscourse_final_ws/build/aruco_interfaces', 'catkin_cmake_args': None, 'catkin_skip_building_tests': False, 'cmake_args': None, 'cmake_clean_cache': False, 'cmake_clean_first': False, 'cmake_force_configure': False, 'cmake_target': None, 'cmake_target_skip_unavailable': False, 'install_base': '/home/scott/roscourse_final_ws/install/aruco_interfaces', 'merge_install': False, 'path': '/home/scott/roscourse_final_ws/src/aruco_interfaces', 'symlink_install': False, 'test_result_base': None}
[0.961s] Level 5:colcon.colcon_core.verb:set package 'control' build argument 'cmake_args' from command line to 'None'
[0.962s] Level 5:colcon.colcon_core.verb:set package 'control' build argument 'cmake_target' from command line to 'None'
[0.962s] Level 5:colcon.colcon_core.verb:set package 'control' build argument 'cmake_target_skip_unavailable' from command line to 'False'
[0.962s] Level 5:colcon.colcon_core.verb:set package 'control' build argument 'cmake_clean_cache' from command line to 'False'
[0.962s] Level 5:colcon.colcon_core.verb:set package 'control' build argument 'cmake_clean_first' from command line to 'False'
[0.962s] Level 5:colcon.colcon_core.verb:set package 'control' build argument 'cmake_force_configure' from command line to 'False'
[0.962s] Level 5:colcon.colcon_core.verb:set package 'control' build argument 'ament_cmake_args' from command line to 'None'
[0.962s] Level 5:colcon.colcon_core.verb:set package 'control' build argument 'catkin_cmake_args' from command line to 'None'
[0.962s] Level 5:colcon.colcon_core.verb:set package 'control' build argument 'catkin_skip_building_tests' from command line to 'False'
[0.962s] DEBUG:colcon.colcon_core.verb:Building package 'control' with the following arguments: {'ament_cmake_args': None, 'build_base': '/home/scott/roscourse_final_ws/build/control', 'catkin_cmake_args': None, 'catkin_skip_building_tests': False, 'cmake_args': None, 'cmake_clean_cache': False, 'cmake_clean_first': False, 'cmake_force_configure': False, 'cmake_target': None, 'cmake_target_skip_unavailable': False, 'install_base': '/home/scott/roscourse_final_ws/install/control', 'merge_install': False, 'path': '/home/scott/roscourse_final_ws/src/control', 'symlink_install': False, 'test_result_base': None}
[0.963s] Level 5:colcon.colcon_core.verb:set package 'aruco_tracker' build argument 'cmake_args' from command line to 'None'
[0.963s] Level 5:colcon.colcon_core.verb:set package 'aruco_tracker' build argument 'cmake_target' from command line to 'None'
[0.963s] Level 5:colcon.colcon_core.verb:set package 'aruco_tracker' build argument 'cmake_target_skip_unavailable' from command line to 'False'
[0.963s] Level 5:colcon.colcon_core.verb:set package 'aruco_tracker' build argument 'cmake_clean_cache' from command line to 'False'
[0.963s] Level 5:colcon.colcon_core.verb:set package 'aruco_tracker' build argument 'cmake_clean_first' from command line to 'False'
[0.963s] Level 5:colcon.colcon_core.verb:set package 'aruco_tracker' build argument 'cmake_force_configure' from command line to 'False'
[0.963s] Level 5:colcon.colcon_core.verb:set package 'aruco_tracker' build argument 'ament_cmake_args' from command line to 'None'
[0.963s] Level 5:colcon.colcon_core.verb:set package 'aruco_tracker' build argument 'catkin_cmake_args' from command line to 'None'
[0.963s] Level 5:colcon.colcon_core.verb:set package 'aruco_tracker' build argument 'catkin_skip_building_tests' from command line to 'False'
[0.963s] DEBUG:colcon.colcon_core.verb:Building package 'aruco_tracker' with the following arguments: {'ament_cmake_args': None, 'build_base': '/home/scott/roscourse_final_ws/build/aruco_tracker', 'catkin_cmake_args': None, 'catkin_skip_building_tests': False, 'cmake_args': None, 'cmake_clean_cache': False, 'cmake_clean_first': False, 'cmake_force_configure': False, 'cmake_target': None, 'cmake_target_skip_unavailable': False, 'install_base': '/home/scott/roscourse_final_ws/install/aruco_tracker', 'merge_install': False, 'path': '/home/scott/roscourse_final_ws/src/aruco_tracker', 'symlink_install': False, 'test_result_base': None}
[0.964s] INFO:colcon.colcon_core.executor:Executing jobs using 'parallel' executor
[0.969s] DEBUG:colcon.colcon_parallel_executor.executor.parallel:run_until_complete
[0.969s] INFO:colcon.colcon_ros.task.ament_cmake.build:Building ROS package in '/home/scott/roscourse_final_ws/src/aruco_interfaces' with build type 'ament_cmake'
[0.970s] INFO:colcon.colcon_cmake.task.cmake.build:Building CMake package in '/home/scott/roscourse_final_ws/src/aruco_interfaces'
[0.976s] INFO:colcon.colcon_core.plugin_system:Skipping extension 'colcon_core.shell.bat': Not used on non-Windows systems
[0.976s] INFO:colcon.colcon_core.shell:Skip shell extension 'powershell' for command environment: Not usable outside of PowerShell
[0.976s] DEBUG:colcon.colcon_core.shell:Skip shell extension 'dsv' for command environment
[0.983s] INFO:colcon.colcon_core.task.python.build:Building Python package in '/home/scott/roscourse_final_ws/src/control'
[0.986s] INFO:colcon.colcon_core.shell:Skip shell extension 'powershell' for command environment: Not usable outside of PowerShell
[0.986s] DEBUG:colcon.colcon_core.shell:Skip shell extension 'dsv' for command environment
[1.005s] DEBUG:colcon.colcon_core.event_handler.log_command:Invoking command in '/home/scott/roscourse_final_ws/build/aruco_interfaces': CMAKE_PREFIX_PATH=/opt/ros/foxy /usr/bin/cmake --build /home/scott/roscourse_final_ws/build/aruco_interfaces -- -j12 -l12
[1.388s] DEBUG:colcon.colcon_core.event_handler.log_command:Invoked command in '/home/scott/roscourse_final_ws/build/aruco_interfaces' returned '0': CMAKE_PREFIX_PATH=/opt/ros/foxy /usr/bin/cmake --build /home/scott/roscourse_final_ws/build/aruco_interfaces -- -j12 -l12
[1.500s] DEBUG:colcon.colcon_core.event_handler.log_command:Invoking command in '/home/scott/roscourse_final_ws/build/aruco_interfaces': CMAKE_PREFIX_PATH=/opt/ros/foxy /usr/bin/cmake --install /home/scott/roscourse_final_ws/build/aruco_interfaces
[1.586s] Level 1:colcon.colcon_core.environment:create_environment_scripts_only(aruco_interfaces)
[1.589s] DEBUG:colcon.colcon_core.event_handler.log_command:Invoked command in '/home/scott/roscourse_final_ws/build/aruco_interfaces' returned '0': CMAKE_PREFIX_PATH=/opt/ros/foxy /usr/bin/cmake --install /home/scott/roscourse_final_ws/build/aruco_interfaces
[1.595s] Level 1:colcon.colcon_core.environment:checking '/home/scott/roscourse_final_ws/install/aruco_interfaces' for CMake module files
[1.596s] Level 1:colcon.colcon_core.environment:checking '/home/scott/roscourse_final_ws/install/aruco_interfaces' for CMake config files
[1.597s] Level 1:colcon.colcon_core.shell:create_environment_hook('aruco_interfaces', 'cmake_prefix_path')
[1.600s] INFO:colcon.colcon_core.shell:Creating environment hook '/home/scott/roscourse_final_ws/install/aruco_interfaces/share/aruco_interfaces/hook/cmake_prefix_path.ps1'
[1.602s] INFO:colcon.colcon_core.shell:Creating environment descriptor '/home/scott/roscourse_final_ws/install/aruco_interfaces/share/aruco_interfaces/hook/cmake_prefix_path.dsv'
[1.602s] INFO:colcon.colcon_core.shell:Creating environment hook '/home/scott/roscourse_final_ws/install/aruco_interfaces/share/aruco_interfaces/hook/cmake_prefix_path.sh'
[1.603s] Level 1:colcon.colcon_core.environment:checking '/home/scott/roscourse_final_ws/install/aruco_interfaces/lib'
[1.604s] Level 1:colcon.colcon_core.shell:create_environment_hook('aruco_interfaces', 'ld_library_path_lib')
[1.606s] INFO:colcon.colcon_core.shell:Creating environment hook '/home/scott/roscourse_final_ws/install/aruco_interfaces/share/aruco_interfaces/hook/ld_library_path_lib.ps1'
[1.606s] INFO:colcon.colcon_core.shell:Creating environment descriptor '/home/scott/roscourse_final_ws/install/aruco_interfaces/share/aruco_interfaces/hook/ld_library_path_lib.dsv'
[1.607s] INFO:colcon.colcon_core.shell:Creating environment hook '/home/scott/roscourse_final_ws/install/aruco_interfaces/share/aruco_interfaces/hook/ld_library_path_lib.sh'
[1.607s] Level 1:colcon.colcon_core.environment:checking '/home/scott/roscourse_final_ws/install/aruco_interfaces/bin'
[1.607s] Level 1:colcon.colcon_core.environment:checking '/home/scott/roscourse_final_ws/install/aruco_interfaces/lib/pkgconfig/aruco_interfaces.pc'
[1.607s] Level 1:colcon.colcon_core.environment:checking '/home/scott/roscourse_final_ws/install/aruco_interfaces/lib/python3.8/site-packages'
[1.607s] Level 1:colcon.colcon_core.shell:create_environment_hook('aruco_interfaces', 'pythonpath')
[1.609s] INFO:colcon.colcon_core.shell:Creating environment hook '/home/scott/roscourse_final_ws/install/aruco_interfaces/share/aruco_interfaces/hook/pythonpath.ps1'
[1.610s] INFO:colcon.colcon_core.shell:Creating environment descriptor '/home/scott/roscourse_final_ws/install/aruco_interfaces/share/aruco_interfaces/hook/pythonpath.dsv'
[1.610s] INFO:colcon.colcon_core.shell:Creating environment hook '/home/scott/roscourse_final_ws/install/aruco_interfaces/share/aruco_interfaces/hook/pythonpath.sh'
[1.611s] Level 1:colcon.colcon_core.environment:checking '/home/scott/roscourse_final_ws/install/aruco_interfaces/bin'
[1.613s] INFO:colcon.colcon_core.shell:Creating package script '/home/scott/roscourse_final_ws/install/aruco_interfaces/share/aruco_interfaces/package.ps1'
[1.614s] INFO:colcon.colcon_core.shell:Creating package descriptor '/home/scott/roscourse_final_ws/install/aruco_interfaces/share/aruco_interfaces/package.dsv'
[1.615s] INFO:colcon.colcon_core.shell:Creating package script '/home/scott/roscourse_final_ws/install/aruco_interfaces/share/aruco_interfaces/package.sh'
[1.616s] INFO:colcon.colcon_core.shell:Creating package script '/home/scott/roscourse_final_ws/install/aruco_interfaces/share/aruco_interfaces/package.bash'
[1.617s] INFO:colcon.colcon_core.shell:Creating package script '/home/scott/roscourse_final_ws/install/aruco_interfaces/share/aruco_interfaces/package.zsh'
[1.618s] Level 1:colcon.colcon_core.environment:create_file_with_runtime_dependencies(/home/scott/roscourse_final_ws/install/aruco_interfaces/share/colcon-core/packages/aruco_interfaces)
[1.724s] Level 1:colcon.colcon_core.environment:create_environment_scripts_only(aruco_interfaces)
[1.728s] Level 1:colcon.colcon_core.environment:checking '/home/scott/roscourse_final_ws/install/aruco_interfaces' for CMake module files
[1.729s] Level 1:colcon.colcon_core.environment:checking '/home/scott/roscourse_final_ws/install/aruco_interfaces' for CMake config files
[1.730s] Level 1:colcon.colcon_core.shell:create_environment_hook('aruco_interfaces', 'cmake_prefix_path')
[1.732s] INFO:colcon.colcon_core.shell:Creating environment hook '/home/scott/roscourse_final_ws/install/aruco_interfaces/share/aruco_interfaces/hook/cmake_prefix_path.ps1'
[1.733s] INFO:colcon.colcon_core.shell:Creating environment descriptor '/home/scott/roscourse_final_ws/install/aruco_interfaces/share/aruco_interfaces/hook/cmake_prefix_path.dsv'
[1.734s] INFO:colcon.colcon_core.shell:Creating environment hook '/home/scott/roscourse_final_ws/install/aruco_interfaces/share/aruco_interfaces/hook/cmake_prefix_path.sh'
[1.735s] Level 1:colcon.colcon_core.environment:checking '/home/scott/roscourse_final_ws/install/aruco_interfaces/lib'
[1.735s] Level 1:colcon.colcon_core.shell:create_environment_hook('aruco_interfaces', 'ld_library_path_lib')
[1.737s] INFO:colcon.colcon_core.shell:Creating environment hook '/home/scott/roscourse_final_ws/install/aruco_interfaces/share/aruco_interfaces/hook/ld_library_path_lib.ps1'
[1.738s] INFO:colcon.colcon_core.shell:Creating environment descriptor '/home/scott/roscourse_final_ws/install/aruco_interfaces/share/aruco_interfaces/hook/ld_library_path_lib.dsv'
[1.738s] INFO:colcon.colcon_core.shell:Creating environment hook '/home/scott/roscourse_final_ws/install/aruco_interfaces/share/aruco_interfaces/hook/ld_library_path_lib.sh'
[1.739s] Level 1:colcon.colcon_core.environment:checking '/home/scott/roscourse_final_ws/install/aruco_interfaces/bin'
[1.739s] Level 1:colcon.colcon_core.environment:checking '/home/scott/roscourse_final_ws/install/aruco_interfaces/lib/pkgconfig/aruco_interfaces.pc'
[1.739s] Level 1:colcon.colcon_core.environment:checking '/home/scott/roscourse_final_ws/install/aruco_interfaces/lib/python3.8/site-packages'
[1.739s] Level 1:colcon.colcon_core.shell:create_environment_hook('aruco_interfaces', 'pythonpath')
[1.741s] INFO:colcon.colcon_core.shell:Creating environment hook '/home/scott/roscourse_final_ws/install/aruco_interfaces/share/aruco_interfaces/hook/pythonpath.ps1'
[1.742s] INFO:colcon.colcon_core.shell:Creating environment descriptor '/home/scott/roscourse_final_ws/install/aruco_interfaces/share/aruco_interfaces/hook/pythonpath.dsv'
[1.742s] INFO:colcon.colcon_core.shell:Creating environment hook '/home/scott/roscourse_final_ws/install/aruco_interfaces/share/aruco_interfaces/hook/pythonpath.sh'
[1.743s] Level 1:colcon.colcon_core.environment:checking '/home/scott/roscourse_final_ws/install/aruco_interfaces/bin'
[1.745s] INFO:colcon.colcon_core.shell:Creating package script '/home/scott/roscourse_final_ws/install/aruco_interfaces/share/aruco_interfaces/package.ps1'
[1.746s] INFO:colcon.colcon_core.shell:Creating package descriptor '/home/scott/roscourse_final_ws/install/aruco_interfaces/share/aruco_interfaces/package.dsv'
[1.746s] INFO:colcon.colcon_core.shell:Creating package script '/home/scott/roscourse_final_ws/install/aruco_interfaces/share/aruco_interfaces/package.sh'
[1.747s] INFO:colcon.colcon_core.shell:Creating package script '/home/scott/roscourse_final_ws/install/aruco_interfaces/share/aruco_interfaces/package.bash'
[1.747s] INFO:colcon.colcon_core.shell:Creating package script '/home/scott/roscourse_final_ws/install/aruco_interfaces/share/aruco_interfaces/package.zsh'
[1.748s] Level 1:colcon.colcon_core.environment:create_file_with_runtime_dependencies(/home/scott/roscourse_final_ws/install/aruco_interfaces/share/colcon-core/packages/aruco_interfaces)
[1.748s] INFO:colcon.colcon_ros.task.ament_python.build:Building ROS package in '/home/scott/roscourse_final_ws/src/aruco_tracker' with build type 'ament_python'
[1.749s] Level 1:colcon.colcon_core.shell:create_environment_hook('aruco_tracker', 'ament_prefix_path')
[1.751s] INFO:colcon.colcon_core.shell:Creating environment hook '/home/scott/roscourse_final_ws/install/aruco_tracker/share/aruco_tracker/hook/ament_prefix_path.ps1'
[1.752s] INFO:colcon.colcon_core.shell:Creating environment descriptor '/home/scott/roscourse_final_ws/install/aruco_tracker/share/aruco_tracker/hook/ament_prefix_path.dsv'
[1.753s] INFO:colcon.colcon_core.shell:Creating environment hook '/home/scott/roscourse_final_ws/install/aruco_tracker/share/aruco_tracker/hook/ament_prefix_path.sh'
[1.756s] INFO:colcon.colcon_core.shell:Skip shell extension 'powershell' for command environment: Not usable outside of PowerShell
[1.756s] DEBUG:colcon.colcon_core.shell:Skip shell extension 'dsv' for command environment
[2.101s] INFO:colcon.colcon_core.task.python.build:Building Python package in '/home/scott/roscourse_final_ws/src/aruco_tracker'
[2.104s] INFO:colcon.colcon_core.shell:Skip shell extension 'powershell' for command environment: Not usable outside of PowerShell
[2.104s] DEBUG:colcon.colcon_core.shell:Skip shell extension 'dsv' for command environment
[2.121s] DEBUG:colcon.colcon_core.event_handler.log_command:Invoking command in '/home/scott/roscourse_final_ws/src/control': PYTHONPATH=/home/scott/roscourse_final_ws/build/control/prefix_override:/home/scott/roscourse_final_ws/install/control/lib/python3.8/site-packages:${PYTHONPATH} /usr/bin/python3 setup.py egg_info --egg-base ../../build/control build --build-base /home/scott/roscourse_final_ws/build/control/build install --record /home/scott/roscourse_final_ws/build/control/install.log --install-scripts $base/lib/core --single-version-externally-managed
[2.500s] Level 1:colcon.colcon_core.environment:checking '/home/scott/roscourse_final_ws/install/control' for CMake module files
[2.501s] DEBUG:colcon.colcon_core.event_handler.log_command:Invoked command in '/home/scott/roscourse_final_ws/src/control' returned '0': PYTHONPATH=/home/scott/roscourse_final_ws/build/control/prefix_override:/home/scott/roscourse_final_ws/install/control/lib/python3.8/site-packages:${PYTHONPATH} /usr/bin/python3 setup.py egg_info --egg-base ../../build/control build --build-base /home/scott/roscourse_final_ws/build/control/build install --record /home/scott/roscourse_final_ws/build/control/install.log --install-scripts $base/lib/core --single-version-externally-managed
[2.502s] Level 1:colcon.colcon_core.environment:checking '/home/scott/roscourse_final_ws/install/control' for CMake config files
[2.503s] Level 1:colcon.colcon_core.environment:checking '/home/scott/roscourse_final_ws/install/control/lib'
[2.503s] Level 1:colcon.colcon_core.environment:checking '/home/scott/roscourse_final_ws/install/control/bin'
[2.503s] Level 1:colcon.colcon_core.environment:checking '/home/scott/roscourse_final_ws/install/control/lib/pkgconfig/control.pc'
[2.503s] Level 1:colcon.colcon_core.environment:checking '/home/scott/roscourse_final_ws/install/control/lib/python3.8/site-packages'
[2.503s] Level 1:colcon.colcon_core.shell:create_environment_hook('control', 'pythonpath')
[2.506s] INFO:colcon.colcon_core.shell:Creating environment hook '/home/scott/roscourse_final_ws/install/control/share/control/hook/pythonpath.ps1'
[2.506s] INFO:colcon.colcon_core.shell:Creating environment descriptor '/home/scott/roscourse_final_ws/install/control/share/control/hook/pythonpath.dsv'
[2.507s] INFO:colcon.colcon_core.shell:Creating environment hook '/home/scott/roscourse_final_ws/install/control/share/control/hook/pythonpath.sh'
[2.508s] Level 1:colcon.colcon_core.environment:checking '/home/scott/roscourse_final_ws/install/control/bin'
[2.508s] Level 1:colcon.colcon_core.environment:create_environment_scripts_only(control)
[2.510s] INFO:colcon.colcon_core.shell:Creating package script '/home/scott/roscourse_final_ws/install/control/share/control/package.ps1'
[2.510s] INFO:colcon.colcon_core.shell:Creating package descriptor '/home/scott/roscourse_final_ws/install/control/share/control/package.dsv'
[2.511s] INFO:colcon.colcon_core.shell:Creating package script '/home/scott/roscourse_final_ws/install/control/share/control/package.sh'
[2.511s] INFO:colcon.colcon_core.shell:Creating package script '/home/scott/roscourse_final_ws/install/control/share/control/package.bash'
[2.512s] INFO:colcon.colcon_core.shell:Creating package script '/home/scott/roscourse_final_ws/install/control/share/control/package.zsh'
[2.512s] Level 1:colcon.colcon_core.environment:create_file_with_runtime_dependencies(/home/scott/roscourse_final_ws/install/control/share/colcon-core/packages/control)
[2.680s] DEBUG:colcon.colcon_core.event_handler.log_command:Invoking command in '/home/scott/roscourse_final_ws/src/aruco_tracker': AMENT_PREFIX_PATH=/home/scott/roscourse_final_ws/install/aruco_interfaces:${AMENT_PREFIX_PATH} CMAKE_PREFIX_PATH=/home/scott/roscourse_final_ws/install/aruco_interfaces LD_LIBRARY_PATH=/home/scott/roscourse_final_ws/install/aruco_interfaces/lib:${LD_LIBRARY_PATH} PYTHONPATH=/home/scott/roscourse_final_ws/build/aruco_tracker/prefix_override:/home/scott/roscourse_final_ws/install/aruco_tracker/lib/python3.8/site-packages:/home/scott/roscourse_final_ws/install/aruco_interfaces/lib/python3.8/site-packages:${PYTHONPATH} /usr/bin/python3 setup.py egg_info --egg-base ../../build/aruco_tracker build --build-base /home/scott/roscourse_final_ws/build/aruco_tracker/build install --record /home/scott/roscourse_final_ws/build/aruco_tracker/install.log --install-scripts $base/lib/aruco_tracker --single-version-externally-managed
[3.072s] Level 1:colcon.colcon_core.environment:checking '/home/scott/roscourse_final_ws/install/aruco_tracker' for CMake module files
[3.074s] DEBUG:colcon.colcon_core.event_handler.log_command:Invoked command in '/home/scott/roscourse_final_ws/src/aruco_tracker' returned '0': AMENT_PREFIX_PATH=/home/scott/roscourse_final_ws/install/aruco_interfaces:${AMENT_PREFIX_PATH} CMAKE_PREFIX_PATH=/home/scott/roscourse_final_ws/install/aruco_interfaces LD_LIBRARY_PATH=/home/scott/roscourse_final_ws/install/aruco_interfaces/lib:${LD_LIBRARY_PATH} PYTHONPATH=/home/scott/roscourse_final_ws/build/aruco_tracker/prefix_override:/home/scott/roscourse_final_ws/install/aruco_tracker/lib/python3.8/site-packages:/home/scott/roscourse_final_ws/install/aruco_interfaces/lib/python3.8/site-packages:${PYTHONPATH} /usr/bin/python3 setup.py egg_info --egg-base ../../build/aruco_tracker build --build-base /home/scott/roscourse_final_ws/build/aruco_tracker/build install --record /home/scott/roscourse_final_ws/build/aruco_tracker/install.log --install-scripts $base/lib/aruco_tracker --single-version-externally-managed
[3.074s] Level 1:colcon.colcon_core.environment:checking '/home/scott/roscourse_final_ws/install/aruco_tracker' for CMake config files
[3.075s] Level 1:colcon.colcon_core.environment:checking '/home/scott/roscourse_final_ws/install/aruco_tracker/lib'
[3.075s] Level 1:colcon.colcon_core.environment:checking '/home/scott/roscourse_final_ws/install/aruco_tracker/bin'
[3.076s] Level 1:colcon.colcon_core.environment:checking '/home/scott/roscourse_final_ws/install/aruco_tracker/lib/pkgconfig/aruco_tracker.pc'
[3.076s] Level 1:colcon.colcon_core.environment:checking '/home/scott/roscourse_final_ws/install/aruco_tracker/lib/python3.8/site-packages'
[3.076s] Level 1:colcon.colcon_core.shell:create_environment_hook('aruco_tracker', 'pythonpath')
[3.078s] INFO:colcon.colcon_core.shell:Creating environment hook '/home/scott/roscourse_final_ws/install/aruco_tracker/share/aruco_tracker/hook/pythonpath.ps1'
[3.078s] INFO:colcon.colcon_core.shell:Creating environment descriptor '/home/scott/roscourse_final_ws/install/aruco_tracker/share/aruco_tracker/hook/pythonpath.dsv'
[3.079s] INFO:colcon.colcon_core.shell:Creating environment hook '/home/scott/roscourse_final_ws/install/aruco_tracker/share/aruco_tracker/hook/pythonpath.sh'
[3.079s] Level 1:colcon.colcon_core.environment:checking '/home/scott/roscourse_final_ws/install/aruco_tracker/bin'
[3.079s] Level 1:colcon.colcon_core.environment:create_environment_scripts_only(aruco_tracker)
[3.081s] INFO:colcon.colcon_core.shell:Creating package script '/home/scott/roscourse_final_ws/install/aruco_tracker/share/aruco_tracker/package.ps1'
[3.082s] INFO:colcon.colcon_core.shell:Creating package descriptor '/home/scott/roscourse_final_ws/install/aruco_tracker/share/aruco_tracker/package.dsv'
[3.082s] INFO:colcon.colcon_core.shell:Creating package script '/home/scott/roscourse_final_ws/install/aruco_tracker/share/aruco_tracker/package.sh'
[3.083s] INFO:colcon.colcon_core.shell:Creating package script '/home/scott/roscourse_final_ws/install/aruco_tracker/share/aruco_tracker/package.bash'
[3.083s] INFO:colcon.colcon_core.shell:Creating package script '/home/scott/roscourse_final_ws/install/aruco_tracker/share/aruco_tracker/package.zsh'
[3.083s] Level 1:colcon.colcon_core.environment:create_file_with_runtime_dependencies(/home/scott/roscourse_final_ws/install/aruco_tracker/share/colcon-core/packages/aruco_tracker)
[3.084s] DEBUG:colcon.colcon_parallel_executor.executor.parallel:closing loop
[3.084s] DEBUG:colcon.colcon_parallel_executor.executor.parallel:loop closed
[3.084s] DEBUG:colcon.colcon_parallel_executor.executor.parallel:run_until_complete finished with '0'
[3.085s] DEBUG:colcon.colcon_core.event_reactor:joining thread
[3.092s] INFO:colcon.colcon_core.plugin_system:Skipping extension 'colcon_notification.desktop_notification.terminal_notifier': Not used on non-Darwin systems
[3.092s] INFO:colcon.colcon_core.plugin_system:Skipping extension 'colcon_notification.desktop_notification.win32': Not used on non-Windows systems
[3.092s] INFO:colcon.colcon_notification.desktop_notification:Sending desktop notification using 'notify2'
[3.116s] DEBUG:colcon.colcon_core.event_reactor:joined thread
[3.119s] INFO:colcon.colcon_core.shell:Creating prefix script '/home/scott/roscourse_final_ws/install/local_setup.ps1'
[3.121s] INFO:colcon.colcon_core.shell:Creating prefix util module '/home/scott/roscourse_final_ws/install/_local_setup_util_ps1.py'
[3.123s] INFO:colcon.colcon_core.shell:Creating prefix chain script '/home/scott/roscourse_final_ws/install/setup.ps1'
[3.125s] INFO:colcon.colcon_core.shell:Creating prefix script '/home/scott/roscourse_final_ws/install/local_setup.sh'
[3.126s] INFO:colcon.colcon_core.shell:Creating prefix util module '/home/scott/roscourse_final_ws/install/_local_setup_util_sh.py'
[3.127s] INFO:colcon.colcon_core.shell:Creating prefix chain script '/home/scott/roscourse_final_ws/install/setup.sh'
[3.129s] INFO:colcon.colcon_core.shell:Creating prefix script '/home/scott/roscourse_final_ws/install/local_setup.bash'
[3.130s] INFO:colcon.colcon_core.shell:Creating prefix chain script '/home/scott/roscourse_final_ws/install/setup.bash'
[3.131s] INFO:colcon.colcon_core.shell:Creating prefix script '/home/scott/roscourse_final_ws/install/local_setup.zsh'
[3.132s] INFO:colcon.colcon_core.shell:Creating prefix chain script '/home/scott/roscourse_final_ws/install/setup.zsh'
