[0.108s] Invoking command in '/root/codes/S24_RobotProgramming_Ardent/roscourse_final_ws/build/aruco_interfaces': CMAKE_PREFIX_PATH=${CMAKE_PREFIX_PATH}:/root/yahboomcar_ros2_ws/yahboomcar_ws/install/yahboomcar_voice_ctrl:/root/yahboomcar_ros2_ws/yahboomcar_ws/install/yahboomcar_visual:/root/yahboomcar_ros2_ws/yahboomcar_ws/install/yahboomcar_nav:/root/yahboomcar_ros2_ws/yahboomcar_ws/install/yahboomcar_multi:/root/yahboomcar_ros2_ws/yahboomcar_ws/install/yahboomcar_mediapipe:/root/yahboomcar_ros2_ws/yahboomcar_ws/install/yahboomcar_linefollow:/root/yahboomcar_ros2_ws/yahboomcar_ws/install/yahboomcar_laser:/root/yahboomcar_ros2_ws/yahboomcar_ws/install/yahboomcar_description_x1:/root/yahboomcar_ros2_ws/yahboomcar_ws/install/yahboomcar_description:/root/yahboomcar_ros2_ws/yahboomcar_ws/install/yahboomcar_ctrl:/root/yahboomcar_ros2_ws/yahboomcar_ws/install/yahboomcar_bringup:/root/yahboomcar_ros2_ws/yahboomcar_ws/install/yahboomcar_astra:/root/yahboomcar_ros2_ws/yahboomcar_ws/install/yahboom_app_save_map:/root/yahboomcar_ros2_ws/yahboomcar_ws/install/robot_pose_publisher:/root/yahboomcar_ros2_ws/yahboomcar_ws/install/laserscan_to_point_pulisher:/opt/ros/foxy /usr/bin/cmake /root/codes/S24_RobotProgramming_Ardent/roscourse_final_ws/src/aruco_interfaces -DCMAKE_INSTALL_PREFIX=/root/codes/S24_RobotProgramming_Ardent/roscourse_final_ws/install/aruco_interfaces
[0.380s] -- The C compiler identification is GNU 9.4.0
[0.636s] -- The CXX compiler identification is GNU 9.4.0
[0.664s] -- Check for working C compiler: /usr/bin/cc
[0.978s] -- Check for working C compiler: /usr/bin/cc -- works
[0.981s] -- Detecting C compiler ABI info
[1.337s] -- Detecting C compiler ABI info - done
[1.386s] -- Detecting C compile features
[1.387s] -- Detecting C compile features - done
[1.397s] -- Check for working CXX compiler: /usr/bin/c++
[1.761s] -- Check for working CXX compiler: /usr/bin/c++ -- works
[1.765s] -- Detecting CXX compiler ABI info
[2.127s] -- Detecting CXX compiler ABI info - done
[2.178s] -- Detecting CXX compile features
[2.180s] -- Detecting CXX compile features - done
[2.230s] -- Found ament_cmake: 0.9.12 (/opt/ros/foxy/share/ament_cmake/cmake)
[2.455s] -- Found PythonInterp: /usr/bin/python3 (found suitable version "3.8.10", minimum required is "3") 
[2.456s] -- Using PYTHON_EXECUTABLE: /usr/bin/python3
[4.201s] -- Found ament_lint_auto: 0.9.8 (/opt/ros/foxy/share/ament_lint_auto/cmake)
[5.004s] -- Found geometry_msgs: 2.0.5 (/opt/ros/foxy/share/geometry_msgs/cmake)
[5.526s] -- Using all available rosidl_typesupport_c: rosidl_typesupport_fastrtps_c;rosidl_typesupport_introspection_c
[5.674s] -- Found rosidl_adapter: 1.3.1 (/opt/ros/foxy/share/rosidl_adapter/cmake)
[6.400s] -- Found OpenSSL: /usr/lib/aarch64-linux-gnu/libcrypto.so (found version "1.1.1f")  
[6.652s] -- Found FastRTPS: /opt/ros/foxy/include  
[7.406s] -- Using all available rosidl_typesupport_cpp: rosidl_typesupport_fastrtps_cpp;rosidl_typesupport_introspection_cpp
[7.922s] -- Found rosidl_default_generators: 1.0.1 (/opt/ros/foxy/share/rosidl_default_generators/cmake)
[8.163s] -- Found PythonInterp: /usr/bin/python3 (found version "3.8.10") 
[8.839s] -- Found ament_cmake_ros: 0.9.2 (/opt/ros/foxy/share/ament_cmake_ros/cmake)
[10.609s] -- Using all available rosidl_typesupport_c: rosidl_typesupport_fastrtps_c;rosidl_typesupport_introspection_c
[11.213s] -- Using all available rosidl_typesupport_cpp: rosidl_typesupport_fastrtps_cpp;rosidl_typesupport_introspection_cpp
[11.387s] -- Found PythonInterp: /usr/bin/python3 (found suitable version "3.8.10", minimum required is "3.5") 
[11.432s] -- Found python_cmake_module: 0.8.1 (/opt/ros/foxy/share/python_cmake_module/cmake)
[11.591s] -- Found PythonLibs: /usr/lib/aarch64-linux-gnu/libpython3.8.so (found suitable version "3.8.10", minimum required is "3.5") 
[11.592s] -- Using PYTHON_EXECUTABLE: /usr/bin/python3
[11.592s] -- Using PYTHON_INCLUDE_DIRS: /usr/include/python3.8
[11.593s] -- Using PYTHON_LIBRARIES: /usr/lib/aarch64-linux-gnu/libpython3.8.so
[11.722s] -- Found PythonExtra: .so  
[12.256s] -- Added test 'copyright' to check source files copyright and LICENSE
[12.267s] -- Added test 'lint_cmake' to check CMake code style
[12.274s] -- Added test 'xmllint' to check XML markup files
[12.314s] -- Configuring done
[12.564s] -- Generating done
[12.577s] -- Build files have been written to: /root/codes/S24_RobotProgramming_Ardent/roscourse_final_ws/build/aruco_interfaces
[12.617s] Invoked command in '/root/codes/S24_RobotProgramming_Ardent/roscourse_final_ws/build/aruco_interfaces' returned '0': CMAKE_PREFIX_PATH=${CMAKE_PREFIX_PATH}:/root/yahboomcar_ros2_ws/yahboomcar_ws/install/yahboomcar_voice_ctrl:/root/yahboomcar_ros2_ws/yahboomcar_ws/install/yahboomcar_visual:/root/yahboomcar_ros2_ws/yahboomcar_ws/install/yahboomcar_nav:/root/yahboomcar_ros2_ws/yahboomcar_ws/install/yahboomcar_multi:/root/yahboomcar_ros2_ws/yahboomcar_ws/install/yahboomcar_mediapipe:/root/yahboomcar_ros2_ws/yahboomcar_ws/install/yahboomcar_linefollow:/root/yahboomcar_ros2_ws/yahboomcar_ws/install/yahboomcar_laser:/root/yahboomcar_ros2_ws/yahboomcar_ws/install/yahboomcar_description_x1:/root/yahboomcar_ros2_ws/yahboomcar_ws/install/yahboomcar_description:/root/yahboomcar_ros2_ws/yahboomcar_ws/install/yahboomcar_ctrl:/root/yahboomcar_ros2_ws/yahboomcar_ws/install/yahboomcar_bringup:/root/yahboomcar_ros2_ws/yahboomcar_ws/install/yahboomcar_astra:/root/yahboomcar_ros2_ws/yahboomcar_ws/install/yahboom_app_save_map:/root/yahboomcar_ros2_ws/yahboomcar_ws/install/robot_pose_publisher:/root/yahboomcar_ros2_ws/yahboomcar_ws/install/laserscan_to_point_pulisher:/opt/ros/foxy /usr/bin/cmake /root/codes/S24_RobotProgramming_Ardent/roscourse_final_ws/src/aruco_interfaces -DCMAKE_INSTALL_PREFIX=/root/codes/S24_RobotProgramming_Ardent/roscourse_final_ws/install/aruco_interfaces
[12.627s] Invoking command in '/root/codes/S24_RobotProgramming_Ardent/roscourse_final_ws/build/aruco_interfaces': CMAKE_PREFIX_PATH=${CMAKE_PREFIX_PATH}:/root/yahboomcar_ros2_ws/yahboomcar_ws/install/yahboomcar_voice_ctrl:/root/yahboomcar_ros2_ws/yahboomcar_ws/install/yahboomcar_visual:/root/yahboomcar_ros2_ws/yahboomcar_ws/install/yahboomcar_nav:/root/yahboomcar_ros2_ws/yahboomcar_ws/install/yahboomcar_multi:/root/yahboomcar_ros2_ws/yahboomcar_ws/install/yahboomcar_mediapipe:/root/yahboomcar_ros2_ws/yahboomcar_ws/install/yahboomcar_linefollow:/root/yahboomcar_ros2_ws/yahboomcar_ws/install/yahboomcar_laser:/root/yahboomcar_ros2_ws/yahboomcar_ws/install/yahboomcar_description_x1:/root/yahboomcar_ros2_ws/yahboomcar_ws/install/yahboomcar_description:/root/yahboomcar_ros2_ws/yahboomcar_ws/install/yahboomcar_ctrl:/root/yahboomcar_ros2_ws/yahboomcar_ws/install/yahboomcar_bringup:/root/yahboomcar_ros2_ws/yahboomcar_ws/install/yahboomcar_astra:/root/yahboomcar_ros2_ws/yahboomcar_ws/install/yahboom_app_save_map:/root/yahboomcar_ros2_ws/yahboomcar_ws/install/robot_pose_publisher:/root/yahboomcar_ros2_ws/yahboomcar_ws/install/laserscan_to_point_pulisher:/opt/ros/foxy /usr/bin/cmake --build /root/codes/S24_RobotProgramming_Ardent/roscourse_final_ws/build/aruco_interfaces -- -j4 -l4
[12.838s] [35m[1mScanning dependencies of target aruco_interfaces__cpp[0m
[12.839s] [  2%] [34m[1mGenerating C code for ROS interfaces[0m
[12.895s] [  5%] [34m[1mGenerating C++ code for ROS interfaces[0m
[14.508s] [  5%] Built target aruco_interfaces__cpp
[14.583s] [  7%] [34m[1mGenerating C++ introspection for ROS interfaces[0m
[14.610s] [ 10%] [34m[1mGenerating C++ type support dispatch for ROS interfaces[0m
[14.611s] [35m[1mScanning dependencies of target aruco_interfaces__rosidl_generator_c[0m
[14.622s] [ 12%] [34m[1mGenerating C++ type support for eProsima Fast-RTPS[0m
[14.698s] [ 15%] [32mBuilding C object CMakeFiles/aruco_interfaces__rosidl_generator_c.dir/rosidl_generator_c/aruco_interfaces/srv/detail/robot_command__functions.c.o[0m
[15.046s] [ 17%] [32mBuilding C object CMakeFiles/aruco_interfaces__rosidl_generator_c.dir/rosidl_generator_c/aruco_interfaces/msg/detail/aruco_location__functions.c.o[0m
[15.305s] [ 20%] [32m[1mLinking C shared library libaruco_interfaces__rosidl_generator_c.so[0m
[15.518s] [ 20%] Built target aruco_interfaces__rosidl_generator_c
[15.584s] [ 23%] [34m[1mGenerating C introspection for ROS interfaces[0m
[16.052s] [35m[1mScanning dependencies of target aruco_interfaces__rosidl_typesupport_cpp[0m
[16.130s] [ 25%] [32mBuilding CXX object CMakeFiles/aruco_interfaces__rosidl_typesupport_cpp.dir/rosidl_typesupport_cpp/aruco_interfaces/srv/robot_command__type_support.cpp.o[0m
[16.241s] [35m[1mScanning dependencies of target aruco_interfaces__rosidl_typesupport_introspection_cpp[0m
[16.325s] [ 28%] [32mBuilding CXX object CMakeFiles/aruco_interfaces__rosidl_typesupport_introspection_cpp.dir/rosidl_typesupport_introspection_cpp/aruco_interfaces/srv/detail/robot_command__type_support.cpp.o[0m
[16.374s] [35m[1mScanning dependencies of target aruco_interfaces__rosidl_typesupport_fastrtps_cpp[0m
[16.488s] [ 30%] [32mBuilding CXX object CMakeFiles/aruco_interfaces__rosidl_typesupport_fastrtps_cpp.dir/rosidl_typesupport_fastrtps_cpp/aruco_interfaces/srv/detail/dds_fastrtps/robot_command__type_support.cpp.o[0m
[17.356s] [35m[1mScanning dependencies of target aruco_interfaces__rosidl_typesupport_introspection_c[0m
[17.457s] [ 33%] [32mBuilding C object CMakeFiles/aruco_interfaces__rosidl_typesupport_introspection_c.dir/rosidl_typesupport_introspection_c/aruco_interfaces/srv/detail/robot_command__type_support.c.o[0m
[17.609s] [ 35%] [32mBuilding CXX object CMakeFiles/aruco_interfaces__rosidl_typesupport_cpp.dir/rosidl_typesupport_cpp/aruco_interfaces/msg/aruco_location__type_support.cpp.o[0m
[17.655s] [ 38%] [32mBuilding C object CMakeFiles/aruco_interfaces__rosidl_typesupport_introspection_c.dir/rosidl_typesupport_introspection_c/aruco_interfaces/msg/detail/aruco_location__type_support.c.o[0m
[17.812s] [ 41%] [32mBuilding CXX object CMakeFiles/aruco_interfaces__rosidl_typesupport_introspection_cpp.dir/rosidl_typesupport_introspection_cpp/aruco_interfaces/msg/detail/aruco_location__type_support.cpp.o[0m
[17.831s] [ 43%] [32m[1mLinking C shared library libaruco_interfaces__rosidl_typesupport_introspection_c.so[0m
[18.030s] [ 43%] Built target aruco_interfaces__rosidl_typesupport_introspection_c
[18.126s] [ 46%] [32mBuilding CXX object CMakeFiles/aruco_interfaces__rosidl_typesupport_fastrtps_cpp.dir/rosidl_typesupport_fastrtps_cpp/aruco_interfaces/msg/detail/dds_fastrtps/aruco_location__type_support.cpp.o[0m
[18.743s] [ 48%] [34m[1mGenerating C type support dispatch for ROS interfaces[0m
[19.114s] [ 51%] [32m[1mLinking CXX shared library libaruco_interfaces__rosidl_typesupport_cpp.so[0m
[19.322s] [ 53%] [32m[1mLinking CXX shared library libaruco_interfaces__rosidl_typesupport_introspection_cpp.so[0m
[19.360s] [ 53%] Built target aruco_interfaces__rosidl_typesupport_cpp
[19.622s] [ 53%] Built target aruco_interfaces__rosidl_typesupport_introspection_cpp
[20.201s] [35m[1mScanning dependencies of target aruco_interfaces__rosidl_typesupport_c[0m
[20.273s] [ 56%] [32mBuilding CXX object CMakeFiles/aruco_interfaces__rosidl_typesupport_c.dir/rosidl_typesupport_c/aruco_interfaces/srv/robot_command__type_support.cpp.o[0m
[20.282s] [ 58%] [32mBuilding CXX object CMakeFiles/aruco_interfaces__rosidl_typesupport_c.dir/rosidl_typesupport_c/aruco_interfaces/msg/aruco_location__type_support.cpp.o[0m
[20.292s] [ 61%] [32m[1mLinking CXX shared library libaruco_interfaces__rosidl_typesupport_fastrtps_cpp.so[0m
[20.438s] [ 64%] [32m[1mLinking CXX shared library libaruco_interfaces__rosidl_typesupport_c.so[0m
[20.635s] [ 64%] Built target aruco_interfaces__rosidl_typesupport_c
[20.671s] [ 64%] Built target aruco_interfaces__rosidl_typesupport_fastrtps_cpp
[20.726s] [ 66%] [34m[1mGenerating C type support for eProsima Fast-RTPS[0m
[22.132s] [35m[1mScanning dependencies of target aruco_interfaces__rosidl_typesupport_fastrtps_c[0m
[22.234s] [ 69%] [32mBuilding CXX object CMakeFiles/aruco_interfaces__rosidl_typesupport_fastrtps_c.dir/rosidl_typesupport_fastrtps_c/aruco_interfaces/srv/detail/robot_command__type_support_c.cpp.o[0m
[22.234s] [ 71%] [32mBuilding CXX object CMakeFiles/aruco_interfaces__rosidl_typesupport_fastrtps_c.dir/rosidl_typesupport_fastrtps_c/aruco_interfaces/msg/detail/aruco_location__type_support_c.cpp.o[0m
[23.839s] [ 74%] [32m[1mLinking CXX shared library libaruco_interfaces__rosidl_typesupport_fastrtps_c.so[0m
[24.209s] [ 74%] Built target aruco_interfaces__rosidl_typesupport_fastrtps_c
[24.261s] [35m[1mScanning dependencies of target aruco_interfaces[0m
[24.316s] [ 74%] Built target aruco_interfaces
[24.370s] [35m[1mScanning dependencies of target aruco_interfaces__py[0m
[24.427s] [ 76%] [34m[1mGenerating Python code for ROS interfaces[0m
[26.825s] [ 76%] Built target aruco_interfaces__py
[26.879s] [35m[1mScanning dependencies of target aruco_interfaces__python[0m
[26.978s] [ 82%] [32mBuilding C object CMakeFiles/aruco_interfaces__python.dir/rosidl_generator_py/aruco_interfaces/msg/_aruco_location_s.c.o[0m
[26.979s] [ 82%] [32mBuilding C object CMakeFiles/aruco_interfaces__python.dir/rosidl_generator_py/aruco_interfaces/srv/_robot_command_s.c.o[0m
[27.414s] [ 84%] [32m[1mLinking C shared library rosidl_generator_py/aruco_interfaces/libaruco_interfaces__python.so[0m
[27.627s] [ 84%] Built target aruco_interfaces__python
[27.684s] [35m[1mScanning dependencies of target aruco_interfaces__rosidl_typesupport_c__pyext[0m
[27.684s] [35m[1mScanning dependencies of target aruco_interfaces__rosidl_typesupport_fastrtps_c__pyext[0m
[27.685s] [35m[1mScanning dependencies of target aruco_interfaces__rosidl_typesupport_introspection_c__pyext[0m
[27.786s] [ 87%] [32mBuilding C object CMakeFiles/aruco_interfaces__rosidl_typesupport_introspection_c__pyext.dir/rosidl_generator_py/aruco_interfaces/_aruco_interfaces_s.ep.rosidl_typesupport_introspection_c.c.o[0m
[27.801s] [ 89%] [32mBuilding C object CMakeFiles/aruco_interfaces__rosidl_typesupport_fastrtps_c__pyext.dir/rosidl_generator_py/aruco_interfaces/_aruco_interfaces_s.ep.rosidl_typesupport_fastrtps_c.c.o[0m
[27.803s] [ 92%] [32mBuilding C object CMakeFiles/aruco_interfaces__rosidl_typesupport_c__pyext.dir/rosidl_generator_py/aruco_interfaces/_aruco_interfaces_s.ep.rosidl_typesupport_c.c.o[0m
[28.211s] [ 94%] [32m[1mLinking C shared library rosidl_generator_py/aruco_interfaces/aruco_interfaces_s__rosidl_typesupport_c.cpython-38-aarch64-linux-gnu.so[0m
[28.218s] [ 97%] [32m[1mLinking C shared library rosidl_generator_py/aruco_interfaces/aruco_interfaces_s__rosidl_typesupport_introspection_c.cpython-38-aarch64-linux-gnu.so[0m
[28.224s] [100%] [32m[1mLinking CXX shared library rosidl_generator_py/aruco_interfaces/aruco_interfaces_s__rosidl_typesupport_fastrtps_c.cpython-38-aarch64-linux-gnu.so[0m
[28.430s] [100%] Built target aruco_interfaces__rosidl_typesupport_c__pyext
[28.437s] [100%] Built target aruco_interfaces__rosidl_typesupport_introspection_c__pyext
[28.561s] [100%] Built target aruco_interfaces__rosidl_typesupport_fastrtps_c__pyext
[28.615s] Invoked command in '/root/codes/S24_RobotProgramming_Ardent/roscourse_final_ws/build/aruco_interfaces' returned '0': CMAKE_PREFIX_PATH=${CMAKE_PREFIX_PATH}:/root/yahboomcar_ros2_ws/yahboomcar_ws/install/yahboomcar_voice_ctrl:/root/yahboomcar_ros2_ws/yahboomcar_ws/install/yahboomcar_visual:/root/yahboomcar_ros2_ws/yahboomcar_ws/install/yahboomcar_nav:/root/yahboomcar_ros2_ws/yahboomcar_ws/install/yahboomcar_multi:/root/yahboomcar_ros2_ws/yahboomcar_ws/install/yahboomcar_mediapipe:/root/yahboomcar_ros2_ws/yahboomcar_ws/install/yahboomcar_linefollow:/root/yahboomcar_ros2_ws/yahboomcar_ws/install/yahboomcar_laser:/root/yahboomcar_ros2_ws/yahboomcar_ws/install/yahboomcar_description_x1:/root/yahboomcar_ros2_ws/yahboomcar_ws/install/yahboomcar_description:/root/yahboomcar_ros2_ws/yahboomcar_ws/install/yahboomcar_ctrl:/root/yahboomcar_ros2_ws/yahboomcar_ws/install/yahboomcar_bringup:/root/yahboomcar_ros2_ws/yahboomcar_ws/install/yahboomcar_astra:/root/yahboomcar_ros2_ws/yahboomcar_ws/install/yahboom_app_save_map:/root/yahboomcar_ros2_ws/yahboomcar_ws/install/robot_pose_publisher:/root/yahboomcar_ros2_ws/yahboomcar_ws/install/laserscan_to_point_pulisher:/opt/ros/foxy /usr/bin/cmake --build /root/codes/S24_RobotProgramming_Ardent/roscourse_final_ws/build/aruco_interfaces -- -j4 -l4
[29.051s] Invoking command in '/root/codes/S24_RobotProgramming_Ardent/roscourse_final_ws/build/aruco_interfaces': CMAKE_PREFIX_PATH=${CMAKE_PREFIX_PATH}:/root/yahboomcar_ros2_ws/yahboomcar_ws/install/yahboomcar_voice_ctrl:/root/yahboomcar_ros2_ws/yahboomcar_ws/install/yahboomcar_visual:/root/yahboomcar_ros2_ws/yahboomcar_ws/install/yahboomcar_nav:/root/yahboomcar_ros2_ws/yahboomcar_ws/install/yahboomcar_multi:/root/yahboomcar_ros2_ws/yahboomcar_ws/install/yahboomcar_mediapipe:/root/yahboomcar_ros2_ws/yahboomcar_ws/install/yahboomcar_linefollow:/root/yahboomcar_ros2_ws/yahboomcar_ws/install/yahboomcar_laser:/root/yahboomcar_ros2_ws/yahboomcar_ws/install/yahboomcar_description_x1:/root/yahboomcar_ros2_ws/yahboomcar_ws/install/yahboomcar_description:/root/yahboomcar_ros2_ws/yahboomcar_ws/install/yahboomcar_ctrl:/root/yahboomcar_ros2_ws/yahboomcar_ws/install/yahboomcar_bringup:/root/yahboomcar_ros2_ws/yahboomcar_ws/install/yahboomcar_astra:/root/yahboomcar_ros2_ws/yahboomcar_ws/install/yahboom_app_save_map:/root/yahboomcar_ros2_ws/yahboomcar_ws/install/robot_pose_publisher:/root/yahboomcar_ros2_ws/yahboomcar_ws/install/laserscan_to_point_pulisher:/opt/ros/foxy /usr/bin/cmake --install /root/codes/S24_RobotProgramming_Ardent/roscourse_final_ws/build/aruco_interfaces
[29.095s] -- Install configuration: ""
[29.095s] -- Installing: /root/codes/S24_RobotProgramming_Ardent/roscourse_final_ws/install/aruco_interfaces/share/ament_index/resource_index/rosidl_interfaces/aruco_interfaces
[29.096s] -- Installing: /root/codes/S24_RobotProgramming_Ardent/roscourse_final_ws/install/aruco_interfaces/include/aruco_interfaces
[29.097s] -- Installing: /root/codes/S24_RobotProgramming_Ardent/roscourse_final_ws/install/aruco_interfaces/include/aruco_interfaces/srv
[29.097s] -- Installing: /root/codes/S24_RobotProgramming_Ardent/roscourse_final_ws/install/aruco_interfaces/include/aruco_interfaces/srv/detail
[29.097s] -- Installing: /root/codes/S24_RobotProgramming_Ardent/roscourse_final_ws/install/aruco_interfaces/include/aruco_interfaces/srv/detail/robot_command__functions.c
[29.098s] -- Installing: /root/codes/S24_RobotProgramming_Ardent/roscourse_final_ws/install/aruco_interfaces/include/aruco_interfaces/srv/detail/robot_command__struct.h
[29.099s] -- Installing: /root/codes/S24_RobotProgramming_Ardent/roscourse_final_ws/install/aruco_interfaces/include/aruco_interfaces/srv/detail/robot_command__type_support.h
[29.099s] -- Installing: /root/codes/S24_RobotProgramming_Ardent/roscourse_final_ws/install/aruco_interfaces/include/aruco_interfaces/srv/detail/robot_command__functions.h
[29.099s] -- Installing: /root/codes/S24_RobotProgramming_Ardent/roscourse_final_ws/install/aruco_interfaces/include/aruco_interfaces/srv/robot_command.h
[29.100s] -- Installing: /root/codes/S24_RobotProgramming_Ardent/roscourse_final_ws/install/aruco_interfaces/include/aruco_interfaces/msg
[29.100s] -- Installing: /root/codes/S24_RobotProgramming_Ardent/roscourse_final_ws/install/aruco_interfaces/include/aruco_interfaces/msg/detail
[29.101s] -- Installing: /root/codes/S24_RobotProgramming_Ardent/roscourse_final_ws/install/aruco_interfaces/include/aruco_interfaces/msg/detail/aruco_location__struct.h
[29.102s] -- Installing: /root/codes/S24_RobotProgramming_Ardent/roscourse_final_ws/install/aruco_interfaces/include/aruco_interfaces/msg/detail/aruco_location__functions.h
[29.102s] -- Installing: /root/codes/S24_RobotProgramming_Ardent/roscourse_final_ws/install/aruco_interfaces/include/aruco_interfaces/msg/detail/aruco_location__functions.c
[29.103s] -- Installing: /root/codes/S24_RobotProgramming_Ardent/roscourse_final_ws/install/aruco_interfaces/include/aruco_interfaces/msg/detail/aruco_location__type_support.h
[29.103s] -- Installing: /root/codes/S24_RobotProgramming_Ardent/roscourse_final_ws/install/aruco_interfaces/include/aruco_interfaces/msg/aruco_location.h
[29.104s] -- Installing: /root/codes/S24_RobotProgramming_Ardent/roscourse_final_ws/install/aruco_interfaces/include/aruco_interfaces/msg/rosidl_generator_c__visibility_control.h
[29.105s] -- Installing: /root/codes/S24_RobotProgramming_Ardent/roscourse_final_ws/install/aruco_interfaces/share/aruco_interfaces/environment/library_path.sh
[29.105s] -- Installing: /root/codes/S24_RobotProgramming_Ardent/roscourse_final_ws/install/aruco_interfaces/share/aruco_interfaces/environment/library_path.dsv
[29.106s] -- Installing: /root/codes/S24_RobotProgramming_Ardent/roscourse_final_ws/install/aruco_interfaces/lib/libaruco_interfaces__rosidl_generator_c.so
[29.108s] -- Set runtime path of "/root/codes/S24_RobotProgramming_Ardent/roscourse_final_ws/install/aruco_interfaces/lib/libaruco_interfaces__rosidl_generator_c.so" to ""
[29.109s] -- Up-to-date: /root/codes/S24_RobotProgramming_Ardent/roscourse_final_ws/install/aruco_interfaces/include/aruco_interfaces
[29.109s] -- Up-to-date: /root/codes/S24_RobotProgramming_Ardent/roscourse_final_ws/install/aruco_interfaces/include/aruco_interfaces/srv
[29.110s] -- Up-to-date: /root/codes/S24_RobotProgramming_Ardent/roscourse_final_ws/install/aruco_interfaces/include/aruco_interfaces/srv/detail
[29.110s] -- Installing: /root/codes/S24_RobotProgramming_Ardent/roscourse_final_ws/install/aruco_interfaces/include/aruco_interfaces/srv/detail/robot_command__rosidl_typesupport_fastrtps_c.h
[29.111s] -- Up-to-date: /root/codes/S24_RobotProgramming_Ardent/roscourse_final_ws/install/aruco_interfaces/include/aruco_interfaces/msg
[29.111s] -- Up-to-date: /root/codes/S24_RobotProgramming_Ardent/roscourse_final_ws/install/aruco_interfaces/include/aruco_interfaces/msg/detail
[29.112s] -- Installing: /root/codes/S24_RobotProgramming_Ardent/roscourse_final_ws/install/aruco_interfaces/include/aruco_interfaces/msg/detail/aruco_location__rosidl_typesupport_fastrtps_c.h
[29.112s] -- Installing: /root/codes/S24_RobotProgramming_Ardent/roscourse_final_ws/install/aruco_interfaces/include/aruco_interfaces/msg/rosidl_typesupport_fastrtps_c__visibility_control.h
[29.112s] -- Installing: /root/codes/S24_RobotProgramming_Ardent/roscourse_final_ws/install/aruco_interfaces/lib/libaruco_interfaces__rosidl_typesupport_fastrtps_c.so
[29.113s] -- Set runtime path of "/root/codes/S24_RobotProgramming_Ardent/roscourse_final_ws/install/aruco_interfaces/lib/libaruco_interfaces__rosidl_typesupport_fastrtps_c.so" to ""
[29.114s] -- Up-to-date: /root/codes/S24_RobotProgramming_Ardent/roscourse_final_ws/install/aruco_interfaces/include/aruco_interfaces
[29.114s] -- Up-to-date: /root/codes/S24_RobotProgramming_Ardent/roscourse_final_ws/install/aruco_interfaces/include/aruco_interfaces/srv
[29.115s] -- Up-to-date: /root/codes/S24_RobotProgramming_Ardent/roscourse_final_ws/install/aruco_interfaces/include/aruco_interfaces/srv/detail
[29.115s] -- Installing: /root/codes/S24_RobotProgramming_Ardent/roscourse_final_ws/install/aruco_interfaces/include/aruco_interfaces/srv/detail/dds_fastrtps
[29.115s] -- Installing: /root/codes/S24_RobotProgramming_Ardent/roscourse_final_ws/install/aruco_interfaces/include/aruco_interfaces/srv/detail/robot_command__rosidl_typesupport_fastrtps_cpp.hpp
[29.116s] -- Up-to-date: /root/codes/S24_RobotProgramming_Ardent/roscourse_final_ws/install/aruco_interfaces/include/aruco_interfaces/msg
[29.116s] -- Up-to-date: /root/codes/S24_RobotProgramming_Ardent/roscourse_final_ws/install/aruco_interfaces/include/aruco_interfaces/msg/detail
[29.117s] -- Installing: /root/codes/S24_RobotProgramming_Ardent/roscourse_final_ws/install/aruco_interfaces/include/aruco_interfaces/msg/detail/dds_fastrtps
[29.117s] -- Installing: /root/codes/S24_RobotProgramming_Ardent/roscourse_final_ws/install/aruco_interfaces/include/aruco_interfaces/msg/detail/aruco_location__rosidl_typesupport_fastrtps_cpp.hpp
[29.117s] -- Installing: /root/codes/S24_RobotProgramming_Ardent/roscourse_final_ws/install/aruco_interfaces/include/aruco_interfaces/msg/rosidl_typesupport_fastrtps_cpp__visibility_control.h
[29.118s] -- Installing: /root/codes/S24_RobotProgramming_Ardent/roscourse_final_ws/install/aruco_interfaces/lib/libaruco_interfaces__rosidl_typesupport_fastrtps_cpp.so
[29.119s] -- Set runtime path of "/root/codes/S24_RobotProgramming_Ardent/roscourse_final_ws/install/aruco_interfaces/lib/libaruco_interfaces__rosidl_typesupport_fastrtps_cpp.so" to ""
[29.120s] -- Up-to-date: /root/codes/S24_RobotProgramming_Ardent/roscourse_final_ws/install/aruco_interfaces/include/aruco_interfaces
[29.120s] -- Up-to-date: /root/codes/S24_RobotProgramming_Ardent/roscourse_final_ws/install/aruco_interfaces/include/aruco_interfaces/srv
[29.121s] -- Up-to-date: /root/codes/S24_RobotProgramming_Ardent/roscourse_final_ws/install/aruco_interfaces/include/aruco_interfaces/srv/detail
[29.121s] -- Installing: /root/codes/S24_RobotProgramming_Ardent/roscourse_final_ws/install/aruco_interfaces/include/aruco_interfaces/srv/detail/robot_command__type_support.c
[29.122s] -- Installing: /root/codes/S24_RobotProgramming_Ardent/roscourse_final_ws/install/aruco_interfaces/include/aruco_interfaces/srv/detail/robot_command__rosidl_typesupport_introspection_c.h
[29.122s] -- Up-to-date: /root/codes/S24_RobotProgramming_Ardent/roscourse_final_ws/install/aruco_interfaces/include/aruco_interfaces/msg
[29.122s] -- Up-to-date: /root/codes/S24_RobotProgramming_Ardent/roscourse_final_ws/install/aruco_interfaces/include/aruco_interfaces/msg/detail
[29.123s] -- Installing: /root/codes/S24_RobotProgramming_Ardent/roscourse_final_ws/install/aruco_interfaces/include/aruco_interfaces/msg/detail/aruco_location__rosidl_typesupport_introspection_c.h
[29.123s] -- Installing: /root/codes/S24_RobotProgramming_Ardent/roscourse_final_ws/install/aruco_interfaces/include/aruco_interfaces/msg/detail/aruco_location__type_support.c
[29.123s] -- Installing: /root/codes/S24_RobotProgramming_Ardent/roscourse_final_ws/install/aruco_interfaces/include/aruco_interfaces/msg/rosidl_typesupport_introspection_c__visibility_control.h
[29.124s] -- Installing: /root/codes/S24_RobotProgramming_Ardent/roscourse_final_ws/install/aruco_interfaces/lib/libaruco_interfaces__rosidl_typesupport_introspection_c.so
[29.126s] -- Set runtime path of "/root/codes/S24_RobotProgramming_Ardent/roscourse_final_ws/install/aruco_interfaces/lib/libaruco_interfaces__rosidl_typesupport_introspection_c.so" to ""
[29.126s] -- Installing: /root/codes/S24_RobotProgramming_Ardent/roscourse_final_ws/install/aruco_interfaces/lib/libaruco_interfaces__rosidl_typesupport_c.so
[29.128s] -- Set runtime path of "/root/codes/S24_RobotProgramming_Ardent/roscourse_final_ws/install/aruco_interfaces/lib/libaruco_interfaces__rosidl_typesupport_c.so" to ""
[29.128s] -- Up-to-date: /root/codes/S24_RobotProgramming_Ardent/roscourse_final_ws/install/aruco_interfaces/include/aruco_interfaces
[29.128s] -- Up-to-date: /root/codes/S24_RobotProgramming_Ardent/roscourse_final_ws/install/aruco_interfaces/include/aruco_interfaces/srv
[29.129s] -- Installing: /root/codes/S24_RobotProgramming_Ardent/roscourse_final_ws/install/aruco_interfaces/include/aruco_interfaces/srv/robot_command.hpp
[29.129s] -- Up-to-date: /root/codes/S24_RobotProgramming_Ardent/roscourse_final_ws/install/aruco_interfaces/include/aruco_interfaces/srv/detail
[29.130s] -- Installing: /root/codes/S24_RobotProgramming_Ardent/roscourse_final_ws/install/aruco_interfaces/include/aruco_interfaces/srv/detail/robot_command__type_support.hpp
[29.130s] -- Installing: /root/codes/S24_RobotProgramming_Ardent/roscourse_final_ws/install/aruco_interfaces/include/aruco_interfaces/srv/detail/robot_command__builder.hpp
[29.130s] -- Installing: /root/codes/S24_RobotProgramming_Ardent/roscourse_final_ws/install/aruco_interfaces/include/aruco_interfaces/srv/detail/robot_command__traits.hpp
[29.131s] -- Installing: /root/codes/S24_RobotProgramming_Ardent/roscourse_final_ws/install/aruco_interfaces/include/aruco_interfaces/srv/detail/robot_command__struct.hpp
[29.131s] -- Up-to-date: /root/codes/S24_RobotProgramming_Ardent/roscourse_final_ws/install/aruco_interfaces/include/aruco_interfaces/msg
[29.132s] -- Up-to-date: /root/codes/S24_RobotProgramming_Ardent/roscourse_final_ws/install/aruco_interfaces/include/aruco_interfaces/msg/detail
[29.132s] -- Installing: /root/codes/S24_RobotProgramming_Ardent/roscourse_final_ws/install/aruco_interfaces/include/aruco_interfaces/msg/detail/aruco_location__traits.hpp
[29.133s] -- Installing: /root/codes/S24_RobotProgramming_Ardent/roscourse_final_ws/install/aruco_interfaces/include/aruco_interfaces/msg/detail/aruco_location__struct.hpp
[29.133s] -- Installing: /root/codes/S24_RobotProgramming_Ardent/roscourse_final_ws/install/aruco_interfaces/include/aruco_interfaces/msg/detail/aruco_location__type_support.hpp
[29.133s] -- Installing: /root/codes/S24_RobotProgramming_Ardent/roscourse_final_ws/install/aruco_interfaces/include/aruco_interfaces/msg/detail/aruco_location__builder.hpp
[29.134s] -- Installing: /root/codes/S24_RobotProgramming_Ardent/roscourse_final_ws/install/aruco_interfaces/include/aruco_interfaces/msg/rosidl_generator_cpp__visibility_control.hpp
[29.134s] -- Installing: /root/codes/S24_RobotProgramming_Ardent/roscourse_final_ws/install/aruco_interfaces/include/aruco_interfaces/msg/aruco_location.hpp
[29.138s] -- Up-to-date: /root/codes/S24_RobotProgramming_Ardent/roscourse_final_ws/install/aruco_interfaces/include/aruco_interfaces
[29.138s] -- Up-to-date: /root/codes/S24_RobotProgramming_Ardent/roscourse_final_ws/install/aruco_interfaces/include/aruco_interfaces/srv
[29.139s] -- Up-to-date: /root/codes/S24_RobotProgramming_Ardent/roscourse_final_ws/install/aruco_interfaces/include/aruco_interfaces/srv/detail
[29.139s] -- Installing: /root/codes/S24_RobotProgramming_Ardent/roscourse_final_ws/install/aruco_interfaces/include/aruco_interfaces/srv/detail/robot_command__rosidl_typesupport_introspection_cpp.hpp
[29.139s] -- Installing: /root/codes/S24_RobotProgramming_Ardent/roscourse_final_ws/install/aruco_interfaces/include/aruco_interfaces/srv/detail/robot_command__type_support.cpp
[29.140s] -- Up-to-date: /root/codes/S24_RobotProgramming_Ardent/roscourse_final_ws/install/aruco_interfaces/include/aruco_interfaces/msg
[29.140s] -- Up-to-date: /root/codes/S24_RobotProgramming_Ardent/roscourse_final_ws/install/aruco_interfaces/include/aruco_interfaces/msg/detail
[29.141s] -- Installing: /root/codes/S24_RobotProgramming_Ardent/roscourse_final_ws/install/aruco_interfaces/include/aruco_interfaces/msg/detail/aruco_location__rosidl_typesupport_introspection_cpp.hpp
[29.141s] -- Installing: /root/codes/S24_RobotProgramming_Ardent/roscourse_final_ws/install/aruco_interfaces/include/aruco_interfaces/msg/detail/aruco_location__type_support.cpp
[29.141s] -- Installing: /root/codes/S24_RobotProgramming_Ardent/roscourse_final_ws/install/aruco_interfaces/lib/libaruco_interfaces__rosidl_typesupport_introspection_cpp.so
[29.142s] -- Set runtime path of "/root/codes/S24_RobotProgramming_Ardent/roscourse_final_ws/install/aruco_interfaces/lib/libaruco_interfaces__rosidl_typesupport_introspection_cpp.so" to ""
[29.142s] -- Installing: /root/codes/S24_RobotProgramming_Ardent/roscourse_final_ws/install/aruco_interfaces/lib/libaruco_interfaces__rosidl_typesupport_cpp.so
[29.143s] -- Set runtime path of "/root/codes/S24_RobotProgramming_Ardent/roscourse_final_ws/install/aruco_interfaces/lib/libaruco_interfaces__rosidl_typesupport_cpp.so" to ""
[29.144s] -- Installing: /root/codes/S24_RobotProgramming_Ardent/roscourse_final_ws/install/aruco_interfaces/share/aruco_interfaces/environment/pythonpath.sh
[29.144s] -- Installing: /root/codes/S24_RobotProgramming_Ardent/roscourse_final_ws/install/aruco_interfaces/share/aruco_interfaces/environment/pythonpath.dsv
[29.145s] -- Installing: /root/codes/S24_RobotProgramming_Ardent/roscourse_final_ws/install/aruco_interfaces/lib/python3.8/site-packages/aruco_interfaces/__init__.py
[29.331s] Compiling '/root/codes/S24_RobotProgramming_Ardent/roscourse_final_ws/install/aruco_interfaces/lib/python3.8/site-packages/aruco_interfaces/__init__.py'...
[29.353s] -- Installing: /root/codes/S24_RobotProgramming_Ardent/roscourse_final_ws/install/aruco_interfaces/lib/python3.8/site-packages/aruco_interfaces/srv
[29.353s] -- Installing: /root/codes/S24_RobotProgramming_Ardent/roscourse_final_ws/install/aruco_interfaces/lib/python3.8/site-packages/aruco_interfaces/srv/_robot_command.py
[29.354s] -- Installing: /root/codes/S24_RobotProgramming_Ardent/roscourse_final_ws/install/aruco_interfaces/lib/python3.8/site-packages/aruco_interfaces/srv/__init__.py
[29.354s] -- Installing: /root/codes/S24_RobotProgramming_Ardent/roscourse_final_ws/install/aruco_interfaces/lib/python3.8/site-packages/aruco_interfaces/srv/_robot_command_s.c
[29.355s] -- Installing: /root/codes/S24_RobotProgramming_Ardent/roscourse_final_ws/install/aruco_interfaces/lib/python3.8/site-packages/aruco_interfaces/msg
[29.355s] -- Installing: /root/codes/S24_RobotProgramming_Ardent/roscourse_final_ws/install/aruco_interfaces/lib/python3.8/site-packages/aruco_interfaces/msg/__init__.py
[29.356s] -- Installing: /root/codes/S24_RobotProgramming_Ardent/roscourse_final_ws/install/aruco_interfaces/lib/python3.8/site-packages/aruco_interfaces/msg/_aruco_location.py
[29.356s] -- Installing: /root/codes/S24_RobotProgramming_Ardent/roscourse_final_ws/install/aruco_interfaces/lib/python3.8/site-packages/aruco_interfaces/msg/_aruco_location_s.c
[29.357s] -- Installing: /root/codes/S24_RobotProgramming_Ardent/roscourse_final_ws/install/aruco_interfaces/lib/python3.8/site-packages/aruco_interfaces/aruco_interfaces_s__rosidl_typesupport_fastrtps_c.cpython-38-aarch64-linux-gnu.so
[29.359s] -- Set runtime path of "/root/codes/S24_RobotProgramming_Ardent/roscourse_final_ws/install/aruco_interfaces/lib/python3.8/site-packages/aruco_interfaces/aruco_interfaces_s__rosidl_typesupport_fastrtps_c.cpython-38-aarch64-linux-gnu.so" to ""
[29.360s] -- Installing: /root/codes/S24_RobotProgramming_Ardent/roscourse_final_ws/install/aruco_interfaces/lib/python3.8/site-packages/aruco_interfaces/aruco_interfaces_s__rosidl_typesupport_introspection_c.cpython-38-aarch64-linux-gnu.so
[29.362s] -- Set runtime path of "/root/codes/S24_RobotProgramming_Ardent/roscourse_final_ws/install/aruco_interfaces/lib/python3.8/site-packages/aruco_interfaces/aruco_interfaces_s__rosidl_typesupport_introspection_c.cpython-38-aarch64-linux-gnu.so" to ""
[29.363s] -- Installing: /root/codes/S24_RobotProgramming_Ardent/roscourse_final_ws/install/aruco_interfaces/lib/python3.8/site-packages/aruco_interfaces/aruco_interfaces_s__rosidl_typesupport_c.cpython-38-aarch64-linux-gnu.so
[29.365s] -- Set runtime path of "/root/codes/S24_RobotProgramming_Ardent/roscourse_final_ws/install/aruco_interfaces/lib/python3.8/site-packages/aruco_interfaces/aruco_interfaces_s__rosidl_typesupport_c.cpython-38-aarch64-linux-gnu.so" to ""
[29.366s] -- Installing: /root/codes/S24_RobotProgramming_Ardent/roscourse_final_ws/install/aruco_interfaces/lib/libaruco_interfaces__python.so
[29.367s] -- Set runtime path of "/root/codes/S24_RobotProgramming_Ardent/roscourse_final_ws/install/aruco_interfaces/lib/libaruco_interfaces__python.so" to ""
[29.368s] -- Installing: /root/codes/S24_RobotProgramming_Ardent/roscourse_final_ws/install/aruco_interfaces/share/aruco_interfaces/srv/RobotCommand.idl
[29.369s] -- Installing: /root/codes/S24_RobotProgramming_Ardent/roscourse_final_ws/install/aruco_interfaces/share/aruco_interfaces/msg/ArucoLocation.idl
[29.369s] -- Installing: /root/codes/S24_RobotProgramming_Ardent/roscourse_final_ws/install/aruco_interfaces/share/aruco_interfaces/srv/RobotCommand.srv
[29.370s] -- Installing: /root/codes/S24_RobotProgramming_Ardent/roscourse_final_ws/install/aruco_interfaces/share/aruco_interfaces/srv/RobotCommand_Request.msg
[29.371s] -- Installing: /root/codes/S24_RobotProgramming_Ardent/roscourse_final_ws/install/aruco_interfaces/share/aruco_interfaces/srv/RobotCommand_Response.msg
[29.371s] -- Installing: /root/codes/S24_RobotProgramming_Ardent/roscourse_final_ws/install/aruco_interfaces/share/aruco_interfaces/msg/ArucoLocation.msg
[29.372s] -- Installing: /root/codes/S24_RobotProgramming_Ardent/roscourse_final_ws/install/aruco_interfaces/share/ament_index/resource_index/package_run_dependencies/aruco_interfaces
[29.373s] -- Installing: /root/codes/S24_RobotProgramming_Ardent/roscourse_final_ws/install/aruco_interfaces/share/ament_index/resource_index/parent_prefix_path/aruco_interfaces
[29.374s] -- Installing: /root/codes/S24_RobotProgramming_Ardent/roscourse_final_ws/install/aruco_interfaces/share/aruco_interfaces/environment/ament_prefix_path.sh
[29.374s] -- Installing: /root/codes/S24_RobotProgramming_Ardent/roscourse_final_ws/install/aruco_interfaces/share/aruco_interfaces/environment/ament_prefix_path.dsv
[29.375s] -- Installing: /root/codes/S24_RobotProgramming_Ardent/roscourse_final_ws/install/aruco_interfaces/share/aruco_interfaces/environment/path.sh
[29.376s] -- Installing: /root/codes/S24_RobotProgramming_Ardent/roscourse_final_ws/install/aruco_interfaces/share/aruco_interfaces/environment/path.dsv
[29.376s] -- Installing: /root/codes/S24_RobotProgramming_Ardent/roscourse_final_ws/install/aruco_interfaces/share/aruco_interfaces/local_setup.bash
[29.377s] -- Installing: /root/codes/S24_RobotProgramming_Ardent/roscourse_final_ws/install/aruco_interfaces/share/aruco_interfaces/local_setup.sh
[29.378s] -- Installing: /root/codes/S24_RobotProgramming_Ardent/roscourse_final_ws/install/aruco_interfaces/share/aruco_interfaces/local_setup.zsh
[29.378s] -- Installing: /root/codes/S24_RobotProgramming_Ardent/roscourse_final_ws/install/aruco_interfaces/share/aruco_interfaces/local_setup.dsv
[29.379s] -- Installing: /root/codes/S24_RobotProgramming_Ardent/roscourse_final_ws/install/aruco_interfaces/share/aruco_interfaces/package.dsv
[29.380s] -- Installing: /root/codes/S24_RobotProgramming_Ardent/roscourse_final_ws/install/aruco_interfaces/share/ament_index/resource_index/packages/aruco_interfaces
[29.381s] -- Installing: /root/codes/S24_RobotProgramming_Ardent/roscourse_final_ws/install/aruco_interfaces/share/aruco_interfaces/cmake/aruco_interfaces__rosidl_generator_cExport.cmake
[29.381s] -- Installing: /root/codes/S24_RobotProgramming_Ardent/roscourse_final_ws/install/aruco_interfaces/share/aruco_interfaces/cmake/aruco_interfaces__rosidl_generator_cExport-noconfig.cmake
[29.382s] -- Installing: /root/codes/S24_RobotProgramming_Ardent/roscourse_final_ws/install/aruco_interfaces/share/aruco_interfaces/cmake/aruco_interfaces__rosidl_typesupport_introspection_cExport.cmake
[29.383s] -- Installing: /root/codes/S24_RobotProgramming_Ardent/roscourse_final_ws/install/aruco_interfaces/share/aruco_interfaces/cmake/aruco_interfaces__rosidl_typesupport_introspection_cExport-noconfig.cmake
[29.384s] -- Installing: /root/codes/S24_RobotProgramming_Ardent/roscourse_final_ws/install/aruco_interfaces/share/aruco_interfaces/cmake/aruco_interfaces__rosidl_typesupport_cExport.cmake
[29.385s] -- Installing: /root/codes/S24_RobotProgramming_Ardent/roscourse_final_ws/install/aruco_interfaces/share/aruco_interfaces/cmake/aruco_interfaces__rosidl_typesupport_cExport-noconfig.cmake
[29.386s] -- Installing: /root/codes/S24_RobotProgramming_Ardent/roscourse_final_ws/install/aruco_interfaces/share/aruco_interfaces/cmake/aruco_interfaces__rosidl_generator_cppExport.cmake
[29.387s] -- Installing: /root/codes/S24_RobotProgramming_Ardent/roscourse_final_ws/install/aruco_interfaces/share/aruco_interfaces/cmake/aruco_interfaces__rosidl_typesupport_introspection_cppExport.cmake
[29.388s] -- Installing: /root/codes/S24_RobotProgramming_Ardent/roscourse_final_ws/install/aruco_interfaces/share/aruco_interfaces/cmake/aruco_interfaces__rosidl_typesupport_introspection_cppExport-noconfig.cmake
[29.389s] -- Installing: /root/codes/S24_RobotProgramming_Ardent/roscourse_final_ws/install/aruco_interfaces/share/aruco_interfaces/cmake/aruco_interfaces__rosidl_typesupport_cppExport.cmake
[29.390s] -- Installing: /root/codes/S24_RobotProgramming_Ardent/roscourse_final_ws/install/aruco_interfaces/share/aruco_interfaces/cmake/aruco_interfaces__rosidl_typesupport_cppExport-noconfig.cmake
[29.390s] -- Installing: /root/codes/S24_RobotProgramming_Ardent/roscourse_final_ws/install/aruco_interfaces/share/aruco_interfaces/cmake/rosidl_cmake-extras.cmake
[29.391s] -- Installing: /root/codes/S24_RobotProgramming_Ardent/roscourse_final_ws/install/aruco_interfaces/share/aruco_interfaces/cmake/ament_cmake_export_dependencies-extras.cmake
[29.392s] -- Installing: /root/codes/S24_RobotProgramming_Ardent/roscourse_final_ws/install/aruco_interfaces/share/aruco_interfaces/cmake/ament_cmake_export_libraries-extras.cmake
[29.392s] -- Installing: /root/codes/S24_RobotProgramming_Ardent/roscourse_final_ws/install/aruco_interfaces/share/aruco_interfaces/cmake/ament_cmake_export_targets-extras.cmake
[29.393s] -- Installing: /root/codes/S24_RobotProgramming_Ardent/roscourse_final_ws/install/aruco_interfaces/share/aruco_interfaces/cmake/ament_cmake_export_include_directories-extras.cmake
[29.394s] -- Installing: /root/codes/S24_RobotProgramming_Ardent/roscourse_final_ws/install/aruco_interfaces/share/aruco_interfaces/cmake/rosidl_cmake_export_typesupport_libraries-extras.cmake
[29.394s] -- Installing: /root/codes/S24_RobotProgramming_Ardent/roscourse_final_ws/install/aruco_interfaces/share/aruco_interfaces/cmake/rosidl_cmake_export_typesupport_targets-extras.cmake
[29.395s] -- Installing: /root/codes/S24_RobotProgramming_Ardent/roscourse_final_ws/install/aruco_interfaces/share/aruco_interfaces/cmake/aruco_interfacesConfig.cmake
[29.396s] -- Installing: /root/codes/S24_RobotProgramming_Ardent/roscourse_final_ws/install/aruco_interfaces/share/aruco_interfaces/cmake/aruco_interfacesConfig-version.cmake
[29.396s] -- Installing: /root/codes/S24_RobotProgramming_Ardent/roscourse_final_ws/install/aruco_interfaces/share/aruco_interfaces/package.xml
[29.407s] Invoked command in '/root/codes/S24_RobotProgramming_Ardent/roscourse_final_ws/build/aruco_interfaces' returned '0': CMAKE_PREFIX_PATH=${CMAKE_PREFIX_PATH}:/root/yahboomcar_ros2_ws/yahboomcar_ws/install/yahboomcar_voice_ctrl:/root/yahboomcar_ros2_ws/yahboomcar_ws/install/yahboomcar_visual:/root/yahboomcar_ros2_ws/yahboomcar_ws/install/yahboomcar_nav:/root/yahboomcar_ros2_ws/yahboomcar_ws/install/yahboomcar_multi:/root/yahboomcar_ros2_ws/yahboomcar_ws/install/yahboomcar_mediapipe:/root/yahboomcar_ros2_ws/yahboomcar_ws/install/yahboomcar_linefollow:/root/yahboomcar_ros2_ws/yahboomcar_ws/install/yahboomcar_laser:/root/yahboomcar_ros2_ws/yahboomcar_ws/install/yahboomcar_description_x1:/root/yahboomcar_ros2_ws/yahboomcar_ws/install/yahboomcar_description:/root/yahboomcar_ros2_ws/yahboomcar_ws/install/yahboomcar_ctrl:/root/yahboomcar_ros2_ws/yahboomcar_ws/install/yahboomcar_bringup:/root/yahboomcar_ros2_ws/yahboomcar_ws/install/yahboomcar_astra:/root/yahboomcar_ros2_ws/yahboomcar_ws/install/yahboom_app_save_map:/root/yahboomcar_ros2_ws/yahboomcar_ws/install/robot_pose_publisher:/root/yahboomcar_ros2_ws/yahboomcar_ws/install/laserscan_to_point_pulisher:/opt/ros/foxy /usr/bin/cmake --install /root/codes/S24_RobotProgramming_Ardent/roscourse_final_ws/build/aruco_interfaces
