[  2%] Built target aruco_interfaces__cpp
[ 12%] Built target aruco_interfaces__rosidl_generator_c
[ 33%] Built target aruco_interfaces__rosidl_typesupport_cpp
[ 33%] Built target aruco_interfaces__rosidl_typesupport_introspection_cpp
[ 43%] Built target aruco_interfaces__rosidl_typesupport_introspection_c
[ 53%] Built target aruco_interfaces__rosidl_typesupport_c
[ 64%] Built target aruco_interfaces__rosidl_typesupport_fastrtps_cpp
[ 74%] Built target aruco_interfaces__rosidl_typesupport_fastrtps_c
[ 74%] Built target aruco_interfaces
[ 76%] Built target aruco_interfaces__py
[ 84%] Built target aruco_interfaces__python
[ 89%] Built target aruco_interfaces__rosidl_typesupport_introspection_c__pyext
[ 94%] Built target aruco_interfaces__rosidl_typesupport_c__pyext
[100%] Built target aruco_interfaces__rosidl_typesupport_fastrtps_c__pyext
-- Install configuration: ""
-- Up-to-date: /home/scott/roscourse_final_ws/install/aruco_interfaces/share/ament_index/resource_index/rosidl_interfaces/aruco_interfaces
-- Up-to-date: /home/scott/roscourse_final_ws/install/aruco_interfaces/include/aruco_interfaces
-- Up-to-date: /home/scott/roscourse_final_ws/install/aruco_interfaces/include/aruco_interfaces/msg
-- Up-to-date: /home/scott/roscourse_final_ws/install/aruco_interfaces/include/aruco_interfaces/msg/aruco_location.h
-- Up-to-date: /home/scott/roscourse_final_ws/install/aruco_interfaces/include/aruco_interfaces/msg/rosidl_generator_c__visibility_control.h
-- Up-to-date: /home/scott/roscourse_final_ws/install/aruco_interfaces/include/aruco_interfaces/msg/detail
-- Up-to-date: /home/scott/roscourse_final_ws/install/aruco_interfaces/include/aruco_interfaces/msg/detail/aruco_location__struct.h
-- Up-to-date: /home/scott/roscourse_final_ws/install/aruco_interfaces/include/aruco_interfaces/msg/detail/aruco_location__type_support.h
-- Up-to-date: /home/scott/roscourse_final_ws/install/aruco_interfaces/include/aruco_interfaces/msg/detail/aruco_location__functions.c
-- Up-to-date: /home/scott/roscourse_final_ws/install/aruco_interfaces/include/aruco_interfaces/msg/detail/aruco_location__functions.h
-- Up-to-date: /home/scott/roscourse_final_ws/install/aruco_interfaces/include/aruco_interfaces/srv
-- Up-to-date: /home/scott/roscourse_final_ws/install/aruco_interfaces/include/aruco_interfaces/srv/robot_command.h
-- Up-to-date: /home/scott/roscourse_final_ws/install/aruco_interfaces/include/aruco_interfaces/srv/detail
-- Up-to-date: /home/scott/roscourse_final_ws/install/aruco_interfaces/include/aruco_interfaces/srv/detail/robot_command__functions.c
-- Up-to-date: /home/scott/roscourse_final_ws/install/aruco_interfaces/include/aruco_interfaces/srv/detail/robot_command__type_support.h
-- Up-to-date: /home/scott/roscourse_final_ws/install/aruco_interfaces/include/aruco_interfaces/srv/detail/robot_command__struct.h
-- Up-to-date: /home/scott/roscourse_final_ws/install/aruco_interfaces/include/aruco_interfaces/srv/detail/robot_command__functions.h
-- Up-to-date: /home/scott/roscourse_final_ws/install/aruco_interfaces/share/aruco_interfaces/environment/library_path.sh
-- Up-to-date: /home/scott/roscourse_final_ws/install/aruco_interfaces/share/aruco_interfaces/environment/library_path.dsv
-- Up-to-date: /home/scott/roscourse_final_ws/install/aruco_interfaces/lib/libaruco_interfaces__rosidl_generator_c.so
-- Up-to-date: /home/scott/roscourse_final_ws/install/aruco_interfaces/include/aruco_interfaces
-- Up-to-date: /home/scott/roscourse_final_ws/install/aruco_interfaces/include/aruco_interfaces/msg
-- Up-to-date: /home/scott/roscourse_final_ws/install/aruco_interfaces/include/aruco_interfaces/msg/rosidl_typesupport_fastrtps_c__visibility_control.h
-- Up-to-date: /home/scott/roscourse_final_ws/install/aruco_interfaces/include/aruco_interfaces/msg/detail
-- Up-to-date: /home/scott/roscourse_final_ws/install/aruco_interfaces/include/aruco_interfaces/msg/detail/aruco_location__rosidl_typesupport_fastrtps_c.h
-- Up-to-date: /home/scott/roscourse_final_ws/install/aruco_interfaces/include/aruco_interfaces/srv
-- Up-to-date: /home/scott/roscourse_final_ws/install/aruco_interfaces/include/aruco_interfaces/srv/detail
-- Up-to-date: /home/scott/roscourse_final_ws/install/aruco_interfaces/include/aruco_interfaces/srv/detail/robot_command__rosidl_typesupport_fastrtps_c.h
-- Up-to-date: /home/scott/roscourse_final_ws/install/aruco_interfaces/lib/libaruco_interfaces__rosidl_typesupport_fastrtps_c.so
-- Up-to-date: /home/scott/roscourse_final_ws/install/aruco_interfaces/include/aruco_interfaces
-- Up-to-date: /home/scott/roscourse_final_ws/install/aruco_interfaces/include/aruco_interfaces/msg
-- Up-to-date: /home/scott/roscourse_final_ws/install/aruco_interfaces/include/aruco_interfaces/msg/rosidl_typesupport_fastrtps_cpp__visibility_control.h
-- Up-to-date: /home/scott/roscourse_final_ws/install/aruco_interfaces/include/aruco_interfaces/msg/detail
-- Up-to-date: /home/scott/roscourse_final_ws/install/aruco_interfaces/include/aruco_interfaces/msg/detail/aruco_location__rosidl_typesupport_fastrtps_cpp.hpp
-- Up-to-date: /home/scott/roscourse_final_ws/install/aruco_interfaces/include/aruco_interfaces/msg/detail/dds_fastrtps
-- Up-to-date: /home/scott/roscourse_final_ws/install/aruco_interfaces/include/aruco_interfaces/srv
-- Up-to-date: /home/scott/roscourse_final_ws/install/aruco_interfaces/include/aruco_interfaces/srv/detail
-- Up-to-date: /home/scott/roscourse_final_ws/install/aruco_interfaces/include/aruco_interfaces/srv/detail/robot_command__rosidl_typesupport_fastrtps_cpp.hpp
-- Up-to-date: /home/scott/roscourse_final_ws/install/aruco_interfaces/include/aruco_interfaces/srv/detail/dds_fastrtps
-- Up-to-date: /home/scott/roscourse_final_ws/install/aruco_interfaces/lib/libaruco_interfaces__rosidl_typesupport_fastrtps_cpp.so
-- Up-to-date: /home/scott/roscourse_final_ws/install/aruco_interfaces/include/aruco_interfaces
-- Up-to-date: /home/scott/roscourse_final_ws/install/aruco_interfaces/include/aruco_interfaces/msg
-- Up-to-date: /home/scott/roscourse_final_ws/install/aruco_interfaces/include/aruco_interfaces/msg/rosidl_typesupport_introspection_c__visibility_control.h
-- Up-to-date: /home/scott/roscourse_final_ws/install/aruco_interfaces/include/aruco_interfaces/msg/detail
-- Up-to-date: /home/scott/roscourse_final_ws/install/aruco_interfaces/include/aruco_interfaces/msg/detail/aruco_location__rosidl_typesupport_introspection_c.h
-- Up-to-date: /home/scott/roscourse_final_ws/install/aruco_interfaces/include/aruco_interfaces/msg/detail/aruco_location__type_support.c
-- Up-to-date: /home/scott/roscourse_final_ws/install/aruco_interfaces/include/aruco_interfaces/srv
-- Up-to-date: /home/scott/roscourse_final_ws/install/aruco_interfaces/include/aruco_interfaces/srv/detail
-- Up-to-date: /home/scott/roscourse_final_ws/install/aruco_interfaces/include/aruco_interfaces/srv/detail/robot_command__type_support.c
-- Up-to-date: /home/scott/roscourse_final_ws/install/aruco_interfaces/include/aruco_interfaces/srv/detail/robot_command__rosidl_typesupport_introspection_c.h
-- Up-to-date: /home/scott/roscourse_final_ws/install/aruco_interfaces/lib/libaruco_interfaces__rosidl_typesupport_introspection_c.so
-- Up-to-date: /home/scott/roscourse_final_ws/install/aruco_interfaces/lib/libaruco_interfaces__rosidl_typesupport_c.so
-- Up-to-date: /home/scott/roscourse_final_ws/install/aruco_interfaces/include/aruco_interfaces
-- Up-to-date: /home/scott/roscourse_final_ws/install/aruco_interfaces/include/aruco_interfaces/msg
-- Up-to-date: /home/scott/roscourse_final_ws/install/aruco_interfaces/include/aruco_interfaces/msg/aruco_location.hpp
-- Up-to-date: /home/scott/roscourse_final_ws/install/aruco_interfaces/include/aruco_interfaces/msg/detail
-- Up-to-date: /home/scott/roscourse_final_ws/install/aruco_interfaces/include/aruco_interfaces/msg/detail/aruco_location__builder.hpp
-- Up-to-date: /home/scott/roscourse_final_ws/install/aruco_interfaces/include/aruco_interfaces/msg/detail/aruco_location__traits.hpp
-- Up-to-date: /home/scott/roscourse_final_ws/install/aruco_interfaces/include/aruco_interfaces/msg/detail/aruco_location__struct.hpp
-- Up-to-date: /home/scott/roscourse_final_ws/install/aruco_interfaces/include/aruco_interfaces/srv
-- Up-to-date: /home/scott/roscourse_final_ws/install/aruco_interfaces/include/aruco_interfaces/srv/robot_command.hpp
-- Up-to-date: /home/scott/roscourse_final_ws/install/aruco_interfaces/include/aruco_interfaces/srv/detail
-- Up-to-date: /home/scott/roscourse_final_ws/install/aruco_interfaces/include/aruco_interfaces/srv/detail/robot_command__builder.hpp
-- Up-to-date: /home/scott/roscourse_final_ws/install/aruco_interfaces/include/aruco_interfaces/srv/detail/robot_command__traits.hpp
-- Up-to-date: /home/scott/roscourse_final_ws/install/aruco_interfaces/include/aruco_interfaces/srv/detail/robot_command__struct.hpp
-- Up-to-date: /home/scott/roscourse_final_ws/install/aruco_interfaces/include/aruco_interfaces
-- Up-to-date: /home/scott/roscourse_final_ws/install/aruco_interfaces/include/aruco_interfaces/msg
-- Up-to-date: /home/scott/roscourse_final_ws/install/aruco_interfaces/include/aruco_interfaces/msg/detail
-- Up-to-date: /home/scott/roscourse_final_ws/install/aruco_interfaces/include/aruco_interfaces/msg/detail/aruco_location__type_support.cpp
-- Up-to-date: /home/scott/roscourse_final_ws/install/aruco_interfaces/include/aruco_interfaces/msg/detail/aruco_location__rosidl_typesupport_introspection_cpp.hpp
-- Up-to-date: /home/scott/roscourse_final_ws/install/aruco_interfaces/include/aruco_interfaces/srv
-- Up-to-date: /home/scott/roscourse_final_ws/install/aruco_interfaces/include/aruco_interfaces/srv/detail
-- Up-to-date: /home/scott/roscourse_final_ws/install/aruco_interfaces/include/aruco_interfaces/srv/detail/robot_command__type_support.cpp
-- Up-to-date: /home/scott/roscourse_final_ws/install/aruco_interfaces/include/aruco_interfaces/srv/detail/robot_command__rosidl_typesupport_introspection_cpp.hpp
-- Up-to-date: /home/scott/roscourse_final_ws/install/aruco_interfaces/lib/libaruco_interfaces__rosidl_typesupport_introspection_cpp.so
-- Up-to-date: /home/scott/roscourse_final_ws/install/aruco_interfaces/lib/libaruco_interfaces__rosidl_typesupport_cpp.so
-- Up-to-date: /home/scott/roscourse_final_ws/install/aruco_interfaces/share/aruco_interfaces/environment/pythonpath.sh
-- Up-to-date: /home/scott/roscourse_final_ws/install/aruco_interfaces/share/aruco_interfaces/environment/pythonpath.dsv
-- Up-to-date: /home/scott/roscourse_final_ws/install/aruco_interfaces/lib/python3.8/site-packages/aruco_interfaces/__init__.py
-- Up-to-date: /home/scott/roscourse_final_ws/install/aruco_interfaces/lib/python3.8/site-packages/aruco_interfaces/srv
-- Up-to-date: /home/scott/roscourse_final_ws/install/aruco_interfaces/lib/python3.8/site-packages/aruco_interfaces/srv/__init__.py
-- Up-to-date: /home/scott/roscourse_final_ws/install/aruco_interfaces/lib/python3.8/site-packages/aruco_interfaces/srv/_robot_command_s.c
-- Up-to-date: /home/scott/roscourse_final_ws/install/aruco_interfaces/lib/python3.8/site-packages/aruco_interfaces/srv/_robot_command.py
-- Up-to-date: /home/scott/roscourse_final_ws/install/aruco_interfaces/lib/python3.8/site-packages/aruco_interfaces/msg
-- Up-to-date: /home/scott/roscourse_final_ws/install/aruco_interfaces/lib/python3.8/site-packages/aruco_interfaces/msg/_aruco_location.py
-- Up-to-date: /home/scott/roscourse_final_ws/install/aruco_interfaces/lib/python3.8/site-packages/aruco_interfaces/msg/__init__.py
-- Up-to-date: /home/scott/roscourse_final_ws/install/aruco_interfaces/lib/python3.8/site-packages/aruco_interfaces/msg/_aruco_location_s.c
-- Up-to-date: /home/scott/roscourse_final_ws/install/aruco_interfaces/lib/python3.8/site-packages/aruco_interfaces/aruco_interfaces_s__rosidl_typesupport_fastrtps_c.cpython-38-x86_64-linux-gnu.so
-- Up-to-date: /home/scott/roscourse_final_ws/install/aruco_interfaces/lib/python3.8/site-packages/aruco_interfaces/aruco_interfaces_s__rosidl_typesupport_introspection_c.cpython-38-x86_64-linux-gnu.so
-- Up-to-date: /home/scott/roscourse_final_ws/install/aruco_interfaces/lib/python3.8/site-packages/aruco_interfaces/aruco_interfaces_s__rosidl_typesupport_c.cpython-38-x86_64-linux-gnu.so
-- Up-to-date: /home/scott/roscourse_final_ws/install/aruco_interfaces/lib/libaruco_interfaces__python.so
-- Up-to-date: /home/scott/roscourse_final_ws/install/aruco_interfaces/share/aruco_interfaces/srv/RobotCommand.idl
-- Up-to-date: /home/scott/roscourse_final_ws/install/aruco_interfaces/share/aruco_interfaces/msg/ArucoLocation.idl
-- Up-to-date: /home/scott/roscourse_final_ws/install/aruco_interfaces/share/aruco_interfaces/srv/RobotCommand.srv
-- Up-to-date: /home/scott/roscourse_final_ws/install/aruco_interfaces/share/aruco_interfaces/srv/RobotCommand_Request.msg
-- Up-to-date: /home/scott/roscourse_final_ws/install/aruco_interfaces/share/aruco_interfaces/srv/RobotCommand_Response.msg
-- Up-to-date: /home/scott/roscourse_final_ws/install/aruco_interfaces/share/aruco_interfaces/msg/ArucoLocation.msg
-- Up-to-date: /home/scott/roscourse_final_ws/install/aruco_interfaces/share/ament_index/resource_index/package_run_dependencies/aruco_interfaces
-- Up-to-date: /home/scott/roscourse_final_ws/install/aruco_interfaces/share/ament_index/resource_index/parent_prefix_path/aruco_interfaces
-- Up-to-date: /home/scott/roscourse_final_ws/install/aruco_interfaces/share/aruco_interfaces/environment/ament_prefix_path.sh
-- Up-to-date: /home/scott/roscourse_final_ws/install/aruco_interfaces/share/aruco_interfaces/environment/ament_prefix_path.dsv
-- Up-to-date: /home/scott/roscourse_final_ws/install/aruco_interfaces/share/aruco_interfaces/environment/path.sh
-- Up-to-date: /home/scott/roscourse_final_ws/install/aruco_interfaces/share/aruco_interfaces/environment/path.dsv
-- Up-to-date: /home/scott/roscourse_final_ws/install/aruco_interfaces/share/aruco_interfaces/local_setup.bash
-- Up-to-date: /home/scott/roscourse_final_ws/install/aruco_interfaces/share/aruco_interfaces/local_setup.sh
-- Up-to-date: /home/scott/roscourse_final_ws/install/aruco_interfaces/share/aruco_interfaces/local_setup.zsh
-- Up-to-date: /home/scott/roscourse_final_ws/install/aruco_interfaces/share/aruco_interfaces/local_setup.dsv
-- Installing: /home/scott/roscourse_final_ws/install/aruco_interfaces/share/aruco_interfaces/package.dsv
-- Up-to-date: /home/scott/roscourse_final_ws/install/aruco_interfaces/share/ament_index/resource_index/packages/aruco_interfaces
-- Up-to-date: /home/scott/roscourse_final_ws/install/aruco_interfaces/share/aruco_interfaces/cmake/aruco_interfaces__rosidl_generator_cExport.cmake
-- Up-to-date: /home/scott/roscourse_final_ws/install/aruco_interfaces/share/aruco_interfaces/cmake/aruco_interfaces__rosidl_generator_cExport-noconfig.cmake
-- Up-to-date: /home/scott/roscourse_final_ws/install/aruco_interfaces/share/aruco_interfaces/cmake/aruco_interfaces__rosidl_typesupport_introspection_cExport.cmake
-- Up-to-date: /home/scott/roscourse_final_ws/install/aruco_interfaces/share/aruco_interfaces/cmake/aruco_interfaces__rosidl_typesupport_introspection_cExport-noconfig.cmake
-- Up-to-date: /home/scott/roscourse_final_ws/install/aruco_interfaces/share/aruco_interfaces/cmake/aruco_interfaces__rosidl_typesupport_cExport.cmake
-- Up-to-date: /home/scott/roscourse_final_ws/install/aruco_interfaces/share/aruco_interfaces/cmake/aruco_interfaces__rosidl_typesupport_cExport-noconfig.cmake
-- Up-to-date: /home/scott/roscourse_final_ws/install/aruco_interfaces/share/aruco_interfaces/cmake/aruco_interfaces__rosidl_generator_cppExport.cmake
-- Up-to-date: /home/scott/roscourse_final_ws/install/aruco_interfaces/share/aruco_interfaces/cmake/aruco_interfaces__rosidl_typesupport_introspection_cppExport.cmake
-- Up-to-date: /home/scott/roscourse_final_ws/install/aruco_interfaces/share/aruco_interfaces/cmake/aruco_interfaces__rosidl_typesupport_introspection_cppExport-noconfig.cmake
-- Up-to-date: /home/scott/roscourse_final_ws/install/aruco_interfaces/share/aruco_interfaces/cmake/aruco_interfaces__rosidl_typesupport_cppExport.cmake
-- Up-to-date: /home/scott/roscourse_final_ws/install/aruco_interfaces/share/aruco_interfaces/cmake/aruco_interfaces__rosidl_typesupport_cppExport-noconfig.cmake
-- Up-to-date: /home/scott/roscourse_final_ws/install/aruco_interfaces/share/aruco_interfaces/cmake/rosidl_cmake-extras.cmake
-- Up-to-date: /home/scott/roscourse_final_ws/install/aruco_interfaces/share/aruco_interfaces/cmake/ament_cmake_export_dependencies-extras.cmake
-- Up-to-date: /home/scott/roscourse_final_ws/install/aruco_interfaces/share/aruco_interfaces/cmake/ament_cmake_export_libraries-extras.cmake
-- Up-to-date: /home/scott/roscourse_final_ws/install/aruco_interfaces/share/aruco_interfaces/cmake/ament_cmake_export_targets-extras.cmake
-- Up-to-date: /home/scott/roscourse_final_ws/install/aruco_interfaces/share/aruco_interfaces/cmake/ament_cmake_export_include_directories-extras.cmake
-- Up-to-date: /home/scott/roscourse_final_ws/install/aruco_interfaces/share/aruco_interfaces/cmake/rosidl_cmake_export_typesupport_libraries-extras.cmake
-- Up-to-date: /home/scott/roscourse_final_ws/install/aruco_interfaces/share/aruco_interfaces/cmake/rosidl_cmake_export_typesupport_targets-extras.cmake
-- Up-to-date: /home/scott/roscourse_final_ws/install/aruco_interfaces/share/aruco_interfaces/cmake/aruco_interfacesConfig.cmake
-- Up-to-date: /home/scott/roscourse_final_ws/install/aruco_interfaces/share/aruco_interfaces/cmake/aruco_interfacesConfig-version.cmake
-- Up-to-date: /home/scott/roscourse_final_ws/install/aruco_interfaces/share/aruco_interfaces/package.xml
