[0.324s] DEBUG:colcon:Command line arguments: ['/usr/bin/colcon', 'build']
[0.324s] DEBUG:colcon:Parsed command line arguments: Namespace(allow_overriding=[], ament_cmake_args=None, base_paths=['.'], build_base='build', catkin_cmake_args=None, catkin_skip_building_tests=False, cmake_args=None, cmake_clean_cache=False, cmake_clean_first=False, cmake_force_configure=False, cmake_target=None, cmake_target_skip_unavailable=False, continue_on_error=False, event_handlers=None, executor='parallel', ignore_user_meta=False, install_base='install', log_base=None, log_level=None, main=<bound method BuildVerb.main of <colcon_core.verb.build.BuildVerb object at 0x7fa0eccdaa60>>, merge_install=False, metas=['./colcon.meta'], packages_above=None, packages_above_and_dependencies=None, packages_above_depth=None, packages_end=None, packages_ignore=None, packages_ignore_regex=None, packages_select=None, packages_select_build_failed=False, packages_select_by_dep=None, packages_select_regex=None, packages_select_test_failures=False, packages_skip=None, packages_skip_build_finished=False, packages_skip_by_dep=None, packages_skip_regex=None, packages_skip_test_passed=False, packages_skip_up_to=None, packages_start=None, packages_up_to=None, packages_up_to_regex=None, parallel_workers=12, paths=None, symlink_install=False, test_result_base=None, verb_extension=<colcon_core.verb.build.BuildVerb object at 0x7fa0eccdaa60>, verb_name='build', verb_parser=<colcon_defaults.argument_parser.defaults.DefaultArgumentsDecorator object at 0x7fa0ecce1040>)
[0.356s] Level 1:colcon.colcon_core.package_discovery:discover_packages(colcon_meta) check parameters
[0.356s] Level 1:colcon.colcon_core.package_discovery:discover_packages(recursive) check parameters
[0.356s] Level 1:colcon.colcon_core.package_discovery:discover_packages(ignore) check parameters
[0.356s] Level 1:colcon.colcon_core.package_discovery:discover_packages(path) check parameters
[0.356s] Level 1:colcon.colcon_core.package_discovery:discover_packages(colcon_meta) discover
[0.356s] Level 1:colcon.colcon_core.package_discovery:discover_packages(recursive) discover
[0.356s] INFO:colcon.colcon_core.package_discovery:Crawling recursively for packages in '/home/scott/S24_RobotProgramming_Ardent/roscourse_final_ws'
[0.356s] Level 1:colcon.colcon_core.package_identification:_identify(.) by extensions ['ignore', 'ignore_ament_install']
[0.356s] Level 1:colcon.colcon_core.package_identification:_identify(.) by extension 'ignore'
[0.356s] Level 1:colcon.colcon_core.package_identification:_identify(.) by extension 'ignore_ament_install'
[0.356s] Level 1:colcon.colcon_core.package_identification:_identify(.) by extensions ['colcon_pkg']
[0.356s] Level 1:colcon.colcon_core.package_identification:_identify(.) by extension 'colcon_pkg'
[0.356s] Level 1:colcon.colcon_core.package_identification:_identify(.) by extensions ['colcon_meta']
[0.356s] Level 1:colcon.colcon_core.package_identification:_identify(.) by extension 'colcon_meta'
[0.356s] Level 1:colcon.colcon_core.package_identification:_identify(.) by extensions ['ros']
[0.356s] Level 1:colcon.colcon_core.package_identification:_identify(.) by extension 'ros'
[0.365s] Level 1:colcon.colcon_core.package_identification:_identify(.) by extensions ['cmake', 'python']
[0.365s] Level 1:colcon.colcon_core.package_identification:_identify(.) by extension 'cmake'
[0.365s] Level 1:colcon.colcon_core.package_identification:_identify(.) by extension 'python'
[0.365s] Level 1:colcon.colcon_core.package_identification:_identify(.) by extensions ['python_setup_py']
[0.365s] Level 1:colcon.colcon_core.package_identification:_identify(.) by extension 'python_setup_py'
[0.365s] Level 1:colcon.colcon_core.package_identification:_identify(build) by extensions ['ignore', 'ignore_ament_install']
[0.365s] Level 1:colcon.colcon_core.package_identification:_identify(build) by extension 'ignore'
[0.365s] Level 1:colcon.colcon_core.package_identification:_identify(build) ignored
[0.365s] Level 1:colcon.colcon_core.package_identification:_identify(install) by extensions ['ignore', 'ignore_ament_install']
[0.365s] Level 1:colcon.colcon_core.package_identification:_identify(install) by extension 'ignore'
[0.365s] Level 1:colcon.colcon_core.package_identification:_identify(install) ignored
[0.366s] Level 1:colcon.colcon_core.package_identification:_identify(log) by extensions ['ignore', 'ignore_ament_install']
[0.366s] Level 1:colcon.colcon_core.package_identification:_identify(log) by extension 'ignore'
[0.366s] Level 1:colcon.colcon_core.package_identification:_identify(log) ignored
[0.366s] Level 1:colcon.colcon_core.package_identification:_identify(src) by extensions ['ignore', 'ignore_ament_install']
[0.366s] Level 1:colcon.colcon_core.package_identification:_identify(src) by extension 'ignore'
[0.366s] Level 1:colcon.colcon_core.package_identification:_identify(src) by extension 'ignore_ament_install'
[0.366s] Level 1:colcon.colcon_core.package_identification:_identify(src) by extensions ['colcon_pkg']
[0.366s] Level 1:colcon.colcon_core.package_identification:_identify(src) by extension 'colcon_pkg'
[0.366s] Level 1:colcon.colcon_core.package_identification:_identify(src) by extensions ['colcon_meta']
[0.366s] Level 1:colcon.colcon_core.package_identification:_identify(src) by extension 'colcon_meta'
[0.366s] Level 1:colcon.colcon_core.package_identification:_identify(src) by extensions ['ros']
[0.366s] Level 1:colcon.colcon_core.package_identification:_identify(src) by extension 'ros'
[0.366s] Level 1:colcon.colcon_core.package_identification:_identify(src) by extensions ['cmake', 'python']
[0.366s] Level 1:colcon.colcon_core.package_identification:_identify(src) by extension 'cmake'
[0.366s] Level 1:colcon.colcon_core.package_identification:_identify(src) by extension 'python'
[0.366s] Level 1:colcon.colcon_core.package_identification:_identify(src) by extensions ['python_setup_py']
[0.366s] Level 1:colcon.colcon_core.package_identification:_identify(src) by extension 'python_setup_py'
[0.366s] Level 1:colcon.colcon_core.package_identification:_identify(src/aruco_interfaces) by extensions ['ignore', 'ignore_ament_install']
[0.366s] Level 1:colcon.colcon_core.package_identification:_identify(src/aruco_interfaces) by extension 'ignore'
[0.366s] Level 1:colcon.colcon_core.package_identification:_identify(src/aruco_interfaces) by extension 'ignore_ament_install'
[0.366s] Level 1:colcon.colcon_core.package_identification:_identify(src/aruco_interfaces) by extensions ['colcon_pkg']
[0.366s] Level 1:colcon.colcon_core.package_identification:_identify(src/aruco_interfaces) by extension 'colcon_pkg'
[0.366s] Level 1:colcon.colcon_core.package_identification:_identify(src/aruco_interfaces) by extensions ['colcon_meta']
[0.366s] Level 1:colcon.colcon_core.package_identification:_identify(src/aruco_interfaces) by extension 'colcon_meta'
[0.367s] Level 1:colcon.colcon_core.package_identification:_identify(src/aruco_interfaces) by extensions ['ros']
[0.367s] Level 1:colcon.colcon_core.package_identification:_identify(src/aruco_interfaces) by extension 'ros'
[0.369s] DEBUG:colcon.colcon_core.package_identification:Package 'src/aruco_interfaces' with type 'ros.ament_cmake' and name 'aruco_interfaces'
[0.369s] Level 1:colcon.colcon_core.package_identification:_identify(src/aruco_tracker) by extensions ['ignore', 'ignore_ament_install']
[0.369s] Level 1:colcon.colcon_core.package_identification:_identify(src/aruco_tracker) by extension 'ignore'
[0.369s] Level 1:colcon.colcon_core.package_identification:_identify(src/aruco_tracker) by extension 'ignore_ament_install'
[0.369s] Level 1:colcon.colcon_core.package_identification:_identify(src/aruco_tracker) by extensions ['colcon_pkg']
[0.369s] Level 1:colcon.colcon_core.package_identification:_identify(src/aruco_tracker) by extension 'colcon_pkg'
[0.369s] Level 1:colcon.colcon_core.package_identification:_identify(src/aruco_tracker) by extensions ['colcon_meta']
[0.369s] Level 1:colcon.colcon_core.package_identification:_identify(src/aruco_tracker) by extension 'colcon_meta'
[0.369s] Level 1:colcon.colcon_core.package_identification:_identify(src/aruco_tracker) by extensions ['ros']
[0.369s] Level 1:colcon.colcon_core.package_identification:_identify(src/aruco_tracker) by extension 'ros'
[0.370s] DEBUG:colcon.colcon_core.package_identification:Package 'src/aruco_tracker' with type 'ros.ament_python' and name 'aruco_tracker'
[0.370s] Level 1:colcon.colcon_core.package_identification:_identify(src/control) by extensions ['ignore', 'ignore_ament_install']
[0.370s] Level 1:colcon.colcon_core.package_identification:_identify(src/control) by extension 'ignore'
[0.370s] Level 1:colcon.colcon_core.package_identification:_identify(src/control) by extension 'ignore_ament_install'
[0.370s] Level 1:colcon.colcon_core.package_identification:_identify(src/control) by extensions ['colcon_pkg']
[0.370s] Level 1:colcon.colcon_core.package_identification:_identify(src/control) by extension 'colcon_pkg'
[0.370s] Level 1:colcon.colcon_core.package_identification:_identify(src/control) by extensions ['colcon_meta']
[0.370s] Level 1:colcon.colcon_core.package_identification:_identify(src/control) by extension 'colcon_meta'
[0.370s] Level 1:colcon.colcon_core.package_identification:_identify(src/control) by extensions ['ros']
[0.370s] Level 1:colcon.colcon_core.package_identification:_identify(src/control) by extension 'ros'
[0.371s] DEBUG:colcon.colcon_core.package_identification:Failed to parse potential ROS package manifest in'src/control': Error(s) in package 'src/control/package.xml':
The manifest contains invalid XML:
mismatched tag: line 23, column 2
[0.371s] Level 1:colcon.colcon_core.package_identification:_identify(src/control) by extensions ['cmake', 'python']
[0.371s] Level 1:colcon.colcon_core.package_identification:_identify(src/control) by extension 'cmake'
[0.371s] Level 1:colcon.colcon_core.package_identification:_identify(src/control) by extension 'python'
[0.371s] DEBUG:colcon.colcon_core.package_identification:Python package in 'src/control' passes arguments to the setup() function which requires a different identification extension than 'python'
[0.371s] Level 1:colcon.colcon_core.package_identification:_identify(src/control) by extensions ['python_setup_py']
[0.371s] Level 1:colcon.colcon_core.package_identification:_identify(src/control) by extension 'python_setup_py'
[0.587s] DEBUG:colcon.colcon_core.package_identification:Package 'src/control' with type 'python' and name 'control'
[0.587s] Level 1:colcon.colcon_core.package_discovery:discover_packages(recursive) using defaults
[0.587s] Level 1:colcon.colcon_core.package_discovery:discover_packages(ignore) discover
[0.587s] Level 1:colcon.colcon_core.package_discovery:discover_packages(ignore) using defaults
[0.587s] Level 1:colcon.colcon_core.package_discovery:discover_packages(path) discover
[0.587s] Level 1:colcon.colcon_core.package_discovery:discover_packages(path) using defaults
[0.610s] Level 1:colcon.colcon_core.package_discovery:discover_packages(prefix_path) check parameters
[0.610s] Level 1:colcon.colcon_core.package_discovery:discover_packages(prefix_path) discover
[0.613s] DEBUG:colcon.colcon_installed_package_information.package_discovery:Found 280 installed packages in /opt/ros/foxy
[0.615s] Level 1:colcon.colcon_core.package_discovery:discover_packages(prefix_path) using defaults
[0.677s] Level 5:colcon.colcon_core.verb:set package 'aruco_interfaces' build argument 'cmake_args' from command line to 'None'
[0.678s] Level 5:colcon.colcon_core.verb:set package 'aruco_interfaces' build argument 'cmake_target' from command line to 'None'
[0.678s] Level 5:colcon.colcon_core.verb:set package 'aruco_interfaces' build argument 'cmake_target_skip_unavailable' from command line to 'False'
[0.678s] Level 5:colcon.colcon_core.verb:set package 'aruco_interfaces' build argument 'cmake_clean_cache' from command line to 'False'
[0.678s] Level 5:colcon.colcon_core.verb:set package 'aruco_interfaces' build argument 'cmake_clean_first' from command line to 'False'
[0.678s] Level 5:colcon.colcon_core.verb:set package 'aruco_interfaces' build argument 'cmake_force_configure' from command line to 'False'
[0.678s] Level 5:colcon.colcon_core.verb:set package 'aruco_interfaces' build argument 'ament_cmake_args' from command line to 'None'
[0.678s] Level 5:colcon.colcon_core.verb:set package 'aruco_interfaces' build argument 'catkin_cmake_args' from command line to 'None'
[0.678s] Level 5:colcon.colcon_core.verb:set package 'aruco_interfaces' build argument 'catkin_skip_building_tests' from command line to 'False'
[0.678s] DEBUG:colcon.colcon_core.verb:Building package 'aruco_interfaces' with the following arguments: {'ament_cmake_args': None, 'build_base': '/home/scott/S24_RobotProgramming_Ardent/roscourse_final_ws/build/aruco_interfaces', 'catkin_cmake_args': None, 'catkin_skip_building_tests': False, 'cmake_args': None, 'cmake_clean_cache': False, 'cmake_clean_first': False, 'cmake_force_configure': False, 'cmake_target': None, 'cmake_target_skip_unavailable': False, 'install_base': '/home/scott/S24_RobotProgramming_Ardent/roscourse_final_ws/install/aruco_interfaces', 'merge_install': False, 'path': '/home/scott/S24_RobotProgramming_Ardent/roscourse_final_ws/src/aruco_interfaces', 'symlink_install': False, 'test_result_base': None}
[0.678s] Level 5:colcon.colcon_core.verb:set package 'control' build argument 'cmake_args' from command line to 'None'
[0.679s] Level 5:colcon.colcon_core.verb:set package 'control' build argument 'cmake_target' from command line to 'None'
[0.679s] Level 5:colcon.colcon_core.verb:set package 'control' build argument 'cmake_target_skip_unavailable' from command line to 'False'
[0.679s] Level 5:colcon.colcon_core.verb:set package 'control' build argument 'cmake_clean_cache' from command line to 'False'
[0.679s] Level 5:colcon.colcon_core.verb:set package 'control' build argument 'cmake_clean_first' from command line to 'False'
[0.679s] Level 5:colcon.colcon_core.verb:set package 'control' build argument 'cmake_force_configure' from command line to 'False'
[0.679s] Level 5:colcon.colcon_core.verb:set package 'control' build argument 'ament_cmake_args' from command line to 'None'
[0.679s] Level 5:colcon.colcon_core.verb:set package 'control' build argument 'catkin_cmake_args' from command line to 'None'
[0.679s] Level 5:colcon.colcon_core.verb:set package 'control' build argument 'catkin_skip_building_tests' from command line to 'False'
[0.679s] DEBUG:colcon.colcon_core.verb:Building package 'control' with the following arguments: {'ament_cmake_args': None, 'build_base': '/home/scott/S24_RobotProgramming_Ardent/roscourse_final_ws/build/control', 'catkin_cmake_args': None, 'catkin_skip_building_tests': False, 'cmake_args': None, 'cmake_clean_cache': False, 'cmake_clean_first': False, 'cmake_force_configure': False, 'cmake_target': None, 'cmake_target_skip_unavailable': False, 'install_base': '/home/scott/S24_RobotProgramming_Ardent/roscourse_final_ws/install/control', 'merge_install': False, 'path': '/home/scott/S24_RobotProgramming_Ardent/roscourse_final_ws/src/control', 'symlink_install': False, 'test_result_base': None}
[0.679s] Level 5:colcon.colcon_core.verb:set package 'aruco_tracker' build argument 'cmake_args' from command line to 'None'
[0.679s] Level 5:colcon.colcon_core.verb:set package 'aruco_tracker' build argument 'cmake_target' from command line to 'None'
[0.680s] Level 5:colcon.colcon_core.verb:set package 'aruco_tracker' build argument 'cmake_target_skip_unavailable' from command line to 'False'
[0.680s] Level 5:colcon.colcon_core.verb:set package 'aruco_tracker' build argument 'cmake_clean_cache' from command line to 'False'
[0.680s] Level 5:colcon.colcon_core.verb:set package 'aruco_tracker' build argument 'cmake_clean_first' from command line to 'False'
[0.680s] Level 5:colcon.colcon_core.verb:set package 'aruco_tracker' build argument 'cmake_force_configure' from command line to 'False'
[0.680s] Level 5:colcon.colcon_core.verb:set package 'aruco_tracker' build argument 'ament_cmake_args' from command line to 'None'
[0.680s] Level 5:colcon.colcon_core.verb:set package 'aruco_tracker' build argument 'catkin_cmake_args' from command line to 'None'
[0.680s] Level 5:colcon.colcon_core.verb:set package 'aruco_tracker' build argument 'catkin_skip_building_tests' from command line to 'False'
[0.680s] DEBUG:colcon.colcon_core.verb:Building package 'aruco_tracker' with the following arguments: {'ament_cmake_args': None, 'build_base': '/home/scott/S24_RobotProgramming_Ardent/roscourse_final_ws/build/aruco_tracker', 'catkin_cmake_args': None, 'catkin_skip_building_tests': False, 'cmake_args': None, 'cmake_clean_cache': False, 'cmake_clean_first': False, 'cmake_force_configure': False, 'cmake_target': None, 'cmake_target_skip_unavailable': False, 'install_base': '/home/scott/S24_RobotProgramming_Ardent/roscourse_final_ws/install/aruco_tracker', 'merge_install': False, 'path': '/home/scott/S24_RobotProgramming_Ardent/roscourse_final_ws/src/aruco_tracker', 'symlink_install': False, 'test_result_base': None}
[0.680s] INFO:colcon.colcon_core.executor:Executing jobs using 'parallel' executor
[0.683s] DEBUG:colcon.colcon_parallel_executor.executor.parallel:run_until_complete
[0.683s] INFO:colcon.colcon_ros.task.ament_cmake.build:Building ROS package in '/home/scott/S24_RobotProgramming_Ardent/roscourse_final_ws/src/aruco_interfaces' with build type 'ament_cmake'
[0.683s] INFO:colcon.colcon_cmake.task.cmake.build:Building CMake package in '/home/scott/S24_RobotProgramming_Ardent/roscourse_final_ws/src/aruco_interfaces'
[0.688s] INFO:colcon.colcon_core.plugin_system:Skipping extension 'colcon_core.shell.bat': Not used on non-Windows systems
[0.688s] INFO:colcon.colcon_core.shell:Skip shell extension 'powershell' for command environment: Not usable outside of PowerShell
[0.688s] DEBUG:colcon.colcon_core.shell:Skip shell extension 'dsv' for command environment
[0.693s] INFO:colcon.colcon_core.task.python.build:Building Python package in '/home/scott/S24_RobotProgramming_Ardent/roscourse_final_ws/src/control'
[0.694s] INFO:colcon.colcon_core.shell:Skip shell extension 'powershell' for command environment: Not usable outside of PowerShell
[0.694s] DEBUG:colcon.colcon_core.shell:Skip shell extension 'dsv' for command environment
[0.708s] DEBUG:colcon.colcon_core.event_handler.log_command:Invoking command in '/home/scott/S24_RobotProgramming_Ardent/roscourse_final_ws/build/aruco_interfaces': CMAKE_PREFIX_PATH=/opt/ros/foxy /usr/bin/cmake /home/scott/S24_RobotProgramming_Ardent/roscourse_final_ws/src/aruco_interfaces -DCMAKE_INSTALL_PREFIX=/home/scott/S24_RobotProgramming_Ardent/roscourse_final_ws/install/aruco_interfaces
[1.337s] DEBUG:colcon.colcon_core.event_handler.log_command:Invoking command in '/home/scott/S24_RobotProgramming_Ardent/roscourse_final_ws/src/control': PYTHONPATH=/home/scott/S24_RobotProgramming_Ardent/roscourse_final_ws/build/control/prefix_override:/home/scott/S24_RobotProgramming_Ardent/roscourse_final_ws/install/control/lib/python3.8/site-packages:${PYTHONPATH} /usr/bin/python3 setup.py egg_info --egg-base ../../build/control build --build-base /home/scott/S24_RobotProgramming_Ardent/roscourse_final_ws/build/control/build install --record /home/scott/S24_RobotProgramming_Ardent/roscourse_final_ws/build/control/install.log --install-scripts $base/lib/core --single-version-externally-managed
[1.611s] DEBUG:colcon.colcon_core.event_handler.log_command:Invoked command in '/home/scott/S24_RobotProgramming_Ardent/roscourse_final_ws/src/control' returned '0': PYTHONPATH=/home/scott/S24_RobotProgramming_Ardent/roscourse_final_ws/build/control/prefix_override:/home/scott/S24_RobotProgramming_Ardent/roscourse_final_ws/install/control/lib/python3.8/site-packages:${PYTHONPATH} /usr/bin/python3 setup.py egg_info --egg-base ../../build/control build --build-base /home/scott/S24_RobotProgramming_Ardent/roscourse_final_ws/build/control/build install --record /home/scott/S24_RobotProgramming_Ardent/roscourse_final_ws/build/control/install.log --install-scripts $base/lib/core --single-version-externally-managed
[1.620s] Level 1:colcon.colcon_core.environment:checking '/home/scott/S24_RobotProgramming_Ardent/roscourse_final_ws/install/control' for CMake module files
[1.620s] Level 1:colcon.colcon_core.environment:checking '/home/scott/S24_RobotProgramming_Ardent/roscourse_final_ws/install/control' for CMake config files
[1.621s] Level 1:colcon.colcon_core.environment:checking '/home/scott/S24_RobotProgramming_Ardent/roscourse_final_ws/install/control/lib'
[1.621s] Level 1:colcon.colcon_core.environment:checking '/home/scott/S24_RobotProgramming_Ardent/roscourse_final_ws/install/control/bin'
[1.621s] Level 1:colcon.colcon_core.environment:checking '/home/scott/S24_RobotProgramming_Ardent/roscourse_final_ws/install/control/lib/pkgconfig/control.pc'
[1.621s] Level 1:colcon.colcon_core.environment:checking '/home/scott/S24_RobotProgramming_Ardent/roscourse_final_ws/install/control/lib/python3.8/site-packages'
[1.621s] Level 1:colcon.colcon_core.shell:create_environment_hook('control', 'pythonpath')
[1.622s] INFO:colcon.colcon_core.shell:Creating environment hook '/home/scott/S24_RobotProgramming_Ardent/roscourse_final_ws/install/control/share/control/hook/pythonpath.ps1'
[1.623s] INFO:colcon.colcon_core.shell:Creating environment descriptor '/home/scott/S24_RobotProgramming_Ardent/roscourse_final_ws/install/control/share/control/hook/pythonpath.dsv'
[1.623s] INFO:colcon.colcon_core.shell:Creating environment hook '/home/scott/S24_RobotProgramming_Ardent/roscourse_final_ws/install/control/share/control/hook/pythonpath.sh'
[1.624s] Level 1:colcon.colcon_core.environment:checking '/home/scott/S24_RobotProgramming_Ardent/roscourse_final_ws/install/control/bin'
[1.624s] Level 1:colcon.colcon_core.environment:create_environment_scripts_only(control)
[1.625s] INFO:colcon.colcon_core.shell:Creating package script '/home/scott/S24_RobotProgramming_Ardent/roscourse_final_ws/install/control/share/control/package.ps1'
[1.626s] INFO:colcon.colcon_core.shell:Creating package descriptor '/home/scott/S24_RobotProgramming_Ardent/roscourse_final_ws/install/control/share/control/package.dsv'
[1.626s] INFO:colcon.colcon_core.shell:Creating package script '/home/scott/S24_RobotProgramming_Ardent/roscourse_final_ws/install/control/share/control/package.sh'
[1.627s] INFO:colcon.colcon_core.shell:Creating package script '/home/scott/S24_RobotProgramming_Ardent/roscourse_final_ws/install/control/share/control/package.bash'
[1.627s] INFO:colcon.colcon_core.shell:Creating package script '/home/scott/S24_RobotProgramming_Ardent/roscourse_final_ws/install/control/share/control/package.zsh'
[1.628s] Level 1:colcon.colcon_core.environment:create_file_with_runtime_dependencies(/home/scott/S24_RobotProgramming_Ardent/roscourse_final_ws/install/control/share/colcon-core/packages/control)
[2.674s] DEBUG:colcon.colcon_core.event_handler.log_command:Invoked command in '/home/scott/S24_RobotProgramming_Ardent/roscourse_final_ws/build/aruco_interfaces' returned '0': CMAKE_PREFIX_PATH=/opt/ros/foxy /usr/bin/cmake /home/scott/S24_RobotProgramming_Ardent/roscourse_final_ws/src/aruco_interfaces -DCMAKE_INSTALL_PREFIX=/home/scott/S24_RobotProgramming_Ardent/roscourse_final_ws/install/aruco_interfaces
[2.678s] DEBUG:colcon.colcon_core.event_handler.log_command:Invoking command in '/home/scott/S24_RobotProgramming_Ardent/roscourse_final_ws/build/aruco_interfaces': CMAKE_PREFIX_PATH=/opt/ros/foxy /usr/bin/cmake --build /home/scott/S24_RobotProgramming_Ardent/roscourse_final_ws/build/aruco_interfaces -- -j12 -l12
[5.587s] DEBUG:colcon.colcon_core.event_handler.log_command:Invoked command in '/home/scott/S24_RobotProgramming_Ardent/roscourse_final_ws/build/aruco_interfaces' returned '0': CMAKE_PREFIX_PATH=/opt/ros/foxy /usr/bin/cmake --build /home/scott/S24_RobotProgramming_Ardent/roscourse_final_ws/build/aruco_interfaces -- -j12 -l12
[5.663s] DEBUG:colcon.colcon_core.event_handler.log_command:Invoking command in '/home/scott/S24_RobotProgramming_Ardent/roscourse_final_ws/build/aruco_interfaces': CMAKE_PREFIX_PATH=/opt/ros/foxy /usr/bin/cmake --install /home/scott/S24_RobotProgramming_Ardent/roscourse_final_ws/build/aruco_interfaces
[5.738s] Level 1:colcon.colcon_core.environment:create_environment_scripts_only(aruco_interfaces)
[5.738s] DEBUG:colcon.colcon_core.event_handler.log_command:Invoked command in '/home/scott/S24_RobotProgramming_Ardent/roscourse_final_ws/build/aruco_interfaces' returned '0': CMAKE_PREFIX_PATH=/opt/ros/foxy /usr/bin/cmake --install /home/scott/S24_RobotProgramming_Ardent/roscourse_final_ws/build/aruco_interfaces
[5.742s] Level 1:colcon.colcon_core.environment:checking '/home/scott/S24_RobotProgramming_Ardent/roscourse_final_ws/install/aruco_interfaces' for CMake module files
[5.744s] Level 1:colcon.colcon_core.environment:checking '/home/scott/S24_RobotProgramming_Ardent/roscourse_final_ws/install/aruco_interfaces' for CMake config files
[5.744s] Level 1:colcon.colcon_core.shell:create_environment_hook('aruco_interfaces', 'cmake_prefix_path')
[5.748s] INFO:colcon.colcon_core.shell:Creating environment hook '/home/scott/S24_RobotProgramming_Ardent/roscourse_final_ws/install/aruco_interfaces/share/aruco_interfaces/hook/cmake_prefix_path.ps1'
[5.748s] INFO:colcon.colcon_core.shell:Creating environment descriptor '/home/scott/S24_RobotProgramming_Ardent/roscourse_final_ws/install/aruco_interfaces/share/aruco_interfaces/hook/cmake_prefix_path.dsv'
[5.749s] INFO:colcon.colcon_core.shell:Creating environment hook '/home/scott/S24_RobotProgramming_Ardent/roscourse_final_ws/install/aruco_interfaces/share/aruco_interfaces/hook/cmake_prefix_path.sh'
[5.750s] Level 1:colcon.colcon_core.environment:checking '/home/scott/S24_RobotProgramming_Ardent/roscourse_final_ws/install/aruco_interfaces/lib'
[5.750s] Level 1:colcon.colcon_core.shell:create_environment_hook('aruco_interfaces', 'ld_library_path_lib')
[5.752s] INFO:colcon.colcon_core.shell:Creating environment hook '/home/scott/S24_RobotProgramming_Ardent/roscourse_final_ws/install/aruco_interfaces/share/aruco_interfaces/hook/ld_library_path_lib.ps1'
[5.752s] INFO:colcon.colcon_core.shell:Creating environment descriptor '/home/scott/S24_RobotProgramming_Ardent/roscourse_final_ws/install/aruco_interfaces/share/aruco_interfaces/hook/ld_library_path_lib.dsv'
[5.752s] INFO:colcon.colcon_core.shell:Creating environment hook '/home/scott/S24_RobotProgramming_Ardent/roscourse_final_ws/install/aruco_interfaces/share/aruco_interfaces/hook/ld_library_path_lib.sh'
[5.753s] Level 1:colcon.colcon_core.environment:checking '/home/scott/S24_RobotProgramming_Ardent/roscourse_final_ws/install/aruco_interfaces/bin'
[5.753s] Level 1:colcon.colcon_core.environment:checking '/home/scott/S24_RobotProgramming_Ardent/roscourse_final_ws/install/aruco_interfaces/lib/pkgconfig/aruco_interfaces.pc'
[5.753s] Level 1:colcon.colcon_core.environment:checking '/home/scott/S24_RobotProgramming_Ardent/roscourse_final_ws/install/aruco_interfaces/lib/python3.8/site-packages'
[5.753s] Level 1:colcon.colcon_core.shell:create_environment_hook('aruco_interfaces', 'pythonpath')
[5.754s] INFO:colcon.colcon_core.shell:Creating environment hook '/home/scott/S24_RobotProgramming_Ardent/roscourse_final_ws/install/aruco_interfaces/share/aruco_interfaces/hook/pythonpath.ps1'
[5.754s] INFO:colcon.colcon_core.shell:Creating environment descriptor '/home/scott/S24_RobotProgramming_Ardent/roscourse_final_ws/install/aruco_interfaces/share/aruco_interfaces/hook/pythonpath.dsv'
[5.754s] INFO:colcon.colcon_core.shell:Creating environment hook '/home/scott/S24_RobotProgramming_Ardent/roscourse_final_ws/install/aruco_interfaces/share/aruco_interfaces/hook/pythonpath.sh'
[5.755s] Level 1:colcon.colcon_core.environment:checking '/home/scott/S24_RobotProgramming_Ardent/roscourse_final_ws/install/aruco_interfaces/bin'
[5.756s] INFO:colcon.colcon_core.shell:Creating package script '/home/scott/S24_RobotProgramming_Ardent/roscourse_final_ws/install/aruco_interfaces/share/aruco_interfaces/package.ps1'
[5.756s] INFO:colcon.colcon_core.shell:Creating package descriptor '/home/scott/S24_RobotProgramming_Ardent/roscourse_final_ws/install/aruco_interfaces/share/aruco_interfaces/package.dsv'
[5.757s] INFO:colcon.colcon_core.shell:Creating package script '/home/scott/S24_RobotProgramming_Ardent/roscourse_final_ws/install/aruco_interfaces/share/aruco_interfaces/package.sh'
[5.757s] INFO:colcon.colcon_core.shell:Creating package script '/home/scott/S24_RobotProgramming_Ardent/roscourse_final_ws/install/aruco_interfaces/share/aruco_interfaces/package.bash'
[5.757s] INFO:colcon.colcon_core.shell:Creating package script '/home/scott/S24_RobotProgramming_Ardent/roscourse_final_ws/install/aruco_interfaces/share/aruco_interfaces/package.zsh'
[5.757s] Level 1:colcon.colcon_core.environment:create_file_with_runtime_dependencies(/home/scott/S24_RobotProgramming_Ardent/roscourse_final_ws/install/aruco_interfaces/share/colcon-core/packages/aruco_interfaces)
[5.835s] Level 1:colcon.colcon_core.environment:create_environment_scripts_only(aruco_interfaces)
[5.838s] Level 1:colcon.colcon_core.environment:checking '/home/scott/S24_RobotProgramming_Ardent/roscourse_final_ws/install/aruco_interfaces' for CMake module files
[5.840s] Level 1:colcon.colcon_core.environment:checking '/home/scott/S24_RobotProgramming_Ardent/roscourse_final_ws/install/aruco_interfaces' for CMake config files
[5.840s] Level 1:colcon.colcon_core.shell:create_environment_hook('aruco_interfaces', 'cmake_prefix_path')
[5.843s] INFO:colcon.colcon_core.shell:Creating environment hook '/home/scott/S24_RobotProgramming_Ardent/roscourse_final_ws/install/aruco_interfaces/share/aruco_interfaces/hook/cmake_prefix_path.ps1'
[5.843s] INFO:colcon.colcon_core.shell:Creating environment descriptor '/home/scott/S24_RobotProgramming_Ardent/roscourse_final_ws/install/aruco_interfaces/share/aruco_interfaces/hook/cmake_prefix_path.dsv'
[5.844s] INFO:colcon.colcon_core.shell:Creating environment hook '/home/scott/S24_RobotProgramming_Ardent/roscourse_final_ws/install/aruco_interfaces/share/aruco_interfaces/hook/cmake_prefix_path.sh'
[5.844s] Level 1:colcon.colcon_core.environment:checking '/home/scott/S24_RobotProgramming_Ardent/roscourse_final_ws/install/aruco_interfaces/lib'
[5.844s] Level 1:colcon.colcon_core.shell:create_environment_hook('aruco_interfaces', 'ld_library_path_lib')
[5.845s] INFO:colcon.colcon_core.shell:Creating environment hook '/home/scott/S24_RobotProgramming_Ardent/roscourse_final_ws/install/aruco_interfaces/share/aruco_interfaces/hook/ld_library_path_lib.ps1'
[5.846s] INFO:colcon.colcon_core.shell:Creating environment descriptor '/home/scott/S24_RobotProgramming_Ardent/roscourse_final_ws/install/aruco_interfaces/share/aruco_interfaces/hook/ld_library_path_lib.dsv'
[5.846s] INFO:colcon.colcon_core.shell:Creating environment hook '/home/scott/S24_RobotProgramming_Ardent/roscourse_final_ws/install/aruco_interfaces/share/aruco_interfaces/hook/ld_library_path_lib.sh'
[5.846s] Level 1:colcon.colcon_core.environment:checking '/home/scott/S24_RobotProgramming_Ardent/roscourse_final_ws/install/aruco_interfaces/bin'
[5.846s] Level 1:colcon.colcon_core.environment:checking '/home/scott/S24_RobotProgramming_Ardent/roscourse_final_ws/install/aruco_interfaces/lib/pkgconfig/aruco_interfaces.pc'
[5.846s] Level 1:colcon.colcon_core.environment:checking '/home/scott/S24_RobotProgramming_Ardent/roscourse_final_ws/install/aruco_interfaces/lib/python3.8/site-packages'
[5.847s] Level 1:colcon.colcon_core.shell:create_environment_hook('aruco_interfaces', 'pythonpath')
[5.848s] INFO:colcon.colcon_core.shell:Creating environment hook '/home/scott/S24_RobotProgramming_Ardent/roscourse_final_ws/install/aruco_interfaces/share/aruco_interfaces/hook/pythonpath.ps1'
[5.848s] INFO:colcon.colcon_core.shell:Creating environment descriptor '/home/scott/S24_RobotProgramming_Ardent/roscourse_final_ws/install/aruco_interfaces/share/aruco_interfaces/hook/pythonpath.dsv'
[5.848s] INFO:colcon.colcon_core.shell:Creating environment hook '/home/scott/S24_RobotProgramming_Ardent/roscourse_final_ws/install/aruco_interfaces/share/aruco_interfaces/hook/pythonpath.sh'
[5.849s] Level 1:colcon.colcon_core.environment:checking '/home/scott/S24_RobotProgramming_Ardent/roscourse_final_ws/install/aruco_interfaces/bin'
[5.850s] INFO:colcon.colcon_core.shell:Creating package script '/home/scott/S24_RobotProgramming_Ardent/roscourse_final_ws/install/aruco_interfaces/share/aruco_interfaces/package.ps1'
[5.850s] INFO:colcon.colcon_core.shell:Creating package descriptor '/home/scott/S24_RobotProgramming_Ardent/roscourse_final_ws/install/aruco_interfaces/share/aruco_interfaces/package.dsv'
[5.851s] INFO:colcon.colcon_core.shell:Creating package script '/home/scott/S24_RobotProgramming_Ardent/roscourse_final_ws/install/aruco_interfaces/share/aruco_interfaces/package.sh'
[5.851s] INFO:colcon.colcon_core.shell:Creating package script '/home/scott/S24_RobotProgramming_Ardent/roscourse_final_ws/install/aruco_interfaces/share/aruco_interfaces/package.bash'
[5.851s] INFO:colcon.colcon_core.shell:Creating package script '/home/scott/S24_RobotProgramming_Ardent/roscourse_final_ws/install/aruco_interfaces/share/aruco_interfaces/package.zsh'
[5.852s] Level 1:colcon.colcon_core.environment:create_file_with_runtime_dependencies(/home/scott/S24_RobotProgramming_Ardent/roscourse_final_ws/install/aruco_interfaces/share/colcon-core/packages/aruco_interfaces)
[5.852s] INFO:colcon.colcon_ros.task.ament_python.build:Building ROS package in '/home/scott/S24_RobotProgramming_Ardent/roscourse_final_ws/src/aruco_tracker' with build type 'ament_python'
[5.852s] Level 1:colcon.colcon_core.shell:create_environment_hook('aruco_tracker', 'ament_prefix_path')
[5.853s] INFO:colcon.colcon_core.shell:Creating environment hook '/home/scott/S24_RobotProgramming_Ardent/roscourse_final_ws/install/aruco_tracker/share/aruco_tracker/hook/ament_prefix_path.ps1'
[5.854s] INFO:colcon.colcon_core.shell:Creating environment descriptor '/home/scott/S24_RobotProgramming_Ardent/roscourse_final_ws/install/aruco_tracker/share/aruco_tracker/hook/ament_prefix_path.dsv'
[5.854s] INFO:colcon.colcon_core.shell:Creating environment hook '/home/scott/S24_RobotProgramming_Ardent/roscourse_final_ws/install/aruco_tracker/share/aruco_tracker/hook/ament_prefix_path.sh'
[5.856s] INFO:colcon.colcon_core.shell:Skip shell extension 'powershell' for command environment: Not usable outside of PowerShell
[5.856s] DEBUG:colcon.colcon_core.shell:Skip shell extension 'dsv' for command environment
[6.096s] INFO:colcon.colcon_core.task.python.build:Building Python package in '/home/scott/S24_RobotProgramming_Ardent/roscourse_final_ws/src/aruco_tracker'
[6.098s] INFO:colcon.colcon_core.shell:Skip shell extension 'powershell' for command environment: Not usable outside of PowerShell
[6.098s] DEBUG:colcon.colcon_core.shell:Skip shell extension 'dsv' for command environment
[6.492s] DEBUG:colcon.colcon_core.event_handler.log_command:Invoking command in '/home/scott/S24_RobotProgramming_Ardent/roscourse_final_ws/src/aruco_tracker': AMENT_PREFIX_PATH=/home/scott/S24_RobotProgramming_Ardent/roscourse_final_ws/install/aruco_interfaces:${AMENT_PREFIX_PATH} CMAKE_PREFIX_PATH=/home/scott/S24_RobotProgramming_Ardent/roscourse_final_ws/install/aruco_interfaces LD_LIBRARY_PATH=/home/scott/S24_RobotProgramming_Ardent/roscourse_final_ws/install/aruco_interfaces/lib:${LD_LIBRARY_PATH} PYTHONPATH=/home/scott/S24_RobotProgramming_Ardent/roscourse_final_ws/build/aruco_tracker/prefix_override:/home/scott/S24_RobotProgramming_Ardent/roscourse_final_ws/install/aruco_tracker/lib/python3.8/site-packages:/home/scott/S24_RobotProgramming_Ardent/roscourse_final_ws/install/aruco_interfaces/lib/python3.8/site-packages:${PYTHONPATH} /usr/bin/python3 setup.py egg_info --egg-base ../../build/aruco_tracker build --build-base /home/scott/S24_RobotProgramming_Ardent/roscourse_final_ws/build/aruco_tracker/build install --record /home/scott/S24_RobotProgramming_Ardent/roscourse_final_ws/build/aruco_tracker/install.log --install-scripts $base/lib/aruco_tracker --single-version-externally-managed
[6.777s] Level 1:colcon.colcon_core.environment:checking '/home/scott/S24_RobotProgramming_Ardent/roscourse_final_ws/install/aruco_tracker' for CMake module files
[6.779s] DEBUG:colcon.colcon_core.event_handler.log_command:Invoked command in '/home/scott/S24_RobotProgramming_Ardent/roscourse_final_ws/src/aruco_tracker' returned '0': AMENT_PREFIX_PATH=/home/scott/S24_RobotProgramming_Ardent/roscourse_final_ws/install/aruco_interfaces:${AMENT_PREFIX_PATH} CMAKE_PREFIX_PATH=/home/scott/S24_RobotProgramming_Ardent/roscourse_final_ws/install/aruco_interfaces LD_LIBRARY_PATH=/home/scott/S24_RobotProgramming_Ardent/roscourse_final_ws/install/aruco_interfaces/lib:${LD_LIBRARY_PATH} PYTHONPATH=/home/scott/S24_RobotProgramming_Ardent/roscourse_final_ws/build/aruco_tracker/prefix_override:/home/scott/S24_RobotProgramming_Ardent/roscourse_final_ws/install/aruco_tracker/lib/python3.8/site-packages:/home/scott/S24_RobotProgramming_Ardent/roscourse_final_ws/install/aruco_interfaces/lib/python3.8/site-packages:${PYTHONPATH} /usr/bin/python3 setup.py egg_info --egg-base ../../build/aruco_tracker build --build-base /home/scott/S24_RobotProgramming_Ardent/roscourse_final_ws/build/aruco_tracker/build install --record /home/scott/S24_RobotProgramming_Ardent/roscourse_final_ws/build/aruco_tracker/install.log --install-scripts $base/lib/aruco_tracker --single-version-externally-managed
[6.779s] Level 1:colcon.colcon_core.environment:checking '/home/scott/S24_RobotProgramming_Ardent/roscourse_final_ws/install/aruco_tracker' for CMake config files
[6.780s] Level 1:colcon.colcon_core.environment:checking '/home/scott/S24_RobotProgramming_Ardent/roscourse_final_ws/install/aruco_tracker/lib'
[6.781s] Level 1:colcon.colcon_core.environment:checking '/home/scott/S24_RobotProgramming_Ardent/roscourse_final_ws/install/aruco_tracker/bin'
[6.781s] Level 1:colcon.colcon_core.environment:checking '/home/scott/S24_RobotProgramming_Ardent/roscourse_final_ws/install/aruco_tracker/lib/pkgconfig/aruco_tracker.pc'
[6.781s] Level 1:colcon.colcon_core.environment:checking '/home/scott/S24_RobotProgramming_Ardent/roscourse_final_ws/install/aruco_tracker/lib/python3.8/site-packages'
[6.781s] Level 1:colcon.colcon_core.shell:create_environment_hook('aruco_tracker', 'pythonpath')
[6.784s] INFO:colcon.colcon_core.shell:Creating environment hook '/home/scott/S24_RobotProgramming_Ardent/roscourse_final_ws/install/aruco_tracker/share/aruco_tracker/hook/pythonpath.ps1'
[6.785s] INFO:colcon.colcon_core.shell:Creating environment descriptor '/home/scott/S24_RobotProgramming_Ardent/roscourse_final_ws/install/aruco_tracker/share/aruco_tracker/hook/pythonpath.dsv'
[6.785s] INFO:colcon.colcon_core.shell:Creating environment hook '/home/scott/S24_RobotProgramming_Ardent/roscourse_final_ws/install/aruco_tracker/share/aruco_tracker/hook/pythonpath.sh'
[6.786s] Level 1:colcon.colcon_core.environment:checking '/home/scott/S24_RobotProgramming_Ardent/roscourse_final_ws/install/aruco_tracker/bin'
[6.786s] Level 1:colcon.colcon_core.environment:create_environment_scripts_only(aruco_tracker)
[6.787s] INFO:colcon.colcon_core.shell:Creating package script '/home/scott/S24_RobotProgramming_Ardent/roscourse_final_ws/install/aruco_tracker/share/aruco_tracker/package.ps1'
[6.787s] INFO:colcon.colcon_core.shell:Creating package descriptor '/home/scott/S24_RobotProgramming_Ardent/roscourse_final_ws/install/aruco_tracker/share/aruco_tracker/package.dsv'
[6.787s] INFO:colcon.colcon_core.shell:Creating package script '/home/scott/S24_RobotProgramming_Ardent/roscourse_final_ws/install/aruco_tracker/share/aruco_tracker/package.sh'
[6.788s] INFO:colcon.colcon_core.shell:Creating package script '/home/scott/S24_RobotProgramming_Ardent/roscourse_final_ws/install/aruco_tracker/share/aruco_tracker/package.bash'
[6.788s] INFO:colcon.colcon_core.shell:Creating package script '/home/scott/S24_RobotProgramming_Ardent/roscourse_final_ws/install/aruco_tracker/share/aruco_tracker/package.zsh'
[6.788s] Level 1:colcon.colcon_core.environment:create_file_with_runtime_dependencies(/home/scott/S24_RobotProgramming_Ardent/roscourse_final_ws/install/aruco_tracker/share/colcon-core/packages/aruco_tracker)
[6.788s] DEBUG:colcon.colcon_parallel_executor.executor.parallel:closing loop
[6.789s] DEBUG:colcon.colcon_parallel_executor.executor.parallel:loop closed
[6.789s] DEBUG:colcon.colcon_parallel_executor.executor.parallel:run_until_complete finished with '0'
[6.789s] DEBUG:colcon.colcon_core.event_reactor:joining thread
[6.800s] INFO:colcon.colcon_core.plugin_system:Skipping extension 'colcon_notification.desktop_notification.terminal_notifier': Not used on non-Darwin systems
[6.800s] INFO:colcon.colcon_core.plugin_system:Skipping extension 'colcon_notification.desktop_notification.win32': Not used on non-Windows systems
[6.800s] INFO:colcon.colcon_notification.desktop_notification:Sending desktop notification using 'notify2'
[6.829s] DEBUG:colcon.colcon_core.event_reactor:joined thread
[6.832s] INFO:colcon.colcon_core.shell:Creating prefix script '/home/scott/S24_RobotProgramming_Ardent/roscourse_final_ws/install/local_setup.ps1'
[6.834s] INFO:colcon.colcon_core.shell:Creating prefix util module '/home/scott/S24_RobotProgramming_Ardent/roscourse_final_ws/install/_local_setup_util_ps1.py'
[6.837s] INFO:colcon.colcon_core.shell:Creating prefix chain script '/home/scott/S24_RobotProgramming_Ardent/roscourse_final_ws/install/setup.ps1'
[6.839s] INFO:colcon.colcon_core.shell:Creating prefix script '/home/scott/S24_RobotProgramming_Ardent/roscourse_final_ws/install/local_setup.sh'
[6.840s] INFO:colcon.colcon_core.shell:Creating prefix util module '/home/scott/S24_RobotProgramming_Ardent/roscourse_final_ws/install/_local_setup_util_sh.py'
[6.841s] INFO:colcon.colcon_core.shell:Creating prefix chain script '/home/scott/S24_RobotProgramming_Ardent/roscourse_final_ws/install/setup.sh'
[6.842s] INFO:colcon.colcon_core.shell:Creating prefix script '/home/scott/S24_RobotProgramming_Ardent/roscourse_final_ws/install/local_setup.bash'
[6.842s] INFO:colcon.colcon_core.shell:Creating prefix chain script '/home/scott/S24_RobotProgramming_Ardent/roscourse_final_ws/install/setup.bash'
[6.843s] INFO:colcon.colcon_core.shell:Creating prefix script '/home/scott/S24_RobotProgramming_Ardent/roscourse_final_ws/install/local_setup.zsh'
[6.843s] INFO:colcon.colcon_core.shell:Creating prefix chain script '/home/scott/S24_RobotProgramming_Ardent/roscourse_final_ws/install/setup.zsh'
