[4.521s] Invoking command in '/root/codes/S24_RobotProgramming_Ardent/roscourse_final_ws/src/control': PYTHONPATH=/root/codes/S24_RobotProgramming_Ardent/roscourse_final_ws/build/control/prefix_override:/root/codes/S24_RobotProgramming_Ardent/roscourse_final_ws/install/control/lib/python3.8/site-packages:${PYTHONPATH} /usr/bin/python3 -W ignore:setup.py install is deprecated setup.py egg_info --egg-base ../../build/control build --build-base /root/codes/S24_RobotProgramming_Ardent/roscourse_final_ws/build/control/build install --record /root/codes/S24_RobotProgramming_Ardent/roscourse_final_ws/build/control/install.log --install-scripts $base/lib/core --single-version-externally-managed install_data
[5.808s] running egg_info
[5.810s] writing ../../build/control/control.egg-info/PKG-INFO
[5.811s] writing dependency_links to ../../build/control/control.egg-info/dependency_links.txt
[5.812s] writing entry points to ../../build/control/control.egg-info/entry_points.txt
[5.812s] writing requirements to ../../build/control/control.egg-info/requires.txt
[5.813s] writing top-level names to ../../build/control/control.egg-info/top_level.txt
[5.987s] reading manifest file '../../build/control/control.egg-info/SOURCES.txt'
[5.991s] writing manifest file '../../build/control/control.egg-info/SOURCES.txt'
[5.992s] running build
[5.993s] running build_py
[5.993s] running install
[5.997s] running install_lib
[6.004s] running install_data
[6.004s] running install_egg_info
[6.013s] removing '/root/codes/S24_RobotProgramming_Ardent/roscourse_final_ws/install/control/lib/python3.8/site-packages/control-0.0.0-py3.8.egg-info' (and everything under it)
[6.016s] Copying ../../build/control/control.egg-info to /root/codes/S24_RobotProgramming_Ardent/roscourse_final_ws/install/control/lib/python3.8/site-packages/control-0.0.0-py3.8.egg-info
[6.018s] running install_scripts
[6.100s] writing list of installed files to '/root/codes/S24_RobotProgramming_Ardent/roscourse_final_ws/build/control/install.log'
[6.204s] Invoked command in '/root/codes/S24_RobotProgramming_Ardent/roscourse_final_ws/src/control' returned '0': PYTHONPATH=/root/codes/S24_RobotProgramming_Ardent/roscourse_final_ws/build/control/prefix_override:/root/codes/S24_RobotProgramming_Ardent/roscourse_final_ws/install/control/lib/python3.8/site-packages:${PYTHONPATH} /usr/bin/python3 -W ignore:setup.py install is deprecated setup.py egg_info --egg-base ../../build/control build --build-base /root/codes/S24_RobotProgramming_Ardent/roscourse_final_ws/build/control/build install --record /root/codes/S24_RobotProgramming_Ardent/roscourse_final_ws/build/control/install.log --install-scripts $base/lib/core --single-version-externally-managed install_data
